[2021-06-20 11:01:32,195] {taskinstance.py:876} INFO - Dependencies all met for <TaskInstance: orion.postInfo 2021-06-20T11:01:31.457589+00:00 [queued]>
[2021-06-20 11:01:32,213] {taskinstance.py:876} INFO - Dependencies all met for <TaskInstance: orion.postInfo 2021-06-20T11:01:31.457589+00:00 [queued]>
[2021-06-20 11:01:32,214] {taskinstance.py:1067} INFO - 
--------------------------------------------------------------------------------
[2021-06-20 11:01:32,215] {taskinstance.py:1068} INFO - Starting attempt 1 of 1
[2021-06-20 11:01:32,218] {taskinstance.py:1069} INFO - 
--------------------------------------------------------------------------------
[2021-06-20 11:01:32,228] {taskinstance.py:1087} INFO - Executing <Task(PythonOperator): postInfo> on 2021-06-20T11:01:31.457589+00:00
[2021-06-20 11:01:32,237] {standard_task_runner.py:52} INFO - Started process 76 to run task
[2021-06-20 11:01:32,239] {standard_task_runner.py:76} INFO - Running: ['***', 'tasks', 'run', 'orion', 'postInfo', '2021-06-20T11:01:31.457589+00:00', '--job-id', '67', '--pool', 'default_pool', '--raw', '--subdir', 'DAGS_FOLDER/orion.py', '--cfg-path', '/tmp/tmpcnzt06t8', '--error-file', '/tmp/tmp0e135ndl']
[2021-06-20 11:01:32,240] {standard_task_runner.py:77} INFO - Job 67: Subtask postInfo
[2021-06-20 11:01:32,281] {logging_mixin.py:104} INFO - Running <TaskInstance: orion.postInfo 2021-06-20T11:01:31.457589+00:00 [running]> on host 438558517cf9
[2021-06-20 11:01:32,335] {taskinstance.py:1282} INFO - Exporting the following env vars:
AIRFLOW_CTX_DAG_OWNER=***
AIRFLOW_CTX_DAG_ID=orion
AIRFLOW_CTX_TASK_ID=postInfo
AIRFLOW_CTX_EXECUTION_DATE=2021-06-20T11:01:31.457589+00:00
AIRFLOW_CTX_DAG_RUN_ID=manual__2021-06-20T11:01:31.457589+00:00
[2021-06-20 11:01:32,343] {logging_mixin.py:104} INFO - {'id': 'Street1', 'type': 'Street', 'pressure': {'type': 'Float', 'value': 711, 'metadata': {}}, 'temperature': {'type': 'Float', 'value': 22, 'metadata': {}}, 'time': {'type': 'String', 'value': '06/20/2021, 10:58:52', 'metadata': {}}}
[2021-06-20 11:01:32,427] {python.py:151} INFO - Done. Returned value was: 200
[2021-06-20 11:01:32,455] {taskinstance.py:1191} INFO - Marking task as SUCCESS. dag_id=orion, task_id=postInfo, execution_date=20210620T110131, start_date=20210620T110132, end_date=20210620T110132
[2021-06-20 11:01:32,489] {taskinstance.py:1245} INFO - 0 downstream tasks scheduled from follow-on schedule check
[2021-06-20 11:01:32,532] {local_task_job.py:151} INFO - Task exited with return code 0
