[2021-06-20 18:54:00,897] {taskinstance.py:876} INFO - Dependencies all met for <TaskInstance: orion.postInfo 2021-06-20T18:51:00+00:00 [queued]>
[2021-06-20 18:54:00,914] {taskinstance.py:876} INFO - Dependencies all met for <TaskInstance: orion.postInfo 2021-06-20T18:51:00+00:00 [queued]>
[2021-06-20 18:54:00,915] {taskinstance.py:1067} INFO - 
--------------------------------------------------------------------------------
[2021-06-20 18:54:00,916] {taskinstance.py:1068} INFO - Starting attempt 1 of 1
[2021-06-20 18:54:00,918] {taskinstance.py:1069} INFO - 
--------------------------------------------------------------------------------
[2021-06-20 18:54:00,927] {taskinstance.py:1087} INFO - Executing <Task(PythonOperator): postInfo> on 2021-06-20T18:51:00+00:00
[2021-06-20 18:54:00,934] {standard_task_runner.py:52} INFO - Started process 27871 to run task
[2021-06-20 18:54:00,937] {standard_task_runner.py:76} INFO - Running: ['***', 'tasks', 'run', 'orion', 'postInfo', '2021-06-20T18:51:00+00:00', '--job-id', '234', '--pool', 'default_pool', '--raw', '--subdir', 'DAGS_FOLDER/orion.py', '--cfg-path', '/tmp/tmpgs9gw__j', '--error-file', '/tmp/tmpx00rw3bq']
[2021-06-20 18:54:00,938] {standard_task_runner.py:77} INFO - Job 234: Subtask postInfo
[2021-06-20 18:54:00,976] {logging_mixin.py:104} INFO - Running <TaskInstance: orion.postInfo 2021-06-20T18:51:00+00:00 [running]> on host 438558517cf9
[2021-06-20 18:54:01,031] {taskinstance.py:1282} INFO - Exporting the following env vars:
AIRFLOW_CTX_DAG_OWNER=***
AIRFLOW_CTX_DAG_ID=orion
AIRFLOW_CTX_TASK_ID=postInfo
AIRFLOW_CTX_EXECUTION_DATE=2021-06-20T18:51:00+00:00
AIRFLOW_CTX_DAG_RUN_ID=scheduled__2021-06-20T18:51:00+00:00
[2021-06-20 18:54:01,038] {logging_mixin.py:104} INFO - {'id': 'Street1', 'type': 'Street', 'pressure': {'type': 'Float', 'value': '927', 'metadata': {}}, 'temperature': {'type': 'Float', 'value': '22.2', 'metadata': {}}, 'time': {'type': 'String', 'value': '2021-06-20 20:52:58', 'metadata': {}}}
[2021-06-20 18:54:01,110] {python.py:151} INFO - Done. Returned value was: 200
[2021-06-20 18:54:01,134] {taskinstance.py:1191} INFO - Marking task as SUCCESS. dag_id=orion, task_id=postInfo, execution_date=20210620T185100, start_date=20210620T185400, end_date=20210620T185401
[2021-06-20 18:54:01,157] {taskinstance.py:1245} INFO - 0 downstream tasks scheduled from follow-on schedule check
[2021-06-20 18:54:01,189] {local_task_job.py:151} INFO - Task exited with return code 0
