[2021-06-20 12:51:01,038] {taskinstance.py:876} INFO - Dependencies all met for <TaskInstance: orion.postInfo 2021-06-20T12:48:00+00:00 [queued]>
[2021-06-20 12:51:01,055] {taskinstance.py:876} INFO - Dependencies all met for <TaskInstance: orion.postInfo 2021-06-20T12:48:00+00:00 [queued]>
[2021-06-20 12:51:01,056] {taskinstance.py:1067} INFO - 
--------------------------------------------------------------------------------
[2021-06-20 12:51:01,056] {taskinstance.py:1068} INFO - Starting attempt 1 of 1
[2021-06-20 12:51:01,059] {taskinstance.py:1069} INFO - 
--------------------------------------------------------------------------------
[2021-06-20 12:51:01,066] {taskinstance.py:1087} INFO - Executing <Task(PythonOperator): postInfo> on 2021-06-20T12:48:00+00:00
[2021-06-20 12:51:01,074] {standard_task_runner.py:52} INFO - Started process 2817 to run task
[2021-06-20 12:51:01,077] {standard_task_runner.py:76} INFO - Running: ['***', 'tasks', 'run', 'orion', 'postInfo', '2021-06-20T12:48:00+00:00', '--job-id', '113', '--pool', 'default_pool', '--raw', '--subdir', 'DAGS_FOLDER/orion.py', '--cfg-path', '/tmp/tmpli8u5g4e', '--error-file', '/tmp/tmp8vynmre0']
[2021-06-20 12:51:01,077] {standard_task_runner.py:77} INFO - Job 113: Subtask postInfo
[2021-06-20 12:51:01,117] {logging_mixin.py:104} INFO - Running <TaskInstance: orion.postInfo 2021-06-20T12:48:00+00:00 [running]> on host 438558517cf9
[2021-06-20 12:51:01,168] {taskinstance.py:1282} INFO - Exporting the following env vars:
AIRFLOW_CTX_DAG_OWNER=***
AIRFLOW_CTX_DAG_ID=orion
AIRFLOW_CTX_TASK_ID=postInfo
AIRFLOW_CTX_EXECUTION_DATE=2021-06-20T12:48:00+00:00
AIRFLOW_CTX_DAG_RUN_ID=scheduled__2021-06-20T12:48:00+00:00
[2021-06-20 12:51:01,176] {logging_mixin.py:104} INFO - {'id': 'Street1', 'type': 'Street', 'pressure': {'type': 'Float', 'value': '842', 'metadata': {}}, 'temperature': {'type': 'Float', 'value': '23.7', 'metadata': {}}, 'time': {'type': 'String', 'value': '2021-06-20 14:49:57', 'metadata': {}}}
[2021-06-20 12:51:01,253] {python.py:151} INFO - Done. Returned value was: 200
[2021-06-20 12:51:01,279] {taskinstance.py:1191} INFO - Marking task as SUCCESS. dag_id=orion, task_id=postInfo, execution_date=20210620T124800, start_date=20210620T125101, end_date=20210620T125101
[2021-06-20 12:51:01,307] {taskinstance.py:1245} INFO - 0 downstream tasks scheduled from follow-on schedule check
[2021-06-20 12:51:01,328] {local_task_job.py:151} INFO - Task exited with return code 0
