[2021-06-20 15:39:00,552] {taskinstance.py:876} INFO - Dependencies all met for <TaskInstance: orion.postInfo 2021-06-20T15:36:00+00:00 [queued]>
[2021-06-20 15:39:00,569] {taskinstance.py:876} INFO - Dependencies all met for <TaskInstance: orion.postInfo 2021-06-20T15:36:00+00:00 [queued]>
[2021-06-20 15:39:00,570] {taskinstance.py:1067} INFO - 
--------------------------------------------------------------------------------
[2021-06-20 15:39:00,571] {taskinstance.py:1068} INFO - Starting attempt 1 of 1
[2021-06-20 15:39:00,573] {taskinstance.py:1069} INFO - 
--------------------------------------------------------------------------------
[2021-06-20 15:39:00,581] {taskinstance.py:1087} INFO - Executing <Task(PythonOperator): postInfo> on 2021-06-20T15:36:00+00:00
[2021-06-20 15:39:00,589] {standard_task_runner.py:52} INFO - Started process 14400 to run task
[2021-06-20 15:39:00,592] {standard_task_runner.py:76} INFO - Running: ['***', 'tasks', 'run', 'orion', 'postInfo', '2021-06-20T15:36:00+00:00', '--job-id', '169', '--pool', 'default_pool', '--raw', '--subdir', 'DAGS_FOLDER/orion.py', '--cfg-path', '/tmp/tmpdnlv9z_k', '--error-file', '/tmp/tmpa0y1ts_e']
[2021-06-20 15:39:00,593] {standard_task_runner.py:77} INFO - Job 169: Subtask postInfo
[2021-06-20 15:39:00,633] {logging_mixin.py:104} INFO - Running <TaskInstance: orion.postInfo 2021-06-20T15:36:00+00:00 [running]> on host 438558517cf9
[2021-06-20 15:39:00,688] {taskinstance.py:1282} INFO - Exporting the following env vars:
AIRFLOW_CTX_DAG_OWNER=***
AIRFLOW_CTX_DAG_ID=orion
AIRFLOW_CTX_TASK_ID=postInfo
AIRFLOW_CTX_EXECUTION_DATE=2021-06-20T15:36:00+00:00
AIRFLOW_CTX_DAG_RUN_ID=scheduled__2021-06-20T15:36:00+00:00
[2021-06-20 15:39:00,696] {logging_mixin.py:104} INFO - {'id': 'Street1', 'type': 'Street', 'pressure': {'type': 'Float', 'value': '889', 'metadata': {}}, 'temperature': {'type': 'Float', 'value': '23.3', 'metadata': {}}, 'time': {'type': 'String', 'value': '2021-06-20 17:37:57', 'metadata': {}}}
[2021-06-20 15:39:00,768] {python.py:151} INFO - Done. Returned value was: 200
[2021-06-20 15:39:00,793] {taskinstance.py:1191} INFO - Marking task as SUCCESS. dag_id=orion, task_id=postInfo, execution_date=20210620T153600, start_date=20210620T153900, end_date=20210620T153900
[2021-06-20 15:39:00,817] {taskinstance.py:1245} INFO - 0 downstream tasks scheduled from follow-on schedule check
[2021-06-20 15:39:00,844] {local_task_job.py:151} INFO - Task exited with return code 0
