[2021-06-20 16:30:01,100] {taskinstance.py:876} INFO - Dependencies all met for <TaskInstance: orion.postInfo 2021-06-20T16:27:00+00:00 [queued]>
[2021-06-20 16:30:01,116] {taskinstance.py:876} INFO - Dependencies all met for <TaskInstance: orion.postInfo 2021-06-20T16:27:00+00:00 [queued]>
[2021-06-20 16:30:01,117] {taskinstance.py:1067} INFO - 
--------------------------------------------------------------------------------
[2021-06-20 16:30:01,118] {taskinstance.py:1068} INFO - Starting attempt 1 of 1
[2021-06-20 16:30:01,120] {taskinstance.py:1069} INFO - 
--------------------------------------------------------------------------------
[2021-06-20 16:30:01,128] {taskinstance.py:1087} INFO - Executing <Task(PythonOperator): postInfo> on 2021-06-20T16:27:00+00:00
[2021-06-20 16:30:01,136] {standard_task_runner.py:52} INFO - Started process 17911 to run task
[2021-06-20 16:30:01,138] {standard_task_runner.py:76} INFO - Running: ['***', 'tasks', 'run', 'orion', 'postInfo', '2021-06-20T16:27:00+00:00', '--job-id', '186', '--pool', 'default_pool', '--raw', '--subdir', 'DAGS_FOLDER/orion.py', '--cfg-path', '/tmp/tmpqp7wlldf', '--error-file', '/tmp/tmpnzlt_6xn']
[2021-06-20 16:30:01,139] {standard_task_runner.py:77} INFO - Job 186: Subtask postInfo
[2021-06-20 16:30:01,179] {logging_mixin.py:104} INFO - Running <TaskInstance: orion.postInfo 2021-06-20T16:27:00+00:00 [running]> on host 438558517cf9
[2021-06-20 16:30:01,231] {taskinstance.py:1282} INFO - Exporting the following env vars:
AIRFLOW_CTX_DAG_OWNER=***
AIRFLOW_CTX_DAG_ID=orion
AIRFLOW_CTX_TASK_ID=postInfo
AIRFLOW_CTX_EXECUTION_DATE=2021-06-20T16:27:00+00:00
AIRFLOW_CTX_DAG_RUN_ID=scheduled__2021-06-20T16:27:00+00:00
[2021-06-20 16:30:01,238] {logging_mixin.py:104} INFO - {'id': 'Street1', 'type': 'Street', 'pressure': {'type': 'Float', 'value': '905', 'metadata': {}}, 'temperature': {'type': 'Float', 'value': '23.1', 'metadata': {}}, 'time': {'type': 'String', 'value': '2021-06-20 18:28:58', 'metadata': {}}}
[2021-06-20 16:30:01,315] {python.py:151} INFO - Done. Returned value was: 200
[2021-06-20 16:30:01,338] {taskinstance.py:1191} INFO - Marking task as SUCCESS. dag_id=orion, task_id=postInfo, execution_date=20210620T162700, start_date=20210620T163001, end_date=20210620T163001
[2021-06-20 16:30:01,361] {taskinstance.py:1245} INFO - 0 downstream tasks scheduled from follow-on schedule check
[2021-06-20 16:30:01,391] {local_task_job.py:151} INFO - Task exited with return code 0
