[2021-06-20 12:15:00,380] {taskinstance.py:876} INFO - Dependencies all met for <TaskInstance: orion.postInfo 2021-06-20T12:12:00+00:00 [queued]>
[2021-06-20 12:15:00,398] {taskinstance.py:876} INFO - Dependencies all met for <TaskInstance: orion.postInfo 2021-06-20T12:12:00+00:00 [queued]>
[2021-06-20 12:15:00,399] {taskinstance.py:1067} INFO - 
--------------------------------------------------------------------------------
[2021-06-20 12:15:00,399] {taskinstance.py:1068} INFO - Starting attempt 1 of 1
[2021-06-20 12:15:00,401] {taskinstance.py:1069} INFO - 
--------------------------------------------------------------------------------
[2021-06-20 12:15:00,410] {taskinstance.py:1087} INFO - Executing <Task(PythonOperator): postInfo> on 2021-06-20T12:12:00+00:00
[2021-06-20 12:15:00,419] {standard_task_runner.py:52} INFO - Started process 323 to run task
[2021-06-20 12:15:00,422] {standard_task_runner.py:76} INFO - Running: ['***', 'tasks', 'run', 'orion', 'postInfo', '2021-06-20T12:12:00+00:00', '--job-id', '101', '--pool', 'default_pool', '--raw', '--subdir', 'DAGS_FOLDER/orion.py', '--cfg-path', '/tmp/tmph5vkue51', '--error-file', '/tmp/tmp0hu1usd9']
[2021-06-20 12:15:00,423] {standard_task_runner.py:77} INFO - Job 101: Subtask postInfo
[2021-06-20 12:15:00,469] {logging_mixin.py:104} INFO - Running <TaskInstance: orion.postInfo 2021-06-20T12:12:00+00:00 [running]> on host 438558517cf9
[2021-06-20 12:15:00,531] {taskinstance.py:1282} INFO - Exporting the following env vars:
AIRFLOW_CTX_DAG_OWNER=***
AIRFLOW_CTX_DAG_ID=orion
AIRFLOW_CTX_TASK_ID=postInfo
AIRFLOW_CTX_EXECUTION_DATE=2021-06-20T12:12:00+00:00
AIRFLOW_CTX_DAG_RUN_ID=scheduled__2021-06-20T12:12:00+00:00
[2021-06-20 12:15:00,542] {logging_mixin.py:104} INFO - {'id': 'Street1', 'type': 'Street', 'pressure': {'type': 'Float', 'value': '596', 'metadata': {}}, 'temperature': {'type': 'Float', 'value': '23', 'metadata': {}}, 'time': {'type': 'String', 'value': '2021-06-20 14:14:09', 'metadata': {}}}
[2021-06-20 12:15:00,609] {python.py:151} INFO - Done. Returned value was: 200
[2021-06-20 12:15:00,634] {taskinstance.py:1191} INFO - Marking task as SUCCESS. dag_id=orion, task_id=postInfo, execution_date=20210620T121200, start_date=20210620T121500, end_date=20210620T121500
[2021-06-20 12:15:00,663] {taskinstance.py:1245} INFO - 0 downstream tasks scheduled from follow-on schedule check
[2021-06-20 12:15:00,674] {local_task_job.py:151} INFO - Task exited with return code 0
