[2021-06-20 18:33:00,839] {taskinstance.py:876} INFO - Dependencies all met for <TaskInstance: orion.postInfo 2021-06-20T18:30:00+00:00 [queued]>
[2021-06-20 18:33:00,856] {taskinstance.py:876} INFO - Dependencies all met for <TaskInstance: orion.postInfo 2021-06-20T18:30:00+00:00 [queued]>
[2021-06-20 18:33:00,857] {taskinstance.py:1067} INFO - 
--------------------------------------------------------------------------------
[2021-06-20 18:33:00,858] {taskinstance.py:1068} INFO - Starting attempt 1 of 1
[2021-06-20 18:33:00,860] {taskinstance.py:1069} INFO - 
--------------------------------------------------------------------------------
[2021-06-20 18:33:00,868] {taskinstance.py:1087} INFO - Executing <Task(PythonOperator): postInfo> on 2021-06-20T18:30:00+00:00
[2021-06-20 18:33:00,876] {standard_task_runner.py:52} INFO - Started process 26426 to run task
[2021-06-20 18:33:00,878] {standard_task_runner.py:76} INFO - Running: ['***', 'tasks', 'run', 'orion', 'postInfo', '2021-06-20T18:30:00+00:00', '--job-id', '227', '--pool', 'default_pool', '--raw', '--subdir', 'DAGS_FOLDER/orion.py', '--cfg-path', '/tmp/tmph_0qps02', '--error-file', '/tmp/tmpgf377jq3']
[2021-06-20 18:33:00,879] {standard_task_runner.py:77} INFO - Job 227: Subtask postInfo
[2021-06-20 18:33:00,918] {logging_mixin.py:104} INFO - Running <TaskInstance: orion.postInfo 2021-06-20T18:30:00+00:00 [running]> on host 438558517cf9
[2021-06-20 18:33:00,968] {taskinstance.py:1282} INFO - Exporting the following env vars:
AIRFLOW_CTX_DAG_OWNER=***
AIRFLOW_CTX_DAG_ID=orion
AIRFLOW_CTX_TASK_ID=postInfo
AIRFLOW_CTX_EXECUTION_DATE=2021-06-20T18:30:00+00:00
AIRFLOW_CTX_DAG_RUN_ID=scheduled__2021-06-20T18:30:00+00:00
[2021-06-20 18:33:00,975] {logging_mixin.py:104} INFO - {'id': 'Street1', 'type': 'Street', 'pressure': {'type': 'Float', 'value': '915', 'metadata': {}}, 'temperature': {'type': 'Float', 'value': '23.7', 'metadata': {}}, 'time': {'type': 'String', 'value': '2021-06-20 20:31:58', 'metadata': {}}}
[2021-06-20 18:33:01,061] {python.py:151} INFO - Done. Returned value was: 200
[2021-06-20 18:33:01,084] {taskinstance.py:1191} INFO - Marking task as SUCCESS. dag_id=orion, task_id=postInfo, execution_date=20210620T183000, start_date=20210620T183300, end_date=20210620T183301
[2021-06-20 18:33:01,109] {taskinstance.py:1245} INFO - 0 downstream tasks scheduled from follow-on schedule check
[2021-06-20 18:33:01,130] {local_task_job.py:151} INFO - Task exited with return code 0
