[2021-06-20 17:48:00,381] {taskinstance.py:876} INFO - Dependencies all met for <TaskInstance: orion.postInfo 2021-06-20T17:45:00+00:00 [queued]>
[2021-06-20 17:48:00,399] {taskinstance.py:876} INFO - Dependencies all met for <TaskInstance: orion.postInfo 2021-06-20T17:45:00+00:00 [queued]>
[2021-06-20 17:48:00,400] {taskinstance.py:1067} INFO - 
--------------------------------------------------------------------------------
[2021-06-20 17:48:00,400] {taskinstance.py:1068} INFO - Starting attempt 1 of 1
[2021-06-20 17:48:00,403] {taskinstance.py:1069} INFO - 
--------------------------------------------------------------------------------
[2021-06-20 17:48:00,414] {taskinstance.py:1087} INFO - Executing <Task(PythonOperator): postInfo> on 2021-06-20T17:45:00+00:00
[2021-06-20 17:48:00,421] {standard_task_runner.py:52} INFO - Started process 23314 to run task
[2021-06-20 17:48:00,423] {standard_task_runner.py:76} INFO - Running: ['***', 'tasks', 'run', 'orion', 'postInfo', '2021-06-20T17:45:00+00:00', '--job-id', '212', '--pool', 'default_pool', '--raw', '--subdir', 'DAGS_FOLDER/orion.py', '--cfg-path', '/tmp/tmp8np_f6md', '--error-file', '/tmp/tmpnjry2v28']
[2021-06-20 17:48:00,424] {standard_task_runner.py:77} INFO - Job 212: Subtask postInfo
[2021-06-20 17:48:00,463] {logging_mixin.py:104} INFO - Running <TaskInstance: orion.postInfo 2021-06-20T17:45:00+00:00 [running]> on host 438558517cf9
[2021-06-20 17:48:00,514] {taskinstance.py:1282} INFO - Exporting the following env vars:
AIRFLOW_CTX_DAG_OWNER=***
AIRFLOW_CTX_DAG_ID=orion
AIRFLOW_CTX_TASK_ID=postInfo
AIRFLOW_CTX_EXECUTION_DATE=2021-06-20T17:45:00+00:00
AIRFLOW_CTX_DAG_RUN_ID=scheduled__2021-06-20T17:45:00+00:00
[2021-06-20 17:48:00,522] {logging_mixin.py:104} INFO - {'id': 'Street1', 'type': 'Street', 'pressure': {'type': 'Float', 'value': '907', 'metadata': {}}, 'temperature': {'type': 'Float', 'value': '24.1', 'metadata': {}}, 'time': {'type': 'String', 'value': '2021-06-20 19:46:58', 'metadata': {}}}
[2021-06-20 17:48:00,584] {python.py:151} INFO - Done. Returned value was: 200
[2021-06-20 17:48:00,608] {taskinstance.py:1191} INFO - Marking task as SUCCESS. dag_id=orion, task_id=postInfo, execution_date=20210620T174500, start_date=20210620T174800, end_date=20210620T174800
[2021-06-20 17:48:00,633] {taskinstance.py:1245} INFO - 0 downstream tasks scheduled from follow-on schedule check
[2021-06-20 17:48:00,675] {local_task_job.py:151} INFO - Task exited with return code 0
