[2021-06-20 15:12:00,749] {taskinstance.py:876} INFO - Dependencies all met for <TaskInstance: orion.postInfo 2021-06-20T15:09:00+00:00 [queued]>
[2021-06-20 15:12:00,772] {taskinstance.py:876} INFO - Dependencies all met for <TaskInstance: orion.postInfo 2021-06-20T15:09:00+00:00 [queued]>
[2021-06-20 15:12:00,773] {taskinstance.py:1067} INFO - 
--------------------------------------------------------------------------------
[2021-06-20 15:12:00,773] {taskinstance.py:1068} INFO - Starting attempt 1 of 1
[2021-06-20 15:12:00,776] {taskinstance.py:1069} INFO - 
--------------------------------------------------------------------------------
[2021-06-20 15:12:00,786] {taskinstance.py:1087} INFO - Executing <Task(PythonOperator): postInfo> on 2021-06-20T15:09:00+00:00
[2021-06-20 15:12:00,794] {standard_task_runner.py:52} INFO - Started process 12525 to run task
[2021-06-20 15:12:00,797] {standard_task_runner.py:76} INFO - Running: ['***', 'tasks', 'run', 'orion', 'postInfo', '2021-06-20T15:09:00+00:00', '--job-id', '160', '--pool', 'default_pool', '--raw', '--subdir', 'DAGS_FOLDER/orion.py', '--cfg-path', '/tmp/tmp5eebd3lm', '--error-file', '/tmp/tmpsoe7kcas']
[2021-06-20 15:12:00,798] {standard_task_runner.py:77} INFO - Job 160: Subtask postInfo
[2021-06-20 15:12:00,840] {logging_mixin.py:104} INFO - Running <TaskInstance: orion.postInfo 2021-06-20T15:09:00+00:00 [running]> on host 438558517cf9
[2021-06-20 15:12:00,897] {taskinstance.py:1282} INFO - Exporting the following env vars:
AIRFLOW_CTX_DAG_OWNER=***
AIRFLOW_CTX_DAG_ID=orion
AIRFLOW_CTX_TASK_ID=postInfo
AIRFLOW_CTX_EXECUTION_DATE=2021-06-20T15:09:00+00:00
AIRFLOW_CTX_DAG_RUN_ID=scheduled__2021-06-20T15:09:00+00:00
[2021-06-20 15:12:00,905] {logging_mixin.py:104} INFO - {'id': 'Street1', 'type': 'Street', 'pressure': {'type': 'Float', 'value': '902', 'metadata': {}}, 'temperature': {'type': 'Float', 'value': '22.0', 'metadata': {}}, 'time': {'type': 'String', 'value': '2021-06-20 17:10:57', 'metadata': {}}}
[2021-06-20 15:12:01,013] {python.py:151} INFO - Done. Returned value was: 200
[2021-06-20 15:12:01,037] {taskinstance.py:1191} INFO - Marking task as SUCCESS. dag_id=orion, task_id=postInfo, execution_date=20210620T150900, start_date=20210620T151200, end_date=20210620T151201
[2021-06-20 15:12:01,064] {taskinstance.py:1245} INFO - 0 downstream tasks scheduled from follow-on schedule check
[2021-06-20 15:12:01,089] {local_task_job.py:151} INFO - Task exited with return code 0
