[2021-06-20 11:39:00,364] {taskinstance.py:876} INFO - Dependencies all met for <TaskInstance: orion.postInfo 2021-06-20T11:38:00+00:00 [queued]>
[2021-06-20 11:39:00,382] {taskinstance.py:876} INFO - Dependencies all met for <TaskInstance: orion.postInfo 2021-06-20T11:38:00+00:00 [queued]>
[2021-06-20 11:39:00,383] {taskinstance.py:1067} INFO - 
--------------------------------------------------------------------------------
[2021-06-20 11:39:00,384] {taskinstance.py:1068} INFO - Starting attempt 1 of 1
[2021-06-20 11:39:00,387] {taskinstance.py:1069} INFO - 
--------------------------------------------------------------------------------
[2021-06-20 11:39:00,395] {taskinstance.py:1087} INFO - Executing <Task(PythonOperator): postInfo> on 2021-06-20T11:38:00+00:00
[2021-06-20 11:39:00,403] {standard_task_runner.py:52} INFO - Started process 2645 to run task
[2021-06-20 11:39:00,405] {standard_task_runner.py:76} INFO - Running: ['***', 'tasks', 'run', 'orion', 'postInfo', '2021-06-20T11:38:00+00:00', '--job-id', '70', '--pool', 'default_pool', '--raw', '--subdir', 'DAGS_FOLDER/orion.py', '--cfg-path', '/tmp/tmp_vvopqcy', '--error-file', '/tmp/tmp2zn30t8j']
[2021-06-20 11:39:00,406] {standard_task_runner.py:77} INFO - Job 70: Subtask postInfo
[2021-06-20 11:39:00,450] {logging_mixin.py:104} INFO - Running <TaskInstance: orion.postInfo 2021-06-20T11:38:00+00:00 [running]> on host 438558517cf9
[2021-06-20 11:39:00,502] {taskinstance.py:1282} INFO - Exporting the following env vars:
AIRFLOW_CTX_DAG_OWNER=***
AIRFLOW_CTX_DAG_ID=orion
AIRFLOW_CTX_TASK_ID=postInfo
AIRFLOW_CTX_EXECUTION_DATE=2021-06-20T11:38:00+00:00
AIRFLOW_CTX_DAG_RUN_ID=scheduled__2021-06-20T11:38:00+00:00
[2021-06-20 11:39:00,509] {logging_mixin.py:104} INFO - {'id': 'Street1', 'type': 'Street', 'pressure': {'type': 'Float', 'value': 711, 'metadata': {}}, 'temperature': {'type': 'Float', 'value': 22, 'metadata': {}}, 'time': {'type': 'String', 'value': '06/20/2021, 10:58:52', 'metadata': {}}}
[2021-06-20 11:39:00,586] {python.py:151} INFO - Done. Returned value was: 200
[2021-06-20 11:39:00,610] {taskinstance.py:1191} INFO - Marking task as SUCCESS. dag_id=orion, task_id=postInfo, execution_date=20210620T113800, start_date=20210620T113900, end_date=20210620T113900
[2021-06-20 11:39:00,635] {taskinstance.py:1245} INFO - 0 downstream tasks scheduled from follow-on schedule check
[2021-06-20 11:39:00,658] {local_task_job.py:151} INFO - Task exited with return code 0
