[2021-06-20 18:00:01,058] {taskinstance.py:876} INFO - Dependencies all met for <TaskInstance: orion.postInfo 2021-06-20T17:57:00+00:00 [queued]>
[2021-06-20 18:00:01,076] {taskinstance.py:876} INFO - Dependencies all met for <TaskInstance: orion.postInfo 2021-06-20T17:57:00+00:00 [queued]>
[2021-06-20 18:00:01,077] {taskinstance.py:1067} INFO - 
--------------------------------------------------------------------------------
[2021-06-20 18:00:01,077] {taskinstance.py:1068} INFO - Starting attempt 1 of 1
[2021-06-20 18:00:01,079] {taskinstance.py:1069} INFO - 
--------------------------------------------------------------------------------
[2021-06-20 18:00:01,088] {taskinstance.py:1087} INFO - Executing <Task(PythonOperator): postInfo> on 2021-06-20T17:57:00+00:00
[2021-06-20 18:00:01,095] {standard_task_runner.py:52} INFO - Started process 24142 to run task
[2021-06-20 18:00:01,097] {standard_task_runner.py:76} INFO - Running: ['***', 'tasks', 'run', 'orion', 'postInfo', '2021-06-20T17:57:00+00:00', '--job-id', '216', '--pool', 'default_pool', '--raw', '--subdir', 'DAGS_FOLDER/orion.py', '--cfg-path', '/tmp/tmpz5sx17l1', '--error-file', '/tmp/tmph4fukcim']
[2021-06-20 18:00:01,098] {standard_task_runner.py:77} INFO - Job 216: Subtask postInfo
[2021-06-20 18:00:01,137] {logging_mixin.py:104} INFO - Running <TaskInstance: orion.postInfo 2021-06-20T17:57:00+00:00 [running]> on host 438558517cf9
[2021-06-20 18:00:01,188] {taskinstance.py:1282} INFO - Exporting the following env vars:
AIRFLOW_CTX_DAG_OWNER=***
AIRFLOW_CTX_DAG_ID=orion
AIRFLOW_CTX_TASK_ID=postInfo
AIRFLOW_CTX_EXECUTION_DATE=2021-06-20T17:57:00+00:00
AIRFLOW_CTX_DAG_RUN_ID=scheduled__2021-06-20T17:57:00+00:00
[2021-06-20 18:00:01,195] {logging_mixin.py:104} INFO - {'id': 'Street1', 'type': 'Street', 'pressure': {'type': 'Float', 'value': '921', 'metadata': {}}, 'temperature': {'type': 'Float', 'value': '23.8', 'metadata': {}}, 'time': {'type': 'String', 'value': '2021-06-20 19:58:58', 'metadata': {}}}
[2021-06-20 18:00:01,273] {python.py:151} INFO - Done. Returned value was: 200
[2021-06-20 18:00:01,298] {taskinstance.py:1191} INFO - Marking task as SUCCESS. dag_id=orion, task_id=postInfo, execution_date=20210620T175700, start_date=20210620T180001, end_date=20210620T180001
[2021-06-20 18:00:01,325] {taskinstance.py:1245} INFO - 0 downstream tasks scheduled from follow-on schedule check
[2021-06-20 18:00:01,349] {local_task_job.py:151} INFO - Task exited with return code 0
