[2021-06-20 19:33:00,533] {taskinstance.py:876} INFO - Dependencies all met for <TaskInstance: orion.postInfo 2021-06-20T19:30:00+00:00 [queued]>
[2021-06-20 19:33:00,550] {taskinstance.py:876} INFO - Dependencies all met for <TaskInstance: orion.postInfo 2021-06-20T19:30:00+00:00 [queued]>
[2021-06-20 19:33:00,551] {taskinstance.py:1067} INFO - 
--------------------------------------------------------------------------------
[2021-06-20 19:33:00,552] {taskinstance.py:1068} INFO - Starting attempt 1 of 1
[2021-06-20 19:33:00,554] {taskinstance.py:1069} INFO - 
--------------------------------------------------------------------------------
[2021-06-20 19:33:00,562] {taskinstance.py:1087} INFO - Executing <Task(PythonOperator): postInfo> on 2021-06-20T19:30:00+00:00
[2021-06-20 19:33:00,570] {standard_task_runner.py:52} INFO - Started process 30570 to run task
[2021-06-20 19:33:00,573] {standard_task_runner.py:76} INFO - Running: ['***', 'tasks', 'run', 'orion', 'postInfo', '2021-06-20T19:30:00+00:00', '--job-id', '247', '--pool', 'default_pool', '--raw', '--subdir', 'DAGS_FOLDER/orion.py', '--cfg-path', '/tmp/tmpah44009p', '--error-file', '/tmp/tmpfjb9_zew']
[2021-06-20 19:33:00,574] {standard_task_runner.py:77} INFO - Job 247: Subtask postInfo
[2021-06-20 19:33:00,614] {logging_mixin.py:104} INFO - Running <TaskInstance: orion.postInfo 2021-06-20T19:30:00+00:00 [running]> on host 438558517cf9
[2021-06-20 19:33:00,664] {taskinstance.py:1282} INFO - Exporting the following env vars:
AIRFLOW_CTX_DAG_OWNER=***
AIRFLOW_CTX_DAG_ID=orion
AIRFLOW_CTX_TASK_ID=postInfo
AIRFLOW_CTX_EXECUTION_DATE=2021-06-20T19:30:00+00:00
AIRFLOW_CTX_DAG_RUN_ID=scheduled__2021-06-20T19:30:00+00:00
[2021-06-20 19:33:00,671] {logging_mixin.py:104} INFO - {'id': 'Street1', 'type': 'Street', 'pressure': {'type': 'Float', 'value': '916', 'metadata': {}}, 'temperature': {'type': 'Float', 'value': '24.0', 'metadata': {}}, 'time': {'type': 'String', 'value': '2021-06-20 21:31:59', 'metadata': {}}}
[2021-06-20 19:33:00,741] {python.py:151} INFO - Done. Returned value was: 200
[2021-06-20 19:33:00,765] {taskinstance.py:1191} INFO - Marking task as SUCCESS. dag_id=orion, task_id=postInfo, execution_date=20210620T193000, start_date=20210620T193300, end_date=20210620T193300
[2021-06-20 19:33:00,788] {taskinstance.py:1245} INFO - 0 downstream tasks scheduled from follow-on schedule check
[2021-06-20 19:33:00,825] {local_task_job.py:151} INFO - Task exited with return code 0
