[2021-06-20 14:09:00,826] {taskinstance.py:876} INFO - Dependencies all met for <TaskInstance: orion.postInfo 2021-06-20T14:06:00+00:00 [queued]>
[2021-06-20 14:09:00,845] {taskinstance.py:876} INFO - Dependencies all met for <TaskInstance: orion.postInfo 2021-06-20T14:06:00+00:00 [queued]>
[2021-06-20 14:09:00,846] {taskinstance.py:1067} INFO - 
--------------------------------------------------------------------------------
[2021-06-20 14:09:00,846] {taskinstance.py:1068} INFO - Starting attempt 1 of 1
[2021-06-20 14:09:00,849] {taskinstance.py:1069} INFO - 
--------------------------------------------------------------------------------
[2021-06-20 14:09:00,857] {taskinstance.py:1087} INFO - Executing <Task(PythonOperator): postInfo> on 2021-06-20T14:06:00+00:00
[2021-06-20 14:09:00,866] {standard_task_runner.py:52} INFO - Started process 8196 to run task
[2021-06-20 14:09:00,868] {standard_task_runner.py:76} INFO - Running: ['***', 'tasks', 'run', 'orion', 'postInfo', '2021-06-20T14:06:00+00:00', '--job-id', '139', '--pool', 'default_pool', '--raw', '--subdir', 'DAGS_FOLDER/orion.py', '--cfg-path', '/tmp/tmpnjyxcfah', '--error-file', '/tmp/tmp9rjqkki_']
[2021-06-20 14:09:00,869] {standard_task_runner.py:77} INFO - Job 139: Subtask postInfo
[2021-06-20 14:09:00,911] {logging_mixin.py:104} INFO - Running <TaskInstance: orion.postInfo 2021-06-20T14:06:00+00:00 [running]> on host 438558517cf9
[2021-06-20 14:09:00,966] {taskinstance.py:1282} INFO - Exporting the following env vars:
AIRFLOW_CTX_DAG_OWNER=***
AIRFLOW_CTX_DAG_ID=orion
AIRFLOW_CTX_TASK_ID=postInfo
AIRFLOW_CTX_EXECUTION_DATE=2021-06-20T14:06:00+00:00
AIRFLOW_CTX_DAG_RUN_ID=scheduled__2021-06-20T14:06:00+00:00
[2021-06-20 14:09:00,974] {logging_mixin.py:104} INFO - {'id': 'Street1', 'type': 'Street', 'pressure': {'type': 'Float', 'value': '860', 'metadata': {}}, 'temperature': {'type': 'Float', 'value': '24.6', 'metadata': {}}, 'time': {'type': 'String', 'value': '2021-06-20 16:07:57', 'metadata': {}}}
[2021-06-20 14:09:01,052] {python.py:151} INFO - Done. Returned value was: 200
[2021-06-20 14:09:01,077] {taskinstance.py:1191} INFO - Marking task as SUCCESS. dag_id=orion, task_id=postInfo, execution_date=20210620T140600, start_date=20210620T140900, end_date=20210620T140901
[2021-06-20 14:09:01,101] {taskinstance.py:1245} INFO - 0 downstream tasks scheduled from follow-on schedule check
[2021-06-20 14:09:01,120] {local_task_job.py:151} INFO - Task exited with return code 0
