[2021-06-20 16:00:00,314] {taskinstance.py:876} INFO - Dependencies all met for <TaskInstance: orion.postInfo 2021-06-20T15:57:00+00:00 [queued]>
[2021-06-20 16:00:00,331] {taskinstance.py:876} INFO - Dependencies all met for <TaskInstance: orion.postInfo 2021-06-20T15:57:00+00:00 [queued]>
[2021-06-20 16:00:00,332] {taskinstance.py:1067} INFO - 
--------------------------------------------------------------------------------
[2021-06-20 16:00:00,333] {taskinstance.py:1068} INFO - Starting attempt 1 of 1
[2021-06-20 16:00:00,335] {taskinstance.py:1069} INFO - 
--------------------------------------------------------------------------------
[2021-06-20 16:00:00,343] {taskinstance.py:1087} INFO - Executing <Task(PythonOperator): postInfo> on 2021-06-20T15:57:00+00:00
[2021-06-20 16:00:00,350] {standard_task_runner.py:52} INFO - Started process 15839 to run task
[2021-06-20 16:00:00,353] {standard_task_runner.py:76} INFO - Running: ['***', 'tasks', 'run', 'orion', 'postInfo', '2021-06-20T15:57:00+00:00', '--job-id', '176', '--pool', 'default_pool', '--raw', '--subdir', 'DAGS_FOLDER/orion.py', '--cfg-path', '/tmp/tmpe6_wa6i6', '--error-file', '/tmp/tmpob933kfr']
[2021-06-20 16:00:00,354] {standard_task_runner.py:77} INFO - Job 176: Subtask postInfo
[2021-06-20 16:00:00,396] {logging_mixin.py:104} INFO - Running <TaskInstance: orion.postInfo 2021-06-20T15:57:00+00:00 [running]> on host 438558517cf9
[2021-06-20 16:00:00,448] {taskinstance.py:1282} INFO - Exporting the following env vars:
AIRFLOW_CTX_DAG_OWNER=***
AIRFLOW_CTX_DAG_ID=orion
AIRFLOW_CTX_TASK_ID=postInfo
AIRFLOW_CTX_EXECUTION_DATE=2021-06-20T15:57:00+00:00
AIRFLOW_CTX_DAG_RUN_ID=scheduled__2021-06-20T15:57:00+00:00
[2021-06-20 16:00:00,455] {logging_mixin.py:104} INFO - {'id': 'Street1', 'type': 'Street', 'pressure': {'type': 'Float', 'value': '889', 'metadata': {}}, 'temperature': {'type': 'Float', 'value': '23.2', 'metadata': {}}, 'time': {'type': 'String', 'value': '2021-06-20 17:58:58', 'metadata': {}}}
[2021-06-20 16:00:00,527] {python.py:151} INFO - Done. Returned value was: 200
[2021-06-20 16:00:00,551] {taskinstance.py:1191} INFO - Marking task as SUCCESS. dag_id=orion, task_id=postInfo, execution_date=20210620T155700, start_date=20210620T160000, end_date=20210620T160000
[2021-06-20 16:00:00,578] {taskinstance.py:1245} INFO - 0 downstream tasks scheduled from follow-on schedule check
[2021-06-20 16:00:00,605] {local_task_job.py:151} INFO - Task exited with return code 0
