[2021-06-13 08:07:32,553] {scheduler_job.py:182} INFO - Started process (PID=44) to work on /home/airflow/.local/lib/python3.6/site-packages/airflow/example_dags/example_branch_datetime_operator.py
[2021-06-13 08:07:32,555] {scheduler_job.py:633} INFO - Processing file /home/airflow/.local/lib/python3.6/site-packages/airflow/example_dags/example_branch_datetime_operator.py for tasks to queue
[2021-06-13 08:07:32,556] {logging_mixin.py:104} INFO - [2021-06-13 08:07:32,556] {dagbag.py:487} INFO - Filling up the DagBag from /home/airflow/.local/lib/python3.6/site-packages/airflow/example_dags/example_branch_datetime_operator.py
[2021-06-13 08:07:32,569] {scheduler_job.py:643} INFO - DAG(s) dict_keys(['example_branch_datetime_operator_2']) retrieved from /home/airflow/.local/lib/python3.6/site-packages/airflow/example_dags/example_branch_datetime_operator.py
[2021-06-13 08:07:34,829] {logging_mixin.py:104} INFO - [2021-06-13 08:07:34,828] {dag.py:1832} INFO - Sync 1 DAGs
[2021-06-13 08:07:34,840] {logging_mixin.py:104} INFO - [2021-06-13 08:07:34,839] {dag.py:1851} INFO - Creating ORM DAG for example_branch_datetime_operator_2
[2021-06-13 08:07:34,851] {logging_mixin.py:104} INFO - [2021-06-13 08:07:34,850] {dag.py:2305} INFO - Setting next_dagrun for example_branch_datetime_operator_2 to 2021-06-11 00:00:00+00:00
[2021-06-13 08:07:34,865] {scheduler_job.py:190} INFO - Processing /home/airflow/.local/lib/python3.6/site-packages/airflow/example_dags/example_branch_datetime_operator.py took 2.315 seconds
[2021-06-13 08:08:05,445] {scheduler_job.py:182} INFO - Started process (PID=133) to work on /home/airflow/.local/lib/python3.6/site-packages/airflow/example_dags/example_branch_datetime_operator.py
[2021-06-13 08:08:05,447] {scheduler_job.py:633} INFO - Processing file /home/airflow/.local/lib/python3.6/site-packages/airflow/example_dags/example_branch_datetime_operator.py for tasks to queue
[2021-06-13 08:08:05,448] {logging_mixin.py:104} INFO - [2021-06-13 08:08:05,448] {dagbag.py:487} INFO - Filling up the DagBag from /home/airflow/.local/lib/python3.6/site-packages/airflow/example_dags/example_branch_datetime_operator.py
[2021-06-13 08:08:05,457] {scheduler_job.py:643} INFO - DAG(s) dict_keys(['example_branch_datetime_operator_2']) retrieved from /home/airflow/.local/lib/python3.6/site-packages/airflow/example_dags/example_branch_datetime_operator.py
[2021-06-13 08:08:05,474] {logging_mixin.py:104} INFO - [2021-06-13 08:08:05,474] {dag.py:1832} INFO - Sync 1 DAGs
[2021-06-13 08:08:05,494] {logging_mixin.py:104} INFO - [2021-06-13 08:08:05,493] {dag.py:2305} INFO - Setting next_dagrun for example_branch_datetime_operator_2 to 2021-06-11 00:00:00+00:00
[2021-06-13 08:08:05,504] {scheduler_job.py:190} INFO - Processing /home/airflow/.local/lib/python3.6/site-packages/airflow/example_dags/example_branch_datetime_operator.py took 0.061 seconds
[2021-06-13 08:08:35,907] {scheduler_job.py:182} INFO - Started process (PID=218) to work on /home/airflow/.local/lib/python3.6/site-packages/airflow/example_dags/example_branch_datetime_operator.py
[2021-06-13 08:08:35,908] {scheduler_job.py:633} INFO - Processing file /home/airflow/.local/lib/python3.6/site-packages/airflow/example_dags/example_branch_datetime_operator.py for tasks to queue
[2021-06-13 08:08:35,909] {logging_mixin.py:104} INFO - [2021-06-13 08:08:35,909] {dagbag.py:487} INFO - Filling up the DagBag from /home/airflow/.local/lib/python3.6/site-packages/airflow/example_dags/example_branch_datetime_operator.py
[2021-06-13 08:08:35,919] {scheduler_job.py:643} INFO - DAG(s) dict_keys(['example_branch_datetime_operator_2']) retrieved from /home/airflow/.local/lib/python3.6/site-packages/airflow/example_dags/example_branch_datetime_operator.py
[2021-06-13 08:08:35,937] {logging_mixin.py:104} INFO - [2021-06-13 08:08:35,937] {dag.py:1832} INFO - Sync 1 DAGs
[2021-06-13 08:08:35,953] {logging_mixin.py:104} INFO - [2021-06-13 08:08:35,953] {dag.py:2305} INFO - Setting next_dagrun for example_branch_datetime_operator_2 to 2021-06-11 00:00:00+00:00
[2021-06-13 08:08:35,962] {scheduler_job.py:190} INFO - Processing /home/airflow/.local/lib/python3.6/site-packages/airflow/example_dags/example_branch_datetime_operator.py took 0.057 seconds
[2021-06-13 08:09:06,243] {scheduler_job.py:182} INFO - Started process (PID=300) to work on /home/airflow/.local/lib/python3.6/site-packages/airflow/example_dags/example_branch_datetime_operator.py
[2021-06-13 08:09:06,244] {scheduler_job.py:633} INFO - Processing file /home/airflow/.local/lib/python3.6/site-packages/airflow/example_dags/example_branch_datetime_operator.py for tasks to queue
[2021-06-13 08:09:06,246] {logging_mixin.py:104} INFO - [2021-06-13 08:09:06,245] {dagbag.py:487} INFO - Filling up the DagBag from /home/airflow/.local/lib/python3.6/site-packages/airflow/example_dags/example_branch_datetime_operator.py
[2021-06-13 08:09:06,258] {scheduler_job.py:643} INFO - DAG(s) dict_keys(['example_branch_datetime_operator_2']) retrieved from /home/airflow/.local/lib/python3.6/site-packages/airflow/example_dags/example_branch_datetime_operator.py
[2021-06-13 08:09:06,279] {logging_mixin.py:104} INFO - [2021-06-13 08:09:06,279] {dag.py:1832} INFO - Sync 1 DAGs
[2021-06-13 08:09:06,296] {logging_mixin.py:104} INFO - [2021-06-13 08:09:06,296] {dag.py:2305} INFO - Setting next_dagrun for example_branch_datetime_operator_2 to 2021-06-11 00:00:00+00:00
[2021-06-13 08:09:06,310] {scheduler_job.py:190} INFO - Processing /home/airflow/.local/lib/python3.6/site-packages/airflow/example_dags/example_branch_datetime_operator.py took 0.070 seconds
[2021-06-13 08:09:36,703] {scheduler_job.py:182} INFO - Started process (PID=373) to work on /home/airflow/.local/lib/python3.6/site-packages/airflow/example_dags/example_branch_datetime_operator.py
[2021-06-13 08:09:36,704] {scheduler_job.py:633} INFO - Processing file /home/airflow/.local/lib/python3.6/site-packages/airflow/example_dags/example_branch_datetime_operator.py for tasks to queue
[2021-06-13 08:09:36,705] {logging_mixin.py:104} INFO - [2021-06-13 08:09:36,705] {dagbag.py:487} INFO - Filling up the DagBag from /home/airflow/.local/lib/python3.6/site-packages/airflow/example_dags/example_branch_datetime_operator.py
[2021-06-13 08:09:36,714] {scheduler_job.py:643} INFO - DAG(s) dict_keys(['example_branch_datetime_operator_2']) retrieved from /home/airflow/.local/lib/python3.6/site-packages/airflow/example_dags/example_branch_datetime_operator.py
[2021-06-13 08:09:36,732] {logging_mixin.py:104} INFO - [2021-06-13 08:09:36,732] {dag.py:1832} INFO - Sync 1 DAGs
[2021-06-13 08:09:36,747] {logging_mixin.py:104} INFO - [2021-06-13 08:09:36,747] {dag.py:2305} INFO - Setting next_dagrun for example_branch_datetime_operator_2 to 2021-06-11 00:00:00+00:00
[2021-06-13 08:09:36,756] {scheduler_job.py:190} INFO - Processing /home/airflow/.local/lib/python3.6/site-packages/airflow/example_dags/example_branch_datetime_operator.py took 0.056 seconds
[2021-06-13 08:10:07,135] {scheduler_job.py:182} INFO - Started process (PID=431) to work on /home/airflow/.local/lib/python3.6/site-packages/airflow/example_dags/example_branch_datetime_operator.py
[2021-06-13 08:10:07,137] {scheduler_job.py:633} INFO - Processing file /home/airflow/.local/lib/python3.6/site-packages/airflow/example_dags/example_branch_datetime_operator.py for tasks to queue
[2021-06-13 08:10:07,138] {logging_mixin.py:104} INFO - [2021-06-13 08:10:07,138] {dagbag.py:487} INFO - Filling up the DagBag from /home/airflow/.local/lib/python3.6/site-packages/airflow/example_dags/example_branch_datetime_operator.py
[2021-06-13 08:10:07,147] {scheduler_job.py:643} INFO - DAG(s) dict_keys(['example_branch_datetime_operator_2']) retrieved from /home/airflow/.local/lib/python3.6/site-packages/airflow/example_dags/example_branch_datetime_operator.py
[2021-06-13 08:10:07,166] {logging_mixin.py:104} INFO - [2021-06-13 08:10:07,166] {dag.py:1832} INFO - Sync 1 DAGs
[2021-06-13 08:10:07,182] {logging_mixin.py:104} INFO - [2021-06-13 08:10:07,181] {dag.py:2305} INFO - Setting next_dagrun for example_branch_datetime_operator_2 to 2021-06-11 00:00:00+00:00
[2021-06-13 08:10:07,192] {scheduler_job.py:190} INFO - Processing /home/airflow/.local/lib/python3.6/site-packages/airflow/example_dags/example_branch_datetime_operator.py took 0.059 seconds
[2021-06-13 08:10:37,529] {scheduler_job.py:182} INFO - Started process (PID=502) to work on /home/airflow/.local/lib/python3.6/site-packages/airflow/example_dags/example_branch_datetime_operator.py
[2021-06-13 08:10:37,530] {scheduler_job.py:633} INFO - Processing file /home/airflow/.local/lib/python3.6/site-packages/airflow/example_dags/example_branch_datetime_operator.py for tasks to queue
[2021-06-13 08:10:37,531] {logging_mixin.py:104} INFO - [2021-06-13 08:10:37,531] {dagbag.py:487} INFO - Filling up the DagBag from /home/airflow/.local/lib/python3.6/site-packages/airflow/example_dags/example_branch_datetime_operator.py
[2021-06-13 08:10:37,544] {scheduler_job.py:643} INFO - DAG(s) dict_keys(['example_branch_datetime_operator_2']) retrieved from /home/airflow/.local/lib/python3.6/site-packages/airflow/example_dags/example_branch_datetime_operator.py
[2021-06-13 08:10:37,562] {logging_mixin.py:104} INFO - [2021-06-13 08:10:37,562] {dag.py:1832} INFO - Sync 1 DAGs
[2021-06-13 08:10:37,577] {logging_mixin.py:104} INFO - [2021-06-13 08:10:37,577] {dag.py:2305} INFO - Setting next_dagrun for example_branch_datetime_operator_2 to 2021-06-11 00:00:00+00:00
[2021-06-13 08:10:37,589] {scheduler_job.py:190} INFO - Processing /home/airflow/.local/lib/python3.6/site-packages/airflow/example_dags/example_branch_datetime_operator.py took 0.062 seconds
[2021-06-13 08:11:07,957] {scheduler_job.py:182} INFO - Started process (PID=588) to work on /home/airflow/.local/lib/python3.6/site-packages/airflow/example_dags/example_branch_datetime_operator.py
[2021-06-13 08:11:07,958] {scheduler_job.py:633} INFO - Processing file /home/airflow/.local/lib/python3.6/site-packages/airflow/example_dags/example_branch_datetime_operator.py for tasks to queue
[2021-06-13 08:11:07,959] {logging_mixin.py:104} INFO - [2021-06-13 08:11:07,959] {dagbag.py:487} INFO - Filling up the DagBag from /home/airflow/.local/lib/python3.6/site-packages/airflow/example_dags/example_branch_datetime_operator.py
[2021-06-13 08:11:07,968] {scheduler_job.py:643} INFO - DAG(s) dict_keys(['example_branch_datetime_operator_2']) retrieved from /home/airflow/.local/lib/python3.6/site-packages/airflow/example_dags/example_branch_datetime_operator.py
[2021-06-13 08:11:07,987] {logging_mixin.py:104} INFO - [2021-06-13 08:11:07,987] {dag.py:1832} INFO - Sync 1 DAGs
[2021-06-13 08:11:08,006] {logging_mixin.py:104} INFO - [2021-06-13 08:11:08,005] {dag.py:2305} INFO - Setting next_dagrun for example_branch_datetime_operator_2 to 2021-06-11 00:00:00+00:00
[2021-06-13 08:11:08,023] {scheduler_job.py:190} INFO - Processing /home/airflow/.local/lib/python3.6/site-packages/airflow/example_dags/example_branch_datetime_operator.py took 0.069 seconds
[2021-06-13 08:11:38,354] {scheduler_job.py:182} INFO - Started process (PID=647) to work on /home/airflow/.local/lib/python3.6/site-packages/airflow/example_dags/example_branch_datetime_operator.py
[2021-06-13 08:11:38,356] {scheduler_job.py:633} INFO - Processing file /home/airflow/.local/lib/python3.6/site-packages/airflow/example_dags/example_branch_datetime_operator.py for tasks to queue
[2021-06-13 08:11:38,356] {logging_mixin.py:104} INFO - [2021-06-13 08:11:38,356] {dagbag.py:487} INFO - Filling up the DagBag from /home/airflow/.local/lib/python3.6/site-packages/airflow/example_dags/example_branch_datetime_operator.py
[2021-06-13 08:11:38,366] {scheduler_job.py:643} INFO - DAG(s) dict_keys(['example_branch_datetime_operator_2']) retrieved from /home/airflow/.local/lib/python3.6/site-packages/airflow/example_dags/example_branch_datetime_operator.py
[2021-06-13 08:11:38,385] {logging_mixin.py:104} INFO - [2021-06-13 08:11:38,385] {dag.py:1832} INFO - Sync 1 DAGs
[2021-06-13 08:11:38,401] {logging_mixin.py:104} INFO - [2021-06-13 08:11:38,401] {dag.py:2305} INFO - Setting next_dagrun for example_branch_datetime_operator_2 to 2021-06-11 00:00:00+00:00
[2021-06-13 08:11:38,418] {scheduler_job.py:190} INFO - Processing /home/airflow/.local/lib/python3.6/site-packages/airflow/example_dags/example_branch_datetime_operator.py took 0.065 seconds
[2021-06-13 08:12:08,764] {scheduler_job.py:182} INFO - Started process (PID=719) to work on /home/airflow/.local/lib/python3.6/site-packages/airflow/example_dags/example_branch_datetime_operator.py
[2021-06-13 08:12:08,765] {scheduler_job.py:633} INFO - Processing file /home/airflow/.local/lib/python3.6/site-packages/airflow/example_dags/example_branch_datetime_operator.py for tasks to queue
[2021-06-13 08:12:08,766] {logging_mixin.py:104} INFO - [2021-06-13 08:12:08,766] {dagbag.py:487} INFO - Filling up the DagBag from /home/airflow/.local/lib/python3.6/site-packages/airflow/example_dags/example_branch_datetime_operator.py
[2021-06-13 08:12:08,777] {scheduler_job.py:643} INFO - DAG(s) dict_keys(['example_branch_datetime_operator_2']) retrieved from /home/airflow/.local/lib/python3.6/site-packages/airflow/example_dags/example_branch_datetime_operator.py
[2021-06-13 08:12:08,796] {logging_mixin.py:104} INFO - [2021-06-13 08:12:08,796] {dag.py:1832} INFO - Sync 1 DAGs
[2021-06-13 08:12:08,812] {logging_mixin.py:104} INFO - [2021-06-13 08:12:08,812] {dag.py:2305} INFO - Setting next_dagrun for example_branch_datetime_operator_2 to 2021-06-11 00:00:00+00:00
[2021-06-13 08:12:08,822] {scheduler_job.py:190} INFO - Processing /home/airflow/.local/lib/python3.6/site-packages/airflow/example_dags/example_branch_datetime_operator.py took 0.060 seconds
[2021-06-13 08:13:58,991] {scheduler_job.py:182} INFO - Started process (PID=44) to work on /home/airflow/.local/lib/python3.6/site-packages/airflow/example_dags/example_branch_datetime_operator.py
[2021-06-13 08:13:58,999] {scheduler_job.py:633} INFO - Processing file /home/airflow/.local/lib/python3.6/site-packages/airflow/example_dags/example_branch_datetime_operator.py for tasks to queue
[2021-06-13 08:13:59,000] {logging_mixin.py:104} INFO - [2021-06-13 08:13:59,000] {dagbag.py:487} INFO - Filling up the DagBag from /home/airflow/.local/lib/python3.6/site-packages/airflow/example_dags/example_branch_datetime_operator.py
[2021-06-13 08:13:59,008] {scheduler_job.py:643} INFO - DAG(s) dict_keys(['example_branch_datetime_operator_2']) retrieved from /home/airflow/.local/lib/python3.6/site-packages/airflow/example_dags/example_branch_datetime_operator.py
[2021-06-13 08:13:59,053] {logging_mixin.py:104} INFO - [2021-06-13 08:13:59,053] {dag.py:1832} INFO - Sync 1 DAGs
[2021-06-13 08:13:59,079] {logging_mixin.py:104} INFO - [2021-06-13 08:13:59,079] {dag.py:2305} INFO - Setting next_dagrun for example_branch_datetime_operator_2 to 2021-06-11 00:00:00+00:00
[2021-06-13 08:13:59,102] {scheduler_job.py:190} INFO - Processing /home/airflow/.local/lib/python3.6/site-packages/airflow/example_dags/example_branch_datetime_operator.py took 0.113 seconds
[2021-06-13 08:14:29,734] {scheduler_job.py:182} INFO - Started process (PID=114) to work on /home/airflow/.local/lib/python3.6/site-packages/airflow/example_dags/example_branch_datetime_operator.py
[2021-06-13 08:14:29,736] {scheduler_job.py:633} INFO - Processing file /home/airflow/.local/lib/python3.6/site-packages/airflow/example_dags/example_branch_datetime_operator.py for tasks to queue
[2021-06-13 08:14:29,738] {logging_mixin.py:104} INFO - [2021-06-13 08:14:29,737] {dagbag.py:487} INFO - Filling up the DagBag from /home/airflow/.local/lib/python3.6/site-packages/airflow/example_dags/example_branch_datetime_operator.py
[2021-06-13 08:14:29,747] {scheduler_job.py:643} INFO - DAG(s) dict_keys(['example_branch_datetime_operator_2']) retrieved from /home/airflow/.local/lib/python3.6/site-packages/airflow/example_dags/example_branch_datetime_operator.py
[2021-06-13 08:14:29,767] {logging_mixin.py:104} INFO - [2021-06-13 08:14:29,767] {dag.py:1832} INFO - Sync 1 DAGs
[2021-06-13 08:14:29,782] {logging_mixin.py:104} INFO - [2021-06-13 08:14:29,782] {dag.py:2305} INFO - Setting next_dagrun for example_branch_datetime_operator_2 to 2021-06-11 00:00:00+00:00
[2021-06-13 08:14:29,792] {scheduler_job.py:190} INFO - Processing /home/airflow/.local/lib/python3.6/site-packages/airflow/example_dags/example_branch_datetime_operator.py took 0.060 seconds
[2021-06-13 08:15:00,614] {scheduler_job.py:182} INFO - Started process (PID=182) to work on /home/airflow/.local/lib/python3.6/site-packages/airflow/example_dags/example_branch_datetime_operator.py
[2021-06-13 08:15:00,615] {scheduler_job.py:633} INFO - Processing file /home/airflow/.local/lib/python3.6/site-packages/airflow/example_dags/example_branch_datetime_operator.py for tasks to queue
[2021-06-13 08:15:00,617] {logging_mixin.py:104} INFO - [2021-06-13 08:15:00,616] {dagbag.py:487} INFO - Filling up the DagBag from /home/airflow/.local/lib/python3.6/site-packages/airflow/example_dags/example_branch_datetime_operator.py
[2021-06-13 08:15:00,626] {scheduler_job.py:643} INFO - DAG(s) dict_keys(['example_branch_datetime_operator_2']) retrieved from /home/airflow/.local/lib/python3.6/site-packages/airflow/example_dags/example_branch_datetime_operator.py
[2021-06-13 08:15:00,643] {logging_mixin.py:104} INFO - [2021-06-13 08:15:00,643] {dag.py:1832} INFO - Sync 1 DAGs
[2021-06-13 08:15:00,659] {logging_mixin.py:104} INFO - [2021-06-13 08:15:00,658] {dag.py:2305} INFO - Setting next_dagrun for example_branch_datetime_operator_2 to 2021-06-11 00:00:00+00:00
[2021-06-13 08:15:00,668] {scheduler_job.py:190} INFO - Processing /home/airflow/.local/lib/python3.6/site-packages/airflow/example_dags/example_branch_datetime_operator.py took 0.056 seconds
[2021-06-13 08:15:31,505] {scheduler_job.py:182} INFO - Started process (PID=255) to work on /home/airflow/.local/lib/python3.6/site-packages/airflow/example_dags/example_branch_datetime_operator.py
[2021-06-13 08:15:31,507] {scheduler_job.py:633} INFO - Processing file /home/airflow/.local/lib/python3.6/site-packages/airflow/example_dags/example_branch_datetime_operator.py for tasks to queue
[2021-06-13 08:15:31,508] {logging_mixin.py:104} INFO - [2021-06-13 08:15:31,508] {dagbag.py:487} INFO - Filling up the DagBag from /home/airflow/.local/lib/python3.6/site-packages/airflow/example_dags/example_branch_datetime_operator.py
[2021-06-13 08:15:31,519] {scheduler_job.py:643} INFO - DAG(s) dict_keys(['example_branch_datetime_operator_2']) retrieved from /home/airflow/.local/lib/python3.6/site-packages/airflow/example_dags/example_branch_datetime_operator.py
[2021-06-13 08:15:31,536] {logging_mixin.py:104} INFO - [2021-06-13 08:15:31,536] {dag.py:1832} INFO - Sync 1 DAGs
[2021-06-13 08:15:31,553] {logging_mixin.py:104} INFO - [2021-06-13 08:15:31,553] {dag.py:2305} INFO - Setting next_dagrun for example_branch_datetime_operator_2 to 2021-06-11 00:00:00+00:00
[2021-06-13 08:15:31,563] {scheduler_job.py:190} INFO - Processing /home/airflow/.local/lib/python3.6/site-packages/airflow/example_dags/example_branch_datetime_operator.py took 0.059 seconds
[2021-06-13 08:16:02,155] {scheduler_job.py:182} INFO - Started process (PID=326) to work on /home/airflow/.local/lib/python3.6/site-packages/airflow/example_dags/example_branch_datetime_operator.py
[2021-06-13 08:16:02,157] {scheduler_job.py:633} INFO - Processing file /home/airflow/.local/lib/python3.6/site-packages/airflow/example_dags/example_branch_datetime_operator.py for tasks to queue
[2021-06-13 08:16:02,158] {logging_mixin.py:104} INFO - [2021-06-13 08:16:02,158] {dagbag.py:487} INFO - Filling up the DagBag from /home/airflow/.local/lib/python3.6/site-packages/airflow/example_dags/example_branch_datetime_operator.py
[2021-06-13 08:16:02,167] {scheduler_job.py:643} INFO - DAG(s) dict_keys(['example_branch_datetime_operator_2']) retrieved from /home/airflow/.local/lib/python3.6/site-packages/airflow/example_dags/example_branch_datetime_operator.py
[2021-06-13 08:16:02,185] {logging_mixin.py:104} INFO - [2021-06-13 08:16:02,184] {dag.py:1832} INFO - Sync 1 DAGs
[2021-06-13 08:16:02,201] {logging_mixin.py:104} INFO - [2021-06-13 08:16:02,201] {dag.py:2305} INFO - Setting next_dagrun for example_branch_datetime_operator_2 to 2021-06-11 00:00:00+00:00
[2021-06-13 08:16:02,210] {scheduler_job.py:190} INFO - Processing /home/airflow/.local/lib/python3.6/site-packages/airflow/example_dags/example_branch_datetime_operator.py took 0.057 seconds
[2021-06-13 08:16:32,811] {scheduler_job.py:182} INFO - Started process (PID=385) to work on /home/airflow/.local/lib/python3.6/site-packages/airflow/example_dags/example_branch_datetime_operator.py
[2021-06-13 08:16:32,812] {scheduler_job.py:633} INFO - Processing file /home/airflow/.local/lib/python3.6/site-packages/airflow/example_dags/example_branch_datetime_operator.py for tasks to queue
[2021-06-13 08:16:32,813] {logging_mixin.py:104} INFO - [2021-06-13 08:16:32,813] {dagbag.py:487} INFO - Filling up the DagBag from /home/airflow/.local/lib/python3.6/site-packages/airflow/example_dags/example_branch_datetime_operator.py
[2021-06-13 08:16:32,824] {scheduler_job.py:643} INFO - DAG(s) dict_keys(['example_branch_datetime_operator_2']) retrieved from /home/airflow/.local/lib/python3.6/site-packages/airflow/example_dags/example_branch_datetime_operator.py
[2021-06-13 08:16:32,854] {logging_mixin.py:104} INFO - [2021-06-13 08:16:32,854] {dag.py:1832} INFO - Sync 1 DAGs
[2021-06-13 08:16:32,880] {logging_mixin.py:104} INFO - [2021-06-13 08:16:32,879] {dag.py:2305} INFO - Setting next_dagrun for example_branch_datetime_operator_2 to 2021-06-11 00:00:00+00:00
[2021-06-13 08:16:32,898] {scheduler_job.py:190} INFO - Processing /home/airflow/.local/lib/python3.6/site-packages/airflow/example_dags/example_branch_datetime_operator.py took 0.089 seconds
[2021-06-13 08:17:03,642] {scheduler_job.py:182} INFO - Started process (PID=457) to work on /home/airflow/.local/lib/python3.6/site-packages/airflow/example_dags/example_branch_datetime_operator.py
[2021-06-13 08:17:03,644] {scheduler_job.py:633} INFO - Processing file /home/airflow/.local/lib/python3.6/site-packages/airflow/example_dags/example_branch_datetime_operator.py for tasks to queue
[2021-06-13 08:17:03,645] {logging_mixin.py:104} INFO - [2021-06-13 08:17:03,645] {dagbag.py:487} INFO - Filling up the DagBag from /home/airflow/.local/lib/python3.6/site-packages/airflow/example_dags/example_branch_datetime_operator.py
[2021-06-13 08:17:03,656] {scheduler_job.py:643} INFO - DAG(s) dict_keys(['example_branch_datetime_operator_2']) retrieved from /home/airflow/.local/lib/python3.6/site-packages/airflow/example_dags/example_branch_datetime_operator.py
[2021-06-13 08:17:03,673] {logging_mixin.py:104} INFO - [2021-06-13 08:17:03,673] {dag.py:1832} INFO - Sync 1 DAGs
[2021-06-13 08:17:03,689] {logging_mixin.py:104} INFO - [2021-06-13 08:17:03,689] {dag.py:2305} INFO - Setting next_dagrun for example_branch_datetime_operator_2 to 2021-06-11 00:00:00+00:00
[2021-06-13 08:17:03,699] {scheduler_job.py:190} INFO - Processing /home/airflow/.local/lib/python3.6/site-packages/airflow/example_dags/example_branch_datetime_operator.py took 0.058 seconds
[2021-06-13 08:17:34,679] {scheduler_job.py:182} INFO - Started process (PID=528) to work on /home/airflow/.local/lib/python3.6/site-packages/airflow/example_dags/example_branch_datetime_operator.py
[2021-06-13 08:17:34,680] {scheduler_job.py:633} INFO - Processing file /home/airflow/.local/lib/python3.6/site-packages/airflow/example_dags/example_branch_datetime_operator.py for tasks to queue
[2021-06-13 08:17:34,681] {logging_mixin.py:104} INFO - [2021-06-13 08:17:34,681] {dagbag.py:487} INFO - Filling up the DagBag from /home/airflow/.local/lib/python3.6/site-packages/airflow/example_dags/example_branch_datetime_operator.py
[2021-06-13 08:17:34,690] {scheduler_job.py:643} INFO - DAG(s) dict_keys(['example_branch_datetime_operator_2']) retrieved from /home/airflow/.local/lib/python3.6/site-packages/airflow/example_dags/example_branch_datetime_operator.py
[2021-06-13 08:17:34,709] {logging_mixin.py:104} INFO - [2021-06-13 08:17:34,709] {dag.py:1832} INFO - Sync 1 DAGs
[2021-06-13 08:17:34,726] {logging_mixin.py:104} INFO - [2021-06-13 08:17:34,726] {dag.py:2305} INFO - Setting next_dagrun for example_branch_datetime_operator_2 to 2021-06-11 00:00:00+00:00
[2021-06-13 08:17:34,737] {scheduler_job.py:190} INFO - Processing /home/airflow/.local/lib/python3.6/site-packages/airflow/example_dags/example_branch_datetime_operator.py took 0.061 seconds
[2021-06-13 08:18:05,411] {scheduler_job.py:182} INFO - Started process (PID=588) to work on /home/airflow/.local/lib/python3.6/site-packages/airflow/example_dags/example_branch_datetime_operator.py
[2021-06-13 08:18:05,412] {scheduler_job.py:633} INFO - Processing file /home/airflow/.local/lib/python3.6/site-packages/airflow/example_dags/example_branch_datetime_operator.py for tasks to queue
[2021-06-13 08:18:05,414] {logging_mixin.py:104} INFO - [2021-06-13 08:18:05,413] {dagbag.py:487} INFO - Filling up the DagBag from /home/airflow/.local/lib/python3.6/site-packages/airflow/example_dags/example_branch_datetime_operator.py
[2021-06-13 08:18:05,424] {scheduler_job.py:643} INFO - DAG(s) dict_keys(['example_branch_datetime_operator_2']) retrieved from /home/airflow/.local/lib/python3.6/site-packages/airflow/example_dags/example_branch_datetime_operator.py
[2021-06-13 08:18:05,443] {logging_mixin.py:104} INFO - [2021-06-13 08:18:05,443] {dag.py:1832} INFO - Sync 1 DAGs
[2021-06-13 08:18:05,460] {logging_mixin.py:104} INFO - [2021-06-13 08:18:05,460] {dag.py:2305} INFO - Setting next_dagrun for example_branch_datetime_operator_2 to 2021-06-11 00:00:00+00:00
[2021-06-13 08:18:05,470] {scheduler_job.py:190} INFO - Processing /home/airflow/.local/lib/python3.6/site-packages/airflow/example_dags/example_branch_datetime_operator.py took 0.061 seconds
[2021-06-13 08:18:36,099] {scheduler_job.py:182} INFO - Started process (PID=661) to work on /home/airflow/.local/lib/python3.6/site-packages/airflow/example_dags/example_branch_datetime_operator.py
[2021-06-13 08:18:36,100] {scheduler_job.py:633} INFO - Processing file /home/airflow/.local/lib/python3.6/site-packages/airflow/example_dags/example_branch_datetime_operator.py for tasks to queue
[2021-06-13 08:18:36,101] {logging_mixin.py:104} INFO - [2021-06-13 08:18:36,101] {dagbag.py:487} INFO - Filling up the DagBag from /home/airflow/.local/lib/python3.6/site-packages/airflow/example_dags/example_branch_datetime_operator.py
[2021-06-13 08:18:36,111] {scheduler_job.py:643} INFO - DAG(s) dict_keys(['example_branch_datetime_operator_2']) retrieved from /home/airflow/.local/lib/python3.6/site-packages/airflow/example_dags/example_branch_datetime_operator.py
[2021-06-13 08:18:36,128] {logging_mixin.py:104} INFO - [2021-06-13 08:18:36,128] {dag.py:1832} INFO - Sync 1 DAGs
[2021-06-13 08:18:36,142] {logging_mixin.py:104} INFO - [2021-06-13 08:18:36,142] {dag.py:2305} INFO - Setting next_dagrun for example_branch_datetime_operator_2 to 2021-06-11 00:00:00+00:00
[2021-06-13 08:18:36,151] {scheduler_job.py:190} INFO - Processing /home/airflow/.local/lib/python3.6/site-packages/airflow/example_dags/example_branch_datetime_operator.py took 0.054 seconds
[2021-06-13 08:19:06,938] {scheduler_job.py:182} INFO - Started process (PID=734) to work on /home/airflow/.local/lib/python3.6/site-packages/airflow/example_dags/example_branch_datetime_operator.py
[2021-06-13 08:19:06,939] {scheduler_job.py:633} INFO - Processing file /home/airflow/.local/lib/python3.6/site-packages/airflow/example_dags/example_branch_datetime_operator.py for tasks to queue
[2021-06-13 08:19:06,940] {logging_mixin.py:104} INFO - [2021-06-13 08:19:06,940] {dagbag.py:487} INFO - Filling up the DagBag from /home/airflow/.local/lib/python3.6/site-packages/airflow/example_dags/example_branch_datetime_operator.py
[2021-06-13 08:19:06,949] {scheduler_job.py:643} INFO - DAG(s) dict_keys(['example_branch_datetime_operator_2']) retrieved from /home/airflow/.local/lib/python3.6/site-packages/airflow/example_dags/example_branch_datetime_operator.py
[2021-06-13 08:19:06,967] {logging_mixin.py:104} INFO - [2021-06-13 08:19:06,967] {dag.py:1832} INFO - Sync 1 DAGs
[2021-06-13 08:19:06,982] {logging_mixin.py:104} INFO - [2021-06-13 08:19:06,982] {dag.py:2305} INFO - Setting next_dagrun for example_branch_datetime_operator_2 to 2021-06-11 00:00:00+00:00
[2021-06-13 08:19:06,991] {scheduler_job.py:190} INFO - Processing /home/airflow/.local/lib/python3.6/site-packages/airflow/example_dags/example_branch_datetime_operator.py took 0.055 seconds
[2021-06-13 08:19:37,604] {scheduler_job.py:182} INFO - Started process (PID=792) to work on /home/airflow/.local/lib/python3.6/site-packages/airflow/example_dags/example_branch_datetime_operator.py
[2021-06-13 08:19:37,605] {scheduler_job.py:633} INFO - Processing file /home/airflow/.local/lib/python3.6/site-packages/airflow/example_dags/example_branch_datetime_operator.py for tasks to queue
[2021-06-13 08:19:37,606] {logging_mixin.py:104} INFO - [2021-06-13 08:19:37,606] {dagbag.py:487} INFO - Filling up the DagBag from /home/airflow/.local/lib/python3.6/site-packages/airflow/example_dags/example_branch_datetime_operator.py
[2021-06-13 08:19:37,618] {scheduler_job.py:643} INFO - DAG(s) dict_keys(['example_branch_datetime_operator_2']) retrieved from /home/airflow/.local/lib/python3.6/site-packages/airflow/example_dags/example_branch_datetime_operator.py
[2021-06-13 08:19:37,635] {logging_mixin.py:104} INFO - [2021-06-13 08:19:37,635] {dag.py:1832} INFO - Sync 1 DAGs
[2021-06-13 08:19:37,651] {logging_mixin.py:104} INFO - [2021-06-13 08:19:37,651] {dag.py:2305} INFO - Setting next_dagrun for example_branch_datetime_operator_2 to 2021-06-11 00:00:00+00:00
[2021-06-13 08:19:37,660] {scheduler_job.py:190} INFO - Processing /home/airflow/.local/lib/python3.6/site-packages/airflow/example_dags/example_branch_datetime_operator.py took 0.058 seconds
[2021-06-13 08:20:08,254] {scheduler_job.py:182} INFO - Started process (PID=864) to work on /home/airflow/.local/lib/python3.6/site-packages/airflow/example_dags/example_branch_datetime_operator.py
[2021-06-13 08:20:08,255] {scheduler_job.py:633} INFO - Processing file /home/airflow/.local/lib/python3.6/site-packages/airflow/example_dags/example_branch_datetime_operator.py for tasks to queue
[2021-06-13 08:20:08,256] {logging_mixin.py:104} INFO - [2021-06-13 08:20:08,256] {dagbag.py:487} INFO - Filling up the DagBag from /home/airflow/.local/lib/python3.6/site-packages/airflow/example_dags/example_branch_datetime_operator.py
[2021-06-13 08:20:08,265] {scheduler_job.py:643} INFO - DAG(s) dict_keys(['example_branch_datetime_operator_2']) retrieved from /home/airflow/.local/lib/python3.6/site-packages/airflow/example_dags/example_branch_datetime_operator.py
[2021-06-13 08:20:08,281] {logging_mixin.py:104} INFO - [2021-06-13 08:20:08,281] {dag.py:1832} INFO - Sync 1 DAGs
[2021-06-13 08:20:08,297] {logging_mixin.py:104} INFO - [2021-06-13 08:20:08,297] {dag.py:2305} INFO - Setting next_dagrun for example_branch_datetime_operator_2 to 2021-06-11 00:00:00+00:00
[2021-06-13 08:20:08,306] {scheduler_job.py:190} INFO - Processing /home/airflow/.local/lib/python3.6/site-packages/airflow/example_dags/example_branch_datetime_operator.py took 0.054 seconds
[2021-06-13 08:20:38,969] {scheduler_job.py:182} INFO - Started process (PID=938) to work on /home/airflow/.local/lib/python3.6/site-packages/airflow/example_dags/example_branch_datetime_operator.py
[2021-06-13 08:20:38,970] {scheduler_job.py:633} INFO - Processing file /home/airflow/.local/lib/python3.6/site-packages/airflow/example_dags/example_branch_datetime_operator.py for tasks to queue
[2021-06-13 08:20:38,972] {logging_mixin.py:104} INFO - [2021-06-13 08:20:38,971] {dagbag.py:487} INFO - Filling up the DagBag from /home/airflow/.local/lib/python3.6/site-packages/airflow/example_dags/example_branch_datetime_operator.py
[2021-06-13 08:20:38,980] {scheduler_job.py:643} INFO - DAG(s) dict_keys(['example_branch_datetime_operator_2']) retrieved from /home/airflow/.local/lib/python3.6/site-packages/airflow/example_dags/example_branch_datetime_operator.py
[2021-06-13 08:20:38,997] {logging_mixin.py:104} INFO - [2021-06-13 08:20:38,997] {dag.py:1832} INFO - Sync 1 DAGs
[2021-06-13 08:20:39,011] {logging_mixin.py:104} INFO - [2021-06-13 08:20:39,011] {dag.py:2305} INFO - Setting next_dagrun for example_branch_datetime_operator_2 to 2021-06-11 00:00:00+00:00
[2021-06-13 08:20:39,020] {scheduler_job.py:190} INFO - Processing /home/airflow/.local/lib/python3.6/site-packages/airflow/example_dags/example_branch_datetime_operator.py took 0.053 seconds
[2021-06-13 08:21:09,863] {scheduler_job.py:182} INFO - Started process (PID=996) to work on /home/airflow/.local/lib/python3.6/site-packages/airflow/example_dags/example_branch_datetime_operator.py
[2021-06-13 08:21:09,865] {scheduler_job.py:633} INFO - Processing file /home/airflow/.local/lib/python3.6/site-packages/airflow/example_dags/example_branch_datetime_operator.py for tasks to queue
[2021-06-13 08:21:09,866] {logging_mixin.py:104} INFO - [2021-06-13 08:21:09,866] {dagbag.py:487} INFO - Filling up the DagBag from /home/airflow/.local/lib/python3.6/site-packages/airflow/example_dags/example_branch_datetime_operator.py
[2021-06-13 08:21:09,878] {scheduler_job.py:643} INFO - DAG(s) dict_keys(['example_branch_datetime_operator_2']) retrieved from /home/airflow/.local/lib/python3.6/site-packages/airflow/example_dags/example_branch_datetime_operator.py
[2021-06-13 08:21:09,898] {logging_mixin.py:104} INFO - [2021-06-13 08:21:09,897] {dag.py:1832} INFO - Sync 1 DAGs
[2021-06-13 08:21:09,916] {logging_mixin.py:104} INFO - [2021-06-13 08:21:09,916] {dag.py:2305} INFO - Setting next_dagrun for example_branch_datetime_operator_2 to 2021-06-11 00:00:00+00:00
[2021-06-13 08:21:09,925] {scheduler_job.py:190} INFO - Processing /home/airflow/.local/lib/python3.6/site-packages/airflow/example_dags/example_branch_datetime_operator.py took 0.064 seconds
[2021-06-13 08:21:40,085] {scheduler_job.py:182} INFO - Started process (PID=1070) to work on /home/airflow/.local/lib/python3.6/site-packages/airflow/example_dags/example_branch_datetime_operator.py
[2021-06-13 08:21:40,086] {scheduler_job.py:633} INFO - Processing file /home/airflow/.local/lib/python3.6/site-packages/airflow/example_dags/example_branch_datetime_operator.py for tasks to queue
[2021-06-13 08:21:40,087] {logging_mixin.py:104} INFO - [2021-06-13 08:21:40,087] {dagbag.py:487} INFO - Filling up the DagBag from /home/airflow/.local/lib/python3.6/site-packages/airflow/example_dags/example_branch_datetime_operator.py
[2021-06-13 08:21:40,097] {scheduler_job.py:643} INFO - DAG(s) dict_keys(['example_branch_datetime_operator_2']) retrieved from /home/airflow/.local/lib/python3.6/site-packages/airflow/example_dags/example_branch_datetime_operator.py
[2021-06-13 08:21:40,115] {logging_mixin.py:104} INFO - [2021-06-13 08:21:40,115] {dag.py:1832} INFO - Sync 1 DAGs
[2021-06-13 08:21:40,135] {logging_mixin.py:104} INFO - [2021-06-13 08:21:40,135] {dag.py:2305} INFO - Setting next_dagrun for example_branch_datetime_operator_2 to 2021-06-11 00:00:00+00:00
[2021-06-13 08:21:40,144] {scheduler_job.py:190} INFO - Processing /home/airflow/.local/lib/python3.6/site-packages/airflow/example_dags/example_branch_datetime_operator.py took 0.062 seconds
[2021-06-13 08:22:11,197] {scheduler_job.py:182} INFO - Started process (PID=1140) to work on /home/airflow/.local/lib/python3.6/site-packages/airflow/example_dags/example_branch_datetime_operator.py
[2021-06-13 08:22:11,199] {scheduler_job.py:633} INFO - Processing file /home/airflow/.local/lib/python3.6/site-packages/airflow/example_dags/example_branch_datetime_operator.py for tasks to queue
[2021-06-13 08:22:11,199] {logging_mixin.py:104} INFO - [2021-06-13 08:22:11,199] {dagbag.py:487} INFO - Filling up the DagBag from /home/airflow/.local/lib/python3.6/site-packages/airflow/example_dags/example_branch_datetime_operator.py
[2021-06-13 08:22:11,211] {scheduler_job.py:643} INFO - DAG(s) dict_keys(['example_branch_datetime_operator_2']) retrieved from /home/airflow/.local/lib/python3.6/site-packages/airflow/example_dags/example_branch_datetime_operator.py
[2021-06-13 08:22:11,230] {logging_mixin.py:104} INFO - [2021-06-13 08:22:11,230] {dag.py:1832} INFO - Sync 1 DAGs
[2021-06-13 08:22:11,246] {logging_mixin.py:104} INFO - [2021-06-13 08:22:11,246] {dag.py:2305} INFO - Setting next_dagrun for example_branch_datetime_operator_2 to 2021-06-11 00:00:00+00:00
[2021-06-13 08:22:11,256] {scheduler_job.py:190} INFO - Processing /home/airflow/.local/lib/python3.6/site-packages/airflow/example_dags/example_branch_datetime_operator.py took 0.062 seconds
[2021-06-13 08:22:42,197] {scheduler_job.py:182} INFO - Started process (PID=1201) to work on /home/airflow/.local/lib/python3.6/site-packages/airflow/example_dags/example_branch_datetime_operator.py
[2021-06-13 08:22:42,199] {scheduler_job.py:633} INFO - Processing file /home/airflow/.local/lib/python3.6/site-packages/airflow/example_dags/example_branch_datetime_operator.py for tasks to queue
[2021-06-13 08:22:42,200] {logging_mixin.py:104} INFO - [2021-06-13 08:22:42,200] {dagbag.py:487} INFO - Filling up the DagBag from /home/airflow/.local/lib/python3.6/site-packages/airflow/example_dags/example_branch_datetime_operator.py
[2021-06-13 08:22:42,215] {scheduler_job.py:643} INFO - DAG(s) dict_keys(['example_branch_datetime_operator_2']) retrieved from /home/airflow/.local/lib/python3.6/site-packages/airflow/example_dags/example_branch_datetime_operator.py
[2021-06-13 08:22:42,245] {logging_mixin.py:104} INFO - [2021-06-13 08:22:42,245] {dag.py:1832} INFO - Sync 1 DAGs
[2021-06-13 08:22:42,261] {logging_mixin.py:104} INFO - [2021-06-13 08:22:42,260] {dag.py:2305} INFO - Setting next_dagrun for example_branch_datetime_operator_2 to 2021-06-11 00:00:00+00:00
[2021-06-13 08:22:42,285] {scheduler_job.py:190} INFO - Processing /home/airflow/.local/lib/python3.6/site-packages/airflow/example_dags/example_branch_datetime_operator.py took 0.091 seconds
[2021-06-13 08:23:12,893] {scheduler_job.py:182} INFO - Started process (PID=1273) to work on /home/airflow/.local/lib/python3.6/site-packages/airflow/example_dags/example_branch_datetime_operator.py
[2021-06-13 08:23:12,894] {scheduler_job.py:633} INFO - Processing file /home/airflow/.local/lib/python3.6/site-packages/airflow/example_dags/example_branch_datetime_operator.py for tasks to queue
[2021-06-13 08:23:12,896] {logging_mixin.py:104} INFO - [2021-06-13 08:23:12,895] {dagbag.py:487} INFO - Filling up the DagBag from /home/airflow/.local/lib/python3.6/site-packages/airflow/example_dags/example_branch_datetime_operator.py
[2021-06-13 08:23:12,905] {scheduler_job.py:643} INFO - DAG(s) dict_keys(['example_branch_datetime_operator_2']) retrieved from /home/airflow/.local/lib/python3.6/site-packages/airflow/example_dags/example_branch_datetime_operator.py
[2021-06-13 08:23:12,922] {logging_mixin.py:104} INFO - [2021-06-13 08:23:12,922] {dag.py:1832} INFO - Sync 1 DAGs
[2021-06-13 08:23:12,938] {logging_mixin.py:104} INFO - [2021-06-13 08:23:12,937] {dag.py:2305} INFO - Setting next_dagrun for example_branch_datetime_operator_2 to 2021-06-11 00:00:00+00:00
[2021-06-13 08:23:12,947] {scheduler_job.py:190} INFO - Processing /home/airflow/.local/lib/python3.6/site-packages/airflow/example_dags/example_branch_datetime_operator.py took 0.057 seconds
[2021-06-13 08:23:43,606] {scheduler_job.py:182} INFO - Started process (PID=1337) to work on /home/airflow/.local/lib/python3.6/site-packages/airflow/example_dags/example_branch_datetime_operator.py
[2021-06-13 08:23:43,607] {scheduler_job.py:633} INFO - Processing file /home/airflow/.local/lib/python3.6/site-packages/airflow/example_dags/example_branch_datetime_operator.py for tasks to queue
[2021-06-13 08:23:43,608] {logging_mixin.py:104} INFO - [2021-06-13 08:23:43,608] {dagbag.py:487} INFO - Filling up the DagBag from /home/airflow/.local/lib/python3.6/site-packages/airflow/example_dags/example_branch_datetime_operator.py
[2021-06-13 08:23:43,622] {scheduler_job.py:643} INFO - DAG(s) dict_keys(['example_branch_datetime_operator_2']) retrieved from /home/airflow/.local/lib/python3.6/site-packages/airflow/example_dags/example_branch_datetime_operator.py
[2021-06-13 08:23:43,962] {logging_mixin.py:104} INFO - [2021-06-13 08:23:43,961] {dag.py:1832} INFO - Sync 1 DAGs
[2021-06-13 08:23:43,972] {logging_mixin.py:104} INFO - [2021-06-13 08:23:43,972] {dag.py:1851} INFO - Creating ORM DAG for example_branch_datetime_operator_2
[2021-06-13 08:23:43,999] {logging_mixin.py:104} INFO - [2021-06-13 08:23:43,999] {dag.py:2305} INFO - Setting next_dagrun for example_branch_datetime_operator_2 to 2021-06-11 00:00:00+00:00
[2021-06-13 08:23:44,041] {scheduler_job.py:190} INFO - Processing /home/airflow/.local/lib/python3.6/site-packages/airflow/example_dags/example_branch_datetime_operator.py took 0.437 seconds
[2021-06-13 08:24:27,871] {scheduler_job.py:182} INFO - Started process (PID=44) to work on /home/airflow/.local/lib/python3.6/site-packages/airflow/example_dags/example_branch_datetime_operator.py
[2021-06-13 08:24:27,873] {scheduler_job.py:633} INFO - Processing file /home/airflow/.local/lib/python3.6/site-packages/airflow/example_dags/example_branch_datetime_operator.py for tasks to queue
[2021-06-13 08:24:27,874] {logging_mixin.py:104} INFO - [2021-06-13 08:24:27,874] {dagbag.py:487} INFO - Filling up the DagBag from /home/airflow/.local/lib/python3.6/site-packages/airflow/example_dags/example_branch_datetime_operator.py
[2021-06-13 08:24:27,888] {scheduler_job.py:643} INFO - DAG(s) dict_keys(['example_branch_datetime_operator_2']) retrieved from /home/airflow/.local/lib/python3.6/site-packages/airflow/example_dags/example_branch_datetime_operator.py
[2021-06-13 08:24:27,920] {logging_mixin.py:104} INFO - [2021-06-13 08:24:27,919] {dag.py:1832} INFO - Sync 1 DAGs
[2021-06-13 08:24:27,949] {logging_mixin.py:104} INFO - [2021-06-13 08:24:27,949] {dag.py:2305} INFO - Setting next_dagrun for example_branch_datetime_operator_2 to 2021-06-11 00:00:00+00:00
[2021-06-13 08:24:27,960] {scheduler_job.py:190} INFO - Processing /home/airflow/.local/lib/python3.6/site-packages/airflow/example_dags/example_branch_datetime_operator.py took 0.091 seconds
[2021-06-13 08:24:58,320] {scheduler_job.py:182} INFO - Started process (PID=117) to work on /home/airflow/.local/lib/python3.6/site-packages/airflow/example_dags/example_branch_datetime_operator.py
[2021-06-13 08:24:58,323] {scheduler_job.py:633} INFO - Processing file /home/airflow/.local/lib/python3.6/site-packages/airflow/example_dags/example_branch_datetime_operator.py for tasks to queue
[2021-06-13 08:24:58,324] {logging_mixin.py:104} INFO - [2021-06-13 08:24:58,324] {dagbag.py:487} INFO - Filling up the DagBag from /home/airflow/.local/lib/python3.6/site-packages/airflow/example_dags/example_branch_datetime_operator.py
[2021-06-13 08:24:58,333] {scheduler_job.py:643} INFO - DAG(s) dict_keys(['example_branch_datetime_operator_2']) retrieved from /home/airflow/.local/lib/python3.6/site-packages/airflow/example_dags/example_branch_datetime_operator.py
[2021-06-13 08:24:58,352] {logging_mixin.py:104} INFO - [2021-06-13 08:24:58,352] {dag.py:1832} INFO - Sync 1 DAGs
[2021-06-13 08:24:58,367] {logging_mixin.py:104} INFO - [2021-06-13 08:24:58,367] {dag.py:2305} INFO - Setting next_dagrun for example_branch_datetime_operator_2 to 2021-06-11 00:00:00+00:00
[2021-06-13 08:24:58,378] {scheduler_job.py:190} INFO - Processing /home/airflow/.local/lib/python3.6/site-packages/airflow/example_dags/example_branch_datetime_operator.py took 0.060 seconds
[2021-06-13 08:25:29,033] {scheduler_job.py:182} INFO - Started process (PID=176) to work on /home/airflow/.local/lib/python3.6/site-packages/airflow/example_dags/example_branch_datetime_operator.py
[2021-06-13 08:25:29,034] {scheduler_job.py:633} INFO - Processing file /home/airflow/.local/lib/python3.6/site-packages/airflow/example_dags/example_branch_datetime_operator.py for tasks to queue
[2021-06-13 08:25:29,035] {logging_mixin.py:104} INFO - [2021-06-13 08:25:29,035] {dagbag.py:487} INFO - Filling up the DagBag from /home/airflow/.local/lib/python3.6/site-packages/airflow/example_dags/example_branch_datetime_operator.py
[2021-06-13 08:25:29,045] {scheduler_job.py:643} INFO - DAG(s) dict_keys(['example_branch_datetime_operator_2']) retrieved from /home/airflow/.local/lib/python3.6/site-packages/airflow/example_dags/example_branch_datetime_operator.py
[2021-06-13 08:25:29,063] {logging_mixin.py:104} INFO - [2021-06-13 08:25:29,063] {dag.py:1832} INFO - Sync 1 DAGs
[2021-06-13 08:25:29,084] {logging_mixin.py:104} INFO - [2021-06-13 08:25:29,084] {dag.py:2305} INFO - Setting next_dagrun for example_branch_datetime_operator_2 to 2021-06-11 00:00:00+00:00
[2021-06-13 08:25:29,096] {scheduler_job.py:190} INFO - Processing /home/airflow/.local/lib/python3.6/site-packages/airflow/example_dags/example_branch_datetime_operator.py took 0.067 seconds
[2021-06-13 08:25:59,788] {scheduler_job.py:182} INFO - Started process (PID=247) to work on /home/airflow/.local/lib/python3.6/site-packages/airflow/example_dags/example_branch_datetime_operator.py
[2021-06-13 08:25:59,790] {scheduler_job.py:633} INFO - Processing file /home/airflow/.local/lib/python3.6/site-packages/airflow/example_dags/example_branch_datetime_operator.py for tasks to queue
[2021-06-13 08:25:59,792] {logging_mixin.py:104} INFO - [2021-06-13 08:25:59,791] {dagbag.py:487} INFO - Filling up the DagBag from /home/airflow/.local/lib/python3.6/site-packages/airflow/example_dags/example_branch_datetime_operator.py
[2021-06-13 08:25:59,800] {scheduler_job.py:643} INFO - DAG(s) dict_keys(['example_branch_datetime_operator_2']) retrieved from /home/airflow/.local/lib/python3.6/site-packages/airflow/example_dags/example_branch_datetime_operator.py
[2021-06-13 08:25:59,817] {logging_mixin.py:104} INFO - [2021-06-13 08:25:59,817] {dag.py:1832} INFO - Sync 1 DAGs
[2021-06-13 08:25:59,831] {logging_mixin.py:104} INFO - [2021-06-13 08:25:59,831] {dag.py:2305} INFO - Setting next_dagrun for example_branch_datetime_operator_2 to 2021-06-11 00:00:00+00:00
[2021-06-13 08:25:59,840] {scheduler_job.py:190} INFO - Processing /home/airflow/.local/lib/python3.6/site-packages/airflow/example_dags/example_branch_datetime_operator.py took 0.053 seconds
[2021-06-13 08:26:30,492] {scheduler_job.py:182} INFO - Started process (PID=320) to work on /home/airflow/.local/lib/python3.6/site-packages/airflow/example_dags/example_branch_datetime_operator.py
[2021-06-13 08:26:30,493] {scheduler_job.py:633} INFO - Processing file /home/airflow/.local/lib/python3.6/site-packages/airflow/example_dags/example_branch_datetime_operator.py for tasks to queue
[2021-06-13 08:26:30,494] {logging_mixin.py:104} INFO - [2021-06-13 08:26:30,494] {dagbag.py:487} INFO - Filling up the DagBag from /home/airflow/.local/lib/python3.6/site-packages/airflow/example_dags/example_branch_datetime_operator.py
[2021-06-13 08:26:30,504] {scheduler_job.py:643} INFO - DAG(s) dict_keys(['example_branch_datetime_operator_2']) retrieved from /home/airflow/.local/lib/python3.6/site-packages/airflow/example_dags/example_branch_datetime_operator.py
[2021-06-13 08:26:30,522] {logging_mixin.py:104} INFO - [2021-06-13 08:26:30,522] {dag.py:1832} INFO - Sync 1 DAGs
[2021-06-13 08:26:30,537] {logging_mixin.py:104} INFO - [2021-06-13 08:26:30,537] {dag.py:2305} INFO - Setting next_dagrun for example_branch_datetime_operator_2 to 2021-06-11 00:00:00+00:00
[2021-06-13 08:26:30,547] {scheduler_job.py:190} INFO - Processing /home/airflow/.local/lib/python3.6/site-packages/airflow/example_dags/example_branch_datetime_operator.py took 0.057 seconds
[2021-06-13 08:27:01,273] {scheduler_job.py:182} INFO - Started process (PID=377) to work on /home/airflow/.local/lib/python3.6/site-packages/airflow/example_dags/example_branch_datetime_operator.py
[2021-06-13 08:27:01,274] {scheduler_job.py:633} INFO - Processing file /home/airflow/.local/lib/python3.6/site-packages/airflow/example_dags/example_branch_datetime_operator.py for tasks to queue
[2021-06-13 08:27:01,275] {logging_mixin.py:104} INFO - [2021-06-13 08:27:01,275] {dagbag.py:487} INFO - Filling up the DagBag from /home/airflow/.local/lib/python3.6/site-packages/airflow/example_dags/example_branch_datetime_operator.py
[2021-06-13 08:27:01,289] {scheduler_job.py:643} INFO - DAG(s) dict_keys(['example_branch_datetime_operator_2']) retrieved from /home/airflow/.local/lib/python3.6/site-packages/airflow/example_dags/example_branch_datetime_operator.py
[2021-06-13 08:27:01,307] {logging_mixin.py:104} INFO - [2021-06-13 08:27:01,307] {dag.py:1832} INFO - Sync 1 DAGs
[2021-06-13 08:27:01,321] {logging_mixin.py:104} INFO - [2021-06-13 08:27:01,321] {dag.py:2305} INFO - Setting next_dagrun for example_branch_datetime_operator_2 to 2021-06-11 00:00:00+00:00
[2021-06-13 08:27:01,330] {scheduler_job.py:190} INFO - Processing /home/airflow/.local/lib/python3.6/site-packages/airflow/example_dags/example_branch_datetime_operator.py took 0.060 seconds
[2021-06-13 08:27:32,162] {scheduler_job.py:182} INFO - Started process (PID=450) to work on /home/airflow/.local/lib/python3.6/site-packages/airflow/example_dags/example_branch_datetime_operator.py
[2021-06-13 08:27:32,163] {scheduler_job.py:633} INFO - Processing file /home/airflow/.local/lib/python3.6/site-packages/airflow/example_dags/example_branch_datetime_operator.py for tasks to queue
[2021-06-13 08:27:32,164] {logging_mixin.py:104} INFO - [2021-06-13 08:27:32,164] {dagbag.py:487} INFO - Filling up the DagBag from /home/airflow/.local/lib/python3.6/site-packages/airflow/example_dags/example_branch_datetime_operator.py
[2021-06-13 08:27:32,172] {scheduler_job.py:643} INFO - DAG(s) dict_keys(['example_branch_datetime_operator_2']) retrieved from /home/airflow/.local/lib/python3.6/site-packages/airflow/example_dags/example_branch_datetime_operator.py
[2021-06-13 08:27:32,189] {logging_mixin.py:104} INFO - [2021-06-13 08:27:32,189] {dag.py:1832} INFO - Sync 1 DAGs
[2021-06-13 08:27:32,206] {logging_mixin.py:104} INFO - [2021-06-13 08:27:32,206] {dag.py:2305} INFO - Setting next_dagrun for example_branch_datetime_operator_2 to 2021-06-11 00:00:00+00:00
[2021-06-13 08:27:32,215] {scheduler_job.py:190} INFO - Processing /home/airflow/.local/lib/python3.6/site-packages/airflow/example_dags/example_branch_datetime_operator.py took 0.056 seconds
[2021-06-13 08:28:02,949] {scheduler_job.py:182} INFO - Started process (PID=523) to work on /home/airflow/.local/lib/python3.6/site-packages/airflow/example_dags/example_branch_datetime_operator.py
[2021-06-13 08:28:02,950] {scheduler_job.py:633} INFO - Processing file /home/airflow/.local/lib/python3.6/site-packages/airflow/example_dags/example_branch_datetime_operator.py for tasks to queue
[2021-06-13 08:28:02,951] {logging_mixin.py:104} INFO - [2021-06-13 08:28:02,951] {dagbag.py:487} INFO - Filling up the DagBag from /home/airflow/.local/lib/python3.6/site-packages/airflow/example_dags/example_branch_datetime_operator.py
[2021-06-13 08:28:02,965] {scheduler_job.py:643} INFO - DAG(s) dict_keys(['example_branch_datetime_operator_2']) retrieved from /home/airflow/.local/lib/python3.6/site-packages/airflow/example_dags/example_branch_datetime_operator.py
[2021-06-13 08:28:02,984] {logging_mixin.py:104} INFO - [2021-06-13 08:28:02,984] {dag.py:1832} INFO - Sync 1 DAGs
[2021-06-13 08:28:03,000] {logging_mixin.py:104} INFO - [2021-06-13 08:28:03,000] {dag.py:2305} INFO - Setting next_dagrun for example_branch_datetime_operator_2 to 2021-06-11 00:00:00+00:00
[2021-06-13 08:28:03,009] {scheduler_job.py:190} INFO - Processing /home/airflow/.local/lib/python3.6/site-packages/airflow/example_dags/example_branch_datetime_operator.py took 0.063 seconds
[2021-06-13 08:28:33,811] {scheduler_job.py:182} INFO - Started process (PID=581) to work on /home/airflow/.local/lib/python3.6/site-packages/airflow/example_dags/example_branch_datetime_operator.py
[2021-06-13 08:28:33,813] {scheduler_job.py:633} INFO - Processing file /home/airflow/.local/lib/python3.6/site-packages/airflow/example_dags/example_branch_datetime_operator.py for tasks to queue
[2021-06-13 08:28:33,814] {logging_mixin.py:104} INFO - [2021-06-13 08:28:33,814] {dagbag.py:487} INFO - Filling up the DagBag from /home/airflow/.local/lib/python3.6/site-packages/airflow/example_dags/example_branch_datetime_operator.py
[2021-06-13 08:28:33,828] {scheduler_job.py:643} INFO - DAG(s) dict_keys(['example_branch_datetime_operator_2']) retrieved from /home/airflow/.local/lib/python3.6/site-packages/airflow/example_dags/example_branch_datetime_operator.py
[2021-06-13 08:28:33,849] {logging_mixin.py:104} INFO - [2021-06-13 08:28:33,849] {dag.py:1832} INFO - Sync 1 DAGs
[2021-06-13 08:28:33,870] {logging_mixin.py:104} INFO - [2021-06-13 08:28:33,870] {dag.py:2305} INFO - Setting next_dagrun for example_branch_datetime_operator_2 to 2021-06-11 00:00:00+00:00
[2021-06-13 08:28:33,883] {scheduler_job.py:190} INFO - Processing /home/airflow/.local/lib/python3.6/site-packages/airflow/example_dags/example_branch_datetime_operator.py took 0.075 seconds
[2021-06-13 08:29:04,630] {scheduler_job.py:182} INFO - Started process (PID=654) to work on /home/airflow/.local/lib/python3.6/site-packages/airflow/example_dags/example_branch_datetime_operator.py
[2021-06-13 08:29:04,632] {scheduler_job.py:633} INFO - Processing file /home/airflow/.local/lib/python3.6/site-packages/airflow/example_dags/example_branch_datetime_operator.py for tasks to queue
[2021-06-13 08:29:04,633] {logging_mixin.py:104} INFO - [2021-06-13 08:29:04,632] {dagbag.py:487} INFO - Filling up the DagBag from /home/airflow/.local/lib/python3.6/site-packages/airflow/example_dags/example_branch_datetime_operator.py
[2021-06-13 08:29:04,644] {scheduler_job.py:643} INFO - DAG(s) dict_keys(['example_branch_datetime_operator_2']) retrieved from /home/airflow/.local/lib/python3.6/site-packages/airflow/example_dags/example_branch_datetime_operator.py
[2021-06-13 08:29:04,660] {logging_mixin.py:104} INFO - [2021-06-13 08:29:04,660] {dag.py:1832} INFO - Sync 1 DAGs
[2021-06-13 08:29:04,675] {logging_mixin.py:104} INFO - [2021-06-13 08:29:04,675] {dag.py:2305} INFO - Setting next_dagrun for example_branch_datetime_operator_2 to 2021-06-11 00:00:00+00:00
[2021-06-13 08:29:04,685] {scheduler_job.py:190} INFO - Processing /home/airflow/.local/lib/python3.6/site-packages/airflow/example_dags/example_branch_datetime_operator.py took 0.057 seconds
[2021-06-13 08:29:35,515] {scheduler_job.py:182} INFO - Started process (PID=735) to work on /home/airflow/.local/lib/python3.6/site-packages/airflow/example_dags/example_branch_datetime_operator.py
[2021-06-13 08:29:35,516] {scheduler_job.py:633} INFO - Processing file /home/airflow/.local/lib/python3.6/site-packages/airflow/example_dags/example_branch_datetime_operator.py for tasks to queue
[2021-06-13 08:29:35,517] {logging_mixin.py:104} INFO - [2021-06-13 08:29:35,517] {dagbag.py:487} INFO - Filling up the DagBag from /home/airflow/.local/lib/python3.6/site-packages/airflow/example_dags/example_branch_datetime_operator.py
[2021-06-13 08:29:35,530] {scheduler_job.py:643} INFO - DAG(s) dict_keys(['example_branch_datetime_operator_2']) retrieved from /home/airflow/.local/lib/python3.6/site-packages/airflow/example_dags/example_branch_datetime_operator.py
[2021-06-13 08:29:35,546] {logging_mixin.py:104} INFO - [2021-06-13 08:29:35,546] {dag.py:1832} INFO - Sync 1 DAGs
[2021-06-13 08:29:35,561] {logging_mixin.py:104} INFO - [2021-06-13 08:29:35,561] {dag.py:2305} INFO - Setting next_dagrun for example_branch_datetime_operator_2 to 2021-06-11 00:00:00+00:00
[2021-06-13 08:29:35,572] {scheduler_job.py:190} INFO - Processing /home/airflow/.local/lib/python3.6/site-packages/airflow/example_dags/example_branch_datetime_operator.py took 0.060 seconds
[2021-06-13 08:30:06,216] {scheduler_job.py:182} INFO - Started process (PID=798) to work on /home/airflow/.local/lib/python3.6/site-packages/airflow/example_dags/example_branch_datetime_operator.py
[2021-06-13 08:30:06,218] {scheduler_job.py:633} INFO - Processing file /home/airflow/.local/lib/python3.6/site-packages/airflow/example_dags/example_branch_datetime_operator.py for tasks to queue
[2021-06-13 08:30:06,219] {logging_mixin.py:104} INFO - [2021-06-13 08:30:06,219] {dagbag.py:487} INFO - Filling up the DagBag from /home/airflow/.local/lib/python3.6/site-packages/airflow/example_dags/example_branch_datetime_operator.py
[2021-06-13 08:30:06,230] {scheduler_job.py:643} INFO - DAG(s) dict_keys(['example_branch_datetime_operator_2']) retrieved from /home/airflow/.local/lib/python3.6/site-packages/airflow/example_dags/example_branch_datetime_operator.py
[2021-06-13 08:30:06,249] {logging_mixin.py:104} INFO - [2021-06-13 08:30:06,249] {dag.py:1832} INFO - Sync 1 DAGs
[2021-06-13 08:30:06,264] {logging_mixin.py:104} INFO - [2021-06-13 08:30:06,264] {dag.py:2305} INFO - Setting next_dagrun for example_branch_datetime_operator_2 to 2021-06-11 00:00:00+00:00
[2021-06-13 08:30:06,276] {scheduler_job.py:190} INFO - Processing /home/airflow/.local/lib/python3.6/site-packages/airflow/example_dags/example_branch_datetime_operator.py took 0.061 seconds
[2021-06-13 08:30:36,997] {scheduler_job.py:182} INFO - Started process (PID=870) to work on /home/airflow/.local/lib/python3.6/site-packages/airflow/example_dags/example_branch_datetime_operator.py
[2021-06-13 08:30:36,998] {scheduler_job.py:633} INFO - Processing file /home/airflow/.local/lib/python3.6/site-packages/airflow/example_dags/example_branch_datetime_operator.py for tasks to queue
[2021-06-13 08:30:36,999] {logging_mixin.py:104} INFO - [2021-06-13 08:30:36,999] {dagbag.py:487} INFO - Filling up the DagBag from /home/airflow/.local/lib/python3.6/site-packages/airflow/example_dags/example_branch_datetime_operator.py
[2021-06-13 08:30:37,008] {scheduler_job.py:643} INFO - DAG(s) dict_keys(['example_branch_datetime_operator_2']) retrieved from /home/airflow/.local/lib/python3.6/site-packages/airflow/example_dags/example_branch_datetime_operator.py
[2021-06-13 08:30:37,026] {logging_mixin.py:104} INFO - [2021-06-13 08:30:37,025] {dag.py:1832} INFO - Sync 1 DAGs
[2021-06-13 08:30:37,041] {logging_mixin.py:104} INFO - [2021-06-13 08:30:37,041] {dag.py:2305} INFO - Setting next_dagrun for example_branch_datetime_operator_2 to 2021-06-11 00:00:00+00:00
[2021-06-13 08:30:37,051] {scheduler_job.py:190} INFO - Processing /home/airflow/.local/lib/python3.6/site-packages/airflow/example_dags/example_branch_datetime_operator.py took 0.057 seconds
[2021-06-13 08:31:07,720] {scheduler_job.py:182} INFO - Started process (PID=942) to work on /home/airflow/.local/lib/python3.6/site-packages/airflow/example_dags/example_branch_datetime_operator.py
[2021-06-13 08:31:07,722] {scheduler_job.py:633} INFO - Processing file /home/airflow/.local/lib/python3.6/site-packages/airflow/example_dags/example_branch_datetime_operator.py for tasks to queue
[2021-06-13 08:31:07,723] {logging_mixin.py:104} INFO - [2021-06-13 08:31:07,723] {dagbag.py:487} INFO - Filling up the DagBag from /home/airflow/.local/lib/python3.6/site-packages/airflow/example_dags/example_branch_datetime_operator.py
[2021-06-13 08:31:07,732] {scheduler_job.py:643} INFO - DAG(s) dict_keys(['example_branch_datetime_operator_2']) retrieved from /home/airflow/.local/lib/python3.6/site-packages/airflow/example_dags/example_branch_datetime_operator.py
[2021-06-13 08:31:07,750] {logging_mixin.py:104} INFO - [2021-06-13 08:31:07,750] {dag.py:1832} INFO - Sync 1 DAGs
[2021-06-13 08:31:07,765] {logging_mixin.py:104} INFO - [2021-06-13 08:31:07,765] {dag.py:2305} INFO - Setting next_dagrun for example_branch_datetime_operator_2 to 2021-06-11 00:00:00+00:00
[2021-06-13 08:31:07,774] {scheduler_job.py:190} INFO - Processing /home/airflow/.local/lib/python3.6/site-packages/airflow/example_dags/example_branch_datetime_operator.py took 0.057 seconds
[2021-06-13 08:31:38,450] {scheduler_job.py:182} INFO - Started process (PID=1000) to work on /home/airflow/.local/lib/python3.6/site-packages/airflow/example_dags/example_branch_datetime_operator.py
[2021-06-13 08:31:38,451] {scheduler_job.py:633} INFO - Processing file /home/airflow/.local/lib/python3.6/site-packages/airflow/example_dags/example_branch_datetime_operator.py for tasks to queue
[2021-06-13 08:31:38,452] {logging_mixin.py:104} INFO - [2021-06-13 08:31:38,452] {dagbag.py:487} INFO - Filling up the DagBag from /home/airflow/.local/lib/python3.6/site-packages/airflow/example_dags/example_branch_datetime_operator.py
[2021-06-13 08:31:38,461] {scheduler_job.py:643} INFO - DAG(s) dict_keys(['example_branch_datetime_operator_2']) retrieved from /home/airflow/.local/lib/python3.6/site-packages/airflow/example_dags/example_branch_datetime_operator.py
[2021-06-13 08:31:38,479] {logging_mixin.py:104} INFO - [2021-06-13 08:31:38,479] {dag.py:1832} INFO - Sync 1 DAGs
[2021-06-13 08:31:38,494] {logging_mixin.py:104} INFO - [2021-06-13 08:31:38,494] {dag.py:2305} INFO - Setting next_dagrun for example_branch_datetime_operator_2 to 2021-06-11 00:00:00+00:00
[2021-06-13 08:31:38,503] {scheduler_job.py:190} INFO - Processing /home/airflow/.local/lib/python3.6/site-packages/airflow/example_dags/example_branch_datetime_operator.py took 0.055 seconds
[2021-06-13 08:32:09,074] {scheduler_job.py:182} INFO - Started process (PID=1072) to work on /home/airflow/.local/lib/python3.6/site-packages/airflow/example_dags/example_branch_datetime_operator.py
[2021-06-13 08:32:09,075] {scheduler_job.py:633} INFO - Processing file /home/airflow/.local/lib/python3.6/site-packages/airflow/example_dags/example_branch_datetime_operator.py for tasks to queue
[2021-06-13 08:32:09,076] {logging_mixin.py:104} INFO - [2021-06-13 08:32:09,076] {dagbag.py:487} INFO - Filling up the DagBag from /home/airflow/.local/lib/python3.6/site-packages/airflow/example_dags/example_branch_datetime_operator.py
[2021-06-13 08:32:09,086] {scheduler_job.py:643} INFO - DAG(s) dict_keys(['example_branch_datetime_operator_2']) retrieved from /home/airflow/.local/lib/python3.6/site-packages/airflow/example_dags/example_branch_datetime_operator.py
[2021-06-13 08:32:09,106] {logging_mixin.py:104} INFO - [2021-06-13 08:32:09,105] {dag.py:1832} INFO - Sync 1 DAGs
[2021-06-13 08:32:09,121] {logging_mixin.py:104} INFO - [2021-06-13 08:32:09,121] {dag.py:2305} INFO - Setting next_dagrun for example_branch_datetime_operator_2 to 2021-06-11 00:00:00+00:00
[2021-06-13 08:32:09,132] {scheduler_job.py:190} INFO - Processing /home/airflow/.local/lib/python3.6/site-packages/airflow/example_dags/example_branch_datetime_operator.py took 0.061 seconds
