[2021-06-13 08:07:33,883] {scheduler_job.py:182} INFO - Started process (PID=47) to work on /home/airflow/.local/lib/python3.6/site-packages/airflow/example_dags/example_task_group_decorator.py
[2021-06-13 08:07:33,886] {scheduler_job.py:633} INFO - Processing file /home/airflow/.local/lib/python3.6/site-packages/airflow/example_dags/example_task_group_decorator.py for tasks to queue
[2021-06-13 08:07:33,887] {logging_mixin.py:104} INFO - [2021-06-13 08:07:33,887] {dagbag.py:487} INFO - Filling up the DagBag from /home/airflow/.local/lib/python3.6/site-packages/airflow/example_dags/example_task_group_decorator.py
[2021-06-13 08:07:33,913] {scheduler_job.py:643} INFO - DAG(s) dict_keys(['example_task_group_decorator']) retrieved from /home/airflow/.local/lib/python3.6/site-packages/airflow/example_dags/example_task_group_decorator.py
[2021-06-13 08:07:36,682] {logging_mixin.py:104} INFO - [2021-06-13 08:07:36,681] {dag.py:1832} INFO - Sync 1 DAGs
[2021-06-13 08:07:36,701] {logging_mixin.py:104} INFO - [2021-06-13 08:07:36,700] {dag.py:1851} INFO - Creating ORM DAG for example_task_group_decorator
[2021-06-13 08:07:36,713] {logging_mixin.py:104} INFO - [2021-06-13 08:07:36,713] {dag.py:2305} INFO - Setting next_dagrun for example_task_group_decorator to 2021-06-11 00:00:00+00:00
[2021-06-13 08:07:36,731] {scheduler_job.py:190} INFO - Processing /home/airflow/.local/lib/python3.6/site-packages/airflow/example_dags/example_task_group_decorator.py took 2.851 seconds
[2021-06-13 08:08:07,607] {scheduler_job.py:182} INFO - Started process (PID=137) to work on /home/airflow/.local/lib/python3.6/site-packages/airflow/example_dags/example_task_group_decorator.py
[2021-06-13 08:08:07,608] {scheduler_job.py:633} INFO - Processing file /home/airflow/.local/lib/python3.6/site-packages/airflow/example_dags/example_task_group_decorator.py for tasks to queue
[2021-06-13 08:08:07,609] {logging_mixin.py:104} INFO - [2021-06-13 08:08:07,609] {dagbag.py:487} INFO - Filling up the DagBag from /home/airflow/.local/lib/python3.6/site-packages/airflow/example_dags/example_task_group_decorator.py
[2021-06-13 08:08:07,627] {scheduler_job.py:643} INFO - DAG(s) dict_keys(['example_task_group_decorator']) retrieved from /home/airflow/.local/lib/python3.6/site-packages/airflow/example_dags/example_task_group_decorator.py
[2021-06-13 08:08:07,796] {logging_mixin.py:104} INFO - [2021-06-13 08:08:07,796] {dag.py:1832} INFO - Sync 1 DAGs
[2021-06-13 08:08:07,808] {logging_mixin.py:104} INFO - [2021-06-13 08:08:07,808] {dag.py:2305} INFO - Setting next_dagrun for example_task_group_decorator to 2021-06-11 00:00:00+00:00
[2021-06-13 08:08:07,819] {scheduler_job.py:190} INFO - Processing /home/airflow/.local/lib/python3.6/site-packages/airflow/example_dags/example_task_group_decorator.py took 0.214 seconds
[2021-06-13 08:08:38,069] {scheduler_job.py:182} INFO - Started process (PID=246) to work on /home/airflow/.local/lib/python3.6/site-packages/airflow/example_dags/example_task_group_decorator.py
[2021-06-13 08:08:38,070] {scheduler_job.py:633} INFO - Processing file /home/airflow/.local/lib/python3.6/site-packages/airflow/example_dags/example_task_group_decorator.py for tasks to queue
[2021-06-13 08:08:38,071] {logging_mixin.py:104} INFO - [2021-06-13 08:08:38,071] {dagbag.py:487} INFO - Filling up the DagBag from /home/airflow/.local/lib/python3.6/site-packages/airflow/example_dags/example_task_group_decorator.py
[2021-06-13 08:08:38,089] {scheduler_job.py:643} INFO - DAG(s) dict_keys(['example_task_group_decorator']) retrieved from /home/airflow/.local/lib/python3.6/site-packages/airflow/example_dags/example_task_group_decorator.py
[2021-06-13 08:08:38,261] {logging_mixin.py:104} INFO - [2021-06-13 08:08:38,261] {dag.py:1832} INFO - Sync 1 DAGs
[2021-06-13 08:08:38,273] {logging_mixin.py:104} INFO - [2021-06-13 08:08:38,273] {dag.py:2305} INFO - Setting next_dagrun for example_task_group_decorator to 2021-06-11 00:00:00+00:00
[2021-06-13 08:08:38,283] {scheduler_job.py:190} INFO - Processing /home/airflow/.local/lib/python3.6/site-packages/airflow/example_dags/example_task_group_decorator.py took 0.216 seconds
[2021-06-13 08:09:08,415] {scheduler_job.py:182} INFO - Started process (PID=304) to work on /home/airflow/.local/lib/python3.6/site-packages/airflow/example_dags/example_task_group_decorator.py
[2021-06-13 08:09:08,416] {scheduler_job.py:633} INFO - Processing file /home/airflow/.local/lib/python3.6/site-packages/airflow/example_dags/example_task_group_decorator.py for tasks to queue
[2021-06-13 08:09:08,418] {logging_mixin.py:104} INFO - [2021-06-13 08:09:08,417] {dagbag.py:487} INFO - Filling up the DagBag from /home/airflow/.local/lib/python3.6/site-packages/airflow/example_dags/example_task_group_decorator.py
[2021-06-13 08:09:08,439] {scheduler_job.py:643} INFO - DAG(s) dict_keys(['example_task_group_decorator']) retrieved from /home/airflow/.local/lib/python3.6/site-packages/airflow/example_dags/example_task_group_decorator.py
[2021-06-13 08:09:08,620] {logging_mixin.py:104} INFO - [2021-06-13 08:09:08,619] {dag.py:1832} INFO - Sync 1 DAGs
[2021-06-13 08:09:08,633] {logging_mixin.py:104} INFO - [2021-06-13 08:09:08,633] {dag.py:2305} INFO - Setting next_dagrun for example_task_group_decorator to 2021-06-11 00:00:00+00:00
[2021-06-13 08:09:08,645] {scheduler_job.py:190} INFO - Processing /home/airflow/.local/lib/python3.6/site-packages/airflow/example_dags/example_task_group_decorator.py took 0.233 seconds
[2021-06-13 08:09:38,857] {scheduler_job.py:182} INFO - Started process (PID=377) to work on /home/airflow/.local/lib/python3.6/site-packages/airflow/example_dags/example_task_group_decorator.py
[2021-06-13 08:09:38,858] {scheduler_job.py:633} INFO - Processing file /home/airflow/.local/lib/python3.6/site-packages/airflow/example_dags/example_task_group_decorator.py for tasks to queue
[2021-06-13 08:09:38,859] {logging_mixin.py:104} INFO - [2021-06-13 08:09:38,859] {dagbag.py:487} INFO - Filling up the DagBag from /home/airflow/.local/lib/python3.6/site-packages/airflow/example_dags/example_task_group_decorator.py
[2021-06-13 08:09:38,877] {scheduler_job.py:643} INFO - DAG(s) dict_keys(['example_task_group_decorator']) retrieved from /home/airflow/.local/lib/python3.6/site-packages/airflow/example_dags/example_task_group_decorator.py
[2021-06-13 08:09:39,068] {logging_mixin.py:104} INFO - [2021-06-13 08:09:39,068] {dag.py:1832} INFO - Sync 1 DAGs
[2021-06-13 08:09:39,081] {logging_mixin.py:104} INFO - [2021-06-13 08:09:39,080] {dag.py:2305} INFO - Setting next_dagrun for example_task_group_decorator to 2021-06-11 00:00:00+00:00
[2021-06-13 08:09:39,093] {scheduler_job.py:190} INFO - Processing /home/airflow/.local/lib/python3.6/site-packages/airflow/example_dags/example_task_group_decorator.py took 0.239 seconds
[2021-06-13 08:10:09,222] {scheduler_job.py:182} INFO - Started process (PID=446) to work on /home/airflow/.local/lib/python3.6/site-packages/airflow/example_dags/example_task_group_decorator.py
[2021-06-13 08:10:09,224] {scheduler_job.py:633} INFO - Processing file /home/airflow/.local/lib/python3.6/site-packages/airflow/example_dags/example_task_group_decorator.py for tasks to queue
[2021-06-13 08:10:09,226] {logging_mixin.py:104} INFO - [2021-06-13 08:10:09,226] {dagbag.py:487} INFO - Filling up the DagBag from /home/airflow/.local/lib/python3.6/site-packages/airflow/example_dags/example_task_group_decorator.py
[2021-06-13 08:10:09,250] {scheduler_job.py:643} INFO - DAG(s) dict_keys(['example_task_group_decorator']) retrieved from /home/airflow/.local/lib/python3.6/site-packages/airflow/example_dags/example_task_group_decorator.py
[2021-06-13 08:10:09,460] {logging_mixin.py:104} INFO - [2021-06-13 08:10:09,460] {dag.py:1832} INFO - Sync 1 DAGs
[2021-06-13 08:10:09,474] {logging_mixin.py:104} INFO - [2021-06-13 08:10:09,474] {dag.py:2305} INFO - Setting next_dagrun for example_task_group_decorator to 2021-06-11 00:00:00+00:00
[2021-06-13 08:10:09,486] {scheduler_job.py:190} INFO - Processing /home/airflow/.local/lib/python3.6/site-packages/airflow/example_dags/example_task_group_decorator.py took 0.266 seconds
[2021-06-13 08:10:39,683] {scheduler_job.py:182} INFO - Started process (PID=506) to work on /home/airflow/.local/lib/python3.6/site-packages/airflow/example_dags/example_task_group_decorator.py
[2021-06-13 08:10:39,684] {scheduler_job.py:633} INFO - Processing file /home/airflow/.local/lib/python3.6/site-packages/airflow/example_dags/example_task_group_decorator.py for tasks to queue
[2021-06-13 08:10:39,686] {logging_mixin.py:104} INFO - [2021-06-13 08:10:39,686] {dagbag.py:487} INFO - Filling up the DagBag from /home/airflow/.local/lib/python3.6/site-packages/airflow/example_dags/example_task_group_decorator.py
[2021-06-13 08:10:39,709] {scheduler_job.py:643} INFO - DAG(s) dict_keys(['example_task_group_decorator']) retrieved from /home/airflow/.local/lib/python3.6/site-packages/airflow/example_dags/example_task_group_decorator.py
[2021-06-13 08:10:39,901] {logging_mixin.py:104} INFO - [2021-06-13 08:10:39,901] {dag.py:1832} INFO - Sync 1 DAGs
[2021-06-13 08:10:39,914] {logging_mixin.py:104} INFO - [2021-06-13 08:10:39,914] {dag.py:2305} INFO - Setting next_dagrun for example_task_group_decorator to 2021-06-11 00:00:00+00:00
[2021-06-13 08:10:39,926] {scheduler_job.py:190} INFO - Processing /home/airflow/.local/lib/python3.6/site-packages/airflow/example_dags/example_task_group_decorator.py took 0.245 seconds
[2021-06-13 08:11:10,055] {scheduler_job.py:182} INFO - Started process (PID=592) to work on /home/airflow/.local/lib/python3.6/site-packages/airflow/example_dags/example_task_group_decorator.py
[2021-06-13 08:11:10,057] {scheduler_job.py:633} INFO - Processing file /home/airflow/.local/lib/python3.6/site-packages/airflow/example_dags/example_task_group_decorator.py for tasks to queue
[2021-06-13 08:11:10,058] {logging_mixin.py:104} INFO - [2021-06-13 08:11:10,058] {dagbag.py:487} INFO - Filling up the DagBag from /home/airflow/.local/lib/python3.6/site-packages/airflow/example_dags/example_task_group_decorator.py
[2021-06-13 08:11:10,079] {scheduler_job.py:643} INFO - DAG(s) dict_keys(['example_task_group_decorator']) retrieved from /home/airflow/.local/lib/python3.6/site-packages/airflow/example_dags/example_task_group_decorator.py
[2021-06-13 08:11:10,271] {logging_mixin.py:104} INFO - [2021-06-13 08:11:10,270] {dag.py:1832} INFO - Sync 1 DAGs
[2021-06-13 08:11:10,283] {logging_mixin.py:104} INFO - [2021-06-13 08:11:10,283] {dag.py:2305} INFO - Setting next_dagrun for example_task_group_decorator to 2021-06-11 00:00:00+00:00
[2021-06-13 08:11:10,297] {scheduler_job.py:190} INFO - Processing /home/airflow/.local/lib/python3.6/site-packages/airflow/example_dags/example_task_group_decorator.py took 0.244 seconds
[2021-06-13 08:11:40,444] {scheduler_job.py:182} INFO - Started process (PID=651) to work on /home/airflow/.local/lib/python3.6/site-packages/airflow/example_dags/example_task_group_decorator.py
[2021-06-13 08:11:40,446] {scheduler_job.py:633} INFO - Processing file /home/airflow/.local/lib/python3.6/site-packages/airflow/example_dags/example_task_group_decorator.py for tasks to queue
[2021-06-13 08:11:40,448] {logging_mixin.py:104} INFO - [2021-06-13 08:11:40,448] {dagbag.py:487} INFO - Filling up the DagBag from /home/airflow/.local/lib/python3.6/site-packages/airflow/example_dags/example_task_group_decorator.py
[2021-06-13 08:11:40,466] {scheduler_job.py:643} INFO - DAG(s) dict_keys(['example_task_group_decorator']) retrieved from /home/airflow/.local/lib/python3.6/site-packages/airflow/example_dags/example_task_group_decorator.py
[2021-06-13 08:11:40,640] {logging_mixin.py:104} INFO - [2021-06-13 08:11:40,640] {dag.py:1832} INFO - Sync 1 DAGs
[2021-06-13 08:11:40,656] {logging_mixin.py:104} INFO - [2021-06-13 08:11:40,656] {dag.py:2305} INFO - Setting next_dagrun for example_task_group_decorator to 2021-06-11 00:00:00+00:00
[2021-06-13 08:11:40,669] {scheduler_job.py:190} INFO - Processing /home/airflow/.local/lib/python3.6/site-packages/airflow/example_dags/example_task_group_decorator.py took 0.227 seconds
[2021-06-13 08:13:59,306] {scheduler_job.py:182} INFO - Started process (PID=46) to work on /home/airflow/.local/lib/python3.6/site-packages/airflow/example_dags/example_task_group_decorator.py
[2021-06-13 08:13:59,310] {scheduler_job.py:633} INFO - Processing file /home/airflow/.local/lib/python3.6/site-packages/airflow/example_dags/example_task_group_decorator.py for tasks to queue
[2021-06-13 08:13:59,312] {logging_mixin.py:104} INFO - [2021-06-13 08:13:59,311] {dagbag.py:487} INFO - Filling up the DagBag from /home/airflow/.local/lib/python3.6/site-packages/airflow/example_dags/example_task_group_decorator.py
[2021-06-13 08:13:59,382] {scheduler_job.py:643} INFO - DAG(s) dict_keys(['example_task_group_decorator']) retrieved from /home/airflow/.local/lib/python3.6/site-packages/airflow/example_dags/example_task_group_decorator.py
[2021-06-13 08:13:59,710] {logging_mixin.py:104} INFO - [2021-06-13 08:13:59,710] {dag.py:1832} INFO - Sync 1 DAGs
[2021-06-13 08:13:59,740] {logging_mixin.py:104} INFO - [2021-06-13 08:13:59,739] {dag.py:2305} INFO - Setting next_dagrun for example_task_group_decorator to 2021-06-11 00:00:00+00:00
[2021-06-13 08:13:59,764] {scheduler_job.py:190} INFO - Processing /home/airflow/.local/lib/python3.6/site-packages/airflow/example_dags/example_task_group_decorator.py took 0.464 seconds
[2021-06-13 08:14:29,876] {scheduler_job.py:182} INFO - Started process (PID=117) to work on /home/airflow/.local/lib/python3.6/site-packages/airflow/example_dags/example_task_group_decorator.py
[2021-06-13 08:14:29,877] {scheduler_job.py:633} INFO - Processing file /home/airflow/.local/lib/python3.6/site-packages/airflow/example_dags/example_task_group_decorator.py for tasks to queue
[2021-06-13 08:14:29,878] {logging_mixin.py:104} INFO - [2021-06-13 08:14:29,878] {dagbag.py:487} INFO - Filling up the DagBag from /home/airflow/.local/lib/python3.6/site-packages/airflow/example_dags/example_task_group_decorator.py
[2021-06-13 08:14:29,899] {scheduler_job.py:643} INFO - DAG(s) dict_keys(['example_task_group_decorator']) retrieved from /home/airflow/.local/lib/python3.6/site-packages/airflow/example_dags/example_task_group_decorator.py
[2021-06-13 08:14:30,075] {logging_mixin.py:104} INFO - [2021-06-13 08:14:30,075] {dag.py:1832} INFO - Sync 1 DAGs
[2021-06-13 08:14:30,087] {logging_mixin.py:104} INFO - [2021-06-13 08:14:30,087] {dag.py:2305} INFO - Setting next_dagrun for example_task_group_decorator to 2021-06-11 00:00:00+00:00
[2021-06-13 08:14:30,098] {scheduler_job.py:190} INFO - Processing /home/airflow/.local/lib/python3.6/site-packages/airflow/example_dags/example_task_group_decorator.py took 0.225 seconds
[2021-06-13 08:15:00,760] {scheduler_job.py:182} INFO - Started process (PID=184) to work on /home/airflow/.local/lib/python3.6/site-packages/airflow/example_dags/example_task_group_decorator.py
[2021-06-13 08:15:00,761] {scheduler_job.py:633} INFO - Processing file /home/airflow/.local/lib/python3.6/site-packages/airflow/example_dags/example_task_group_decorator.py for tasks to queue
[2021-06-13 08:15:00,763] {logging_mixin.py:104} INFO - [2021-06-13 08:15:00,763] {dagbag.py:487} INFO - Filling up the DagBag from /home/airflow/.local/lib/python3.6/site-packages/airflow/example_dags/example_task_group_decorator.py
[2021-06-13 08:15:00,786] {scheduler_job.py:643} INFO - DAG(s) dict_keys(['example_task_group_decorator']) retrieved from /home/airflow/.local/lib/python3.6/site-packages/airflow/example_dags/example_task_group_decorator.py
[2021-06-13 08:15:00,972] {logging_mixin.py:104} INFO - [2021-06-13 08:15:00,971] {dag.py:1832} INFO - Sync 1 DAGs
[2021-06-13 08:15:00,985] {logging_mixin.py:104} INFO - [2021-06-13 08:15:00,985] {dag.py:2305} INFO - Setting next_dagrun for example_task_group_decorator to 2021-06-11 00:00:00+00:00
[2021-06-13 08:15:00,997] {scheduler_job.py:190} INFO - Processing /home/airflow/.local/lib/python3.6/site-packages/airflow/example_dags/example_task_group_decorator.py took 0.240 seconds
[2021-06-13 08:15:31,585] {scheduler_job.py:182} INFO - Started process (PID=257) to work on /home/airflow/.local/lib/python3.6/site-packages/airflow/example_dags/example_task_group_decorator.py
[2021-06-13 08:15:31,588] {scheduler_job.py:633} INFO - Processing file /home/airflow/.local/lib/python3.6/site-packages/airflow/example_dags/example_task_group_decorator.py for tasks to queue
[2021-06-13 08:15:31,589] {logging_mixin.py:104} INFO - [2021-06-13 08:15:31,589] {dagbag.py:487} INFO - Filling up the DagBag from /home/airflow/.local/lib/python3.6/site-packages/airflow/example_dags/example_task_group_decorator.py
[2021-06-13 08:15:31,607] {scheduler_job.py:643} INFO - DAG(s) dict_keys(['example_task_group_decorator']) retrieved from /home/airflow/.local/lib/python3.6/site-packages/airflow/example_dags/example_task_group_decorator.py
[2021-06-13 08:15:31,787] {logging_mixin.py:104} INFO - [2021-06-13 08:15:31,786] {dag.py:1832} INFO - Sync 1 DAGs
[2021-06-13 08:15:31,799] {logging_mixin.py:104} INFO - [2021-06-13 08:15:31,799] {dag.py:2305} INFO - Setting next_dagrun for example_task_group_decorator to 2021-06-11 00:00:00+00:00
[2021-06-13 08:15:31,811] {scheduler_job.py:190} INFO - Processing /home/airflow/.local/lib/python3.6/site-packages/airflow/example_dags/example_task_group_decorator.py took 0.229 seconds
[2021-06-13 08:16:02,238] {scheduler_job.py:182} INFO - Started process (PID=329) to work on /home/airflow/.local/lib/python3.6/site-packages/airflow/example_dags/example_task_group_decorator.py
[2021-06-13 08:16:02,239] {scheduler_job.py:633} INFO - Processing file /home/airflow/.local/lib/python3.6/site-packages/airflow/example_dags/example_task_group_decorator.py for tasks to queue
[2021-06-13 08:16:02,240] {logging_mixin.py:104} INFO - [2021-06-13 08:16:02,240] {dagbag.py:487} INFO - Filling up the DagBag from /home/airflow/.local/lib/python3.6/site-packages/airflow/example_dags/example_task_group_decorator.py
[2021-06-13 08:16:02,258] {scheduler_job.py:643} INFO - DAG(s) dict_keys(['example_task_group_decorator']) retrieved from /home/airflow/.local/lib/python3.6/site-packages/airflow/example_dags/example_task_group_decorator.py
[2021-06-13 08:16:02,435] {logging_mixin.py:104} INFO - [2021-06-13 08:16:02,435] {dag.py:1832} INFO - Sync 1 DAGs
[2021-06-13 08:16:02,449] {logging_mixin.py:104} INFO - [2021-06-13 08:16:02,449] {dag.py:2305} INFO - Setting next_dagrun for example_task_group_decorator to 2021-06-11 00:00:00+00:00
[2021-06-13 08:16:02,460] {scheduler_job.py:190} INFO - Processing /home/airflow/.local/lib/python3.6/site-packages/airflow/example_dags/example_task_group_decorator.py took 0.224 seconds
[2021-06-13 08:16:33,090] {scheduler_job.py:182} INFO - Started process (PID=389) to work on /home/airflow/.local/lib/python3.6/site-packages/airflow/example_dags/example_task_group_decorator.py
[2021-06-13 08:16:33,092] {scheduler_job.py:633} INFO - Processing file /home/airflow/.local/lib/python3.6/site-packages/airflow/example_dags/example_task_group_decorator.py for tasks to queue
[2021-06-13 08:16:33,092] {logging_mixin.py:104} INFO - [2021-06-13 08:16:33,092] {dagbag.py:487} INFO - Filling up the DagBag from /home/airflow/.local/lib/python3.6/site-packages/airflow/example_dags/example_task_group_decorator.py
[2021-06-13 08:16:33,114] {scheduler_job.py:643} INFO - DAG(s) dict_keys(['example_task_group_decorator']) retrieved from /home/airflow/.local/lib/python3.6/site-packages/airflow/example_dags/example_task_group_decorator.py
[2021-06-13 08:16:33,339] {logging_mixin.py:104} INFO - [2021-06-13 08:16:33,339] {dag.py:1832} INFO - Sync 1 DAGs
[2021-06-13 08:16:33,353] {logging_mixin.py:104} INFO - [2021-06-13 08:16:33,353] {dag.py:2305} INFO - Setting next_dagrun for example_task_group_decorator to 2021-06-11 00:00:00+00:00
[2021-06-13 08:16:33,365] {scheduler_job.py:190} INFO - Processing /home/airflow/.local/lib/python3.6/site-packages/airflow/example_dags/example_task_group_decorator.py took 0.278 seconds
[2021-06-13 08:17:03,882] {scheduler_job.py:182} INFO - Started process (PID=462) to work on /home/airflow/.local/lib/python3.6/site-packages/airflow/example_dags/example_task_group_decorator.py
[2021-06-13 08:17:03,883] {scheduler_job.py:633} INFO - Processing file /home/airflow/.local/lib/python3.6/site-packages/airflow/example_dags/example_task_group_decorator.py for tasks to queue
[2021-06-13 08:17:03,884] {logging_mixin.py:104} INFO - [2021-06-13 08:17:03,884] {dagbag.py:487} INFO - Filling up the DagBag from /home/airflow/.local/lib/python3.6/site-packages/airflow/example_dags/example_task_group_decorator.py
[2021-06-13 08:17:03,903] {scheduler_job.py:643} INFO - DAG(s) dict_keys(['example_task_group_decorator']) retrieved from /home/airflow/.local/lib/python3.6/site-packages/airflow/example_dags/example_task_group_decorator.py
[2021-06-13 08:17:04,071] {logging_mixin.py:104} INFO - [2021-06-13 08:17:04,071] {dag.py:1832} INFO - Sync 1 DAGs
[2021-06-13 08:17:04,084] {logging_mixin.py:104} INFO - [2021-06-13 08:17:04,084] {dag.py:2305} INFO - Setting next_dagrun for example_task_group_decorator to 2021-06-11 00:00:00+00:00
[2021-06-13 08:17:04,100] {scheduler_job.py:190} INFO - Processing /home/airflow/.local/lib/python3.6/site-packages/airflow/example_dags/example_task_group_decorator.py took 0.221 seconds
[2021-06-13 08:17:34,901] {scheduler_job.py:182} INFO - Started process (PID=533) to work on /home/airflow/.local/lib/python3.6/site-packages/airflow/example_dags/example_task_group_decorator.py
[2021-06-13 08:17:34,902] {scheduler_job.py:633} INFO - Processing file /home/airflow/.local/lib/python3.6/site-packages/airflow/example_dags/example_task_group_decorator.py for tasks to queue
[2021-06-13 08:17:34,903] {logging_mixin.py:104} INFO - [2021-06-13 08:17:34,903] {dagbag.py:487} INFO - Filling up the DagBag from /home/airflow/.local/lib/python3.6/site-packages/airflow/example_dags/example_task_group_decorator.py
[2021-06-13 08:17:34,923] {scheduler_job.py:643} INFO - DAG(s) dict_keys(['example_task_group_decorator']) retrieved from /home/airflow/.local/lib/python3.6/site-packages/airflow/example_dags/example_task_group_decorator.py
[2021-06-13 08:17:35,088] {logging_mixin.py:104} INFO - [2021-06-13 08:17:35,088] {dag.py:1832} INFO - Sync 1 DAGs
[2021-06-13 08:17:35,101] {logging_mixin.py:104} INFO - [2021-06-13 08:17:35,100] {dag.py:2305} INFO - Setting next_dagrun for example_task_group_decorator to 2021-06-11 00:00:00+00:00
[2021-06-13 08:17:35,112] {scheduler_job.py:190} INFO - Processing /home/airflow/.local/lib/python3.6/site-packages/airflow/example_dags/example_task_group_decorator.py took 0.213 seconds
[2021-06-13 08:18:05,587] {scheduler_job.py:182} INFO - Started process (PID=593) to work on /home/airflow/.local/lib/python3.6/site-packages/airflow/example_dags/example_task_group_decorator.py
[2021-06-13 08:18:05,588] {scheduler_job.py:633} INFO - Processing file /home/airflow/.local/lib/python3.6/site-packages/airflow/example_dags/example_task_group_decorator.py for tasks to queue
[2021-06-13 08:18:05,589] {logging_mixin.py:104} INFO - [2021-06-13 08:18:05,589] {dagbag.py:487} INFO - Filling up the DagBag from /home/airflow/.local/lib/python3.6/site-packages/airflow/example_dags/example_task_group_decorator.py
[2021-06-13 08:18:05,612] {scheduler_job.py:643} INFO - DAG(s) dict_keys(['example_task_group_decorator']) retrieved from /home/airflow/.local/lib/python3.6/site-packages/airflow/example_dags/example_task_group_decorator.py
[2021-06-13 08:18:05,782] {logging_mixin.py:104} INFO - [2021-06-13 08:18:05,782] {dag.py:1832} INFO - Sync 1 DAGs
[2021-06-13 08:18:05,793] {logging_mixin.py:104} INFO - [2021-06-13 08:18:05,793] {dag.py:2305} INFO - Setting next_dagrun for example_task_group_decorator to 2021-06-11 00:00:00+00:00
[2021-06-13 08:18:05,805] {scheduler_job.py:190} INFO - Processing /home/airflow/.local/lib/python3.6/site-packages/airflow/example_dags/example_task_group_decorator.py took 0.220 seconds
[2021-06-13 08:18:36,317] {scheduler_job.py:182} INFO - Started process (PID=666) to work on /home/airflow/.local/lib/python3.6/site-packages/airflow/example_dags/example_task_group_decorator.py
[2021-06-13 08:18:36,319] {scheduler_job.py:633} INFO - Processing file /home/airflow/.local/lib/python3.6/site-packages/airflow/example_dags/example_task_group_decorator.py for tasks to queue
[2021-06-13 08:18:36,320] {logging_mixin.py:104} INFO - [2021-06-13 08:18:36,320] {dagbag.py:487} INFO - Filling up the DagBag from /home/airflow/.local/lib/python3.6/site-packages/airflow/example_dags/example_task_group_decorator.py
[2021-06-13 08:18:36,339] {scheduler_job.py:643} INFO - DAG(s) dict_keys(['example_task_group_decorator']) retrieved from /home/airflow/.local/lib/python3.6/site-packages/airflow/example_dags/example_task_group_decorator.py
[2021-06-13 08:18:36,505] {logging_mixin.py:104} INFO - [2021-06-13 08:18:36,505] {dag.py:1832} INFO - Sync 1 DAGs
[2021-06-13 08:18:36,517] {logging_mixin.py:104} INFO - [2021-06-13 08:18:36,517] {dag.py:2305} INFO - Setting next_dagrun for example_task_group_decorator to 2021-06-11 00:00:00+00:00
[2021-06-13 08:18:36,530] {scheduler_job.py:190} INFO - Processing /home/airflow/.local/lib/python3.6/site-packages/airflow/example_dags/example_task_group_decorator.py took 0.215 seconds
[2021-06-13 08:19:07,089] {scheduler_job.py:182} INFO - Started process (PID=739) to work on /home/airflow/.local/lib/python3.6/site-packages/airflow/example_dags/example_task_group_decorator.py
[2021-06-13 08:19:07,090] {scheduler_job.py:633} INFO - Processing file /home/airflow/.local/lib/python3.6/site-packages/airflow/example_dags/example_task_group_decorator.py for tasks to queue
[2021-06-13 08:19:07,091] {logging_mixin.py:104} INFO - [2021-06-13 08:19:07,091] {dagbag.py:487} INFO - Filling up the DagBag from /home/airflow/.local/lib/python3.6/site-packages/airflow/example_dags/example_task_group_decorator.py
[2021-06-13 08:19:07,113] {scheduler_job.py:643} INFO - DAG(s) dict_keys(['example_task_group_decorator']) retrieved from /home/airflow/.local/lib/python3.6/site-packages/airflow/example_dags/example_task_group_decorator.py
[2021-06-13 08:19:07,303] {logging_mixin.py:104} INFO - [2021-06-13 08:19:07,302] {dag.py:1832} INFO - Sync 1 DAGs
[2021-06-13 08:19:07,317] {logging_mixin.py:104} INFO - [2021-06-13 08:19:07,317] {dag.py:2305} INFO - Setting next_dagrun for example_task_group_decorator to 2021-06-11 00:00:00+00:00
[2021-06-13 08:19:07,329] {scheduler_job.py:190} INFO - Processing /home/airflow/.local/lib/python3.6/site-packages/airflow/example_dags/example_task_group_decorator.py took 0.243 seconds
[2021-06-13 08:19:37,833] {scheduler_job.py:182} INFO - Started process (PID=797) to work on /home/airflow/.local/lib/python3.6/site-packages/airflow/example_dags/example_task_group_decorator.py
[2021-06-13 08:19:37,834] {scheduler_job.py:633} INFO - Processing file /home/airflow/.local/lib/python3.6/site-packages/airflow/example_dags/example_task_group_decorator.py for tasks to queue
[2021-06-13 08:19:37,835] {logging_mixin.py:104} INFO - [2021-06-13 08:19:37,835] {dagbag.py:487} INFO - Filling up the DagBag from /home/airflow/.local/lib/python3.6/site-packages/airflow/example_dags/example_task_group_decorator.py
[2021-06-13 08:19:37,855] {scheduler_job.py:643} INFO - DAG(s) dict_keys(['example_task_group_decorator']) retrieved from /home/airflow/.local/lib/python3.6/site-packages/airflow/example_dags/example_task_group_decorator.py
[2021-06-13 08:19:38,054] {logging_mixin.py:104} INFO - [2021-06-13 08:19:38,054] {dag.py:1832} INFO - Sync 1 DAGs
[2021-06-13 08:19:38,066] {logging_mixin.py:104} INFO - [2021-06-13 08:19:38,066] {dag.py:2305} INFO - Setting next_dagrun for example_task_group_decorator to 2021-06-11 00:00:00+00:00
[2021-06-13 08:19:38,077] {scheduler_job.py:190} INFO - Processing /home/airflow/.local/lib/python3.6/site-packages/airflow/example_dags/example_task_group_decorator.py took 0.246 seconds
[2021-06-13 08:20:08,487] {scheduler_job.py:182} INFO - Started process (PID=868) to work on /home/airflow/.local/lib/python3.6/site-packages/airflow/example_dags/example_task_group_decorator.py
[2021-06-13 08:20:08,488] {scheduler_job.py:633} INFO - Processing file /home/airflow/.local/lib/python3.6/site-packages/airflow/example_dags/example_task_group_decorator.py for tasks to queue
[2021-06-13 08:20:08,489] {logging_mixin.py:104} INFO - [2021-06-13 08:20:08,489] {dagbag.py:487} INFO - Filling up the DagBag from /home/airflow/.local/lib/python3.6/site-packages/airflow/example_dags/example_task_group_decorator.py
[2021-06-13 08:20:08,508] {scheduler_job.py:643} INFO - DAG(s) dict_keys(['example_task_group_decorator']) retrieved from /home/airflow/.local/lib/python3.6/site-packages/airflow/example_dags/example_task_group_decorator.py
[2021-06-13 08:20:08,529] {logging_mixin.py:104} INFO - [2021-06-13 08:20:08,529] {dag.py:1832} INFO - Sync 1 DAGs
[2021-06-13 08:20:08,544] {logging_mixin.py:104} INFO - [2021-06-13 08:20:08,544] {dag.py:2305} INFO - Setting next_dagrun for example_task_group_decorator to 2021-06-11 00:00:00+00:00
[2021-06-13 08:20:08,556] {scheduler_job.py:190} INFO - Processing /home/airflow/.local/lib/python3.6/site-packages/airflow/example_dags/example_task_group_decorator.py took 0.071 seconds
[2021-06-13 08:20:39,172] {scheduler_job.py:182} INFO - Started process (PID=942) to work on /home/airflow/.local/lib/python3.6/site-packages/airflow/example_dags/example_task_group_decorator.py
[2021-06-13 08:20:39,173] {scheduler_job.py:633} INFO - Processing file /home/airflow/.local/lib/python3.6/site-packages/airflow/example_dags/example_task_group_decorator.py for tasks to queue
[2021-06-13 08:20:39,174] {logging_mixin.py:104} INFO - [2021-06-13 08:20:39,174] {dagbag.py:487} INFO - Filling up the DagBag from /home/airflow/.local/lib/python3.6/site-packages/airflow/example_dags/example_task_group_decorator.py
[2021-06-13 08:20:39,193] {scheduler_job.py:643} INFO - DAG(s) dict_keys(['example_task_group_decorator']) retrieved from /home/airflow/.local/lib/python3.6/site-packages/airflow/example_dags/example_task_group_decorator.py
[2021-06-13 08:20:39,211] {logging_mixin.py:104} INFO - [2021-06-13 08:20:39,211] {dag.py:1832} INFO - Sync 1 DAGs
[2021-06-13 08:20:39,222] {logging_mixin.py:104} INFO - [2021-06-13 08:20:39,222] {dag.py:2305} INFO - Setting next_dagrun for example_task_group_decorator to 2021-06-11 00:00:00+00:00
[2021-06-13 08:20:39,232] {scheduler_job.py:190} INFO - Processing /home/airflow/.local/lib/python3.6/site-packages/airflow/example_dags/example_task_group_decorator.py took 0.062 seconds
[2021-06-13 08:21:09,978] {scheduler_job.py:182} INFO - Started process (PID=998) to work on /home/airflow/.local/lib/python3.6/site-packages/airflow/example_dags/example_task_group_decorator.py
[2021-06-13 08:21:09,979] {scheduler_job.py:633} INFO - Processing file /home/airflow/.local/lib/python3.6/site-packages/airflow/example_dags/example_task_group_decorator.py for tasks to queue
[2021-06-13 08:21:09,980] {logging_mixin.py:104} INFO - [2021-06-13 08:21:09,980] {dagbag.py:487} INFO - Filling up the DagBag from /home/airflow/.local/lib/python3.6/site-packages/airflow/example_dags/example_task_group_decorator.py
[2021-06-13 08:21:10,002] {scheduler_job.py:643} INFO - DAG(s) dict_keys(['example_task_group_decorator']) retrieved from /home/airflow/.local/lib/python3.6/site-packages/airflow/example_dags/example_task_group_decorator.py
[2021-06-13 08:21:10,272] {logging_mixin.py:104} INFO - [2021-06-13 08:21:10,272] {dag.py:1832} INFO - Sync 1 DAGs
[2021-06-13 08:21:10,297] {logging_mixin.py:104} INFO - [2021-06-13 08:21:10,297] {dag.py:2305} INFO - Setting next_dagrun for example_task_group_decorator to 2021-06-11 00:00:00+00:00
[2021-06-13 08:21:10,327] {scheduler_job.py:190} INFO - Processing /home/airflow/.local/lib/python3.6/site-packages/airflow/example_dags/example_task_group_decorator.py took 0.352 seconds
[2021-06-13 08:21:40,360] {scheduler_job.py:182} INFO - Started process (PID=1074) to work on /home/airflow/.local/lib/python3.6/site-packages/airflow/example_dags/example_task_group_decorator.py
[2021-06-13 08:21:40,361] {scheduler_job.py:633} INFO - Processing file /home/airflow/.local/lib/python3.6/site-packages/airflow/example_dags/example_task_group_decorator.py for tasks to queue
[2021-06-13 08:21:40,363] {logging_mixin.py:104} INFO - [2021-06-13 08:21:40,363] {dagbag.py:487} INFO - Filling up the DagBag from /home/airflow/.local/lib/python3.6/site-packages/airflow/example_dags/example_task_group_decorator.py
[2021-06-13 08:21:40,382] {scheduler_job.py:643} INFO - DAG(s) dict_keys(['example_task_group_decorator']) retrieved from /home/airflow/.local/lib/python3.6/site-packages/airflow/example_dags/example_task_group_decorator.py
[2021-06-13 08:21:40,575] {logging_mixin.py:104} INFO - [2021-06-13 08:21:40,575] {dag.py:1832} INFO - Sync 1 DAGs
[2021-06-13 08:21:40,587] {logging_mixin.py:104} INFO - [2021-06-13 08:21:40,587] {dag.py:2305} INFO - Setting next_dagrun for example_task_group_decorator to 2021-06-11 00:00:00+00:00
[2021-06-13 08:21:40,598] {scheduler_job.py:190} INFO - Processing /home/airflow/.local/lib/python3.6/site-packages/airflow/example_dags/example_task_group_decorator.py took 0.240 seconds
[2021-06-13 08:22:11,384] {scheduler_job.py:182} INFO - Started process (PID=1146) to work on /home/airflow/.local/lib/python3.6/site-packages/airflow/example_dags/example_task_group_decorator.py
[2021-06-13 08:22:11,386] {scheduler_job.py:633} INFO - Processing file /home/airflow/.local/lib/python3.6/site-packages/airflow/example_dags/example_task_group_decorator.py for tasks to queue
[2021-06-13 08:22:11,387] {logging_mixin.py:104} INFO - [2021-06-13 08:22:11,387] {dagbag.py:487} INFO - Filling up the DagBag from /home/airflow/.local/lib/python3.6/site-packages/airflow/example_dags/example_task_group_decorator.py
[2021-06-13 08:22:11,413] {scheduler_job.py:643} INFO - DAG(s) dict_keys(['example_task_group_decorator']) retrieved from /home/airflow/.local/lib/python3.6/site-packages/airflow/example_dags/example_task_group_decorator.py
[2021-06-13 08:22:11,610] {logging_mixin.py:104} INFO - [2021-06-13 08:22:11,610] {dag.py:1832} INFO - Sync 1 DAGs
[2021-06-13 08:22:11,624] {logging_mixin.py:104} INFO - [2021-06-13 08:22:11,624] {dag.py:2305} INFO - Setting next_dagrun for example_task_group_decorator to 2021-06-11 00:00:00+00:00
[2021-06-13 08:22:11,641] {scheduler_job.py:190} INFO - Processing /home/airflow/.local/lib/python3.6/site-packages/airflow/example_dags/example_task_group_decorator.py took 0.259 seconds
[2021-06-13 08:22:42,388] {scheduler_job.py:182} INFO - Started process (PID=1203) to work on /home/airflow/.local/lib/python3.6/site-packages/airflow/example_dags/example_task_group_decorator.py
[2021-06-13 08:22:42,390] {scheduler_job.py:633} INFO - Processing file /home/airflow/.local/lib/python3.6/site-packages/airflow/example_dags/example_task_group_decorator.py for tasks to queue
[2021-06-13 08:22:42,391] {logging_mixin.py:104} INFO - [2021-06-13 08:22:42,390] {dagbag.py:487} INFO - Filling up the DagBag from /home/airflow/.local/lib/python3.6/site-packages/airflow/example_dags/example_task_group_decorator.py
[2021-06-13 08:22:42,414] {scheduler_job.py:643} INFO - DAG(s) dict_keys(['example_task_group_decorator']) retrieved from /home/airflow/.local/lib/python3.6/site-packages/airflow/example_dags/example_task_group_decorator.py
[2021-06-13 08:22:42,439] {logging_mixin.py:104} INFO - [2021-06-13 08:22:42,439] {dag.py:1832} INFO - Sync 1 DAGs
[2021-06-13 08:22:42,456] {logging_mixin.py:104} INFO - [2021-06-13 08:22:42,456] {dag.py:2305} INFO - Setting next_dagrun for example_task_group_decorator to 2021-06-11 00:00:00+00:00
[2021-06-13 08:22:42,470] {scheduler_job.py:190} INFO - Processing /home/airflow/.local/lib/python3.6/site-packages/airflow/example_dags/example_task_group_decorator.py took 0.086 seconds
[2021-06-13 08:23:13,032] {scheduler_job.py:182} INFO - Started process (PID=1276) to work on /home/airflow/.local/lib/python3.6/site-packages/airflow/example_dags/example_task_group_decorator.py
[2021-06-13 08:23:13,034] {scheduler_job.py:633} INFO - Processing file /home/airflow/.local/lib/python3.6/site-packages/airflow/example_dags/example_task_group_decorator.py for tasks to queue
[2021-06-13 08:23:13,035] {logging_mixin.py:104} INFO - [2021-06-13 08:23:13,034] {dagbag.py:487} INFO - Filling up the DagBag from /home/airflow/.local/lib/python3.6/site-packages/airflow/example_dags/example_task_group_decorator.py
[2021-06-13 08:23:13,055] {scheduler_job.py:643} INFO - DAG(s) dict_keys(['example_task_group_decorator']) retrieved from /home/airflow/.local/lib/python3.6/site-packages/airflow/example_dags/example_task_group_decorator.py
[2021-06-13 08:23:13,074] {logging_mixin.py:104} INFO - [2021-06-13 08:23:13,073] {dag.py:1832} INFO - Sync 1 DAGs
[2021-06-13 08:23:13,085] {logging_mixin.py:104} INFO - [2021-06-13 08:23:13,085] {dag.py:2305} INFO - Setting next_dagrun for example_task_group_decorator to 2021-06-11 00:00:00+00:00
[2021-06-13 08:23:13,095] {scheduler_job.py:190} INFO - Processing /home/airflow/.local/lib/python3.6/site-packages/airflow/example_dags/example_task_group_decorator.py took 0.065 seconds
[2021-06-13 08:23:43,910] {scheduler_job.py:182} INFO - Started process (PID=1350) to work on /home/airflow/.local/lib/python3.6/site-packages/airflow/example_dags/example_task_group_decorator.py
[2021-06-13 08:23:43,913] {scheduler_job.py:633} INFO - Processing file /home/airflow/.local/lib/python3.6/site-packages/airflow/example_dags/example_task_group_decorator.py for tasks to queue
[2021-06-13 08:23:43,914] {logging_mixin.py:104} INFO - [2021-06-13 08:23:43,914] {dagbag.py:487} INFO - Filling up the DagBag from /home/airflow/.local/lib/python3.6/site-packages/airflow/example_dags/example_task_group_decorator.py
[2021-06-13 08:23:43,935] {scheduler_job.py:643} INFO - DAG(s) dict_keys(['example_task_group_decorator']) retrieved from /home/airflow/.local/lib/python3.6/site-packages/airflow/example_dags/example_task_group_decorator.py
[2021-06-13 08:23:44,226] {logging_mixin.py:104} INFO - [2021-06-13 08:23:44,226] {dag.py:1832} INFO - Sync 1 DAGs
[2021-06-13 08:23:44,240] {logging_mixin.py:104} INFO - [2021-06-13 08:23:44,240] {dag.py:2305} INFO - Setting next_dagrun for example_task_group_decorator to 2021-06-11 00:00:00+00:00
[2021-06-13 08:23:44,254] {scheduler_job.py:190} INFO - Processing /home/airflow/.local/lib/python3.6/site-packages/airflow/example_dags/example_task_group_decorator.py took 0.346 seconds
[2021-06-13 08:24:28,159] {scheduler_job.py:182} INFO - Started process (PID=46) to work on /home/airflow/.local/lib/python3.6/site-packages/airflow/example_dags/example_task_group_decorator.py
[2021-06-13 08:24:28,163] {scheduler_job.py:633} INFO - Processing file /home/airflow/.local/lib/python3.6/site-packages/airflow/example_dags/example_task_group_decorator.py for tasks to queue
[2021-06-13 08:24:28,164] {logging_mixin.py:104} INFO - [2021-06-13 08:24:28,164] {dagbag.py:487} INFO - Filling up the DagBag from /home/airflow/.local/lib/python3.6/site-packages/airflow/example_dags/example_task_group_decorator.py
[2021-06-13 08:24:28,199] {scheduler_job.py:643} INFO - DAG(s) dict_keys(['example_task_group_decorator']) retrieved from /home/airflow/.local/lib/python3.6/site-packages/airflow/example_dags/example_task_group_decorator.py
[2021-06-13 08:24:28,480] {logging_mixin.py:104} INFO - [2021-06-13 08:24:28,479] {dag.py:1832} INFO - Sync 1 DAGs
[2021-06-13 08:24:28,533] {logging_mixin.py:104} INFO - [2021-06-13 08:24:28,533] {dag.py:2305} INFO - Setting next_dagrun for example_task_group_decorator to 2021-06-11 00:00:00+00:00
[2021-06-13 08:24:28,563] {scheduler_job.py:190} INFO - Processing /home/airflow/.local/lib/python3.6/site-packages/airflow/example_dags/example_task_group_decorator.py took 0.406 seconds
[2021-06-13 08:24:59,406] {scheduler_job.py:182} INFO - Started process (PID=119) to work on /home/airflow/.local/lib/python3.6/site-packages/airflow/example_dags/example_task_group_decorator.py
[2021-06-13 08:24:59,407] {scheduler_job.py:633} INFO - Processing file /home/airflow/.local/lib/python3.6/site-packages/airflow/example_dags/example_task_group_decorator.py for tasks to queue
[2021-06-13 08:24:59,408] {logging_mixin.py:104} INFO - [2021-06-13 08:24:59,408] {dagbag.py:487} INFO - Filling up the DagBag from /home/airflow/.local/lib/python3.6/site-packages/airflow/example_dags/example_task_group_decorator.py
[2021-06-13 08:24:59,429] {scheduler_job.py:643} INFO - DAG(s) dict_keys(['example_task_group_decorator']) retrieved from /home/airflow/.local/lib/python3.6/site-packages/airflow/example_dags/example_task_group_decorator.py
[2021-06-13 08:24:59,604] {logging_mixin.py:104} INFO - [2021-06-13 08:24:59,604] {dag.py:1832} INFO - Sync 1 DAGs
[2021-06-13 08:24:59,617] {logging_mixin.py:104} INFO - [2021-06-13 08:24:59,617] {dag.py:2305} INFO - Setting next_dagrun for example_task_group_decorator to 2021-06-11 00:00:00+00:00
[2021-06-13 08:24:59,629] {scheduler_job.py:190} INFO - Processing /home/airflow/.local/lib/python3.6/site-packages/airflow/example_dags/example_task_group_decorator.py took 0.226 seconds
[2021-06-13 08:25:30,119] {scheduler_job.py:182} INFO - Started process (PID=178) to work on /home/airflow/.local/lib/python3.6/site-packages/airflow/example_dags/example_task_group_decorator.py
[2021-06-13 08:25:30,120] {scheduler_job.py:633} INFO - Processing file /home/airflow/.local/lib/python3.6/site-packages/airflow/example_dags/example_task_group_decorator.py for tasks to queue
[2021-06-13 08:25:30,122] {logging_mixin.py:104} INFO - [2021-06-13 08:25:30,121] {dagbag.py:487} INFO - Filling up the DagBag from /home/airflow/.local/lib/python3.6/site-packages/airflow/example_dags/example_task_group_decorator.py
[2021-06-13 08:25:30,144] {scheduler_job.py:643} INFO - DAG(s) dict_keys(['example_task_group_decorator']) retrieved from /home/airflow/.local/lib/python3.6/site-packages/airflow/example_dags/example_task_group_decorator.py
[2021-06-13 08:25:30,327] {logging_mixin.py:104} INFO - [2021-06-13 08:25:30,327] {dag.py:1832} INFO - Sync 1 DAGs
[2021-06-13 08:25:30,340] {logging_mixin.py:104} INFO - [2021-06-13 08:25:30,340] {dag.py:2305} INFO - Setting next_dagrun for example_task_group_decorator to 2021-06-11 00:00:00+00:00
[2021-06-13 08:25:30,352] {scheduler_job.py:190} INFO - Processing /home/airflow/.local/lib/python3.6/site-packages/airflow/example_dags/example_task_group_decorator.py took 0.235 seconds
[2021-06-13 08:26:00,916] {scheduler_job.py:182} INFO - Started process (PID=249) to work on /home/airflow/.local/lib/python3.6/site-packages/airflow/example_dags/example_task_group_decorator.py
[2021-06-13 08:26:00,918] {scheduler_job.py:633} INFO - Processing file /home/airflow/.local/lib/python3.6/site-packages/airflow/example_dags/example_task_group_decorator.py for tasks to queue
[2021-06-13 08:26:00,919] {logging_mixin.py:104} INFO - [2021-06-13 08:26:00,918] {dagbag.py:487} INFO - Filling up the DagBag from /home/airflow/.local/lib/python3.6/site-packages/airflow/example_dags/example_task_group_decorator.py
[2021-06-13 08:26:00,937] {scheduler_job.py:643} INFO - DAG(s) dict_keys(['example_task_group_decorator']) retrieved from /home/airflow/.local/lib/python3.6/site-packages/airflow/example_dags/example_task_group_decorator.py
[2021-06-13 08:26:01,134] {logging_mixin.py:104} INFO - [2021-06-13 08:26:01,134] {dag.py:1832} INFO - Sync 1 DAGs
[2021-06-13 08:26:01,148] {logging_mixin.py:104} INFO - [2021-06-13 08:26:01,148] {dag.py:2305} INFO - Setting next_dagrun for example_task_group_decorator to 2021-06-11 00:00:00+00:00
[2021-06-13 08:26:01,159] {scheduler_job.py:190} INFO - Processing /home/airflow/.local/lib/python3.6/site-packages/airflow/example_dags/example_task_group_decorator.py took 0.245 seconds
[2021-06-13 08:26:31,590] {scheduler_job.py:182} INFO - Started process (PID=322) to work on /home/airflow/.local/lib/python3.6/site-packages/airflow/example_dags/example_task_group_decorator.py
[2021-06-13 08:26:31,592] {scheduler_job.py:633} INFO - Processing file /home/airflow/.local/lib/python3.6/site-packages/airflow/example_dags/example_task_group_decorator.py for tasks to queue
[2021-06-13 08:26:31,592] {logging_mixin.py:104} INFO - [2021-06-13 08:26:31,592] {dagbag.py:487} INFO - Filling up the DagBag from /home/airflow/.local/lib/python3.6/site-packages/airflow/example_dags/example_task_group_decorator.py
[2021-06-13 08:26:31,617] {scheduler_job.py:643} INFO - DAG(s) dict_keys(['example_task_group_decorator']) retrieved from /home/airflow/.local/lib/python3.6/site-packages/airflow/example_dags/example_task_group_decorator.py
[2021-06-13 08:26:31,799] {logging_mixin.py:104} INFO - [2021-06-13 08:26:31,799] {dag.py:1832} INFO - Sync 1 DAGs
[2021-06-13 08:26:31,813] {logging_mixin.py:104} INFO - [2021-06-13 08:26:31,813] {dag.py:2305} INFO - Setting next_dagrun for example_task_group_decorator to 2021-06-11 00:00:00+00:00
[2021-06-13 08:26:31,825] {scheduler_job.py:190} INFO - Processing /home/airflow/.local/lib/python3.6/site-packages/airflow/example_dags/example_task_group_decorator.py took 0.237 seconds
[2021-06-13 08:27:02,428] {scheduler_job.py:182} INFO - Started process (PID=379) to work on /home/airflow/.local/lib/python3.6/site-packages/airflow/example_dags/example_task_group_decorator.py
[2021-06-13 08:27:02,429] {scheduler_job.py:633} INFO - Processing file /home/airflow/.local/lib/python3.6/site-packages/airflow/example_dags/example_task_group_decorator.py for tasks to queue
[2021-06-13 08:27:02,430] {logging_mixin.py:104} INFO - [2021-06-13 08:27:02,430] {dagbag.py:487} INFO - Filling up the DagBag from /home/airflow/.local/lib/python3.6/site-packages/airflow/example_dags/example_task_group_decorator.py
[2021-06-13 08:27:02,448] {scheduler_job.py:643} INFO - DAG(s) dict_keys(['example_task_group_decorator']) retrieved from /home/airflow/.local/lib/python3.6/site-packages/airflow/example_dags/example_task_group_decorator.py
[2021-06-13 08:27:02,623] {logging_mixin.py:104} INFO - [2021-06-13 08:27:02,623] {dag.py:1832} INFO - Sync 1 DAGs
[2021-06-13 08:27:02,634] {logging_mixin.py:104} INFO - [2021-06-13 08:27:02,634] {dag.py:2305} INFO - Setting next_dagrun for example_task_group_decorator to 2021-06-11 00:00:00+00:00
[2021-06-13 08:27:02,646] {scheduler_job.py:190} INFO - Processing /home/airflow/.local/lib/python3.6/site-packages/airflow/example_dags/example_task_group_decorator.py took 0.221 seconds
[2021-06-13 08:27:33,260] {scheduler_job.py:182} INFO - Started process (PID=452) to work on /home/airflow/.local/lib/python3.6/site-packages/airflow/example_dags/example_task_group_decorator.py
[2021-06-13 08:27:33,261] {scheduler_job.py:633} INFO - Processing file /home/airflow/.local/lib/python3.6/site-packages/airflow/example_dags/example_task_group_decorator.py for tasks to queue
[2021-06-13 08:27:33,262] {logging_mixin.py:104} INFO - [2021-06-13 08:27:33,262] {dagbag.py:487} INFO - Filling up the DagBag from /home/airflow/.local/lib/python3.6/site-packages/airflow/example_dags/example_task_group_decorator.py
[2021-06-13 08:27:33,283] {scheduler_job.py:643} INFO - DAG(s) dict_keys(['example_task_group_decorator']) retrieved from /home/airflow/.local/lib/python3.6/site-packages/airflow/example_dags/example_task_group_decorator.py
[2021-06-13 08:27:33,464] {logging_mixin.py:104} INFO - [2021-06-13 08:27:33,464] {dag.py:1832} INFO - Sync 1 DAGs
[2021-06-13 08:27:33,477] {logging_mixin.py:104} INFO - [2021-06-13 08:27:33,477] {dag.py:2305} INFO - Setting next_dagrun for example_task_group_decorator to 2021-06-11 00:00:00+00:00
[2021-06-13 08:27:33,489] {scheduler_job.py:190} INFO - Processing /home/airflow/.local/lib/python3.6/site-packages/airflow/example_dags/example_task_group_decorator.py took 0.231 seconds
[2021-06-13 08:28:04,115] {scheduler_job.py:182} INFO - Started process (PID=525) to work on /home/airflow/.local/lib/python3.6/site-packages/airflow/example_dags/example_task_group_decorator.py
[2021-06-13 08:28:04,116] {scheduler_job.py:633} INFO - Processing file /home/airflow/.local/lib/python3.6/site-packages/airflow/example_dags/example_task_group_decorator.py for tasks to queue
[2021-06-13 08:28:04,117] {logging_mixin.py:104} INFO - [2021-06-13 08:28:04,117] {dagbag.py:487} INFO - Filling up the DagBag from /home/airflow/.local/lib/python3.6/site-packages/airflow/example_dags/example_task_group_decorator.py
[2021-06-13 08:28:04,136] {scheduler_job.py:643} INFO - DAG(s) dict_keys(['example_task_group_decorator']) retrieved from /home/airflow/.local/lib/python3.6/site-packages/airflow/example_dags/example_task_group_decorator.py
[2021-06-13 08:28:04,325] {logging_mixin.py:104} INFO - [2021-06-13 08:28:04,325] {dag.py:1832} INFO - Sync 1 DAGs
[2021-06-13 08:28:04,340] {logging_mixin.py:104} INFO - [2021-06-13 08:28:04,340] {dag.py:2305} INFO - Setting next_dagrun for example_task_group_decorator to 2021-06-11 00:00:00+00:00
[2021-06-13 08:28:04,350] {scheduler_job.py:190} INFO - Processing /home/airflow/.local/lib/python3.6/site-packages/airflow/example_dags/example_task_group_decorator.py took 0.238 seconds
[2021-06-13 08:28:34,924] {scheduler_job.py:182} INFO - Started process (PID=583) to work on /home/airflow/.local/lib/python3.6/site-packages/airflow/example_dags/example_task_group_decorator.py
[2021-06-13 08:28:34,925] {scheduler_job.py:633} INFO - Processing file /home/airflow/.local/lib/python3.6/site-packages/airflow/example_dags/example_task_group_decorator.py for tasks to queue
[2021-06-13 08:28:34,926] {logging_mixin.py:104} INFO - [2021-06-13 08:28:34,926] {dagbag.py:487} INFO - Filling up the DagBag from /home/airflow/.local/lib/python3.6/site-packages/airflow/example_dags/example_task_group_decorator.py
[2021-06-13 08:28:34,946] {scheduler_job.py:643} INFO - DAG(s) dict_keys(['example_task_group_decorator']) retrieved from /home/airflow/.local/lib/python3.6/site-packages/airflow/example_dags/example_task_group_decorator.py
[2021-06-13 08:28:35,150] {logging_mixin.py:104} INFO - [2021-06-13 08:28:35,150] {dag.py:1832} INFO - Sync 1 DAGs
[2021-06-13 08:28:35,164] {logging_mixin.py:104} INFO - [2021-06-13 08:28:35,164] {dag.py:2305} INFO - Setting next_dagrun for example_task_group_decorator to 2021-06-11 00:00:00+00:00
[2021-06-13 08:28:35,177] {scheduler_job.py:190} INFO - Processing /home/airflow/.local/lib/python3.6/site-packages/airflow/example_dags/example_task_group_decorator.py took 0.255 seconds
[2021-06-13 08:29:05,716] {scheduler_job.py:182} INFO - Started process (PID=656) to work on /home/airflow/.local/lib/python3.6/site-packages/airflow/example_dags/example_task_group_decorator.py
[2021-06-13 08:29:05,718] {scheduler_job.py:633} INFO - Processing file /home/airflow/.local/lib/python3.6/site-packages/airflow/example_dags/example_task_group_decorator.py for tasks to queue
[2021-06-13 08:29:05,719] {logging_mixin.py:104} INFO - [2021-06-13 08:29:05,719] {dagbag.py:487} INFO - Filling up the DagBag from /home/airflow/.local/lib/python3.6/site-packages/airflow/example_dags/example_task_group_decorator.py
[2021-06-13 08:29:05,738] {scheduler_job.py:643} INFO - DAG(s) dict_keys(['example_task_group_decorator']) retrieved from /home/airflow/.local/lib/python3.6/site-packages/airflow/example_dags/example_task_group_decorator.py
[2021-06-13 08:29:05,920] {logging_mixin.py:104} INFO - [2021-06-13 08:29:05,920] {dag.py:1832} INFO - Sync 1 DAGs
[2021-06-13 08:29:05,932] {logging_mixin.py:104} INFO - [2021-06-13 08:29:05,932] {dag.py:2305} INFO - Setting next_dagrun for example_task_group_decorator to 2021-06-11 00:00:00+00:00
[2021-06-13 08:29:05,946] {scheduler_job.py:190} INFO - Processing /home/airflow/.local/lib/python3.6/site-packages/airflow/example_dags/example_task_group_decorator.py took 0.233 seconds
[2021-06-13 08:29:36,606] {scheduler_job.py:182} INFO - Started process (PID=738) to work on /home/airflow/.local/lib/python3.6/site-packages/airflow/example_dags/example_task_group_decorator.py
[2021-06-13 08:29:36,607] {scheduler_job.py:633} INFO - Processing file /home/airflow/.local/lib/python3.6/site-packages/airflow/example_dags/example_task_group_decorator.py for tasks to queue
[2021-06-13 08:29:36,608] {logging_mixin.py:104} INFO - [2021-06-13 08:29:36,608] {dagbag.py:487} INFO - Filling up the DagBag from /home/airflow/.local/lib/python3.6/site-packages/airflow/example_dags/example_task_group_decorator.py
[2021-06-13 08:29:36,627] {scheduler_job.py:643} INFO - DAG(s) dict_keys(['example_task_group_decorator']) retrieved from /home/airflow/.local/lib/python3.6/site-packages/airflow/example_dags/example_task_group_decorator.py
[2021-06-13 08:29:36,804] {logging_mixin.py:104} INFO - [2021-06-13 08:29:36,804] {dag.py:1832} INFO - Sync 1 DAGs
[2021-06-13 08:29:36,817] {logging_mixin.py:104} INFO - [2021-06-13 08:29:36,817] {dag.py:2305} INFO - Setting next_dagrun for example_task_group_decorator to 2021-06-11 00:00:00+00:00
[2021-06-13 08:29:36,829] {scheduler_job.py:190} INFO - Processing /home/airflow/.local/lib/python3.6/site-packages/airflow/example_dags/example_task_group_decorator.py took 0.228 seconds
[2021-06-13 08:30:07,297] {scheduler_job.py:182} INFO - Started process (PID=800) to work on /home/airflow/.local/lib/python3.6/site-packages/airflow/example_dags/example_task_group_decorator.py
[2021-06-13 08:30:07,298] {scheduler_job.py:633} INFO - Processing file /home/airflow/.local/lib/python3.6/site-packages/airflow/example_dags/example_task_group_decorator.py for tasks to queue
[2021-06-13 08:30:07,299] {logging_mixin.py:104} INFO - [2021-06-13 08:30:07,299] {dagbag.py:487} INFO - Filling up the DagBag from /home/airflow/.local/lib/python3.6/site-packages/airflow/example_dags/example_task_group_decorator.py
[2021-06-13 08:30:07,318] {scheduler_job.py:643} INFO - DAG(s) dict_keys(['example_task_group_decorator']) retrieved from /home/airflow/.local/lib/python3.6/site-packages/airflow/example_dags/example_task_group_decorator.py
[2021-06-13 08:30:07,497] {logging_mixin.py:104} INFO - [2021-06-13 08:30:07,497] {dag.py:1832} INFO - Sync 1 DAGs
[2021-06-13 08:30:07,509] {logging_mixin.py:104} INFO - [2021-06-13 08:30:07,509] {dag.py:2305} INFO - Setting next_dagrun for example_task_group_decorator to 2021-06-11 00:00:00+00:00
[2021-06-13 08:30:07,522] {scheduler_job.py:190} INFO - Processing /home/airflow/.local/lib/python3.6/site-packages/airflow/example_dags/example_task_group_decorator.py took 0.227 seconds
[2021-06-13 08:30:38,096] {scheduler_job.py:182} INFO - Started process (PID=872) to work on /home/airflow/.local/lib/python3.6/site-packages/airflow/example_dags/example_task_group_decorator.py
[2021-06-13 08:30:38,097] {scheduler_job.py:633} INFO - Processing file /home/airflow/.local/lib/python3.6/site-packages/airflow/example_dags/example_task_group_decorator.py for tasks to queue
[2021-06-13 08:30:38,098] {logging_mixin.py:104} INFO - [2021-06-13 08:30:38,098] {dagbag.py:487} INFO - Filling up the DagBag from /home/airflow/.local/lib/python3.6/site-packages/airflow/example_dags/example_task_group_decorator.py
[2021-06-13 08:30:38,118] {scheduler_job.py:643} INFO - DAG(s) dict_keys(['example_task_group_decorator']) retrieved from /home/airflow/.local/lib/python3.6/site-packages/airflow/example_dags/example_task_group_decorator.py
[2021-06-13 08:30:38,294] {logging_mixin.py:104} INFO - [2021-06-13 08:30:38,294] {dag.py:1832} INFO - Sync 1 DAGs
[2021-06-13 08:30:38,306] {logging_mixin.py:104} INFO - [2021-06-13 08:30:38,306] {dag.py:2305} INFO - Setting next_dagrun for example_task_group_decorator to 2021-06-11 00:00:00+00:00
[2021-06-13 08:30:38,321] {scheduler_job.py:190} INFO - Processing /home/airflow/.local/lib/python3.6/site-packages/airflow/example_dags/example_task_group_decorator.py took 0.227 seconds
[2021-06-13 08:31:08,825] {scheduler_job.py:182} INFO - Started process (PID=944) to work on /home/airflow/.local/lib/python3.6/site-packages/airflow/example_dags/example_task_group_decorator.py
[2021-06-13 08:31:08,827] {scheduler_job.py:633} INFO - Processing file /home/airflow/.local/lib/python3.6/site-packages/airflow/example_dags/example_task_group_decorator.py for tasks to queue
[2021-06-13 08:31:08,827] {logging_mixin.py:104} INFO - [2021-06-13 08:31:08,827] {dagbag.py:487} INFO - Filling up the DagBag from /home/airflow/.local/lib/python3.6/site-packages/airflow/example_dags/example_task_group_decorator.py
[2021-06-13 08:31:08,851] {scheduler_job.py:643} INFO - DAG(s) dict_keys(['example_task_group_decorator']) retrieved from /home/airflow/.local/lib/python3.6/site-packages/airflow/example_dags/example_task_group_decorator.py
[2021-06-13 08:31:08,872] {logging_mixin.py:104} INFO - [2021-06-13 08:31:08,872] {dag.py:1832} INFO - Sync 1 DAGs
[2021-06-13 08:31:08,885] {logging_mixin.py:104} INFO - [2021-06-13 08:31:08,885] {dag.py:2305} INFO - Setting next_dagrun for example_task_group_decorator to 2021-06-11 00:00:00+00:00
[2021-06-13 08:31:08,895] {scheduler_job.py:190} INFO - Processing /home/airflow/.local/lib/python3.6/site-packages/airflow/example_dags/example_task_group_decorator.py took 0.072 seconds
[2021-06-13 08:31:39,546] {scheduler_job.py:182} INFO - Started process (PID=1002) to work on /home/airflow/.local/lib/python3.6/site-packages/airflow/example_dags/example_task_group_decorator.py
[2021-06-13 08:31:39,547] {scheduler_job.py:633} INFO - Processing file /home/airflow/.local/lib/python3.6/site-packages/airflow/example_dags/example_task_group_decorator.py for tasks to queue
[2021-06-13 08:31:39,548] {logging_mixin.py:104} INFO - [2021-06-13 08:31:39,548] {dagbag.py:487} INFO - Filling up the DagBag from /home/airflow/.local/lib/python3.6/site-packages/airflow/example_dags/example_task_group_decorator.py
[2021-06-13 08:31:39,566] {scheduler_job.py:643} INFO - DAG(s) dict_keys(['example_task_group_decorator']) retrieved from /home/airflow/.local/lib/python3.6/site-packages/airflow/example_dags/example_task_group_decorator.py
[2021-06-13 08:31:39,743] {logging_mixin.py:104} INFO - [2021-06-13 08:31:39,742] {dag.py:1832} INFO - Sync 1 DAGs
[2021-06-13 08:31:39,756] {logging_mixin.py:104} INFO - [2021-06-13 08:31:39,756] {dag.py:2305} INFO - Setting next_dagrun for example_task_group_decorator to 2021-06-11 00:00:00+00:00
[2021-06-13 08:31:39,769] {scheduler_job.py:190} INFO - Processing /home/airflow/.local/lib/python3.6/site-packages/airflow/example_dags/example_task_group_decorator.py took 0.225 seconds
[2021-06-13 08:32:10,081] {scheduler_job.py:182} INFO - Started process (PID=1074) to work on /home/airflow/.local/lib/python3.6/site-packages/airflow/example_dags/example_task_group_decorator.py
[2021-06-13 08:32:10,082] {scheduler_job.py:633} INFO - Processing file /home/airflow/.local/lib/python3.6/site-packages/airflow/example_dags/example_task_group_decorator.py for tasks to queue
[2021-06-13 08:32:10,083] {logging_mixin.py:104} INFO - [2021-06-13 08:32:10,083] {dagbag.py:487} INFO - Filling up the DagBag from /home/airflow/.local/lib/python3.6/site-packages/airflow/example_dags/example_task_group_decorator.py
[2021-06-13 08:32:10,103] {scheduler_job.py:643} INFO - DAG(s) dict_keys(['example_task_group_decorator']) retrieved from /home/airflow/.local/lib/python3.6/site-packages/airflow/example_dags/example_task_group_decorator.py
[2021-06-13 08:32:10,278] {logging_mixin.py:104} INFO - [2021-06-13 08:32:10,278] {dag.py:1832} INFO - Sync 1 DAGs
[2021-06-13 08:32:10,289] {logging_mixin.py:104} INFO - [2021-06-13 08:32:10,289] {dag.py:2305} INFO - Setting next_dagrun for example_task_group_decorator to 2021-06-11 00:00:00+00:00
[2021-06-13 08:32:10,301] {scheduler_job.py:190} INFO - Processing /home/airflow/.local/lib/python3.6/site-packages/airflow/example_dags/example_task_group_decorator.py took 0.222 seconds
