[2021-06-13 08:07:37,117] {scheduler_job.py:182} INFO - Started process (PID=67) to work on /home/airflow/.local/lib/python3.6/site-packages/airflow/example_dags/example_branch_labels.py
[2021-06-13 08:07:37,118] {scheduler_job.py:633} INFO - Processing file /home/airflow/.local/lib/python3.6/site-packages/airflow/example_dags/example_branch_labels.py for tasks to queue
[2021-06-13 08:07:37,119] {logging_mixin.py:104} INFO - [2021-06-13 08:07:37,119] {dagbag.py:487} INFO - Filling up the DagBag from /home/airflow/.local/lib/python3.6/site-packages/airflow/example_dags/example_branch_labels.py
[2021-06-13 08:07:37,151] {scheduler_job.py:643} INFO - DAG(s) dict_keys(['example_branch_labels']) retrieved from /home/airflow/.local/lib/python3.6/site-packages/airflow/example_dags/example_branch_labels.py
[2021-06-13 08:07:41,072] {logging_mixin.py:104} INFO - [2021-06-13 08:07:41,071] {dag.py:1832} INFO - Sync 1 DAGs
[2021-06-13 08:07:41,086] {logging_mixin.py:104} INFO - [2021-06-13 08:07:41,085] {dag.py:1851} INFO - Creating ORM DAG for example_branch_labels
[2021-06-13 08:07:41,102] {logging_mixin.py:104} INFO - [2021-06-13 08:07:41,101] {dag.py:2305} INFO - Setting next_dagrun for example_branch_labels to 2021-06-11 00:00:00+00:00
[2021-06-13 08:07:41,119] {scheduler_job.py:190} INFO - Processing /home/airflow/.local/lib/python3.6/site-packages/airflow/example_dags/example_branch_labels.py took 4.005 seconds
[2021-06-13 08:08:11,941] {scheduler_job.py:182} INFO - Started process (PID=150) to work on /home/airflow/.local/lib/python3.6/site-packages/airflow/example_dags/example_branch_labels.py
[2021-06-13 08:08:11,942] {scheduler_job.py:633} INFO - Processing file /home/airflow/.local/lib/python3.6/site-packages/airflow/example_dags/example_branch_labels.py for tasks to queue
[2021-06-13 08:08:11,943] {logging_mixin.py:104} INFO - [2021-06-13 08:08:11,943] {dagbag.py:487} INFO - Filling up the DagBag from /home/airflow/.local/lib/python3.6/site-packages/airflow/example_dags/example_branch_labels.py
[2021-06-13 08:08:11,952] {scheduler_job.py:643} INFO - DAG(s) dict_keys(['example_branch_labels']) retrieved from /home/airflow/.local/lib/python3.6/site-packages/airflow/example_dags/example_branch_labels.py
[2021-06-13 08:08:11,970] {logging_mixin.py:104} INFO - [2021-06-13 08:08:11,970] {dag.py:1832} INFO - Sync 1 DAGs
[2021-06-13 08:08:11,985] {logging_mixin.py:104} INFO - [2021-06-13 08:08:11,985] {dag.py:2305} INFO - Setting next_dagrun for example_branch_labels to 2021-06-11 00:00:00+00:00
[2021-06-13 08:08:11,994] {scheduler_job.py:190} INFO - Processing /home/airflow/.local/lib/python3.6/site-packages/airflow/example_dags/example_branch_labels.py took 0.055 seconds
[2021-06-13 08:08:42,250] {scheduler_job.py:182} INFO - Started process (PID=250) to work on /home/airflow/.local/lib/python3.6/site-packages/airflow/example_dags/example_branch_labels.py
[2021-06-13 08:08:42,251] {scheduler_job.py:633} INFO - Processing file /home/airflow/.local/lib/python3.6/site-packages/airflow/example_dags/example_branch_labels.py for tasks to queue
[2021-06-13 08:08:42,252] {logging_mixin.py:104} INFO - [2021-06-13 08:08:42,252] {dagbag.py:487} INFO - Filling up the DagBag from /home/airflow/.local/lib/python3.6/site-packages/airflow/example_dags/example_branch_labels.py
[2021-06-13 08:08:42,261] {scheduler_job.py:643} INFO - DAG(s) dict_keys(['example_branch_labels']) retrieved from /home/airflow/.local/lib/python3.6/site-packages/airflow/example_dags/example_branch_labels.py
[2021-06-13 08:08:42,285] {logging_mixin.py:104} INFO - [2021-06-13 08:08:42,285] {dag.py:1832} INFO - Sync 1 DAGs
[2021-06-13 08:08:42,302] {logging_mixin.py:104} INFO - [2021-06-13 08:08:42,302] {dag.py:2305} INFO - Setting next_dagrun for example_branch_labels to 2021-06-11 00:00:00+00:00
[2021-06-13 08:08:42,322] {scheduler_job.py:190} INFO - Processing /home/airflow/.local/lib/python3.6/site-packages/airflow/example_dags/example_branch_labels.py took 0.075 seconds
[2021-06-13 08:09:12,693] {scheduler_job.py:182} INFO - Started process (PID=322) to work on /home/airflow/.local/lib/python3.6/site-packages/airflow/example_dags/example_branch_labels.py
[2021-06-13 08:09:12,696] {scheduler_job.py:633} INFO - Processing file /home/airflow/.local/lib/python3.6/site-packages/airflow/example_dags/example_branch_labels.py for tasks to queue
[2021-06-13 08:09:12,699] {logging_mixin.py:104} INFO - [2021-06-13 08:09:12,699] {dagbag.py:487} INFO - Filling up the DagBag from /home/airflow/.local/lib/python3.6/site-packages/airflow/example_dags/example_branch_labels.py
[2021-06-13 08:09:12,718] {scheduler_job.py:643} INFO - DAG(s) dict_keys(['example_branch_labels']) retrieved from /home/airflow/.local/lib/python3.6/site-packages/airflow/example_dags/example_branch_labels.py
[2021-06-13 08:09:12,748] {logging_mixin.py:104} INFO - [2021-06-13 08:09:12,748] {dag.py:1832} INFO - Sync 1 DAGs
[2021-06-13 08:09:12,769] {logging_mixin.py:104} INFO - [2021-06-13 08:09:12,769] {dag.py:2305} INFO - Setting next_dagrun for example_branch_labels to 2021-06-11 00:00:00+00:00
[2021-06-13 08:09:12,780] {scheduler_job.py:190} INFO - Processing /home/airflow/.local/lib/python3.6/site-packages/airflow/example_dags/example_branch_labels.py took 0.091 seconds
[2021-06-13 08:09:43,143] {scheduler_job.py:182} INFO - Started process (PID=381) to work on /home/airflow/.local/lib/python3.6/site-packages/airflow/example_dags/example_branch_labels.py
[2021-06-13 08:09:43,144] {scheduler_job.py:633} INFO - Processing file /home/airflow/.local/lib/python3.6/site-packages/airflow/example_dags/example_branch_labels.py for tasks to queue
[2021-06-13 08:09:43,145] {logging_mixin.py:104} INFO - [2021-06-13 08:09:43,145] {dagbag.py:487} INFO - Filling up the DagBag from /home/airflow/.local/lib/python3.6/site-packages/airflow/example_dags/example_branch_labels.py
[2021-06-13 08:09:43,154] {scheduler_job.py:643} INFO - DAG(s) dict_keys(['example_branch_labels']) retrieved from /home/airflow/.local/lib/python3.6/site-packages/airflow/example_dags/example_branch_labels.py
[2021-06-13 08:09:43,174] {logging_mixin.py:104} INFO - [2021-06-13 08:09:43,173] {dag.py:1832} INFO - Sync 1 DAGs
[2021-06-13 08:09:43,189] {logging_mixin.py:104} INFO - [2021-06-13 08:09:43,189] {dag.py:2305} INFO - Setting next_dagrun for example_branch_labels to 2021-06-11 00:00:00+00:00
[2021-06-13 08:09:43,197] {scheduler_job.py:190} INFO - Processing /home/airflow/.local/lib/python3.6/site-packages/airflow/example_dags/example_branch_labels.py took 0.057 seconds
[2021-06-13 08:10:13,535] {scheduler_job.py:182} INFO - Started process (PID=453) to work on /home/airflow/.local/lib/python3.6/site-packages/airflow/example_dags/example_branch_labels.py
[2021-06-13 08:10:13,537] {scheduler_job.py:633} INFO - Processing file /home/airflow/.local/lib/python3.6/site-packages/airflow/example_dags/example_branch_labels.py for tasks to queue
[2021-06-13 08:10:13,538] {logging_mixin.py:104} INFO - [2021-06-13 08:10:13,537] {dagbag.py:487} INFO - Filling up the DagBag from /home/airflow/.local/lib/python3.6/site-packages/airflow/example_dags/example_branch_labels.py
[2021-06-13 08:10:13,547] {scheduler_job.py:643} INFO - DAG(s) dict_keys(['example_branch_labels']) retrieved from /home/airflow/.local/lib/python3.6/site-packages/airflow/example_dags/example_branch_labels.py
[2021-06-13 08:10:13,565] {logging_mixin.py:104} INFO - [2021-06-13 08:10:13,565] {dag.py:1832} INFO - Sync 1 DAGs
[2021-06-13 08:10:13,581] {logging_mixin.py:104} INFO - [2021-06-13 08:10:13,581] {dag.py:2305} INFO - Setting next_dagrun for example_branch_labels to 2021-06-11 00:00:00+00:00
[2021-06-13 08:10:13,590] {scheduler_job.py:190} INFO - Processing /home/airflow/.local/lib/python3.6/site-packages/airflow/example_dags/example_branch_labels.py took 0.057 seconds
[2021-06-13 08:10:43,971] {scheduler_job.py:182} INFO - Started process (PID=521) to work on /home/airflow/.local/lib/python3.6/site-packages/airflow/example_dags/example_branch_labels.py
[2021-06-13 08:10:43,973] {scheduler_job.py:633} INFO - Processing file /home/airflow/.local/lib/python3.6/site-packages/airflow/example_dags/example_branch_labels.py for tasks to queue
[2021-06-13 08:10:43,974] {logging_mixin.py:104} INFO - [2021-06-13 08:10:43,974] {dagbag.py:487} INFO - Filling up the DagBag from /home/airflow/.local/lib/python3.6/site-packages/airflow/example_dags/example_branch_labels.py
[2021-06-13 08:10:43,984] {scheduler_job.py:643} INFO - DAG(s) dict_keys(['example_branch_labels']) retrieved from /home/airflow/.local/lib/python3.6/site-packages/airflow/example_dags/example_branch_labels.py
[2021-06-13 08:10:44,004] {logging_mixin.py:104} INFO - [2021-06-13 08:10:44,004] {dag.py:1832} INFO - Sync 1 DAGs
[2021-06-13 08:10:44,021] {logging_mixin.py:104} INFO - [2021-06-13 08:10:44,021] {dag.py:2305} INFO - Setting next_dagrun for example_branch_labels to 2021-06-11 00:00:00+00:00
[2021-06-13 08:10:44,030] {scheduler_job.py:190} INFO - Processing /home/airflow/.local/lib/python3.6/site-packages/airflow/example_dags/example_branch_labels.py took 0.060 seconds
[2021-06-13 08:11:14,387] {scheduler_job.py:182} INFO - Started process (PID=596) to work on /home/airflow/.local/lib/python3.6/site-packages/airflow/example_dags/example_branch_labels.py
[2021-06-13 08:11:14,388] {scheduler_job.py:633} INFO - Processing file /home/airflow/.local/lib/python3.6/site-packages/airflow/example_dags/example_branch_labels.py for tasks to queue
[2021-06-13 08:11:14,389] {logging_mixin.py:104} INFO - [2021-06-13 08:11:14,389] {dagbag.py:487} INFO - Filling up the DagBag from /home/airflow/.local/lib/python3.6/site-packages/airflow/example_dags/example_branch_labels.py
[2021-06-13 08:11:14,398] {scheduler_job.py:643} INFO - DAG(s) dict_keys(['example_branch_labels']) retrieved from /home/airflow/.local/lib/python3.6/site-packages/airflow/example_dags/example_branch_labels.py
[2021-06-13 08:11:14,417] {logging_mixin.py:104} INFO - [2021-06-13 08:11:14,417] {dag.py:1832} INFO - Sync 1 DAGs
[2021-06-13 08:11:14,432] {logging_mixin.py:104} INFO - [2021-06-13 08:11:14,432] {dag.py:2305} INFO - Setting next_dagrun for example_branch_labels to 2021-06-11 00:00:00+00:00
[2021-06-13 08:11:14,442] {scheduler_job.py:190} INFO - Processing /home/airflow/.local/lib/python3.6/site-packages/airflow/example_dags/example_branch_labels.py took 0.057 seconds
[2021-06-13 08:11:44,719] {scheduler_job.py:182} INFO - Started process (PID=669) to work on /home/airflow/.local/lib/python3.6/site-packages/airflow/example_dags/example_branch_labels.py
[2021-06-13 08:11:44,720] {scheduler_job.py:633} INFO - Processing file /home/airflow/.local/lib/python3.6/site-packages/airflow/example_dags/example_branch_labels.py for tasks to queue
[2021-06-13 08:11:44,721] {logging_mixin.py:104} INFO - [2021-06-13 08:11:44,721] {dagbag.py:487} INFO - Filling up the DagBag from /home/airflow/.local/lib/python3.6/site-packages/airflow/example_dags/example_branch_labels.py
[2021-06-13 08:11:44,733] {scheduler_job.py:643} INFO - DAG(s) dict_keys(['example_branch_labels']) retrieved from /home/airflow/.local/lib/python3.6/site-packages/airflow/example_dags/example_branch_labels.py
[2021-06-13 08:11:44,751] {logging_mixin.py:104} INFO - [2021-06-13 08:11:44,751] {dag.py:1832} INFO - Sync 1 DAGs
[2021-06-13 08:11:44,767] {logging_mixin.py:104} INFO - [2021-06-13 08:11:44,767] {dag.py:2305} INFO - Setting next_dagrun for example_branch_labels to 2021-06-11 00:00:00+00:00
[2021-06-13 08:11:44,782] {scheduler_job.py:190} INFO - Processing /home/airflow/.local/lib/python3.6/site-packages/airflow/example_dags/example_branch_labels.py took 0.066 seconds
[2021-06-13 08:14:00,164] {scheduler_job.py:182} INFO - Started process (PID=52) to work on /home/airflow/.local/lib/python3.6/site-packages/airflow/example_dags/example_branch_labels.py
[2021-06-13 08:14:00,165] {scheduler_job.py:633} INFO - Processing file /home/airflow/.local/lib/python3.6/site-packages/airflow/example_dags/example_branch_labels.py for tasks to queue
[2021-06-13 08:14:00,165] {logging_mixin.py:104} INFO - [2021-06-13 08:14:00,165] {dagbag.py:487} INFO - Filling up the DagBag from /home/airflow/.local/lib/python3.6/site-packages/airflow/example_dags/example_branch_labels.py
[2021-06-13 08:14:00,200] {scheduler_job.py:643} INFO - DAG(s) dict_keys(['example_branch_labels']) retrieved from /home/airflow/.local/lib/python3.6/site-packages/airflow/example_dags/example_branch_labels.py
[2021-06-13 08:14:00,239] {logging_mixin.py:104} INFO - [2021-06-13 08:14:00,239] {dag.py:1832} INFO - Sync 1 DAGs
[2021-06-13 08:14:00,262] {logging_mixin.py:104} INFO - [2021-06-13 08:14:00,262] {dag.py:2305} INFO - Setting next_dagrun for example_branch_labels to 2021-06-11 00:00:00+00:00
[2021-06-13 08:14:00,285] {scheduler_job.py:190} INFO - Processing /home/airflow/.local/lib/python3.6/site-packages/airflow/example_dags/example_branch_labels.py took 0.124 seconds
[2021-06-13 08:14:30,351] {scheduler_job.py:182} INFO - Started process (PID=123) to work on /home/airflow/.local/lib/python3.6/site-packages/airflow/example_dags/example_branch_labels.py
[2021-06-13 08:14:30,353] {scheduler_job.py:633} INFO - Processing file /home/airflow/.local/lib/python3.6/site-packages/airflow/example_dags/example_branch_labels.py for tasks to queue
[2021-06-13 08:14:30,354] {logging_mixin.py:104} INFO - [2021-06-13 08:14:30,354] {dagbag.py:487} INFO - Filling up the DagBag from /home/airflow/.local/lib/python3.6/site-packages/airflow/example_dags/example_branch_labels.py
[2021-06-13 08:14:30,367] {scheduler_job.py:643} INFO - DAG(s) dict_keys(['example_branch_labels']) retrieved from /home/airflow/.local/lib/python3.6/site-packages/airflow/example_dags/example_branch_labels.py
[2021-06-13 08:14:30,388] {logging_mixin.py:104} INFO - [2021-06-13 08:14:30,388] {dag.py:1832} INFO - Sync 1 DAGs
[2021-06-13 08:14:30,405] {logging_mixin.py:104} INFO - [2021-06-13 08:14:30,405] {dag.py:2305} INFO - Setting next_dagrun for example_branch_labels to 2021-06-11 00:00:00+00:00
[2021-06-13 08:14:30,415] {scheduler_job.py:190} INFO - Processing /home/airflow/.local/lib/python3.6/site-packages/airflow/example_dags/example_branch_labels.py took 0.066 seconds
[2021-06-13 08:15:01,111] {scheduler_job.py:182} INFO - Started process (PID=190) to work on /home/airflow/.local/lib/python3.6/site-packages/airflow/example_dags/example_branch_labels.py
[2021-06-13 08:15:01,113] {scheduler_job.py:633} INFO - Processing file /home/airflow/.local/lib/python3.6/site-packages/airflow/example_dags/example_branch_labels.py for tasks to queue
[2021-06-13 08:15:01,113] {logging_mixin.py:104} INFO - [2021-06-13 08:15:01,113] {dagbag.py:487} INFO - Filling up the DagBag from /home/airflow/.local/lib/python3.6/site-packages/airflow/example_dags/example_branch_labels.py
[2021-06-13 08:15:01,122] {scheduler_job.py:643} INFO - DAG(s) dict_keys(['example_branch_labels']) retrieved from /home/airflow/.local/lib/python3.6/site-packages/airflow/example_dags/example_branch_labels.py
[2021-06-13 08:15:01,139] {logging_mixin.py:104} INFO - [2021-06-13 08:15:01,139] {dag.py:1832} INFO - Sync 1 DAGs
[2021-06-13 08:15:01,155] {logging_mixin.py:104} INFO - [2021-06-13 08:15:01,155] {dag.py:2305} INFO - Setting next_dagrun for example_branch_labels to 2021-06-11 00:00:00+00:00
[2021-06-13 08:15:01,173] {scheduler_job.py:190} INFO - Processing /home/airflow/.local/lib/python3.6/site-packages/airflow/example_dags/example_branch_labels.py took 0.064 seconds
[2021-06-13 08:15:31,923] {scheduler_job.py:182} INFO - Started process (PID=263) to work on /home/airflow/.local/lib/python3.6/site-packages/airflow/example_dags/example_branch_labels.py
[2021-06-13 08:15:31,925] {scheduler_job.py:633} INFO - Processing file /home/airflow/.local/lib/python3.6/site-packages/airflow/example_dags/example_branch_labels.py for tasks to queue
[2021-06-13 08:15:31,926] {logging_mixin.py:104} INFO - [2021-06-13 08:15:31,925] {dagbag.py:487} INFO - Filling up the DagBag from /home/airflow/.local/lib/python3.6/site-packages/airflow/example_dags/example_branch_labels.py
[2021-06-13 08:15:31,935] {scheduler_job.py:643} INFO - DAG(s) dict_keys(['example_branch_labels']) retrieved from /home/airflow/.local/lib/python3.6/site-packages/airflow/example_dags/example_branch_labels.py
[2021-06-13 08:15:31,955] {logging_mixin.py:104} INFO - [2021-06-13 08:15:31,955] {dag.py:1832} INFO - Sync 1 DAGs
[2021-06-13 08:15:31,976] {logging_mixin.py:104} INFO - [2021-06-13 08:15:31,976] {dag.py:2305} INFO - Setting next_dagrun for example_branch_labels to 2021-06-11 00:00:00+00:00
[2021-06-13 08:15:31,985] {scheduler_job.py:190} INFO - Processing /home/airflow/.local/lib/python3.6/site-packages/airflow/example_dags/example_branch_labels.py took 0.064 seconds
[2021-06-13 08:16:02,577] {scheduler_job.py:182} INFO - Started process (PID=334) to work on /home/airflow/.local/lib/python3.6/site-packages/airflow/example_dags/example_branch_labels.py
[2021-06-13 08:16:02,578] {scheduler_job.py:633} INFO - Processing file /home/airflow/.local/lib/python3.6/site-packages/airflow/example_dags/example_branch_labels.py for tasks to queue
[2021-06-13 08:16:02,579] {logging_mixin.py:104} INFO - [2021-06-13 08:16:02,579] {dagbag.py:487} INFO - Filling up the DagBag from /home/airflow/.local/lib/python3.6/site-packages/airflow/example_dags/example_branch_labels.py
[2021-06-13 08:16:02,589] {scheduler_job.py:643} INFO - DAG(s) dict_keys(['example_branch_labels']) retrieved from /home/airflow/.local/lib/python3.6/site-packages/airflow/example_dags/example_branch_labels.py
[2021-06-13 08:16:02,608] {logging_mixin.py:104} INFO - [2021-06-13 08:16:02,608] {dag.py:1832} INFO - Sync 1 DAGs
[2021-06-13 08:16:02,623] {logging_mixin.py:104} INFO - [2021-06-13 08:16:02,623] {dag.py:2305} INFO - Setting next_dagrun for example_branch_labels to 2021-06-11 00:00:00+00:00
[2021-06-13 08:16:02,632] {scheduler_job.py:190} INFO - Processing /home/airflow/.local/lib/python3.6/site-packages/airflow/example_dags/example_branch_labels.py took 0.057 seconds
[2021-06-13 08:16:33,385] {scheduler_job.py:182} INFO - Started process (PID=393) to work on /home/airflow/.local/lib/python3.6/site-packages/airflow/example_dags/example_branch_labels.py
[2021-06-13 08:16:33,386] {scheduler_job.py:633} INFO - Processing file /home/airflow/.local/lib/python3.6/site-packages/airflow/example_dags/example_branch_labels.py for tasks to queue
[2021-06-13 08:16:33,387] {logging_mixin.py:104} INFO - [2021-06-13 08:16:33,387] {dagbag.py:487} INFO - Filling up the DagBag from /home/airflow/.local/lib/python3.6/site-packages/airflow/example_dags/example_branch_labels.py
[2021-06-13 08:16:33,396] {scheduler_job.py:643} INFO - DAG(s) dict_keys(['example_branch_labels']) retrieved from /home/airflow/.local/lib/python3.6/site-packages/airflow/example_dags/example_branch_labels.py
[2021-06-13 08:16:33,414] {logging_mixin.py:104} INFO - [2021-06-13 08:16:33,414] {dag.py:1832} INFO - Sync 1 DAGs
[2021-06-13 08:16:33,429] {logging_mixin.py:104} INFO - [2021-06-13 08:16:33,429] {dag.py:2305} INFO - Setting next_dagrun for example_branch_labels to 2021-06-11 00:00:00+00:00
[2021-06-13 08:16:33,437] {scheduler_job.py:190} INFO - Processing /home/airflow/.local/lib/python3.6/site-packages/airflow/example_dags/example_branch_labels.py took 0.053 seconds
[2021-06-13 08:17:04,183] {scheduler_job.py:182} INFO - Started process (PID=465) to work on /home/airflow/.local/lib/python3.6/site-packages/airflow/example_dags/example_branch_labels.py
[2021-06-13 08:17:04,185] {scheduler_job.py:633} INFO - Processing file /home/airflow/.local/lib/python3.6/site-packages/airflow/example_dags/example_branch_labels.py for tasks to queue
[2021-06-13 08:17:04,186] {logging_mixin.py:104} INFO - [2021-06-13 08:17:04,186] {dagbag.py:487} INFO - Filling up the DagBag from /home/airflow/.local/lib/python3.6/site-packages/airflow/example_dags/example_branch_labels.py
[2021-06-13 08:17:04,197] {scheduler_job.py:643} INFO - DAG(s) dict_keys(['example_branch_labels']) retrieved from /home/airflow/.local/lib/python3.6/site-packages/airflow/example_dags/example_branch_labels.py
[2021-06-13 08:17:04,219] {logging_mixin.py:104} INFO - [2021-06-13 08:17:04,219] {dag.py:1832} INFO - Sync 1 DAGs
[2021-06-13 08:17:04,237] {logging_mixin.py:104} INFO - [2021-06-13 08:17:04,237] {dag.py:2305} INFO - Setting next_dagrun for example_branch_labels to 2021-06-11 00:00:00+00:00
[2021-06-13 08:17:04,248] {scheduler_job.py:190} INFO - Processing /home/airflow/.local/lib/python3.6/site-packages/airflow/example_dags/example_branch_labels.py took 0.067 seconds
[2021-06-13 08:17:35,157] {scheduler_job.py:182} INFO - Started process (PID=536) to work on /home/airflow/.local/lib/python3.6/site-packages/airflow/example_dags/example_branch_labels.py
[2021-06-13 08:17:35,158] {scheduler_job.py:633} INFO - Processing file /home/airflow/.local/lib/python3.6/site-packages/airflow/example_dags/example_branch_labels.py for tasks to queue
[2021-06-13 08:17:35,159] {logging_mixin.py:104} INFO - [2021-06-13 08:17:35,159] {dagbag.py:487} INFO - Filling up the DagBag from /home/airflow/.local/lib/python3.6/site-packages/airflow/example_dags/example_branch_labels.py
[2021-06-13 08:17:35,169] {scheduler_job.py:643} INFO - DAG(s) dict_keys(['example_branch_labels']) retrieved from /home/airflow/.local/lib/python3.6/site-packages/airflow/example_dags/example_branch_labels.py
[2021-06-13 08:17:35,187] {logging_mixin.py:104} INFO - [2021-06-13 08:17:35,187] {dag.py:1832} INFO - Sync 1 DAGs
[2021-06-13 08:17:35,202] {logging_mixin.py:104} INFO - [2021-06-13 08:17:35,202] {dag.py:2305} INFO - Setting next_dagrun for example_branch_labels to 2021-06-11 00:00:00+00:00
[2021-06-13 08:17:35,211] {scheduler_job.py:190} INFO - Processing /home/airflow/.local/lib/python3.6/site-packages/airflow/example_dags/example_branch_labels.py took 0.056 seconds
[2021-06-13 08:18:05,914] {scheduler_job.py:182} INFO - Started process (PID=596) to work on /home/airflow/.local/lib/python3.6/site-packages/airflow/example_dags/example_branch_labels.py
[2021-06-13 08:18:05,915] {scheduler_job.py:633} INFO - Processing file /home/airflow/.local/lib/python3.6/site-packages/airflow/example_dags/example_branch_labels.py for tasks to queue
[2021-06-13 08:18:05,917] {logging_mixin.py:104} INFO - [2021-06-13 08:18:05,916] {dagbag.py:487} INFO - Filling up the DagBag from /home/airflow/.local/lib/python3.6/site-packages/airflow/example_dags/example_branch_labels.py
[2021-06-13 08:18:05,926] {scheduler_job.py:643} INFO - DAG(s) dict_keys(['example_branch_labels']) retrieved from /home/airflow/.local/lib/python3.6/site-packages/airflow/example_dags/example_branch_labels.py
[2021-06-13 08:18:05,942] {logging_mixin.py:104} INFO - [2021-06-13 08:18:05,942] {dag.py:1832} INFO - Sync 1 DAGs
[2021-06-13 08:18:05,958] {logging_mixin.py:104} INFO - [2021-06-13 08:18:05,958] {dag.py:2305} INFO - Setting next_dagrun for example_branch_labels to 2021-06-11 00:00:00+00:00
[2021-06-13 08:18:05,966] {scheduler_job.py:190} INFO - Processing /home/airflow/.local/lib/python3.6/site-packages/airflow/example_dags/example_branch_labels.py took 0.055 seconds
[2021-06-13 08:18:36,560] {scheduler_job.py:182} INFO - Started process (PID=669) to work on /home/airflow/.local/lib/python3.6/site-packages/airflow/example_dags/example_branch_labels.py
[2021-06-13 08:18:36,561] {scheduler_job.py:633} INFO - Processing file /home/airflow/.local/lib/python3.6/site-packages/airflow/example_dags/example_branch_labels.py for tasks to queue
[2021-06-13 08:18:36,562] {logging_mixin.py:104} INFO - [2021-06-13 08:18:36,562] {dagbag.py:487} INFO - Filling up the DagBag from /home/airflow/.local/lib/python3.6/site-packages/airflow/example_dags/example_branch_labels.py
[2021-06-13 08:18:36,571] {scheduler_job.py:643} INFO - DAG(s) dict_keys(['example_branch_labels']) retrieved from /home/airflow/.local/lib/python3.6/site-packages/airflow/example_dags/example_branch_labels.py
[2021-06-13 08:18:36,590] {logging_mixin.py:104} INFO - [2021-06-13 08:18:36,590] {dag.py:1832} INFO - Sync 1 DAGs
[2021-06-13 08:18:36,607] {logging_mixin.py:104} INFO - [2021-06-13 08:18:36,607] {dag.py:2305} INFO - Setting next_dagrun for example_branch_labels to 2021-06-11 00:00:00+00:00
[2021-06-13 08:18:36,615] {scheduler_job.py:190} INFO - Processing /home/airflow/.local/lib/python3.6/site-packages/airflow/example_dags/example_branch_labels.py took 0.057 seconds
[2021-06-13 08:19:07,416] {scheduler_job.py:182} INFO - Started process (PID=742) to work on /home/airflow/.local/lib/python3.6/site-packages/airflow/example_dags/example_branch_labels.py
[2021-06-13 08:19:07,417] {scheduler_job.py:633} INFO - Processing file /home/airflow/.local/lib/python3.6/site-packages/airflow/example_dags/example_branch_labels.py for tasks to queue
[2021-06-13 08:19:07,419] {logging_mixin.py:104} INFO - [2021-06-13 08:19:07,418] {dagbag.py:487} INFO - Filling up the DagBag from /home/airflow/.local/lib/python3.6/site-packages/airflow/example_dags/example_branch_labels.py
[2021-06-13 08:19:07,428] {scheduler_job.py:643} INFO - DAG(s) dict_keys(['example_branch_labels']) retrieved from /home/airflow/.local/lib/python3.6/site-packages/airflow/example_dags/example_branch_labels.py
[2021-06-13 08:19:07,448] {logging_mixin.py:104} INFO - [2021-06-13 08:19:07,448] {dag.py:1832} INFO - Sync 1 DAGs
[2021-06-13 08:19:07,466] {logging_mixin.py:104} INFO - [2021-06-13 08:19:07,466] {dag.py:2305} INFO - Setting next_dagrun for example_branch_labels to 2021-06-11 00:00:00+00:00
[2021-06-13 08:19:07,476] {scheduler_job.py:190} INFO - Processing /home/airflow/.local/lib/python3.6/site-packages/airflow/example_dags/example_branch_labels.py took 0.063 seconds
[2021-06-13 08:19:38,150] {scheduler_job.py:182} INFO - Started process (PID=800) to work on /home/airflow/.local/lib/python3.6/site-packages/airflow/example_dags/example_branch_labels.py
[2021-06-13 08:19:38,152] {scheduler_job.py:633} INFO - Processing file /home/airflow/.local/lib/python3.6/site-packages/airflow/example_dags/example_branch_labels.py for tasks to queue
[2021-06-13 08:19:38,153] {logging_mixin.py:104} INFO - [2021-06-13 08:19:38,153] {dagbag.py:487} INFO - Filling up the DagBag from /home/airflow/.local/lib/python3.6/site-packages/airflow/example_dags/example_branch_labels.py
[2021-06-13 08:19:38,162] {scheduler_job.py:643} INFO - DAG(s) dict_keys(['example_branch_labels']) retrieved from /home/airflow/.local/lib/python3.6/site-packages/airflow/example_dags/example_branch_labels.py
[2021-06-13 08:19:38,181] {logging_mixin.py:104} INFO - [2021-06-13 08:19:38,180] {dag.py:1832} INFO - Sync 1 DAGs
[2021-06-13 08:19:38,197] {logging_mixin.py:104} INFO - [2021-06-13 08:19:38,196] {dag.py:2305} INFO - Setting next_dagrun for example_branch_labels to 2021-06-11 00:00:00+00:00
[2021-06-13 08:19:38,205] {scheduler_job.py:190} INFO - Processing /home/airflow/.local/lib/python3.6/site-packages/airflow/example_dags/example_branch_labels.py took 0.057 seconds
[2021-06-13 08:20:08,665] {scheduler_job.py:182} INFO - Started process (PID=872) to work on /home/airflow/.local/lib/python3.6/site-packages/airflow/example_dags/example_branch_labels.py
[2021-06-13 08:20:08,666] {scheduler_job.py:633} INFO - Processing file /home/airflow/.local/lib/python3.6/site-packages/airflow/example_dags/example_branch_labels.py for tasks to queue
[2021-06-13 08:20:08,667] {logging_mixin.py:104} INFO - [2021-06-13 08:20:08,667] {dagbag.py:487} INFO - Filling up the DagBag from /home/airflow/.local/lib/python3.6/site-packages/airflow/example_dags/example_branch_labels.py
[2021-06-13 08:20:08,676] {scheduler_job.py:643} INFO - DAG(s) dict_keys(['example_branch_labels']) retrieved from /home/airflow/.local/lib/python3.6/site-packages/airflow/example_dags/example_branch_labels.py
[2021-06-13 08:20:08,694] {logging_mixin.py:104} INFO - [2021-06-13 08:20:08,694] {dag.py:1832} INFO - Sync 1 DAGs
[2021-06-13 08:20:08,710] {logging_mixin.py:104} INFO - [2021-06-13 08:20:08,710] {dag.py:2305} INFO - Setting next_dagrun for example_branch_labels to 2021-06-11 00:00:00+00:00
[2021-06-13 08:20:08,718] {scheduler_job.py:190} INFO - Processing /home/airflow/.local/lib/python3.6/site-packages/airflow/example_dags/example_branch_labels.py took 0.055 seconds
[2021-06-13 08:20:39,493] {scheduler_job.py:182} INFO - Started process (PID=946) to work on /home/airflow/.local/lib/python3.6/site-packages/airflow/example_dags/example_branch_labels.py
[2021-06-13 08:20:39,494] {scheduler_job.py:633} INFO - Processing file /home/airflow/.local/lib/python3.6/site-packages/airflow/example_dags/example_branch_labels.py for tasks to queue
[2021-06-13 08:20:39,495] {logging_mixin.py:104} INFO - [2021-06-13 08:20:39,495] {dagbag.py:487} INFO - Filling up the DagBag from /home/airflow/.local/lib/python3.6/site-packages/airflow/example_dags/example_branch_labels.py
[2021-06-13 08:20:39,504] {scheduler_job.py:643} INFO - DAG(s) dict_keys(['example_branch_labels']) retrieved from /home/airflow/.local/lib/python3.6/site-packages/airflow/example_dags/example_branch_labels.py
[2021-06-13 08:20:39,522] {logging_mixin.py:104} INFO - [2021-06-13 08:20:39,522] {dag.py:1832} INFO - Sync 1 DAGs
[2021-06-13 08:20:39,538] {logging_mixin.py:104} INFO - [2021-06-13 08:20:39,538] {dag.py:2305} INFO - Setting next_dagrun for example_branch_labels to 2021-06-11 00:00:00+00:00
[2021-06-13 08:20:39,548] {scheduler_job.py:190} INFO - Processing /home/airflow/.local/lib/python3.6/site-packages/airflow/example_dags/example_branch_labels.py took 0.058 seconds
[2021-06-13 08:21:10,501] {scheduler_job.py:182} INFO - Started process (PID=1004) to work on /home/airflow/.local/lib/python3.6/site-packages/airflow/example_dags/example_branch_labels.py
[2021-06-13 08:21:10,503] {scheduler_job.py:633} INFO - Processing file /home/airflow/.local/lib/python3.6/site-packages/airflow/example_dags/example_branch_labels.py for tasks to queue
[2021-06-13 08:21:10,504] {logging_mixin.py:104} INFO - [2021-06-13 08:21:10,504] {dagbag.py:487} INFO - Filling up the DagBag from /home/airflow/.local/lib/python3.6/site-packages/airflow/example_dags/example_branch_labels.py
[2021-06-13 08:21:10,514] {scheduler_job.py:643} INFO - DAG(s) dict_keys(['example_branch_labels']) retrieved from /home/airflow/.local/lib/python3.6/site-packages/airflow/example_dags/example_branch_labels.py
[2021-06-13 08:21:10,539] {logging_mixin.py:104} INFO - [2021-06-13 08:21:10,539] {dag.py:1832} INFO - Sync 1 DAGs
[2021-06-13 08:21:10,556] {logging_mixin.py:104} INFO - [2021-06-13 08:21:10,556] {dag.py:2305} INFO - Setting next_dagrun for example_branch_labels to 2021-06-11 00:00:00+00:00
[2021-06-13 08:21:10,575] {scheduler_job.py:190} INFO - Processing /home/airflow/.local/lib/python3.6/site-packages/airflow/example_dags/example_branch_labels.py took 0.077 seconds
[2021-06-13 08:21:40,692] {scheduler_job.py:182} INFO - Started process (PID=1077) to work on /home/airflow/.local/lib/python3.6/site-packages/airflow/example_dags/example_branch_labels.py
[2021-06-13 08:21:40,694] {scheduler_job.py:633} INFO - Processing file /home/airflow/.local/lib/python3.6/site-packages/airflow/example_dags/example_branch_labels.py for tasks to queue
[2021-06-13 08:21:40,695] {logging_mixin.py:104} INFO - [2021-06-13 08:21:40,695] {dagbag.py:487} INFO - Filling up the DagBag from /home/airflow/.local/lib/python3.6/site-packages/airflow/example_dags/example_branch_labels.py
[2021-06-13 08:21:40,705] {scheduler_job.py:643} INFO - DAG(s) dict_keys(['example_branch_labels']) retrieved from /home/airflow/.local/lib/python3.6/site-packages/airflow/example_dags/example_branch_labels.py
[2021-06-13 08:21:40,723] {logging_mixin.py:104} INFO - [2021-06-13 08:21:40,723] {dag.py:1832} INFO - Sync 1 DAGs
[2021-06-13 08:21:40,740] {logging_mixin.py:104} INFO - [2021-06-13 08:21:40,740] {dag.py:2305} INFO - Setting next_dagrun for example_branch_labels to 2021-06-11 00:00:00+00:00
[2021-06-13 08:21:40,748] {scheduler_job.py:190} INFO - Processing /home/airflow/.local/lib/python3.6/site-packages/airflow/example_dags/example_branch_labels.py took 0.058 seconds
[2021-06-13 08:22:11,798] {scheduler_job.py:182} INFO - Started process (PID=1152) to work on /home/airflow/.local/lib/python3.6/site-packages/airflow/example_dags/example_branch_labels.py
[2021-06-13 08:22:11,800] {scheduler_job.py:633} INFO - Processing file /home/airflow/.local/lib/python3.6/site-packages/airflow/example_dags/example_branch_labels.py for tasks to queue
[2021-06-13 08:22:11,801] {logging_mixin.py:104} INFO - [2021-06-13 08:22:11,801] {dagbag.py:487} INFO - Filling up the DagBag from /home/airflow/.local/lib/python3.6/site-packages/airflow/example_dags/example_branch_labels.py
[2021-06-13 08:22:11,820] {scheduler_job.py:643} INFO - DAG(s) dict_keys(['example_branch_labels']) retrieved from /home/airflow/.local/lib/python3.6/site-packages/airflow/example_dags/example_branch_labels.py
[2021-06-13 08:22:11,847] {logging_mixin.py:104} INFO - [2021-06-13 08:22:11,847] {dag.py:1832} INFO - Sync 1 DAGs
[2021-06-13 08:22:11,865] {logging_mixin.py:104} INFO - [2021-06-13 08:22:11,865] {dag.py:2305} INFO - Setting next_dagrun for example_branch_labels to 2021-06-11 00:00:00+00:00
[2021-06-13 08:22:11,874] {scheduler_job.py:190} INFO - Processing /home/airflow/.local/lib/python3.6/site-packages/airflow/example_dags/example_branch_labels.py took 0.080 seconds
[2021-06-13 08:22:42,753] {scheduler_job.py:182} INFO - Started process (PID=1209) to work on /home/airflow/.local/lib/python3.6/site-packages/airflow/example_dags/example_branch_labels.py
[2021-06-13 08:22:42,755] {scheduler_job.py:633} INFO - Processing file /home/airflow/.local/lib/python3.6/site-packages/airflow/example_dags/example_branch_labels.py for tasks to queue
[2021-06-13 08:22:42,757] {logging_mixin.py:104} INFO - [2021-06-13 08:22:42,757] {dagbag.py:487} INFO - Filling up the DagBag from /home/airflow/.local/lib/python3.6/site-packages/airflow/example_dags/example_branch_labels.py
[2021-06-13 08:22:42,771] {scheduler_job.py:643} INFO - DAG(s) dict_keys(['example_branch_labels']) retrieved from /home/airflow/.local/lib/python3.6/site-packages/airflow/example_dags/example_branch_labels.py
[2021-06-13 08:22:42,796] {logging_mixin.py:104} INFO - [2021-06-13 08:22:42,796] {dag.py:1832} INFO - Sync 1 DAGs
[2021-06-13 08:22:42,819] {logging_mixin.py:104} INFO - [2021-06-13 08:22:42,819] {dag.py:2305} INFO - Setting next_dagrun for example_branch_labels to 2021-06-11 00:00:00+00:00
[2021-06-13 08:22:42,830] {scheduler_job.py:190} INFO - Processing /home/airflow/.local/lib/python3.6/site-packages/airflow/example_dags/example_branch_labels.py took 0.079 seconds
[2021-06-13 08:23:13,275] {scheduler_job.py:182} INFO - Started process (PID=1282) to work on /home/airflow/.local/lib/python3.6/site-packages/airflow/example_dags/example_branch_labels.py
[2021-06-13 08:23:13,276] {scheduler_job.py:633} INFO - Processing file /home/airflow/.local/lib/python3.6/site-packages/airflow/example_dags/example_branch_labels.py for tasks to queue
[2021-06-13 08:23:13,277] {logging_mixin.py:104} INFO - [2021-06-13 08:23:13,277] {dagbag.py:487} INFO - Filling up the DagBag from /home/airflow/.local/lib/python3.6/site-packages/airflow/example_dags/example_branch_labels.py
[2021-06-13 08:23:13,288] {scheduler_job.py:643} INFO - DAG(s) dict_keys(['example_branch_labels']) retrieved from /home/airflow/.local/lib/python3.6/site-packages/airflow/example_dags/example_branch_labels.py
[2021-06-13 08:23:13,307] {logging_mixin.py:104} INFO - [2021-06-13 08:23:13,307] {dag.py:1832} INFO - Sync 1 DAGs
[2021-06-13 08:23:13,323] {logging_mixin.py:104} INFO - [2021-06-13 08:23:13,323] {dag.py:2305} INFO - Setting next_dagrun for example_branch_labels to 2021-06-11 00:00:00+00:00
[2021-06-13 08:23:13,331] {scheduler_job.py:190} INFO - Processing /home/airflow/.local/lib/python3.6/site-packages/airflow/example_dags/example_branch_labels.py took 0.059 seconds
[2021-06-13 08:23:44,526] {scheduler_job.py:182} INFO - Started process (PID=1357) to work on /home/airflow/.local/lib/python3.6/site-packages/airflow/example_dags/example_branch_labels.py
[2021-06-13 08:23:44,529] {scheduler_job.py:633} INFO - Processing file /home/airflow/.local/lib/python3.6/site-packages/airflow/example_dags/example_branch_labels.py for tasks to queue
[2021-06-13 08:23:44,531] {logging_mixin.py:104} INFO - [2021-06-13 08:23:44,530] {dagbag.py:487} INFO - Filling up the DagBag from /home/airflow/.local/lib/python3.6/site-packages/airflow/example_dags/example_branch_labels.py
[2021-06-13 08:23:44,539] {scheduler_job.py:643} INFO - DAG(s) dict_keys(['example_branch_labels']) retrieved from /home/airflow/.local/lib/python3.6/site-packages/airflow/example_dags/example_branch_labels.py
[2021-06-13 08:23:44,569] {logging_mixin.py:104} INFO - [2021-06-13 08:23:44,569] {dag.py:1832} INFO - Sync 1 DAGs
[2021-06-13 08:23:44,591] {logging_mixin.py:104} INFO - [2021-06-13 08:23:44,591] {dag.py:2305} INFO - Setting next_dagrun for example_branch_labels to 2021-06-11 00:00:00+00:00
[2021-06-13 08:23:44,602] {scheduler_job.py:190} INFO - Processing /home/airflow/.local/lib/python3.6/site-packages/airflow/example_dags/example_branch_labels.py took 0.079 seconds
[2021-06-13 08:24:28,926] {scheduler_job.py:182} INFO - Started process (PID=52) to work on /home/airflow/.local/lib/python3.6/site-packages/airflow/example_dags/example_branch_labels.py
[2021-06-13 08:24:28,927] {scheduler_job.py:633} INFO - Processing file /home/airflow/.local/lib/python3.6/site-packages/airflow/example_dags/example_branch_labels.py for tasks to queue
[2021-06-13 08:24:28,928] {logging_mixin.py:104} INFO - [2021-06-13 08:24:28,928] {dagbag.py:487} INFO - Filling up the DagBag from /home/airflow/.local/lib/python3.6/site-packages/airflow/example_dags/example_branch_labels.py
[2021-06-13 08:24:28,939] {scheduler_job.py:643} INFO - DAG(s) dict_keys(['example_branch_labels']) retrieved from /home/airflow/.local/lib/python3.6/site-packages/airflow/example_dags/example_branch_labels.py
[2021-06-13 08:24:28,957] {logging_mixin.py:104} INFO - [2021-06-13 08:24:28,957] {dag.py:1832} INFO - Sync 1 DAGs
[2021-06-13 08:24:28,973] {logging_mixin.py:104} INFO - [2021-06-13 08:24:28,973] {dag.py:2305} INFO - Setting next_dagrun for example_branch_labels to 2021-06-11 00:00:00+00:00
[2021-06-13 08:24:28,989] {scheduler_job.py:190} INFO - Processing /home/airflow/.local/lib/python3.6/site-packages/airflow/example_dags/example_branch_labels.py took 0.065 seconds
[2021-06-13 08:24:59,738] {scheduler_job.py:182} INFO - Started process (PID=125) to work on /home/airflow/.local/lib/python3.6/site-packages/airflow/example_dags/example_branch_labels.py
[2021-06-13 08:24:59,740] {scheduler_job.py:633} INFO - Processing file /home/airflow/.local/lib/python3.6/site-packages/airflow/example_dags/example_branch_labels.py for tasks to queue
[2021-06-13 08:24:59,741] {logging_mixin.py:104} INFO - [2021-06-13 08:24:59,741] {dagbag.py:487} INFO - Filling up the DagBag from /home/airflow/.local/lib/python3.6/site-packages/airflow/example_dags/example_branch_labels.py
[2021-06-13 08:24:59,750] {scheduler_job.py:643} INFO - DAG(s) dict_keys(['example_branch_labels']) retrieved from /home/airflow/.local/lib/python3.6/site-packages/airflow/example_dags/example_branch_labels.py
[2021-06-13 08:24:59,769] {logging_mixin.py:104} INFO - [2021-06-13 08:24:59,768] {dag.py:1832} INFO - Sync 1 DAGs
[2021-06-13 08:24:59,784] {logging_mixin.py:104} INFO - [2021-06-13 08:24:59,784] {dag.py:2305} INFO - Setting next_dagrun for example_branch_labels to 2021-06-11 00:00:00+00:00
[2021-06-13 08:24:59,795] {scheduler_job.py:190} INFO - Processing /home/airflow/.local/lib/python3.6/site-packages/airflow/example_dags/example_branch_labels.py took 0.059 seconds
[2021-06-13 08:25:30,466] {scheduler_job.py:182} INFO - Started process (PID=184) to work on /home/airflow/.local/lib/python3.6/site-packages/airflow/example_dags/example_branch_labels.py
[2021-06-13 08:25:30,467] {scheduler_job.py:633} INFO - Processing file /home/airflow/.local/lib/python3.6/site-packages/airflow/example_dags/example_branch_labels.py for tasks to queue
[2021-06-13 08:25:30,469] {logging_mixin.py:104} INFO - [2021-06-13 08:25:30,468] {dagbag.py:487} INFO - Filling up the DagBag from /home/airflow/.local/lib/python3.6/site-packages/airflow/example_dags/example_branch_labels.py
[2021-06-13 08:25:30,478] {scheduler_job.py:643} INFO - DAG(s) dict_keys(['example_branch_labels']) retrieved from /home/airflow/.local/lib/python3.6/site-packages/airflow/example_dags/example_branch_labels.py
[2021-06-13 08:25:30,496] {logging_mixin.py:104} INFO - [2021-06-13 08:25:30,496] {dag.py:1832} INFO - Sync 1 DAGs
[2021-06-13 08:25:30,514] {logging_mixin.py:104} INFO - [2021-06-13 08:25:30,514] {dag.py:2305} INFO - Setting next_dagrun for example_branch_labels to 2021-06-11 00:00:00+00:00
[2021-06-13 08:25:30,523] {scheduler_job.py:190} INFO - Processing /home/airflow/.local/lib/python3.6/site-packages/airflow/example_dags/example_branch_labels.py took 0.060 seconds
[2021-06-13 08:26:01,230] {scheduler_job.py:182} INFO - Started process (PID=255) to work on /home/airflow/.local/lib/python3.6/site-packages/airflow/example_dags/example_branch_labels.py
[2021-06-13 08:26:01,231] {scheduler_job.py:633} INFO - Processing file /home/airflow/.local/lib/python3.6/site-packages/airflow/example_dags/example_branch_labels.py for tasks to queue
[2021-06-13 08:26:01,232] {logging_mixin.py:104} INFO - [2021-06-13 08:26:01,232] {dagbag.py:487} INFO - Filling up the DagBag from /home/airflow/.local/lib/python3.6/site-packages/airflow/example_dags/example_branch_labels.py
[2021-06-13 08:26:01,241] {scheduler_job.py:643} INFO - DAG(s) dict_keys(['example_branch_labels']) retrieved from /home/airflow/.local/lib/python3.6/site-packages/airflow/example_dags/example_branch_labels.py
[2021-06-13 08:26:01,265] {logging_mixin.py:104} INFO - [2021-06-13 08:26:01,265] {dag.py:1832} INFO - Sync 1 DAGs
[2021-06-13 08:26:01,285] {logging_mixin.py:104} INFO - [2021-06-13 08:26:01,284] {dag.py:2305} INFO - Setting next_dagrun for example_branch_labels to 2021-06-11 00:00:00+00:00
[2021-06-13 08:26:01,295] {scheduler_job.py:190} INFO - Processing /home/airflow/.local/lib/python3.6/site-packages/airflow/example_dags/example_branch_labels.py took 0.068 seconds
[2021-06-13 08:26:31,931] {scheduler_job.py:182} INFO - Started process (PID=328) to work on /home/airflow/.local/lib/python3.6/site-packages/airflow/example_dags/example_branch_labels.py
[2021-06-13 08:26:31,932] {scheduler_job.py:633} INFO - Processing file /home/airflow/.local/lib/python3.6/site-packages/airflow/example_dags/example_branch_labels.py for tasks to queue
[2021-06-13 08:26:31,933] {logging_mixin.py:104} INFO - [2021-06-13 08:26:31,933] {dagbag.py:487} INFO - Filling up the DagBag from /home/airflow/.local/lib/python3.6/site-packages/airflow/example_dags/example_branch_labels.py
[2021-06-13 08:26:31,942] {scheduler_job.py:643} INFO - DAG(s) dict_keys(['example_branch_labels']) retrieved from /home/airflow/.local/lib/python3.6/site-packages/airflow/example_dags/example_branch_labels.py
[2021-06-13 08:26:31,960] {logging_mixin.py:104} INFO - [2021-06-13 08:26:31,960] {dag.py:1832} INFO - Sync 1 DAGs
[2021-06-13 08:26:31,976] {logging_mixin.py:104} INFO - [2021-06-13 08:26:31,976] {dag.py:2305} INFO - Setting next_dagrun for example_branch_labels to 2021-06-11 00:00:00+00:00
[2021-06-13 08:26:31,985] {scheduler_job.py:190} INFO - Processing /home/airflow/.local/lib/python3.6/site-packages/airflow/example_dags/example_branch_labels.py took 0.056 seconds
[2021-06-13 08:27:02,753] {scheduler_job.py:182} INFO - Started process (PID=385) to work on /home/airflow/.local/lib/python3.6/site-packages/airflow/example_dags/example_branch_labels.py
[2021-06-13 08:27:02,754] {scheduler_job.py:633} INFO - Processing file /home/airflow/.local/lib/python3.6/site-packages/airflow/example_dags/example_branch_labels.py for tasks to queue
[2021-06-13 08:27:02,755] {logging_mixin.py:104} INFO - [2021-06-13 08:27:02,755] {dagbag.py:487} INFO - Filling up the DagBag from /home/airflow/.local/lib/python3.6/site-packages/airflow/example_dags/example_branch_labels.py
[2021-06-13 08:27:02,764] {scheduler_job.py:643} INFO - DAG(s) dict_keys(['example_branch_labels']) retrieved from /home/airflow/.local/lib/python3.6/site-packages/airflow/example_dags/example_branch_labels.py
[2021-06-13 08:27:02,781] {logging_mixin.py:104} INFO - [2021-06-13 08:27:02,781] {dag.py:1832} INFO - Sync 1 DAGs
[2021-06-13 08:27:02,796] {logging_mixin.py:104} INFO - [2021-06-13 08:27:02,796] {dag.py:2305} INFO - Setting next_dagrun for example_branch_labels to 2021-06-11 00:00:00+00:00
[2021-06-13 08:27:02,804] {scheduler_job.py:190} INFO - Processing /home/airflow/.local/lib/python3.6/site-packages/airflow/example_dags/example_branch_labels.py took 0.054 seconds
[2021-06-13 08:27:33,598] {scheduler_job.py:182} INFO - Started process (PID=458) to work on /home/airflow/.local/lib/python3.6/site-packages/airflow/example_dags/example_branch_labels.py
[2021-06-13 08:27:33,599] {scheduler_job.py:633} INFO - Processing file /home/airflow/.local/lib/python3.6/site-packages/airflow/example_dags/example_branch_labels.py for tasks to queue
[2021-06-13 08:27:33,600] {logging_mixin.py:104} INFO - [2021-06-13 08:27:33,600] {dagbag.py:487} INFO - Filling up the DagBag from /home/airflow/.local/lib/python3.6/site-packages/airflow/example_dags/example_branch_labels.py
[2021-06-13 08:27:33,610] {scheduler_job.py:643} INFO - DAG(s) dict_keys(['example_branch_labels']) retrieved from /home/airflow/.local/lib/python3.6/site-packages/airflow/example_dags/example_branch_labels.py
[2021-06-13 08:27:33,629] {logging_mixin.py:104} INFO - [2021-06-13 08:27:33,629] {dag.py:1832} INFO - Sync 1 DAGs
[2021-06-13 08:27:33,643] {logging_mixin.py:104} INFO - [2021-06-13 08:27:33,643] {dag.py:2305} INFO - Setting next_dagrun for example_branch_labels to 2021-06-11 00:00:00+00:00
[2021-06-13 08:27:33,659] {scheduler_job.py:190} INFO - Processing /home/airflow/.local/lib/python3.6/site-packages/airflow/example_dags/example_branch_labels.py took 0.063 seconds
[2021-06-13 08:28:04,464] {scheduler_job.py:182} INFO - Started process (PID=531) to work on /home/airflow/.local/lib/python3.6/site-packages/airflow/example_dags/example_branch_labels.py
[2021-06-13 08:28:04,466] {scheduler_job.py:633} INFO - Processing file /home/airflow/.local/lib/python3.6/site-packages/airflow/example_dags/example_branch_labels.py for tasks to queue
[2021-06-13 08:28:04,466] {logging_mixin.py:104} INFO - [2021-06-13 08:28:04,466] {dagbag.py:487} INFO - Filling up the DagBag from /home/airflow/.local/lib/python3.6/site-packages/airflow/example_dags/example_branch_labels.py
[2021-06-13 08:28:04,475] {scheduler_job.py:643} INFO - DAG(s) dict_keys(['example_branch_labels']) retrieved from /home/airflow/.local/lib/python3.6/site-packages/airflow/example_dags/example_branch_labels.py
[2021-06-13 08:28:04,493] {logging_mixin.py:104} INFO - [2021-06-13 08:28:04,493] {dag.py:1832} INFO - Sync 1 DAGs
[2021-06-13 08:28:04,508] {logging_mixin.py:104} INFO - [2021-06-13 08:28:04,507] {dag.py:2305} INFO - Setting next_dagrun for example_branch_labels to 2021-06-11 00:00:00+00:00
[2021-06-13 08:28:04,515] {scheduler_job.py:190} INFO - Processing /home/airflow/.local/lib/python3.6/site-packages/airflow/example_dags/example_branch_labels.py took 0.054 seconds
[2021-06-13 08:28:35,289] {scheduler_job.py:182} INFO - Started process (PID=589) to work on /home/airflow/.local/lib/python3.6/site-packages/airflow/example_dags/example_branch_labels.py
[2021-06-13 08:28:35,291] {scheduler_job.py:633} INFO - Processing file /home/airflow/.local/lib/python3.6/site-packages/airflow/example_dags/example_branch_labels.py for tasks to queue
[2021-06-13 08:28:35,292] {logging_mixin.py:104} INFO - [2021-06-13 08:28:35,291] {dagbag.py:487} INFO - Filling up the DagBag from /home/airflow/.local/lib/python3.6/site-packages/airflow/example_dags/example_branch_labels.py
[2021-06-13 08:28:35,301] {scheduler_job.py:643} INFO - DAG(s) dict_keys(['example_branch_labels']) retrieved from /home/airflow/.local/lib/python3.6/site-packages/airflow/example_dags/example_branch_labels.py
[2021-06-13 08:28:35,330] {logging_mixin.py:104} INFO - [2021-06-13 08:28:35,330] {dag.py:1832} INFO - Sync 1 DAGs
[2021-06-13 08:28:35,349] {logging_mixin.py:104} INFO - [2021-06-13 08:28:35,349] {dag.py:2305} INFO - Setting next_dagrun for example_branch_labels to 2021-06-11 00:00:00+00:00
[2021-06-13 08:28:35,368] {scheduler_job.py:190} INFO - Processing /home/airflow/.local/lib/python3.6/site-packages/airflow/example_dags/example_branch_labels.py took 0.080 seconds
[2021-06-13 08:29:06,065] {scheduler_job.py:182} INFO - Started process (PID=662) to work on /home/airflow/.local/lib/python3.6/site-packages/airflow/example_dags/example_branch_labels.py
[2021-06-13 08:29:06,067] {scheduler_job.py:633} INFO - Processing file /home/airflow/.local/lib/python3.6/site-packages/airflow/example_dags/example_branch_labels.py for tasks to queue
[2021-06-13 08:29:06,068] {logging_mixin.py:104} INFO - [2021-06-13 08:29:06,068] {dagbag.py:487} INFO - Filling up the DagBag from /home/airflow/.local/lib/python3.6/site-packages/airflow/example_dags/example_branch_labels.py
[2021-06-13 08:29:06,078] {scheduler_job.py:643} INFO - DAG(s) dict_keys(['example_branch_labels']) retrieved from /home/airflow/.local/lib/python3.6/site-packages/airflow/example_dags/example_branch_labels.py
[2021-06-13 08:29:06,098] {logging_mixin.py:104} INFO - [2021-06-13 08:29:06,098] {dag.py:1832} INFO - Sync 1 DAGs
[2021-06-13 08:29:06,115] {logging_mixin.py:104} INFO - [2021-06-13 08:29:06,114] {dag.py:2305} INFO - Setting next_dagrun for example_branch_labels to 2021-06-11 00:00:00+00:00
[2021-06-13 08:29:06,124] {scheduler_job.py:190} INFO - Processing /home/airflow/.local/lib/python3.6/site-packages/airflow/example_dags/example_branch_labels.py took 0.061 seconds
[2021-06-13 08:29:36,935] {scheduler_job.py:182} INFO - Started process (PID=744) to work on /home/airflow/.local/lib/python3.6/site-packages/airflow/example_dags/example_branch_labels.py
[2021-06-13 08:29:36,937] {scheduler_job.py:633} INFO - Processing file /home/airflow/.local/lib/python3.6/site-packages/airflow/example_dags/example_branch_labels.py for tasks to queue
[2021-06-13 08:29:36,938] {logging_mixin.py:104} INFO - [2021-06-13 08:29:36,938] {dagbag.py:487} INFO - Filling up the DagBag from /home/airflow/.local/lib/python3.6/site-packages/airflow/example_dags/example_branch_labels.py
[2021-06-13 08:29:36,947] {scheduler_job.py:643} INFO - DAG(s) dict_keys(['example_branch_labels']) retrieved from /home/airflow/.local/lib/python3.6/site-packages/airflow/example_dags/example_branch_labels.py
[2021-06-13 08:29:36,966] {logging_mixin.py:104} INFO - [2021-06-13 08:29:36,966] {dag.py:1832} INFO - Sync 1 DAGs
[2021-06-13 08:29:36,981] {logging_mixin.py:104} INFO - [2021-06-13 08:29:36,981] {dag.py:2305} INFO - Setting next_dagrun for example_branch_labels to 2021-06-11 00:00:00+00:00
[2021-06-13 08:29:36,989] {scheduler_job.py:190} INFO - Processing /home/airflow/.local/lib/python3.6/site-packages/airflow/example_dags/example_branch_labels.py took 0.056 seconds
[2021-06-13 08:30:07,628] {scheduler_job.py:182} INFO - Started process (PID=806) to work on /home/airflow/.local/lib/python3.6/site-packages/airflow/example_dags/example_branch_labels.py
[2021-06-13 08:30:07,630] {scheduler_job.py:633} INFO - Processing file /home/airflow/.local/lib/python3.6/site-packages/airflow/example_dags/example_branch_labels.py for tasks to queue
[2021-06-13 08:30:07,630] {logging_mixin.py:104} INFO - [2021-06-13 08:30:07,630] {dagbag.py:487} INFO - Filling up the DagBag from /home/airflow/.local/lib/python3.6/site-packages/airflow/example_dags/example_branch_labels.py
[2021-06-13 08:30:07,639] {scheduler_job.py:643} INFO - DAG(s) dict_keys(['example_branch_labels']) retrieved from /home/airflow/.local/lib/python3.6/site-packages/airflow/example_dags/example_branch_labels.py
[2021-06-13 08:30:07,660] {logging_mixin.py:104} INFO - [2021-06-13 08:30:07,660] {dag.py:1832} INFO - Sync 1 DAGs
[2021-06-13 08:30:07,678] {logging_mixin.py:104} INFO - [2021-06-13 08:30:07,678] {dag.py:2305} INFO - Setting next_dagrun for example_branch_labels to 2021-06-11 00:00:00+00:00
[2021-06-13 08:30:07,690] {scheduler_job.py:190} INFO - Processing /home/airflow/.local/lib/python3.6/site-packages/airflow/example_dags/example_branch_labels.py took 0.064 seconds
[2021-06-13 08:30:38,427] {scheduler_job.py:182} INFO - Started process (PID=878) to work on /home/airflow/.local/lib/python3.6/site-packages/airflow/example_dags/example_branch_labels.py
[2021-06-13 08:30:38,429] {scheduler_job.py:633} INFO - Processing file /home/airflow/.local/lib/python3.6/site-packages/airflow/example_dags/example_branch_labels.py for tasks to queue
[2021-06-13 08:30:38,429] {logging_mixin.py:104} INFO - [2021-06-13 08:30:38,429] {dagbag.py:487} INFO - Filling up the DagBag from /home/airflow/.local/lib/python3.6/site-packages/airflow/example_dags/example_branch_labels.py
[2021-06-13 08:30:38,442] {scheduler_job.py:643} INFO - DAG(s) dict_keys(['example_branch_labels']) retrieved from /home/airflow/.local/lib/python3.6/site-packages/airflow/example_dags/example_branch_labels.py
[2021-06-13 08:30:38,460] {logging_mixin.py:104} INFO - [2021-06-13 08:30:38,460] {dag.py:1832} INFO - Sync 1 DAGs
[2021-06-13 08:30:38,474] {logging_mixin.py:104} INFO - [2021-06-13 08:30:38,474] {dag.py:2305} INFO - Setting next_dagrun for example_branch_labels to 2021-06-11 00:00:00+00:00
[2021-06-13 08:30:38,482] {scheduler_job.py:190} INFO - Processing /home/airflow/.local/lib/python3.6/site-packages/airflow/example_dags/example_branch_labels.py took 0.057 seconds
[2021-06-13 08:31:09,138] {scheduler_job.py:182} INFO - Started process (PID=950) to work on /home/airflow/.local/lib/python3.6/site-packages/airflow/example_dags/example_branch_labels.py
[2021-06-13 08:31:09,140] {scheduler_job.py:633} INFO - Processing file /home/airflow/.local/lib/python3.6/site-packages/airflow/example_dags/example_branch_labels.py for tasks to queue
[2021-06-13 08:31:09,141] {logging_mixin.py:104} INFO - [2021-06-13 08:31:09,141] {dagbag.py:487} INFO - Filling up the DagBag from /home/airflow/.local/lib/python3.6/site-packages/airflow/example_dags/example_branch_labels.py
[2021-06-13 08:31:09,150] {scheduler_job.py:643} INFO - DAG(s) dict_keys(['example_branch_labels']) retrieved from /home/airflow/.local/lib/python3.6/site-packages/airflow/example_dags/example_branch_labels.py
[2021-06-13 08:31:09,168] {logging_mixin.py:104} INFO - [2021-06-13 08:31:09,168] {dag.py:1832} INFO - Sync 1 DAGs
[2021-06-13 08:31:09,183] {logging_mixin.py:104} INFO - [2021-06-13 08:31:09,183] {dag.py:2305} INFO - Setting next_dagrun for example_branch_labels to 2021-06-11 00:00:00+00:00
[2021-06-13 08:31:09,191] {scheduler_job.py:190} INFO - Processing /home/airflow/.local/lib/python3.6/site-packages/airflow/example_dags/example_branch_labels.py took 0.055 seconds
[2021-06-13 08:31:39,877] {scheduler_job.py:182} INFO - Started process (PID=1008) to work on /home/airflow/.local/lib/python3.6/site-packages/airflow/example_dags/example_branch_labels.py
[2021-06-13 08:31:39,878] {scheduler_job.py:633} INFO - Processing file /home/airflow/.local/lib/python3.6/site-packages/airflow/example_dags/example_branch_labels.py for tasks to queue
[2021-06-13 08:31:39,879] {logging_mixin.py:104} INFO - [2021-06-13 08:31:39,879] {dagbag.py:487} INFO - Filling up the DagBag from /home/airflow/.local/lib/python3.6/site-packages/airflow/example_dags/example_branch_labels.py
[2021-06-13 08:31:39,888] {scheduler_job.py:643} INFO - DAG(s) dict_keys(['example_branch_labels']) retrieved from /home/airflow/.local/lib/python3.6/site-packages/airflow/example_dags/example_branch_labels.py
[2021-06-13 08:31:39,905] {logging_mixin.py:104} INFO - [2021-06-13 08:31:39,904] {dag.py:1832} INFO - Sync 1 DAGs
[2021-06-13 08:31:39,920] {logging_mixin.py:104} INFO - [2021-06-13 08:31:39,920] {dag.py:2305} INFO - Setting next_dagrun for example_branch_labels to 2021-06-11 00:00:00+00:00
[2021-06-13 08:31:39,929] {scheduler_job.py:190} INFO - Processing /home/airflow/.local/lib/python3.6/site-packages/airflow/example_dags/example_branch_labels.py took 0.054 seconds
[2021-06-13 08:32:10,410] {scheduler_job.py:182} INFO - Started process (PID=1080) to work on /home/airflow/.local/lib/python3.6/site-packages/airflow/example_dags/example_branch_labels.py
[2021-06-13 08:32:10,411] {scheduler_job.py:633} INFO - Processing file /home/airflow/.local/lib/python3.6/site-packages/airflow/example_dags/example_branch_labels.py for tasks to queue
[2021-06-13 08:32:10,413] {logging_mixin.py:104} INFO - [2021-06-13 08:32:10,412] {dagbag.py:487} INFO - Filling up the DagBag from /home/airflow/.local/lib/python3.6/site-packages/airflow/example_dags/example_branch_labels.py
[2021-06-13 08:32:10,426] {scheduler_job.py:643} INFO - DAG(s) dict_keys(['example_branch_labels']) retrieved from /home/airflow/.local/lib/python3.6/site-packages/airflow/example_dags/example_branch_labels.py
[2021-06-13 08:32:10,448] {logging_mixin.py:104} INFO - [2021-06-13 08:32:10,447] {dag.py:1832} INFO - Sync 1 DAGs
[2021-06-13 08:32:10,462] {logging_mixin.py:104} INFO - [2021-06-13 08:32:10,462] {dag.py:2305} INFO - Setting next_dagrun for example_branch_labels to 2021-06-11 00:00:00+00:00
[2021-06-13 08:32:10,470] {scheduler_job.py:190} INFO - Processing /home/airflow/.local/lib/python3.6/site-packages/airflow/example_dags/example_branch_labels.py took 0.062 seconds
