[2021-06-13 08:07:38,039] {scheduler_job.py:182} INFO - Started process (PID=69) to work on /home/airflow/.local/lib/python3.6/site-packages/airflow/example_dags/example_branch_day_of_week_operator.py
[2021-06-13 08:07:38,040] {scheduler_job.py:633} INFO - Processing file /home/airflow/.local/lib/python3.6/site-packages/airflow/example_dags/example_branch_day_of_week_operator.py for tasks to queue
[2021-06-13 08:07:38,041] {logging_mixin.py:104} INFO - [2021-06-13 08:07:38,041] {dagbag.py:487} INFO - Filling up the DagBag from /home/airflow/.local/lib/python3.6/site-packages/airflow/example_dags/example_branch_day_of_week_operator.py
[2021-06-13 08:07:38,072] {scheduler_job.py:643} INFO - DAG(s) dict_keys(['example_weekday_branch_operator']) retrieved from /home/airflow/.local/lib/python3.6/site-packages/airflow/example_dags/example_branch_day_of_week_operator.py
[2021-06-13 08:07:41,729] {logging_mixin.py:104} INFO - [2021-06-13 08:07:41,728] {dag.py:1832} INFO - Sync 1 DAGs
[2021-06-13 08:07:41,748] {logging_mixin.py:104} INFO - [2021-06-13 08:07:41,746] {dag.py:1851} INFO - Creating ORM DAG for example_weekday_branch_operator
[2021-06-13 08:07:41,763] {logging_mixin.py:104} INFO - [2021-06-13 08:07:41,763] {dag.py:2305} INFO - Setting next_dagrun for example_weekday_branch_operator to 2021-06-11 00:00:00+00:00
[2021-06-13 08:07:41,779] {scheduler_job.py:190} INFO - Processing /home/airflow/.local/lib/python3.6/site-packages/airflow/example_dags/example_branch_day_of_week_operator.py took 3.742 seconds
[2021-06-13 08:08:11,943] {scheduler_job.py:182} INFO - Started process (PID=151) to work on /home/airflow/.local/lib/python3.6/site-packages/airflow/example_dags/example_branch_day_of_week_operator.py
[2021-06-13 08:08:11,945] {scheduler_job.py:633} INFO - Processing file /home/airflow/.local/lib/python3.6/site-packages/airflow/example_dags/example_branch_day_of_week_operator.py for tasks to queue
[2021-06-13 08:08:11,945] {logging_mixin.py:104} INFO - [2021-06-13 08:08:11,945] {dagbag.py:487} INFO - Filling up the DagBag from /home/airflow/.local/lib/python3.6/site-packages/airflow/example_dags/example_branch_day_of_week_operator.py
[2021-06-13 08:08:11,954] {scheduler_job.py:643} INFO - DAG(s) dict_keys(['example_weekday_branch_operator']) retrieved from /home/airflow/.local/lib/python3.6/site-packages/airflow/example_dags/example_branch_day_of_week_operator.py
[2021-06-13 08:08:11,971] {logging_mixin.py:104} INFO - [2021-06-13 08:08:11,971] {dag.py:1832} INFO - Sync 1 DAGs
[2021-06-13 08:08:11,985] {logging_mixin.py:104} INFO - [2021-06-13 08:08:11,985] {dag.py:2305} INFO - Setting next_dagrun for example_weekday_branch_operator to 2021-06-11 00:00:00+00:00
[2021-06-13 08:08:11,996] {scheduler_job.py:190} INFO - Processing /home/airflow/.local/lib/python3.6/site-packages/airflow/example_dags/example_branch_day_of_week_operator.py took 0.055 seconds
[2021-06-13 08:08:42,253] {scheduler_job.py:182} INFO - Started process (PID=251) to work on /home/airflow/.local/lib/python3.6/site-packages/airflow/example_dags/example_branch_day_of_week_operator.py
[2021-06-13 08:08:42,255] {scheduler_job.py:633} INFO - Processing file /home/airflow/.local/lib/python3.6/site-packages/airflow/example_dags/example_branch_day_of_week_operator.py for tasks to queue
[2021-06-13 08:08:42,256] {logging_mixin.py:104} INFO - [2021-06-13 08:08:42,255] {dagbag.py:487} INFO - Filling up the DagBag from /home/airflow/.local/lib/python3.6/site-packages/airflow/example_dags/example_branch_day_of_week_operator.py
[2021-06-13 08:08:42,266] {scheduler_job.py:643} INFO - DAG(s) dict_keys(['example_weekday_branch_operator']) retrieved from /home/airflow/.local/lib/python3.6/site-packages/airflow/example_dags/example_branch_day_of_week_operator.py
[2021-06-13 08:08:42,289] {logging_mixin.py:104} INFO - [2021-06-13 08:08:42,289] {dag.py:1832} INFO - Sync 1 DAGs
[2021-06-13 08:08:42,311] {logging_mixin.py:104} INFO - [2021-06-13 08:08:42,311] {dag.py:2305} INFO - Setting next_dagrun for example_weekday_branch_operator to 2021-06-11 00:00:00+00:00
[2021-06-13 08:08:42,327] {scheduler_job.py:190} INFO - Processing /home/airflow/.local/lib/python3.6/site-packages/airflow/example_dags/example_branch_day_of_week_operator.py took 0.076 seconds
[2021-06-13 08:09:12,696] {scheduler_job.py:182} INFO - Started process (PID=323) to work on /home/airflow/.local/lib/python3.6/site-packages/airflow/example_dags/example_branch_day_of_week_operator.py
[2021-06-13 08:09:12,698] {scheduler_job.py:633} INFO - Processing file /home/airflow/.local/lib/python3.6/site-packages/airflow/example_dags/example_branch_day_of_week_operator.py for tasks to queue
[2021-06-13 08:09:12,700] {logging_mixin.py:104} INFO - [2021-06-13 08:09:12,700] {dagbag.py:487} INFO - Filling up the DagBag from /home/airflow/.local/lib/python3.6/site-packages/airflow/example_dags/example_branch_day_of_week_operator.py
[2021-06-13 08:09:12,724] {scheduler_job.py:643} INFO - DAG(s) dict_keys(['example_weekday_branch_operator']) retrieved from /home/airflow/.local/lib/python3.6/site-packages/airflow/example_dags/example_branch_day_of_week_operator.py
[2021-06-13 08:09:12,751] {logging_mixin.py:104} INFO - [2021-06-13 08:09:12,751] {dag.py:1832} INFO - Sync 1 DAGs
[2021-06-13 08:09:12,768] {logging_mixin.py:104} INFO - [2021-06-13 08:09:12,768] {dag.py:2305} INFO - Setting next_dagrun for example_weekday_branch_operator to 2021-06-11 00:00:00+00:00
[2021-06-13 08:09:12,780] {scheduler_job.py:190} INFO - Processing /home/airflow/.local/lib/python3.6/site-packages/airflow/example_dags/example_branch_day_of_week_operator.py took 0.088 seconds
[2021-06-13 08:09:43,146] {scheduler_job.py:182} INFO - Started process (PID=382) to work on /home/airflow/.local/lib/python3.6/site-packages/airflow/example_dags/example_branch_day_of_week_operator.py
[2021-06-13 08:09:43,147] {scheduler_job.py:633} INFO - Processing file /home/airflow/.local/lib/python3.6/site-packages/airflow/example_dags/example_branch_day_of_week_operator.py for tasks to queue
[2021-06-13 08:09:43,149] {logging_mixin.py:104} INFO - [2021-06-13 08:09:43,148] {dagbag.py:487} INFO - Filling up the DagBag from /home/airflow/.local/lib/python3.6/site-packages/airflow/example_dags/example_branch_day_of_week_operator.py
[2021-06-13 08:09:43,158] {scheduler_job.py:643} INFO - DAG(s) dict_keys(['example_weekday_branch_operator']) retrieved from /home/airflow/.local/lib/python3.6/site-packages/airflow/example_dags/example_branch_day_of_week_operator.py
[2021-06-13 08:09:43,178] {logging_mixin.py:104} INFO - [2021-06-13 08:09:43,178] {dag.py:1832} INFO - Sync 1 DAGs
[2021-06-13 08:09:43,193] {logging_mixin.py:104} INFO - [2021-06-13 08:09:43,193] {dag.py:2305} INFO - Setting next_dagrun for example_weekday_branch_operator to 2021-06-11 00:00:00+00:00
[2021-06-13 08:09:43,203] {scheduler_job.py:190} INFO - Processing /home/airflow/.local/lib/python3.6/site-packages/airflow/example_dags/example_branch_day_of_week_operator.py took 0.059 seconds
[2021-06-13 08:10:13,538] {scheduler_job.py:182} INFO - Started process (PID=454) to work on /home/airflow/.local/lib/python3.6/site-packages/airflow/example_dags/example_branch_day_of_week_operator.py
[2021-06-13 08:10:13,539] {scheduler_job.py:633} INFO - Processing file /home/airflow/.local/lib/python3.6/site-packages/airflow/example_dags/example_branch_day_of_week_operator.py for tasks to queue
[2021-06-13 08:10:13,540] {logging_mixin.py:104} INFO - [2021-06-13 08:10:13,540] {dagbag.py:487} INFO - Filling up the DagBag from /home/airflow/.local/lib/python3.6/site-packages/airflow/example_dags/example_branch_day_of_week_operator.py
[2021-06-13 08:10:13,549] {scheduler_job.py:643} INFO - DAG(s) dict_keys(['example_weekday_branch_operator']) retrieved from /home/airflow/.local/lib/python3.6/site-packages/airflow/example_dags/example_branch_day_of_week_operator.py
[2021-06-13 08:10:13,567] {logging_mixin.py:104} INFO - [2021-06-13 08:10:13,567] {dag.py:1832} INFO - Sync 1 DAGs
[2021-06-13 08:10:13,581] {logging_mixin.py:104} INFO - [2021-06-13 08:10:13,581] {dag.py:2305} INFO - Setting next_dagrun for example_weekday_branch_operator to 2021-06-11 00:00:00+00:00
[2021-06-13 08:10:13,592] {scheduler_job.py:190} INFO - Processing /home/airflow/.local/lib/python3.6/site-packages/airflow/example_dags/example_branch_day_of_week_operator.py took 0.057 seconds
[2021-06-13 08:10:43,978] {scheduler_job.py:182} INFO - Started process (PID=522) to work on /home/airflow/.local/lib/python3.6/site-packages/airflow/example_dags/example_branch_day_of_week_operator.py
[2021-06-13 08:10:43,979] {scheduler_job.py:633} INFO - Processing file /home/airflow/.local/lib/python3.6/site-packages/airflow/example_dags/example_branch_day_of_week_operator.py for tasks to queue
[2021-06-13 08:10:43,980] {logging_mixin.py:104} INFO - [2021-06-13 08:10:43,980] {dagbag.py:487} INFO - Filling up the DagBag from /home/airflow/.local/lib/python3.6/site-packages/airflow/example_dags/example_branch_day_of_week_operator.py
[2021-06-13 08:10:43,989] {scheduler_job.py:643} INFO - DAG(s) dict_keys(['example_weekday_branch_operator']) retrieved from /home/airflow/.local/lib/python3.6/site-packages/airflow/example_dags/example_branch_day_of_week_operator.py
[2021-06-13 08:10:44,009] {logging_mixin.py:104} INFO - [2021-06-13 08:10:44,009] {dag.py:1832} INFO - Sync 1 DAGs
[2021-06-13 08:10:44,024] {logging_mixin.py:104} INFO - [2021-06-13 08:10:44,023] {dag.py:2305} INFO - Setting next_dagrun for example_weekday_branch_operator to 2021-06-11 00:00:00+00:00
[2021-06-13 08:10:44,035] {scheduler_job.py:190} INFO - Processing /home/airflow/.local/lib/python3.6/site-packages/airflow/example_dags/example_branch_day_of_week_operator.py took 0.059 seconds
[2021-06-13 08:11:14,389] {scheduler_job.py:182} INFO - Started process (PID=597) to work on /home/airflow/.local/lib/python3.6/site-packages/airflow/example_dags/example_branch_day_of_week_operator.py
[2021-06-13 08:11:14,390] {scheduler_job.py:633} INFO - Processing file /home/airflow/.local/lib/python3.6/site-packages/airflow/example_dags/example_branch_day_of_week_operator.py for tasks to queue
[2021-06-13 08:11:14,391] {logging_mixin.py:104} INFO - [2021-06-13 08:11:14,391] {dagbag.py:487} INFO - Filling up the DagBag from /home/airflow/.local/lib/python3.6/site-packages/airflow/example_dags/example_branch_day_of_week_operator.py
[2021-06-13 08:11:14,400] {scheduler_job.py:643} INFO - DAG(s) dict_keys(['example_weekday_branch_operator']) retrieved from /home/airflow/.local/lib/python3.6/site-packages/airflow/example_dags/example_branch_day_of_week_operator.py
[2021-06-13 08:11:14,417] {logging_mixin.py:104} INFO - [2021-06-13 08:11:14,417] {dag.py:1832} INFO - Sync 1 DAGs
[2021-06-13 08:11:14,432] {logging_mixin.py:104} INFO - [2021-06-13 08:11:14,432] {dag.py:2305} INFO - Setting next_dagrun for example_weekday_branch_operator to 2021-06-11 00:00:00+00:00
[2021-06-13 08:11:14,443] {scheduler_job.py:190} INFO - Processing /home/airflow/.local/lib/python3.6/site-packages/airflow/example_dags/example_branch_day_of_week_operator.py took 0.056 seconds
[2021-06-13 08:11:44,721] {scheduler_job.py:182} INFO - Started process (PID=670) to work on /home/airflow/.local/lib/python3.6/site-packages/airflow/example_dags/example_branch_day_of_week_operator.py
[2021-06-13 08:11:44,723] {scheduler_job.py:633} INFO - Processing file /home/airflow/.local/lib/python3.6/site-packages/airflow/example_dags/example_branch_day_of_week_operator.py for tasks to queue
[2021-06-13 08:11:44,724] {logging_mixin.py:104} INFO - [2021-06-13 08:11:44,723] {dagbag.py:487} INFO - Filling up the DagBag from /home/airflow/.local/lib/python3.6/site-packages/airflow/example_dags/example_branch_day_of_week_operator.py
[2021-06-13 08:11:44,733] {scheduler_job.py:643} INFO - DAG(s) dict_keys(['example_weekday_branch_operator']) retrieved from /home/airflow/.local/lib/python3.6/site-packages/airflow/example_dags/example_branch_day_of_week_operator.py
[2021-06-13 08:11:44,750] {logging_mixin.py:104} INFO - [2021-06-13 08:11:44,750] {dag.py:1832} INFO - Sync 1 DAGs
[2021-06-13 08:11:44,765] {logging_mixin.py:104} INFO - [2021-06-13 08:11:44,765] {dag.py:2305} INFO - Setting next_dagrun for example_weekday_branch_operator to 2021-06-11 00:00:00+00:00
[2021-06-13 08:11:44,784] {scheduler_job.py:190} INFO - Processing /home/airflow/.local/lib/python3.6/site-packages/airflow/example_dags/example_branch_day_of_week_operator.py took 0.065 seconds
[2021-06-13 08:14:00,323] {scheduler_job.py:182} INFO - Started process (PID=54) to work on /home/airflow/.local/lib/python3.6/site-packages/airflow/example_dags/example_branch_day_of_week_operator.py
[2021-06-13 08:14:00,337] {scheduler_job.py:633} INFO - Processing file /home/airflow/.local/lib/python3.6/site-packages/airflow/example_dags/example_branch_day_of_week_operator.py for tasks to queue
[2021-06-13 08:14:00,337] {logging_mixin.py:104} INFO - [2021-06-13 08:14:00,337] {dagbag.py:487} INFO - Filling up the DagBag from /home/airflow/.local/lib/python3.6/site-packages/airflow/example_dags/example_branch_day_of_week_operator.py
[2021-06-13 08:14:00,362] {scheduler_job.py:643} INFO - DAG(s) dict_keys(['example_weekday_branch_operator']) retrieved from /home/airflow/.local/lib/python3.6/site-packages/airflow/example_dags/example_branch_day_of_week_operator.py
[2021-06-13 08:14:00,408] {logging_mixin.py:104} INFO - [2021-06-13 08:14:00,408] {dag.py:1832} INFO - Sync 1 DAGs
[2021-06-13 08:14:00,448] {logging_mixin.py:104} INFO - [2021-06-13 08:14:00,447] {dag.py:2305} INFO - Setting next_dagrun for example_weekday_branch_operator to 2021-06-11 00:00:00+00:00
[2021-06-13 08:14:00,472] {scheduler_job.py:190} INFO - Processing /home/airflow/.local/lib/python3.6/site-packages/airflow/example_dags/example_branch_day_of_week_operator.py took 0.152 seconds
[2021-06-13 08:14:30,515] {scheduler_job.py:182} INFO - Started process (PID=125) to work on /home/airflow/.local/lib/python3.6/site-packages/airflow/example_dags/example_branch_day_of_week_operator.py
[2021-06-13 08:14:30,517] {scheduler_job.py:633} INFO - Processing file /home/airflow/.local/lib/python3.6/site-packages/airflow/example_dags/example_branch_day_of_week_operator.py for tasks to queue
[2021-06-13 08:14:30,517] {logging_mixin.py:104} INFO - [2021-06-13 08:14:30,517] {dagbag.py:487} INFO - Filling up the DagBag from /home/airflow/.local/lib/python3.6/site-packages/airflow/example_dags/example_branch_day_of_week_operator.py
[2021-06-13 08:14:30,528] {scheduler_job.py:643} INFO - DAG(s) dict_keys(['example_weekday_branch_operator']) retrieved from /home/airflow/.local/lib/python3.6/site-packages/airflow/example_dags/example_branch_day_of_week_operator.py
[2021-06-13 08:14:30,547] {logging_mixin.py:104} INFO - [2021-06-13 08:14:30,546] {dag.py:1832} INFO - Sync 1 DAGs
[2021-06-13 08:14:30,562] {logging_mixin.py:104} INFO - [2021-06-13 08:14:30,562] {dag.py:2305} INFO - Setting next_dagrun for example_weekday_branch_operator to 2021-06-11 00:00:00+00:00
[2021-06-13 08:14:30,572] {scheduler_job.py:190} INFO - Processing /home/airflow/.local/lib/python3.6/site-packages/airflow/example_dags/example_branch_day_of_week_operator.py took 0.060 seconds
[2021-06-13 08:15:01,269] {scheduler_job.py:182} INFO - Started process (PID=192) to work on /home/airflow/.local/lib/python3.6/site-packages/airflow/example_dags/example_branch_day_of_week_operator.py
[2021-06-13 08:15:01,271] {scheduler_job.py:633} INFO - Processing file /home/airflow/.local/lib/python3.6/site-packages/airflow/example_dags/example_branch_day_of_week_operator.py for tasks to queue
[2021-06-13 08:15:01,272] {logging_mixin.py:104} INFO - [2021-06-13 08:15:01,271] {dagbag.py:487} INFO - Filling up the DagBag from /home/airflow/.local/lib/python3.6/site-packages/airflow/example_dags/example_branch_day_of_week_operator.py
[2021-06-13 08:15:01,281] {scheduler_job.py:643} INFO - DAG(s) dict_keys(['example_weekday_branch_operator']) retrieved from /home/airflow/.local/lib/python3.6/site-packages/airflow/example_dags/example_branch_day_of_week_operator.py
[2021-06-13 08:15:01,301] {logging_mixin.py:104} INFO - [2021-06-13 08:15:01,301] {dag.py:1832} INFO - Sync 1 DAGs
[2021-06-13 08:15:01,319] {logging_mixin.py:104} INFO - [2021-06-13 08:15:01,319] {dag.py:2305} INFO - Setting next_dagrun for example_weekday_branch_operator to 2021-06-11 00:00:00+00:00
[2021-06-13 08:15:01,329] {scheduler_job.py:190} INFO - Processing /home/airflow/.local/lib/python3.6/site-packages/airflow/example_dags/example_branch_day_of_week_operator.py took 0.062 seconds
[2021-06-13 08:15:32,004] {scheduler_job.py:182} INFO - Started process (PID=265) to work on /home/airflow/.local/lib/python3.6/site-packages/airflow/example_dags/example_branch_day_of_week_operator.py
[2021-06-13 08:15:32,006] {scheduler_job.py:633} INFO - Processing file /home/airflow/.local/lib/python3.6/site-packages/airflow/example_dags/example_branch_day_of_week_operator.py for tasks to queue
[2021-06-13 08:15:32,007] {logging_mixin.py:104} INFO - [2021-06-13 08:15:32,007] {dagbag.py:487} INFO - Filling up the DagBag from /home/airflow/.local/lib/python3.6/site-packages/airflow/example_dags/example_branch_day_of_week_operator.py
[2021-06-13 08:15:32,017] {scheduler_job.py:643} INFO - DAG(s) dict_keys(['example_weekday_branch_operator']) retrieved from /home/airflow/.local/lib/python3.6/site-packages/airflow/example_dags/example_branch_day_of_week_operator.py
[2021-06-13 08:15:32,035] {logging_mixin.py:104} INFO - [2021-06-13 08:15:32,035] {dag.py:1832} INFO - Sync 1 DAGs
[2021-06-13 08:15:32,052] {logging_mixin.py:104} INFO - [2021-06-13 08:15:32,052] {dag.py:2305} INFO - Setting next_dagrun for example_weekday_branch_operator to 2021-06-11 00:00:00+00:00
[2021-06-13 08:15:32,062] {scheduler_job.py:190} INFO - Processing /home/airflow/.local/lib/python3.6/site-packages/airflow/example_dags/example_branch_day_of_week_operator.py took 0.060 seconds
[2021-06-13 08:16:02,723] {scheduler_job.py:182} INFO - Started process (PID=336) to work on /home/airflow/.local/lib/python3.6/site-packages/airflow/example_dags/example_branch_day_of_week_operator.py
[2021-06-13 08:16:02,724] {scheduler_job.py:633} INFO - Processing file /home/airflow/.local/lib/python3.6/site-packages/airflow/example_dags/example_branch_day_of_week_operator.py for tasks to queue
[2021-06-13 08:16:02,725] {logging_mixin.py:104} INFO - [2021-06-13 08:16:02,725] {dagbag.py:487} INFO - Filling up the DagBag from /home/airflow/.local/lib/python3.6/site-packages/airflow/example_dags/example_branch_day_of_week_operator.py
[2021-06-13 08:16:02,736] {scheduler_job.py:643} INFO - DAG(s) dict_keys(['example_weekday_branch_operator']) retrieved from /home/airflow/.local/lib/python3.6/site-packages/airflow/example_dags/example_branch_day_of_week_operator.py
[2021-06-13 08:16:02,754] {logging_mixin.py:104} INFO - [2021-06-13 08:16:02,754] {dag.py:1832} INFO - Sync 1 DAGs
[2021-06-13 08:16:02,771] {logging_mixin.py:104} INFO - [2021-06-13 08:16:02,771] {dag.py:2305} INFO - Setting next_dagrun for example_weekday_branch_operator to 2021-06-11 00:00:00+00:00
[2021-06-13 08:16:02,781] {scheduler_job.py:190} INFO - Processing /home/airflow/.local/lib/python3.6/site-packages/airflow/example_dags/example_branch_day_of_week_operator.py took 0.060 seconds
[2021-06-13 08:16:33,459] {scheduler_job.py:182} INFO - Started process (PID=395) to work on /home/airflow/.local/lib/python3.6/site-packages/airflow/example_dags/example_branch_day_of_week_operator.py
[2021-06-13 08:16:33,460] {scheduler_job.py:633} INFO - Processing file /home/airflow/.local/lib/python3.6/site-packages/airflow/example_dags/example_branch_day_of_week_operator.py for tasks to queue
[2021-06-13 08:16:33,461] {logging_mixin.py:104} INFO - [2021-06-13 08:16:33,461] {dagbag.py:487} INFO - Filling up the DagBag from /home/airflow/.local/lib/python3.6/site-packages/airflow/example_dags/example_branch_day_of_week_operator.py
[2021-06-13 08:16:33,470] {scheduler_job.py:643} INFO - DAG(s) dict_keys(['example_weekday_branch_operator']) retrieved from /home/airflow/.local/lib/python3.6/site-packages/airflow/example_dags/example_branch_day_of_week_operator.py
[2021-06-13 08:16:33,488] {logging_mixin.py:104} INFO - [2021-06-13 08:16:33,488] {dag.py:1832} INFO - Sync 1 DAGs
[2021-06-13 08:16:33,504] {logging_mixin.py:104} INFO - [2021-06-13 08:16:33,503] {dag.py:2305} INFO - Setting next_dagrun for example_weekday_branch_operator to 2021-06-11 00:00:00+00:00
[2021-06-13 08:16:33,515] {scheduler_job.py:190} INFO - Processing /home/airflow/.local/lib/python3.6/site-packages/airflow/example_dags/example_branch_day_of_week_operator.py took 0.059 seconds
[2021-06-13 08:17:04,271] {scheduler_job.py:182} INFO - Started process (PID=467) to work on /home/airflow/.local/lib/python3.6/site-packages/airflow/example_dags/example_branch_day_of_week_operator.py
[2021-06-13 08:17:04,272] {scheduler_job.py:633} INFO - Processing file /home/airflow/.local/lib/python3.6/site-packages/airflow/example_dags/example_branch_day_of_week_operator.py for tasks to queue
[2021-06-13 08:17:04,273] {logging_mixin.py:104} INFO - [2021-06-13 08:17:04,273] {dagbag.py:487} INFO - Filling up the DagBag from /home/airflow/.local/lib/python3.6/site-packages/airflow/example_dags/example_branch_day_of_week_operator.py
[2021-06-13 08:17:04,284] {scheduler_job.py:643} INFO - DAG(s) dict_keys(['example_weekday_branch_operator']) retrieved from /home/airflow/.local/lib/python3.6/site-packages/airflow/example_dags/example_branch_day_of_week_operator.py
[2021-06-13 08:17:04,302] {logging_mixin.py:104} INFO - [2021-06-13 08:17:04,302] {dag.py:1832} INFO - Sync 1 DAGs
[2021-06-13 08:17:04,322] {logging_mixin.py:104} INFO - [2021-06-13 08:17:04,322] {dag.py:2305} INFO - Setting next_dagrun for example_weekday_branch_operator to 2021-06-11 00:00:00+00:00
[2021-06-13 08:17:04,333] {scheduler_job.py:190} INFO - Processing /home/airflow/.local/lib/python3.6/site-packages/airflow/example_dags/example_branch_day_of_week_operator.py took 0.065 seconds
[2021-06-13 08:17:35,235] {scheduler_job.py:182} INFO - Started process (PID=538) to work on /home/airflow/.local/lib/python3.6/site-packages/airflow/example_dags/example_branch_day_of_week_operator.py
[2021-06-13 08:17:35,236] {scheduler_job.py:633} INFO - Processing file /home/airflow/.local/lib/python3.6/site-packages/airflow/example_dags/example_branch_day_of_week_operator.py for tasks to queue
[2021-06-13 08:17:35,237] {logging_mixin.py:104} INFO - [2021-06-13 08:17:35,237] {dagbag.py:487} INFO - Filling up the DagBag from /home/airflow/.local/lib/python3.6/site-packages/airflow/example_dags/example_branch_day_of_week_operator.py
[2021-06-13 08:17:35,247] {scheduler_job.py:643} INFO - DAG(s) dict_keys(['example_weekday_branch_operator']) retrieved from /home/airflow/.local/lib/python3.6/site-packages/airflow/example_dags/example_branch_day_of_week_operator.py
[2021-06-13 08:17:35,265] {logging_mixin.py:104} INFO - [2021-06-13 08:17:35,265] {dag.py:1832} INFO - Sync 1 DAGs
[2021-06-13 08:17:35,280] {logging_mixin.py:104} INFO - [2021-06-13 08:17:35,280] {dag.py:2305} INFO - Setting next_dagrun for example_weekday_branch_operator to 2021-06-11 00:00:00+00:00
[2021-06-13 08:17:35,292] {scheduler_job.py:190} INFO - Processing /home/airflow/.local/lib/python3.6/site-packages/airflow/example_dags/example_branch_day_of_week_operator.py took 0.059 seconds
[2021-06-13 08:18:05,991] {scheduler_job.py:182} INFO - Started process (PID=598) to work on /home/airflow/.local/lib/python3.6/site-packages/airflow/example_dags/example_branch_day_of_week_operator.py
[2021-06-13 08:18:05,993] {scheduler_job.py:633} INFO - Processing file /home/airflow/.local/lib/python3.6/site-packages/airflow/example_dags/example_branch_day_of_week_operator.py for tasks to queue
[2021-06-13 08:18:05,994] {logging_mixin.py:104} INFO - [2021-06-13 08:18:05,994] {dagbag.py:487} INFO - Filling up the DagBag from /home/airflow/.local/lib/python3.6/site-packages/airflow/example_dags/example_branch_day_of_week_operator.py
[2021-06-13 08:18:06,006] {scheduler_job.py:643} INFO - DAG(s) dict_keys(['example_weekday_branch_operator']) retrieved from /home/airflow/.local/lib/python3.6/site-packages/airflow/example_dags/example_branch_day_of_week_operator.py
[2021-06-13 08:18:06,024] {logging_mixin.py:104} INFO - [2021-06-13 08:18:06,024] {dag.py:1832} INFO - Sync 1 DAGs
[2021-06-13 08:18:06,040] {logging_mixin.py:104} INFO - [2021-06-13 08:18:06,040] {dag.py:2305} INFO - Setting next_dagrun for example_weekday_branch_operator to 2021-06-11 00:00:00+00:00
[2021-06-13 08:18:06,050] {scheduler_job.py:190} INFO - Processing /home/airflow/.local/lib/python3.6/site-packages/airflow/example_dags/example_branch_day_of_week_operator.py took 0.062 seconds
[2021-06-13 08:18:36,706] {scheduler_job.py:182} INFO - Started process (PID=671) to work on /home/airflow/.local/lib/python3.6/site-packages/airflow/example_dags/example_branch_day_of_week_operator.py
[2021-06-13 08:18:36,707] {scheduler_job.py:633} INFO - Processing file /home/airflow/.local/lib/python3.6/site-packages/airflow/example_dags/example_branch_day_of_week_operator.py for tasks to queue
[2021-06-13 08:18:36,709] {logging_mixin.py:104} INFO - [2021-06-13 08:18:36,708] {dagbag.py:487} INFO - Filling up the DagBag from /home/airflow/.local/lib/python3.6/site-packages/airflow/example_dags/example_branch_day_of_week_operator.py
[2021-06-13 08:18:36,717] {scheduler_job.py:643} INFO - DAG(s) dict_keys(['example_weekday_branch_operator']) retrieved from /home/airflow/.local/lib/python3.6/site-packages/airflow/example_dags/example_branch_day_of_week_operator.py
[2021-06-13 08:18:36,735] {logging_mixin.py:104} INFO - [2021-06-13 08:18:36,735] {dag.py:1832} INFO - Sync 1 DAGs
[2021-06-13 08:18:36,751] {logging_mixin.py:104} INFO - [2021-06-13 08:18:36,751] {dag.py:2305} INFO - Setting next_dagrun for example_weekday_branch_operator to 2021-06-11 00:00:00+00:00
[2021-06-13 08:18:36,760] {scheduler_job.py:190} INFO - Processing /home/airflow/.local/lib/python3.6/site-packages/airflow/example_dags/example_branch_day_of_week_operator.py took 0.056 seconds
[2021-06-13 08:19:07,497] {scheduler_job.py:182} INFO - Started process (PID=744) to work on /home/airflow/.local/lib/python3.6/site-packages/airflow/example_dags/example_branch_day_of_week_operator.py
[2021-06-13 08:19:07,498] {scheduler_job.py:633} INFO - Processing file /home/airflow/.local/lib/python3.6/site-packages/airflow/example_dags/example_branch_day_of_week_operator.py for tasks to queue
[2021-06-13 08:19:07,499] {logging_mixin.py:104} INFO - [2021-06-13 08:19:07,499] {dagbag.py:487} INFO - Filling up the DagBag from /home/airflow/.local/lib/python3.6/site-packages/airflow/example_dags/example_branch_day_of_week_operator.py
[2021-06-13 08:19:07,509] {scheduler_job.py:643} INFO - DAG(s) dict_keys(['example_weekday_branch_operator']) retrieved from /home/airflow/.local/lib/python3.6/site-packages/airflow/example_dags/example_branch_day_of_week_operator.py
[2021-06-13 08:19:07,528] {logging_mixin.py:104} INFO - [2021-06-13 08:19:07,528] {dag.py:1832} INFO - Sync 1 DAGs
[2021-06-13 08:19:07,544] {logging_mixin.py:104} INFO - [2021-06-13 08:19:07,544] {dag.py:2305} INFO - Setting next_dagrun for example_weekday_branch_operator to 2021-06-11 00:00:00+00:00
[2021-06-13 08:19:07,554] {scheduler_job.py:190} INFO - Processing /home/airflow/.local/lib/python3.6/site-packages/airflow/example_dags/example_branch_day_of_week_operator.py took 0.060 seconds
[2021-06-13 08:19:38,224] {scheduler_job.py:182} INFO - Started process (PID=802) to work on /home/airflow/.local/lib/python3.6/site-packages/airflow/example_dags/example_branch_day_of_week_operator.py
[2021-06-13 08:19:38,226] {scheduler_job.py:633} INFO - Processing file /home/airflow/.local/lib/python3.6/site-packages/airflow/example_dags/example_branch_day_of_week_operator.py for tasks to queue
[2021-06-13 08:19:38,227] {logging_mixin.py:104} INFO - [2021-06-13 08:19:38,227] {dagbag.py:487} INFO - Filling up the DagBag from /home/airflow/.local/lib/python3.6/site-packages/airflow/example_dags/example_branch_day_of_week_operator.py
[2021-06-13 08:19:38,237] {scheduler_job.py:643} INFO - DAG(s) dict_keys(['example_weekday_branch_operator']) retrieved from /home/airflow/.local/lib/python3.6/site-packages/airflow/example_dags/example_branch_day_of_week_operator.py
[2021-06-13 08:19:38,256] {logging_mixin.py:104} INFO - [2021-06-13 08:19:38,256] {dag.py:1832} INFO - Sync 1 DAGs
[2021-06-13 08:19:38,272] {logging_mixin.py:104} INFO - [2021-06-13 08:19:38,272] {dag.py:2305} INFO - Setting next_dagrun for example_weekday_branch_operator to 2021-06-11 00:00:00+00:00
[2021-06-13 08:19:38,281] {scheduler_job.py:190} INFO - Processing /home/airflow/.local/lib/python3.6/site-packages/airflow/example_dags/example_branch_day_of_week_operator.py took 0.059 seconds
[2021-06-13 08:20:08,811] {scheduler_job.py:182} INFO - Started process (PID=874) to work on /home/airflow/.local/lib/python3.6/site-packages/airflow/example_dags/example_branch_day_of_week_operator.py
[2021-06-13 08:20:08,812] {scheduler_job.py:633} INFO - Processing file /home/airflow/.local/lib/python3.6/site-packages/airflow/example_dags/example_branch_day_of_week_operator.py for tasks to queue
[2021-06-13 08:20:08,813] {logging_mixin.py:104} INFO - [2021-06-13 08:20:08,813] {dagbag.py:487} INFO - Filling up the DagBag from /home/airflow/.local/lib/python3.6/site-packages/airflow/example_dags/example_branch_day_of_week_operator.py
[2021-06-13 08:20:08,824] {scheduler_job.py:643} INFO - DAG(s) dict_keys(['example_weekday_branch_operator']) retrieved from /home/airflow/.local/lib/python3.6/site-packages/airflow/example_dags/example_branch_day_of_week_operator.py
[2021-06-13 08:20:08,842] {logging_mixin.py:104} INFO - [2021-06-13 08:20:08,842] {dag.py:1832} INFO - Sync 1 DAGs
[2021-06-13 08:20:08,858] {logging_mixin.py:104} INFO - [2021-06-13 08:20:08,858] {dag.py:2305} INFO - Setting next_dagrun for example_weekday_branch_operator to 2021-06-11 00:00:00+00:00
[2021-06-13 08:20:08,867] {scheduler_job.py:190} INFO - Processing /home/airflow/.local/lib/python3.6/site-packages/airflow/example_dags/example_branch_day_of_week_operator.py took 0.058 seconds
[2021-06-13 08:20:39,574] {scheduler_job.py:182} INFO - Started process (PID=948) to work on /home/airflow/.local/lib/python3.6/site-packages/airflow/example_dags/example_branch_day_of_week_operator.py
[2021-06-13 08:20:39,575] {scheduler_job.py:633} INFO - Processing file /home/airflow/.local/lib/python3.6/site-packages/airflow/example_dags/example_branch_day_of_week_operator.py for tasks to queue
[2021-06-13 08:20:39,576] {logging_mixin.py:104} INFO - [2021-06-13 08:20:39,576] {dagbag.py:487} INFO - Filling up the DagBag from /home/airflow/.local/lib/python3.6/site-packages/airflow/example_dags/example_branch_day_of_week_operator.py
[2021-06-13 08:20:39,585] {scheduler_job.py:643} INFO - DAG(s) dict_keys(['example_weekday_branch_operator']) retrieved from /home/airflow/.local/lib/python3.6/site-packages/airflow/example_dags/example_branch_day_of_week_operator.py
[2021-06-13 08:20:39,602] {logging_mixin.py:104} INFO - [2021-06-13 08:20:39,602] {dag.py:1832} INFO - Sync 1 DAGs
[2021-06-13 08:20:39,617] {logging_mixin.py:104} INFO - [2021-06-13 08:20:39,617] {dag.py:2305} INFO - Setting next_dagrun for example_weekday_branch_operator to 2021-06-11 00:00:00+00:00
[2021-06-13 08:20:39,627] {scheduler_job.py:190} INFO - Processing /home/airflow/.local/lib/python3.6/site-packages/airflow/example_dags/example_branch_day_of_week_operator.py took 0.055 seconds
[2021-06-13 08:21:10,675] {scheduler_job.py:182} INFO - Started process (PID=1006) to work on /home/airflow/.local/lib/python3.6/site-packages/airflow/example_dags/example_branch_day_of_week_operator.py
[2021-06-13 08:21:10,677] {scheduler_job.py:633} INFO - Processing file /home/airflow/.local/lib/python3.6/site-packages/airflow/example_dags/example_branch_day_of_week_operator.py for tasks to queue
[2021-06-13 08:21:10,678] {logging_mixin.py:104} INFO - [2021-06-13 08:21:10,677] {dagbag.py:487} INFO - Filling up the DagBag from /home/airflow/.local/lib/python3.6/site-packages/airflow/example_dags/example_branch_day_of_week_operator.py
[2021-06-13 08:21:10,689] {scheduler_job.py:643} INFO - DAG(s) dict_keys(['example_weekday_branch_operator']) retrieved from /home/airflow/.local/lib/python3.6/site-packages/airflow/example_dags/example_branch_day_of_week_operator.py
[2021-06-13 08:21:10,713] {logging_mixin.py:104} INFO - [2021-06-13 08:21:10,713] {dag.py:1832} INFO - Sync 1 DAGs
[2021-06-13 08:21:10,732] {logging_mixin.py:104} INFO - [2021-06-13 08:21:10,732] {dag.py:2305} INFO - Setting next_dagrun for example_weekday_branch_operator to 2021-06-11 00:00:00+00:00
[2021-06-13 08:21:10,742] {scheduler_job.py:190} INFO - Processing /home/airflow/.local/lib/python3.6/site-packages/airflow/example_dags/example_branch_day_of_week_operator.py took 0.069 seconds
[2021-06-13 08:21:40,796] {scheduler_job.py:182} INFO - Started process (PID=1080) to work on /home/airflow/.local/lib/python3.6/site-packages/airflow/example_dags/example_branch_day_of_week_operator.py
[2021-06-13 08:21:40,797] {scheduler_job.py:633} INFO - Processing file /home/airflow/.local/lib/python3.6/site-packages/airflow/example_dags/example_branch_day_of_week_operator.py for tasks to queue
[2021-06-13 08:21:40,798] {logging_mixin.py:104} INFO - [2021-06-13 08:21:40,798] {dagbag.py:487} INFO - Filling up the DagBag from /home/airflow/.local/lib/python3.6/site-packages/airflow/example_dags/example_branch_day_of_week_operator.py
[2021-06-13 08:21:40,807] {scheduler_job.py:643} INFO - DAG(s) dict_keys(['example_weekday_branch_operator']) retrieved from /home/airflow/.local/lib/python3.6/site-packages/airflow/example_dags/example_branch_day_of_week_operator.py
[2021-06-13 08:21:40,827] {logging_mixin.py:104} INFO - [2021-06-13 08:21:40,827] {dag.py:1832} INFO - Sync 1 DAGs
[2021-06-13 08:21:40,844] {logging_mixin.py:104} INFO - [2021-06-13 08:21:40,844] {dag.py:2305} INFO - Setting next_dagrun for example_weekday_branch_operator to 2021-06-11 00:00:00+00:00
[2021-06-13 08:21:40,862] {scheduler_job.py:190} INFO - Processing /home/airflow/.local/lib/python3.6/site-packages/airflow/example_dags/example_branch_day_of_week_operator.py took 0.069 seconds
[2021-06-13 08:22:12,000] {scheduler_job.py:182} INFO - Started process (PID=1154) to work on /home/airflow/.local/lib/python3.6/site-packages/airflow/example_dags/example_branch_day_of_week_operator.py
[2021-06-13 08:22:12,002] {scheduler_job.py:633} INFO - Processing file /home/airflow/.local/lib/python3.6/site-packages/airflow/example_dags/example_branch_day_of_week_operator.py for tasks to queue
[2021-06-13 08:22:12,003] {logging_mixin.py:104} INFO - [2021-06-13 08:22:12,003] {dagbag.py:487} INFO - Filling up the DagBag from /home/airflow/.local/lib/python3.6/site-packages/airflow/example_dags/example_branch_day_of_week_operator.py
[2021-06-13 08:22:12,018] {scheduler_job.py:643} INFO - DAG(s) dict_keys(['example_weekday_branch_operator']) retrieved from /home/airflow/.local/lib/python3.6/site-packages/airflow/example_dags/example_branch_day_of_week_operator.py
[2021-06-13 08:22:12,039] {logging_mixin.py:104} INFO - [2021-06-13 08:22:12,039] {dag.py:1832} INFO - Sync 1 DAGs
[2021-06-13 08:22:12,063] {logging_mixin.py:104} INFO - [2021-06-13 08:22:12,063] {dag.py:2305} INFO - Setting next_dagrun for example_weekday_branch_operator to 2021-06-11 00:00:00+00:00
[2021-06-13 08:22:12,076] {scheduler_job.py:190} INFO - Processing /home/airflow/.local/lib/python3.6/site-packages/airflow/example_dags/example_branch_day_of_week_operator.py took 0.079 seconds
[2021-06-13 08:22:42,939] {scheduler_job.py:182} INFO - Started process (PID=1211) to work on /home/airflow/.local/lib/python3.6/site-packages/airflow/example_dags/example_branch_day_of_week_operator.py
[2021-06-13 08:22:42,940] {scheduler_job.py:633} INFO - Processing file /home/airflow/.local/lib/python3.6/site-packages/airflow/example_dags/example_branch_day_of_week_operator.py for tasks to queue
[2021-06-13 08:22:42,942] {logging_mixin.py:104} INFO - [2021-06-13 08:22:42,941] {dagbag.py:487} INFO - Filling up the DagBag from /home/airflow/.local/lib/python3.6/site-packages/airflow/example_dags/example_branch_day_of_week_operator.py
[2021-06-13 08:22:42,955] {scheduler_job.py:643} INFO - DAG(s) dict_keys(['example_weekday_branch_operator']) retrieved from /home/airflow/.local/lib/python3.6/site-packages/airflow/example_dags/example_branch_day_of_week_operator.py
[2021-06-13 08:22:42,976] {logging_mixin.py:104} INFO - [2021-06-13 08:22:42,976] {dag.py:1832} INFO - Sync 1 DAGs
[2021-06-13 08:22:42,996] {logging_mixin.py:104} INFO - [2021-06-13 08:22:42,996] {dag.py:2305} INFO - Setting next_dagrun for example_weekday_branch_operator to 2021-06-11 00:00:00+00:00
[2021-06-13 08:22:43,008] {scheduler_job.py:190} INFO - Processing /home/airflow/.local/lib/python3.6/site-packages/airflow/example_dags/example_branch_day_of_week_operator.py took 0.072 seconds
[2021-06-13 08:23:13,354] {scheduler_job.py:182} INFO - Started process (PID=1284) to work on /home/airflow/.local/lib/python3.6/site-packages/airflow/example_dags/example_branch_day_of_week_operator.py
[2021-06-13 08:23:13,355] {scheduler_job.py:633} INFO - Processing file /home/airflow/.local/lib/python3.6/site-packages/airflow/example_dags/example_branch_day_of_week_operator.py for tasks to queue
[2021-06-13 08:23:13,357] {logging_mixin.py:104} INFO - [2021-06-13 08:23:13,356] {dagbag.py:487} INFO - Filling up the DagBag from /home/airflow/.local/lib/python3.6/site-packages/airflow/example_dags/example_branch_day_of_week_operator.py
[2021-06-13 08:23:13,366] {scheduler_job.py:643} INFO - DAG(s) dict_keys(['example_weekday_branch_operator']) retrieved from /home/airflow/.local/lib/python3.6/site-packages/airflow/example_dags/example_branch_day_of_week_operator.py
[2021-06-13 08:23:13,382] {logging_mixin.py:104} INFO - [2021-06-13 08:23:13,382] {dag.py:1832} INFO - Sync 1 DAGs
[2021-06-13 08:23:13,395] {logging_mixin.py:104} INFO - [2021-06-13 08:23:13,395] {dag.py:2305} INFO - Setting next_dagrun for example_weekday_branch_operator to 2021-06-11 00:00:00+00:00
[2021-06-13 08:23:13,404] {scheduler_job.py:190} INFO - Processing /home/airflow/.local/lib/python3.6/site-packages/airflow/example_dags/example_branch_day_of_week_operator.py took 0.053 seconds
[2021-06-13 08:23:44,702] {scheduler_job.py:182} INFO - Started process (PID=1359) to work on /home/airflow/.local/lib/python3.6/site-packages/airflow/example_dags/example_branch_day_of_week_operator.py
[2021-06-13 08:23:44,704] {scheduler_job.py:633} INFO - Processing file /home/airflow/.local/lib/python3.6/site-packages/airflow/example_dags/example_branch_day_of_week_operator.py for tasks to queue
[2021-06-13 08:23:44,705] {logging_mixin.py:104} INFO - [2021-06-13 08:23:44,705] {dagbag.py:487} INFO - Filling up the DagBag from /home/airflow/.local/lib/python3.6/site-packages/airflow/example_dags/example_branch_day_of_week_operator.py
[2021-06-13 08:23:44,718] {scheduler_job.py:643} INFO - DAG(s) dict_keys(['example_weekday_branch_operator']) retrieved from /home/airflow/.local/lib/python3.6/site-packages/airflow/example_dags/example_branch_day_of_week_operator.py
[2021-06-13 08:23:44,746] {logging_mixin.py:104} INFO - [2021-06-13 08:23:44,746] {dag.py:1832} INFO - Sync 1 DAGs
[2021-06-13 08:23:44,773] {logging_mixin.py:104} INFO - [2021-06-13 08:23:44,773] {dag.py:2305} INFO - Setting next_dagrun for example_weekday_branch_operator to 2021-06-11 00:00:00+00:00
[2021-06-13 08:23:44,786] {scheduler_job.py:190} INFO - Processing /home/airflow/.local/lib/python3.6/site-packages/airflow/example_dags/example_branch_day_of_week_operator.py took 0.089 seconds
[2021-06-13 08:24:29,056] {scheduler_job.py:182} INFO - Started process (PID=54) to work on /home/airflow/.local/lib/python3.6/site-packages/airflow/example_dags/example_branch_day_of_week_operator.py
[2021-06-13 08:24:29,057] {scheduler_job.py:633} INFO - Processing file /home/airflow/.local/lib/python3.6/site-packages/airflow/example_dags/example_branch_day_of_week_operator.py for tasks to queue
[2021-06-13 08:24:29,058] {logging_mixin.py:104} INFO - [2021-06-13 08:24:29,057] {dagbag.py:487} INFO - Filling up the DagBag from /home/airflow/.local/lib/python3.6/site-packages/airflow/example_dags/example_branch_day_of_week_operator.py
[2021-06-13 08:24:29,067] {scheduler_job.py:643} INFO - DAG(s) dict_keys(['example_weekday_branch_operator']) retrieved from /home/airflow/.local/lib/python3.6/site-packages/airflow/example_dags/example_branch_day_of_week_operator.py
[2021-06-13 08:24:29,095] {logging_mixin.py:104} INFO - [2021-06-13 08:24:29,095] {dag.py:1832} INFO - Sync 1 DAGs
[2021-06-13 08:24:29,111] {logging_mixin.py:104} INFO - [2021-06-13 08:24:29,111] {dag.py:2305} INFO - Setting next_dagrun for example_weekday_branch_operator to 2021-06-11 00:00:00+00:00
[2021-06-13 08:24:29,130] {scheduler_job.py:190} INFO - Processing /home/airflow/.local/lib/python3.6/site-packages/airflow/example_dags/example_branch_day_of_week_operator.py took 0.076 seconds
[2021-06-13 08:24:59,879] {scheduler_job.py:182} INFO - Started process (PID=127) to work on /home/airflow/.local/lib/python3.6/site-packages/airflow/example_dags/example_branch_day_of_week_operator.py
[2021-06-13 08:24:59,880] {scheduler_job.py:633} INFO - Processing file /home/airflow/.local/lib/python3.6/site-packages/airflow/example_dags/example_branch_day_of_week_operator.py for tasks to queue
[2021-06-13 08:24:59,881] {logging_mixin.py:104} INFO - [2021-06-13 08:24:59,881] {dagbag.py:487} INFO - Filling up the DagBag from /home/airflow/.local/lib/python3.6/site-packages/airflow/example_dags/example_branch_day_of_week_operator.py
[2021-06-13 08:24:59,891] {scheduler_job.py:643} INFO - DAG(s) dict_keys(['example_weekday_branch_operator']) retrieved from /home/airflow/.local/lib/python3.6/site-packages/airflow/example_dags/example_branch_day_of_week_operator.py
[2021-06-13 08:24:59,909] {logging_mixin.py:104} INFO - [2021-06-13 08:24:59,909] {dag.py:1832} INFO - Sync 1 DAGs
[2021-06-13 08:24:59,924] {logging_mixin.py:104} INFO - [2021-06-13 08:24:59,924] {dag.py:2305} INFO - Setting next_dagrun for example_weekday_branch_operator to 2021-06-11 00:00:00+00:00
[2021-06-13 08:24:59,932] {scheduler_job.py:190} INFO - Processing /home/airflow/.local/lib/python3.6/site-packages/airflow/example_dags/example_branch_day_of_week_operator.py took 0.056 seconds
[2021-06-13 08:25:30,629] {scheduler_job.py:182} INFO - Started process (PID=186) to work on /home/airflow/.local/lib/python3.6/site-packages/airflow/example_dags/example_branch_day_of_week_operator.py
[2021-06-13 08:25:30,631] {scheduler_job.py:633} INFO - Processing file /home/airflow/.local/lib/python3.6/site-packages/airflow/example_dags/example_branch_day_of_week_operator.py for tasks to queue
[2021-06-13 08:25:30,632] {logging_mixin.py:104} INFO - [2021-06-13 08:25:30,632] {dagbag.py:487} INFO - Filling up the DagBag from /home/airflow/.local/lib/python3.6/site-packages/airflow/example_dags/example_branch_day_of_week_operator.py
[2021-06-13 08:25:30,641] {scheduler_job.py:643} INFO - DAG(s) dict_keys(['example_weekday_branch_operator']) retrieved from /home/airflow/.local/lib/python3.6/site-packages/airflow/example_dags/example_branch_day_of_week_operator.py
[2021-06-13 08:25:30,659] {logging_mixin.py:104} INFO - [2021-06-13 08:25:30,659] {dag.py:1832} INFO - Sync 1 DAGs
[2021-06-13 08:25:30,674] {logging_mixin.py:104} INFO - [2021-06-13 08:25:30,674] {dag.py:2305} INFO - Setting next_dagrun for example_weekday_branch_operator to 2021-06-11 00:00:00+00:00
[2021-06-13 08:25:30,684] {scheduler_job.py:190} INFO - Processing /home/airflow/.local/lib/python3.6/site-packages/airflow/example_dags/example_branch_day_of_week_operator.py took 0.057 seconds
[2021-06-13 08:26:01,315] {scheduler_job.py:182} INFO - Started process (PID=257) to work on /home/airflow/.local/lib/python3.6/site-packages/airflow/example_dags/example_branch_day_of_week_operator.py
[2021-06-13 08:26:01,319] {scheduler_job.py:633} INFO - Processing file /home/airflow/.local/lib/python3.6/site-packages/airflow/example_dags/example_branch_day_of_week_operator.py for tasks to queue
[2021-06-13 08:26:01,321] {logging_mixin.py:104} INFO - [2021-06-13 08:26:01,321] {dagbag.py:487} INFO - Filling up the DagBag from /home/airflow/.local/lib/python3.6/site-packages/airflow/example_dags/example_branch_day_of_week_operator.py
[2021-06-13 08:26:01,335] {scheduler_job.py:643} INFO - DAG(s) dict_keys(['example_weekday_branch_operator']) retrieved from /home/airflow/.local/lib/python3.6/site-packages/airflow/example_dags/example_branch_day_of_week_operator.py
[2021-06-13 08:26:01,355] {logging_mixin.py:104} INFO - [2021-06-13 08:26:01,355] {dag.py:1832} INFO - Sync 1 DAGs
[2021-06-13 08:26:01,372] {logging_mixin.py:104} INFO - [2021-06-13 08:26:01,372] {dag.py:2305} INFO - Setting next_dagrun for example_weekday_branch_operator to 2021-06-11 00:00:00+00:00
[2021-06-13 08:26:01,381] {scheduler_job.py:190} INFO - Processing /home/airflow/.local/lib/python3.6/site-packages/airflow/example_dags/example_branch_day_of_week_operator.py took 0.068 seconds
[2021-06-13 08:26:32,083] {scheduler_job.py:182} INFO - Started process (PID=330) to work on /home/airflow/.local/lib/python3.6/site-packages/airflow/example_dags/example_branch_day_of_week_operator.py
[2021-06-13 08:26:32,084] {scheduler_job.py:633} INFO - Processing file /home/airflow/.local/lib/python3.6/site-packages/airflow/example_dags/example_branch_day_of_week_operator.py for tasks to queue
[2021-06-13 08:26:32,085] {logging_mixin.py:104} INFO - [2021-06-13 08:26:32,085] {dagbag.py:487} INFO - Filling up the DagBag from /home/airflow/.local/lib/python3.6/site-packages/airflow/example_dags/example_branch_day_of_week_operator.py
[2021-06-13 08:26:32,095] {scheduler_job.py:643} INFO - DAG(s) dict_keys(['example_weekday_branch_operator']) retrieved from /home/airflow/.local/lib/python3.6/site-packages/airflow/example_dags/example_branch_day_of_week_operator.py
[2021-06-13 08:26:32,113] {logging_mixin.py:104} INFO - [2021-06-13 08:26:32,113] {dag.py:1832} INFO - Sync 1 DAGs
[2021-06-13 08:26:32,127] {logging_mixin.py:104} INFO - [2021-06-13 08:26:32,127] {dag.py:2305} INFO - Setting next_dagrun for example_weekday_branch_operator to 2021-06-11 00:00:00+00:00
[2021-06-13 08:26:32,136] {scheduler_job.py:190} INFO - Processing /home/airflow/.local/lib/python3.6/site-packages/airflow/example_dags/example_branch_day_of_week_operator.py took 0.055 seconds
[2021-06-13 08:27:02,904] {scheduler_job.py:182} INFO - Started process (PID=387) to work on /home/airflow/.local/lib/python3.6/site-packages/airflow/example_dags/example_branch_day_of_week_operator.py
[2021-06-13 08:27:02,905] {scheduler_job.py:633} INFO - Processing file /home/airflow/.local/lib/python3.6/site-packages/airflow/example_dags/example_branch_day_of_week_operator.py for tasks to queue
[2021-06-13 08:27:02,906] {logging_mixin.py:104} INFO - [2021-06-13 08:27:02,906] {dagbag.py:487} INFO - Filling up the DagBag from /home/airflow/.local/lib/python3.6/site-packages/airflow/example_dags/example_branch_day_of_week_operator.py
[2021-06-13 08:27:02,914] {scheduler_job.py:643} INFO - DAG(s) dict_keys(['example_weekday_branch_operator']) retrieved from /home/airflow/.local/lib/python3.6/site-packages/airflow/example_dags/example_branch_day_of_week_operator.py
[2021-06-13 08:27:02,931] {logging_mixin.py:104} INFO - [2021-06-13 08:27:02,931] {dag.py:1832} INFO - Sync 1 DAGs
[2021-06-13 08:27:02,947] {logging_mixin.py:104} INFO - [2021-06-13 08:27:02,947] {dag.py:2305} INFO - Setting next_dagrun for example_weekday_branch_operator to 2021-06-11 00:00:00+00:00
[2021-06-13 08:27:02,956] {scheduler_job.py:190} INFO - Processing /home/airflow/.local/lib/python3.6/site-packages/airflow/example_dags/example_branch_day_of_week_operator.py took 0.054 seconds
[2021-06-13 08:27:33,744] {scheduler_job.py:182} INFO - Started process (PID=460) to work on /home/airflow/.local/lib/python3.6/site-packages/airflow/example_dags/example_branch_day_of_week_operator.py
[2021-06-13 08:27:33,745] {scheduler_job.py:633} INFO - Processing file /home/airflow/.local/lib/python3.6/site-packages/airflow/example_dags/example_branch_day_of_week_operator.py for tasks to queue
[2021-06-13 08:27:33,746] {logging_mixin.py:104} INFO - [2021-06-13 08:27:33,746] {dagbag.py:487} INFO - Filling up the DagBag from /home/airflow/.local/lib/python3.6/site-packages/airflow/example_dags/example_branch_day_of_week_operator.py
[2021-06-13 08:27:33,758] {scheduler_job.py:643} INFO - DAG(s) dict_keys(['example_weekday_branch_operator']) retrieved from /home/airflow/.local/lib/python3.6/site-packages/airflow/example_dags/example_branch_day_of_week_operator.py
[2021-06-13 08:27:33,777] {logging_mixin.py:104} INFO - [2021-06-13 08:27:33,777] {dag.py:1832} INFO - Sync 1 DAGs
[2021-06-13 08:27:33,792] {logging_mixin.py:104} INFO - [2021-06-13 08:27:33,792] {dag.py:2305} INFO - Setting next_dagrun for example_weekday_branch_operator to 2021-06-11 00:00:00+00:00
[2021-06-13 08:27:33,801] {scheduler_job.py:190} INFO - Processing /home/airflow/.local/lib/python3.6/site-packages/airflow/example_dags/example_branch_day_of_week_operator.py took 0.059 seconds
[2021-06-13 08:28:04,585] {scheduler_job.py:182} INFO - Started process (PID=533) to work on /home/airflow/.local/lib/python3.6/site-packages/airflow/example_dags/example_branch_day_of_week_operator.py
[2021-06-13 08:28:04,586] {scheduler_job.py:633} INFO - Processing file /home/airflow/.local/lib/python3.6/site-packages/airflow/example_dags/example_branch_day_of_week_operator.py for tasks to queue
[2021-06-13 08:28:04,587] {logging_mixin.py:104} INFO - [2021-06-13 08:28:04,587] {dagbag.py:487} INFO - Filling up the DagBag from /home/airflow/.local/lib/python3.6/site-packages/airflow/example_dags/example_branch_day_of_week_operator.py
[2021-06-13 08:28:04,597] {scheduler_job.py:643} INFO - DAG(s) dict_keys(['example_weekday_branch_operator']) retrieved from /home/airflow/.local/lib/python3.6/site-packages/airflow/example_dags/example_branch_day_of_week_operator.py
[2021-06-13 08:28:04,615] {logging_mixin.py:104} INFO - [2021-06-13 08:28:04,615] {dag.py:1832} INFO - Sync 1 DAGs
[2021-06-13 08:28:04,631] {logging_mixin.py:104} INFO - [2021-06-13 08:28:04,631] {dag.py:2305} INFO - Setting next_dagrun for example_weekday_branch_operator to 2021-06-11 00:00:00+00:00
[2021-06-13 08:28:04,641] {scheduler_job.py:190} INFO - Processing /home/airflow/.local/lib/python3.6/site-packages/airflow/example_dags/example_branch_day_of_week_operator.py took 0.058 seconds
[2021-06-13 08:28:35,450] {scheduler_job.py:182} INFO - Started process (PID=598) to work on /home/airflow/.local/lib/python3.6/site-packages/airflow/example_dags/example_branch_day_of_week_operator.py
[2021-06-13 08:28:35,451] {scheduler_job.py:633} INFO - Processing file /home/airflow/.local/lib/python3.6/site-packages/airflow/example_dags/example_branch_day_of_week_operator.py for tasks to queue
[2021-06-13 08:28:35,452] {logging_mixin.py:104} INFO - [2021-06-13 08:28:35,452] {dagbag.py:487} INFO - Filling up the DagBag from /home/airflow/.local/lib/python3.6/site-packages/airflow/example_dags/example_branch_day_of_week_operator.py
[2021-06-13 08:28:35,463] {scheduler_job.py:643} INFO - DAG(s) dict_keys(['example_weekday_branch_operator']) retrieved from /home/airflow/.local/lib/python3.6/site-packages/airflow/example_dags/example_branch_day_of_week_operator.py
[2021-06-13 08:28:35,482] {logging_mixin.py:104} INFO - [2021-06-13 08:28:35,482] {dag.py:1832} INFO - Sync 1 DAGs
[2021-06-13 08:28:35,502] {logging_mixin.py:104} INFO - [2021-06-13 08:28:35,502] {dag.py:2305} INFO - Setting next_dagrun for example_weekday_branch_operator to 2021-06-11 00:00:00+00:00
[2021-06-13 08:28:35,512] {scheduler_job.py:190} INFO - Processing /home/airflow/.local/lib/python3.6/site-packages/airflow/example_dags/example_branch_day_of_week_operator.py took 0.065 seconds
[2021-06-13 08:29:06,235] {scheduler_job.py:182} INFO - Started process (PID=664) to work on /home/airflow/.local/lib/python3.6/site-packages/airflow/example_dags/example_branch_day_of_week_operator.py
[2021-06-13 08:29:06,237] {scheduler_job.py:633} INFO - Processing file /home/airflow/.local/lib/python3.6/site-packages/airflow/example_dags/example_branch_day_of_week_operator.py for tasks to queue
[2021-06-13 08:29:06,238] {logging_mixin.py:104} INFO - [2021-06-13 08:29:06,238] {dagbag.py:487} INFO - Filling up the DagBag from /home/airflow/.local/lib/python3.6/site-packages/airflow/example_dags/example_branch_day_of_week_operator.py
[2021-06-13 08:29:06,249] {scheduler_job.py:643} INFO - DAG(s) dict_keys(['example_weekday_branch_operator']) retrieved from /home/airflow/.local/lib/python3.6/site-packages/airflow/example_dags/example_branch_day_of_week_operator.py
[2021-06-13 08:29:06,273] {logging_mixin.py:104} INFO - [2021-06-13 08:29:06,272] {dag.py:1832} INFO - Sync 1 DAGs
[2021-06-13 08:29:06,293] {logging_mixin.py:104} INFO - [2021-06-13 08:29:06,293] {dag.py:2305} INFO - Setting next_dagrun for example_weekday_branch_operator to 2021-06-11 00:00:00+00:00
[2021-06-13 08:29:06,305] {scheduler_job.py:190} INFO - Processing /home/airflow/.local/lib/python3.6/site-packages/airflow/example_dags/example_branch_day_of_week_operator.py took 0.072 seconds
[2021-06-13 08:29:37,079] {scheduler_job.py:182} INFO - Started process (PID=746) to work on /home/airflow/.local/lib/python3.6/site-packages/airflow/example_dags/example_branch_day_of_week_operator.py
[2021-06-13 08:29:37,080] {scheduler_job.py:633} INFO - Processing file /home/airflow/.local/lib/python3.6/site-packages/airflow/example_dags/example_branch_day_of_week_operator.py for tasks to queue
[2021-06-13 08:29:37,081] {logging_mixin.py:104} INFO - [2021-06-13 08:29:37,081] {dagbag.py:487} INFO - Filling up the DagBag from /home/airflow/.local/lib/python3.6/site-packages/airflow/example_dags/example_branch_day_of_week_operator.py
[2021-06-13 08:29:37,090] {scheduler_job.py:643} INFO - DAG(s) dict_keys(['example_weekday_branch_operator']) retrieved from /home/airflow/.local/lib/python3.6/site-packages/airflow/example_dags/example_branch_day_of_week_operator.py
[2021-06-13 08:29:37,108] {logging_mixin.py:104} INFO - [2021-06-13 08:29:37,108] {dag.py:1832} INFO - Sync 1 DAGs
[2021-06-13 08:29:37,123] {logging_mixin.py:104} INFO - [2021-06-13 08:29:37,123] {dag.py:2305} INFO - Setting next_dagrun for example_weekday_branch_operator to 2021-06-11 00:00:00+00:00
[2021-06-13 08:29:37,132] {scheduler_job.py:190} INFO - Processing /home/airflow/.local/lib/python3.6/site-packages/airflow/example_dags/example_branch_day_of_week_operator.py took 0.056 seconds
[2021-06-13 08:30:07,787] {scheduler_job.py:182} INFO - Started process (PID=808) to work on /home/airflow/.local/lib/python3.6/site-packages/airflow/example_dags/example_branch_day_of_week_operator.py
[2021-06-13 08:30:07,788] {scheduler_job.py:633} INFO - Processing file /home/airflow/.local/lib/python3.6/site-packages/airflow/example_dags/example_branch_day_of_week_operator.py for tasks to queue
[2021-06-13 08:30:07,789] {logging_mixin.py:104} INFO - [2021-06-13 08:30:07,789] {dagbag.py:487} INFO - Filling up the DagBag from /home/airflow/.local/lib/python3.6/site-packages/airflow/example_dags/example_branch_day_of_week_operator.py
[2021-06-13 08:30:07,801] {scheduler_job.py:643} INFO - DAG(s) dict_keys(['example_weekday_branch_operator']) retrieved from /home/airflow/.local/lib/python3.6/site-packages/airflow/example_dags/example_branch_day_of_week_operator.py
[2021-06-13 08:30:07,821] {logging_mixin.py:104} INFO - [2021-06-13 08:30:07,821] {dag.py:1832} INFO - Sync 1 DAGs
[2021-06-13 08:30:07,836] {logging_mixin.py:104} INFO - [2021-06-13 08:30:07,836] {dag.py:2305} INFO - Setting next_dagrun for example_weekday_branch_operator to 2021-06-11 00:00:00+00:00
[2021-06-13 08:30:07,845] {scheduler_job.py:190} INFO - Processing /home/airflow/.local/lib/python3.6/site-packages/airflow/example_dags/example_branch_day_of_week_operator.py took 0.061 seconds
[2021-06-13 08:30:38,579] {scheduler_job.py:182} INFO - Started process (PID=880) to work on /home/airflow/.local/lib/python3.6/site-packages/airflow/example_dags/example_branch_day_of_week_operator.py
[2021-06-13 08:30:38,581] {scheduler_job.py:633} INFO - Processing file /home/airflow/.local/lib/python3.6/site-packages/airflow/example_dags/example_branch_day_of_week_operator.py for tasks to queue
[2021-06-13 08:30:38,581] {logging_mixin.py:104} INFO - [2021-06-13 08:30:38,581] {dagbag.py:487} INFO - Filling up the DagBag from /home/airflow/.local/lib/python3.6/site-packages/airflow/example_dags/example_branch_day_of_week_operator.py
[2021-06-13 08:30:38,590] {scheduler_job.py:643} INFO - DAG(s) dict_keys(['example_weekday_branch_operator']) retrieved from /home/airflow/.local/lib/python3.6/site-packages/airflow/example_dags/example_branch_day_of_week_operator.py
[2021-06-13 08:30:38,606] {logging_mixin.py:104} INFO - [2021-06-13 08:30:38,606] {dag.py:1832} INFO - Sync 1 DAGs
[2021-06-13 08:30:38,620] {logging_mixin.py:104} INFO - [2021-06-13 08:30:38,620] {dag.py:2305} INFO - Setting next_dagrun for example_weekday_branch_operator to 2021-06-11 00:00:00+00:00
[2021-06-13 08:30:38,629] {scheduler_job.py:190} INFO - Processing /home/airflow/.local/lib/python3.6/site-packages/airflow/example_dags/example_branch_day_of_week_operator.py took 0.051 seconds
[2021-06-13 08:31:09,239] {scheduler_job.py:182} INFO - Started process (PID=952) to work on /home/airflow/.local/lib/python3.6/site-packages/airflow/example_dags/example_branch_day_of_week_operator.py
[2021-06-13 08:31:09,241] {scheduler_job.py:633} INFO - Processing file /home/airflow/.local/lib/python3.6/site-packages/airflow/example_dags/example_branch_day_of_week_operator.py for tasks to queue
[2021-06-13 08:31:09,242] {logging_mixin.py:104} INFO - [2021-06-13 08:31:09,242] {dagbag.py:487} INFO - Filling up the DagBag from /home/airflow/.local/lib/python3.6/site-packages/airflow/example_dags/example_branch_day_of_week_operator.py
[2021-06-13 08:31:09,251] {scheduler_job.py:643} INFO - DAG(s) dict_keys(['example_weekday_branch_operator']) retrieved from /home/airflow/.local/lib/python3.6/site-packages/airflow/example_dags/example_branch_day_of_week_operator.py
[2021-06-13 08:31:09,269] {logging_mixin.py:104} INFO - [2021-06-13 08:31:09,269] {dag.py:1832} INFO - Sync 1 DAGs
[2021-06-13 08:31:09,286] {logging_mixin.py:104} INFO - [2021-06-13 08:31:09,285] {dag.py:2305} INFO - Setting next_dagrun for example_weekday_branch_operator to 2021-06-11 00:00:00+00:00
[2021-06-13 08:31:09,296] {scheduler_job.py:190} INFO - Processing /home/airflow/.local/lib/python3.6/site-packages/airflow/example_dags/example_branch_day_of_week_operator.py took 0.059 seconds
[2021-06-13 08:31:40,017] {scheduler_job.py:182} INFO - Started process (PID=1010) to work on /home/airflow/.local/lib/python3.6/site-packages/airflow/example_dags/example_branch_day_of_week_operator.py
[2021-06-13 08:31:40,019] {scheduler_job.py:633} INFO - Processing file /home/airflow/.local/lib/python3.6/site-packages/airflow/example_dags/example_branch_day_of_week_operator.py for tasks to queue
[2021-06-13 08:31:40,020] {logging_mixin.py:104} INFO - [2021-06-13 08:31:40,020] {dagbag.py:487} INFO - Filling up the DagBag from /home/airflow/.local/lib/python3.6/site-packages/airflow/example_dags/example_branch_day_of_week_operator.py
[2021-06-13 08:31:40,032] {scheduler_job.py:643} INFO - DAG(s) dict_keys(['example_weekday_branch_operator']) retrieved from /home/airflow/.local/lib/python3.6/site-packages/airflow/example_dags/example_branch_day_of_week_operator.py
[2021-06-13 08:31:40,050] {logging_mixin.py:104} INFO - [2021-06-13 08:31:40,050] {dag.py:1832} INFO - Sync 1 DAGs
[2021-06-13 08:31:40,067] {logging_mixin.py:104} INFO - [2021-06-13 08:31:40,067] {dag.py:2305} INFO - Setting next_dagrun for example_weekday_branch_operator to 2021-06-11 00:00:00+00:00
[2021-06-13 08:31:40,077] {scheduler_job.py:190} INFO - Processing /home/airflow/.local/lib/python3.6/site-packages/airflow/example_dags/example_branch_day_of_week_operator.py took 0.062 seconds
[2021-06-13 08:32:10,490] {scheduler_job.py:182} INFO - Started process (PID=1082) to work on /home/airflow/.local/lib/python3.6/site-packages/airflow/example_dags/example_branch_day_of_week_operator.py
[2021-06-13 08:32:10,492] {scheduler_job.py:633} INFO - Processing file /home/airflow/.local/lib/python3.6/site-packages/airflow/example_dags/example_branch_day_of_week_operator.py for tasks to queue
[2021-06-13 08:32:10,493] {logging_mixin.py:104} INFO - [2021-06-13 08:32:10,493] {dagbag.py:487} INFO - Filling up the DagBag from /home/airflow/.local/lib/python3.6/site-packages/airflow/example_dags/example_branch_day_of_week_operator.py
[2021-06-13 08:32:10,504] {scheduler_job.py:643} INFO - DAG(s) dict_keys(['example_weekday_branch_operator']) retrieved from /home/airflow/.local/lib/python3.6/site-packages/airflow/example_dags/example_branch_day_of_week_operator.py
[2021-06-13 08:32:10,526] {logging_mixin.py:104} INFO - [2021-06-13 08:32:10,526] {dag.py:1832} INFO - Sync 1 DAGs
[2021-06-13 08:32:10,544] {logging_mixin.py:104} INFO - [2021-06-13 08:32:10,544] {dag.py:2305} INFO - Setting next_dagrun for example_weekday_branch_operator to 2021-06-11 00:00:00+00:00
[2021-06-13 08:32:10,553] {scheduler_job.py:190} INFO - Processing /home/airflow/.local/lib/python3.6/site-packages/airflow/example_dags/example_branch_day_of_week_operator.py took 0.065 seconds
