[2021-06-13 08:07:29,264] {scheduler_job.py:182} INFO - Started process (PID=32) to work on /home/airflow/.local/lib/python3.6/site-packages/airflow/example_dags/tutorial_taskflow_api_etl_virtualenv.py
[2021-06-13 08:07:29,266] {scheduler_job.py:633} INFO - Processing file /home/airflow/.local/lib/python3.6/site-packages/airflow/example_dags/tutorial_taskflow_api_etl_virtualenv.py for tasks to queue
[2021-06-13 08:07:29,267] {logging_mixin.py:104} INFO - [2021-06-13 08:07:29,267] {dagbag.py:487} INFO - Filling up the DagBag from /home/airflow/.local/lib/python3.6/site-packages/airflow/example_dags/tutorial_taskflow_api_etl_virtualenv.py
[2021-06-13 08:07:29,287] {scheduler_job.py:643} INFO - DAG(s) dict_keys(['tutorial_taskflow_api_etl_virtualenv']) retrieved from /home/airflow/.local/lib/python3.6/site-packages/airflow/example_dags/tutorial_taskflow_api_etl_virtualenv.py
[2021-06-13 08:07:33,452] {logging_mixin.py:104} INFO - [2021-06-13 08:07:33,451] {dag.py:1832} INFO - Sync 1 DAGs
[2021-06-13 08:07:33,463] {logging_mixin.py:104} INFO - [2021-06-13 08:07:33,462] {dag.py:1851} INFO - Creating ORM DAG for tutorial_taskflow_api_etl_virtualenv
[2021-06-13 08:07:33,467] {logging_mixin.py:104} INFO - [2021-06-13 08:07:33,467] {dag.py:2305} INFO - Setting next_dagrun for tutorial_taskflow_api_etl_virtualenv to None
[2021-06-13 08:07:33,477] {scheduler_job.py:190} INFO - Processing /home/airflow/.local/lib/python3.6/site-packages/airflow/example_dags/tutorial_taskflow_api_etl_virtualenv.py took 4.215 seconds
[2021-06-13 08:08:04,358] {scheduler_job.py:182} INFO - Started process (PID=131) to work on /home/airflow/.local/lib/python3.6/site-packages/airflow/example_dags/tutorial_taskflow_api_etl_virtualenv.py
[2021-06-13 08:08:04,360] {scheduler_job.py:633} INFO - Processing file /home/airflow/.local/lib/python3.6/site-packages/airflow/example_dags/tutorial_taskflow_api_etl_virtualenv.py for tasks to queue
[2021-06-13 08:08:04,361] {logging_mixin.py:104} INFO - [2021-06-13 08:08:04,361] {dagbag.py:487} INFO - Filling up the DagBag from /home/airflow/.local/lib/python3.6/site-packages/airflow/example_dags/tutorial_taskflow_api_etl_virtualenv.py
[2021-06-13 08:08:04,374] {scheduler_job.py:643} INFO - DAG(s) dict_keys(['tutorial_taskflow_api_etl_virtualenv']) retrieved from /home/airflow/.local/lib/python3.6/site-packages/airflow/example_dags/tutorial_taskflow_api_etl_virtualenv.py
[2021-06-13 08:08:04,562] {logging_mixin.py:104} INFO - [2021-06-13 08:08:04,562] {dag.py:1832} INFO - Sync 1 DAGs
[2021-06-13 08:08:04,573] {logging_mixin.py:104} INFO - [2021-06-13 08:08:04,573] {dag.py:2305} INFO - Setting next_dagrun for tutorial_taskflow_api_etl_virtualenv to None
[2021-06-13 08:08:04,590] {scheduler_job.py:190} INFO - Processing /home/airflow/.local/lib/python3.6/site-packages/airflow/example_dags/tutorial_taskflow_api_etl_virtualenv.py took 0.234 seconds
[2021-06-13 08:08:34,828] {scheduler_job.py:182} INFO - Started process (PID=216) to work on /home/airflow/.local/lib/python3.6/site-packages/airflow/example_dags/tutorial_taskflow_api_etl_virtualenv.py
[2021-06-13 08:08:34,829] {scheduler_job.py:633} INFO - Processing file /home/airflow/.local/lib/python3.6/site-packages/airflow/example_dags/tutorial_taskflow_api_etl_virtualenv.py for tasks to queue
[2021-06-13 08:08:34,830] {logging_mixin.py:104} INFO - [2021-06-13 08:08:34,830] {dagbag.py:487} INFO - Filling up the DagBag from /home/airflow/.local/lib/python3.6/site-packages/airflow/example_dags/tutorial_taskflow_api_etl_virtualenv.py
[2021-06-13 08:08:34,843] {scheduler_job.py:643} INFO - DAG(s) dict_keys(['tutorial_taskflow_api_etl_virtualenv']) retrieved from /home/airflow/.local/lib/python3.6/site-packages/airflow/example_dags/tutorial_taskflow_api_etl_virtualenv.py
[2021-06-13 08:08:35,013] {logging_mixin.py:104} INFO - [2021-06-13 08:08:35,013] {dag.py:1832} INFO - Sync 1 DAGs
[2021-06-13 08:08:35,024] {logging_mixin.py:104} INFO - [2021-06-13 08:08:35,024] {dag.py:2305} INFO - Setting next_dagrun for tutorial_taskflow_api_etl_virtualenv to None
[2021-06-13 08:08:35,034] {scheduler_job.py:190} INFO - Processing /home/airflow/.local/lib/python3.6/site-packages/airflow/example_dags/tutorial_taskflow_api_etl_virtualenv.py took 0.209 seconds
[2021-06-13 08:09:05,142] {scheduler_job.py:182} INFO - Started process (PID=298) to work on /home/airflow/.local/lib/python3.6/site-packages/airflow/example_dags/tutorial_taskflow_api_etl_virtualenv.py
[2021-06-13 08:09:05,144] {scheduler_job.py:633} INFO - Processing file /home/airflow/.local/lib/python3.6/site-packages/airflow/example_dags/tutorial_taskflow_api_etl_virtualenv.py for tasks to queue
[2021-06-13 08:09:05,145] {logging_mixin.py:104} INFO - [2021-06-13 08:09:05,144] {dagbag.py:487} INFO - Filling up the DagBag from /home/airflow/.local/lib/python3.6/site-packages/airflow/example_dags/tutorial_taskflow_api_etl_virtualenv.py
[2021-06-13 08:09:05,162] {scheduler_job.py:643} INFO - DAG(s) dict_keys(['tutorial_taskflow_api_etl_virtualenv']) retrieved from /home/airflow/.local/lib/python3.6/site-packages/airflow/example_dags/tutorial_taskflow_api_etl_virtualenv.py
[2021-06-13 08:09:05,408] {logging_mixin.py:104} INFO - [2021-06-13 08:09:05,408] {dag.py:1832} INFO - Sync 1 DAGs
[2021-06-13 08:09:05,424] {logging_mixin.py:104} INFO - [2021-06-13 08:09:05,424] {dag.py:2305} INFO - Setting next_dagrun for tutorial_taskflow_api_etl_virtualenv to None
[2021-06-13 08:09:05,439] {scheduler_job.py:190} INFO - Processing /home/airflow/.local/lib/python3.6/site-packages/airflow/example_dags/tutorial_taskflow_api_etl_virtualenv.py took 0.299 seconds
[2021-06-13 08:09:35,625] {scheduler_job.py:182} INFO - Started process (PID=371) to work on /home/airflow/.local/lib/python3.6/site-packages/airflow/example_dags/tutorial_taskflow_api_etl_virtualenv.py
[2021-06-13 08:09:35,626] {scheduler_job.py:633} INFO - Processing file /home/airflow/.local/lib/python3.6/site-packages/airflow/example_dags/tutorial_taskflow_api_etl_virtualenv.py for tasks to queue
[2021-06-13 08:09:35,627] {logging_mixin.py:104} INFO - [2021-06-13 08:09:35,627] {dagbag.py:487} INFO - Filling up the DagBag from /home/airflow/.local/lib/python3.6/site-packages/airflow/example_dags/tutorial_taskflow_api_etl_virtualenv.py
[2021-06-13 08:09:35,640] {scheduler_job.py:643} INFO - DAG(s) dict_keys(['tutorial_taskflow_api_etl_virtualenv']) retrieved from /home/airflow/.local/lib/python3.6/site-packages/airflow/example_dags/tutorial_taskflow_api_etl_virtualenv.py
[2021-06-13 08:09:35,810] {logging_mixin.py:104} INFO - [2021-06-13 08:09:35,809] {dag.py:1832} INFO - Sync 1 DAGs
[2021-06-13 08:09:35,822] {logging_mixin.py:104} INFO - [2021-06-13 08:09:35,822] {dag.py:2305} INFO - Setting next_dagrun for tutorial_taskflow_api_etl_virtualenv to None
[2021-06-13 08:09:35,835] {scheduler_job.py:190} INFO - Processing /home/airflow/.local/lib/python3.6/site-packages/airflow/example_dags/tutorial_taskflow_api_etl_virtualenv.py took 0.213 seconds
[2021-06-13 08:10:06,039] {scheduler_job.py:182} INFO - Started process (PID=429) to work on /home/airflow/.local/lib/python3.6/site-packages/airflow/example_dags/tutorial_taskflow_api_etl_virtualenv.py
[2021-06-13 08:10:06,040] {scheduler_job.py:633} INFO - Processing file /home/airflow/.local/lib/python3.6/site-packages/airflow/example_dags/tutorial_taskflow_api_etl_virtualenv.py for tasks to queue
[2021-06-13 08:10:06,041] {logging_mixin.py:104} INFO - [2021-06-13 08:10:06,041] {dagbag.py:487} INFO - Filling up the DagBag from /home/airflow/.local/lib/python3.6/site-packages/airflow/example_dags/tutorial_taskflow_api_etl_virtualenv.py
[2021-06-13 08:10:06,054] {scheduler_job.py:643} INFO - DAG(s) dict_keys(['tutorial_taskflow_api_etl_virtualenv']) retrieved from /home/airflow/.local/lib/python3.6/site-packages/airflow/example_dags/tutorial_taskflow_api_etl_virtualenv.py
[2021-06-13 08:10:06,254] {logging_mixin.py:104} INFO - [2021-06-13 08:10:06,254] {dag.py:1832} INFO - Sync 1 DAGs
[2021-06-13 08:10:06,265] {logging_mixin.py:104} INFO - [2021-06-13 08:10:06,265] {dag.py:2305} INFO - Setting next_dagrun for tutorial_taskflow_api_etl_virtualenv to None
[2021-06-13 08:10:06,276] {scheduler_job.py:190} INFO - Processing /home/airflow/.local/lib/python3.6/site-packages/airflow/example_dags/tutorial_taskflow_api_etl_virtualenv.py took 0.239 seconds
[2021-06-13 08:10:36,455] {scheduler_job.py:182} INFO - Started process (PID=500) to work on /home/airflow/.local/lib/python3.6/site-packages/airflow/example_dags/tutorial_taskflow_api_etl_virtualenv.py
[2021-06-13 08:10:36,456] {scheduler_job.py:633} INFO - Processing file /home/airflow/.local/lib/python3.6/site-packages/airflow/example_dags/tutorial_taskflow_api_etl_virtualenv.py for tasks to queue
[2021-06-13 08:10:36,457] {logging_mixin.py:104} INFO - [2021-06-13 08:10:36,457] {dagbag.py:487} INFO - Filling up the DagBag from /home/airflow/.local/lib/python3.6/site-packages/airflow/example_dags/tutorial_taskflow_api_etl_virtualenv.py
[2021-06-13 08:10:36,469] {scheduler_job.py:643} INFO - DAG(s) dict_keys(['tutorial_taskflow_api_etl_virtualenv']) retrieved from /home/airflow/.local/lib/python3.6/site-packages/airflow/example_dags/tutorial_taskflow_api_etl_virtualenv.py
[2021-06-13 08:10:36,636] {logging_mixin.py:104} INFO - [2021-06-13 08:10:36,636] {dag.py:1832} INFO - Sync 1 DAGs
[2021-06-13 08:10:36,648] {logging_mixin.py:104} INFO - [2021-06-13 08:10:36,648] {dag.py:2305} INFO - Setting next_dagrun for tutorial_taskflow_api_etl_virtualenv to None
[2021-06-13 08:10:36,658] {scheduler_job.py:190} INFO - Processing /home/airflow/.local/lib/python3.6/site-packages/airflow/example_dags/tutorial_taskflow_api_etl_virtualenv.py took 0.205 seconds
[2021-06-13 08:11:06,861] {scheduler_job.py:182} INFO - Started process (PID=582) to work on /home/airflow/.local/lib/python3.6/site-packages/airflow/example_dags/tutorial_taskflow_api_etl_virtualenv.py
[2021-06-13 08:11:06,862] {scheduler_job.py:633} INFO - Processing file /home/airflow/.local/lib/python3.6/site-packages/airflow/example_dags/tutorial_taskflow_api_etl_virtualenv.py for tasks to queue
[2021-06-13 08:11:06,863] {logging_mixin.py:104} INFO - [2021-06-13 08:11:06,863] {dagbag.py:487} INFO - Filling up the DagBag from /home/airflow/.local/lib/python3.6/site-packages/airflow/example_dags/tutorial_taskflow_api_etl_virtualenv.py
[2021-06-13 08:11:06,880] {scheduler_job.py:643} INFO - DAG(s) dict_keys(['tutorial_taskflow_api_etl_virtualenv']) retrieved from /home/airflow/.local/lib/python3.6/site-packages/airflow/example_dags/tutorial_taskflow_api_etl_virtualenv.py
[2021-06-13 08:11:07,069] {logging_mixin.py:104} INFO - [2021-06-13 08:11:07,069] {dag.py:1832} INFO - Sync 1 DAGs
[2021-06-13 08:11:07,082] {logging_mixin.py:104} INFO - [2021-06-13 08:11:07,081] {dag.py:2305} INFO - Setting next_dagrun for tutorial_taskflow_api_etl_virtualenv to None
[2021-06-13 08:11:07,095] {scheduler_job.py:190} INFO - Processing /home/airflow/.local/lib/python3.6/site-packages/airflow/example_dags/tutorial_taskflow_api_etl_virtualenv.py took 0.236 seconds
[2021-06-13 08:11:37,272] {scheduler_job.py:182} INFO - Started process (PID=645) to work on /home/airflow/.local/lib/python3.6/site-packages/airflow/example_dags/tutorial_taskflow_api_etl_virtualenv.py
[2021-06-13 08:11:37,273] {scheduler_job.py:633} INFO - Processing file /home/airflow/.local/lib/python3.6/site-packages/airflow/example_dags/tutorial_taskflow_api_etl_virtualenv.py for tasks to queue
[2021-06-13 08:11:37,274] {logging_mixin.py:104} INFO - [2021-06-13 08:11:37,274] {dagbag.py:487} INFO - Filling up the DagBag from /home/airflow/.local/lib/python3.6/site-packages/airflow/example_dags/tutorial_taskflow_api_etl_virtualenv.py
[2021-06-13 08:11:37,288] {scheduler_job.py:643} INFO - DAG(s) dict_keys(['tutorial_taskflow_api_etl_virtualenv']) retrieved from /home/airflow/.local/lib/python3.6/site-packages/airflow/example_dags/tutorial_taskflow_api_etl_virtualenv.py
[2021-06-13 08:11:37,459] {logging_mixin.py:104} INFO - [2021-06-13 08:11:37,459] {dag.py:1832} INFO - Sync 1 DAGs
[2021-06-13 08:11:37,470] {logging_mixin.py:104} INFO - [2021-06-13 08:11:37,470] {dag.py:2305} INFO - Setting next_dagrun for tutorial_taskflow_api_etl_virtualenv to None
[2021-06-13 08:11:37,481] {scheduler_job.py:190} INFO - Processing /home/airflow/.local/lib/python3.6/site-packages/airflow/example_dags/tutorial_taskflow_api_etl_virtualenv.py took 0.211 seconds
[2021-06-13 08:12:07,683] {scheduler_job.py:182} INFO - Started process (PID=717) to work on /home/airflow/.local/lib/python3.6/site-packages/airflow/example_dags/tutorial_taskflow_api_etl_virtualenv.py
[2021-06-13 08:12:07,684] {scheduler_job.py:633} INFO - Processing file /home/airflow/.local/lib/python3.6/site-packages/airflow/example_dags/tutorial_taskflow_api_etl_virtualenv.py for tasks to queue
[2021-06-13 08:12:07,685] {logging_mixin.py:104} INFO - [2021-06-13 08:12:07,685] {dagbag.py:487} INFO - Filling up the DagBag from /home/airflow/.local/lib/python3.6/site-packages/airflow/example_dags/tutorial_taskflow_api_etl_virtualenv.py
[2021-06-13 08:12:07,697] {scheduler_job.py:643} INFO - DAG(s) dict_keys(['tutorial_taskflow_api_etl_virtualenv']) retrieved from /home/airflow/.local/lib/python3.6/site-packages/airflow/example_dags/tutorial_taskflow_api_etl_virtualenv.py
[2021-06-13 08:12:07,864] {logging_mixin.py:104} INFO - [2021-06-13 08:12:07,864] {dag.py:1832} INFO - Sync 1 DAGs
[2021-06-13 08:12:07,877] {logging_mixin.py:104} INFO - [2021-06-13 08:12:07,877] {dag.py:2305} INFO - Setting next_dagrun for tutorial_taskflow_api_etl_virtualenv to None
[2021-06-13 08:12:07,887] {scheduler_job.py:190} INFO - Processing /home/airflow/.local/lib/python3.6/site-packages/airflow/example_dags/tutorial_taskflow_api_etl_virtualenv.py took 0.206 seconds
[2021-06-13 08:13:57,469] {scheduler_job.py:182} INFO - Started process (PID=32) to work on /home/airflow/.local/lib/python3.6/site-packages/airflow/example_dags/tutorial_taskflow_api_etl_virtualenv.py
[2021-06-13 08:13:57,471] {scheduler_job.py:633} INFO - Processing file /home/airflow/.local/lib/python3.6/site-packages/airflow/example_dags/tutorial_taskflow_api_etl_virtualenv.py for tasks to queue
[2021-06-13 08:13:57,473] {logging_mixin.py:104} INFO - [2021-06-13 08:13:57,472] {dagbag.py:487} INFO - Filling up the DagBag from /home/airflow/.local/lib/python3.6/site-packages/airflow/example_dags/tutorial_taskflow_api_etl_virtualenv.py
[2021-06-13 08:13:57,507] {scheduler_job.py:643} INFO - DAG(s) dict_keys(['tutorial_taskflow_api_etl_virtualenv']) retrieved from /home/airflow/.local/lib/python3.6/site-packages/airflow/example_dags/tutorial_taskflow_api_etl_virtualenv.py
[2021-06-13 08:13:57,838] {logging_mixin.py:104} INFO - [2021-06-13 08:13:57,838] {dag.py:1832} INFO - Sync 1 DAGs
[2021-06-13 08:13:57,855] {logging_mixin.py:104} INFO - [2021-06-13 08:13:57,855] {dag.py:2305} INFO - Setting next_dagrun for tutorial_taskflow_api_etl_virtualenv to None
[2021-06-13 08:13:57,905] {scheduler_job.py:190} INFO - Processing /home/airflow/.local/lib/python3.6/site-packages/airflow/example_dags/tutorial_taskflow_api_etl_virtualenv.py took 0.438 seconds
[2021-06-13 08:14:28,011] {scheduler_job.py:182} INFO - Started process (PID=98) to work on /home/airflow/.local/lib/python3.6/site-packages/airflow/example_dags/tutorial_taskflow_api_etl_virtualenv.py
[2021-06-13 08:14:28,012] {scheduler_job.py:633} INFO - Processing file /home/airflow/.local/lib/python3.6/site-packages/airflow/example_dags/tutorial_taskflow_api_etl_virtualenv.py for tasks to queue
[2021-06-13 08:14:28,013] {logging_mixin.py:104} INFO - [2021-06-13 08:14:28,013] {dagbag.py:487} INFO - Filling up the DagBag from /home/airflow/.local/lib/python3.6/site-packages/airflow/example_dags/tutorial_taskflow_api_etl_virtualenv.py
[2021-06-13 08:14:28,028] {scheduler_job.py:643} INFO - DAG(s) dict_keys(['tutorial_taskflow_api_etl_virtualenv']) retrieved from /home/airflow/.local/lib/python3.6/site-packages/airflow/example_dags/tutorial_taskflow_api_etl_virtualenv.py
[2021-06-13 08:14:28,212] {logging_mixin.py:104} INFO - [2021-06-13 08:14:28,212] {dag.py:1832} INFO - Sync 1 DAGs
[2021-06-13 08:14:28,223] {logging_mixin.py:104} INFO - [2021-06-13 08:14:28,223] {dag.py:2305} INFO - Setting next_dagrun for tutorial_taskflow_api_etl_virtualenv to None
[2021-06-13 08:14:28,233] {scheduler_job.py:190} INFO - Processing /home/airflow/.local/lib/python3.6/site-packages/airflow/example_dags/tutorial_taskflow_api_etl_virtualenv.py took 0.225 seconds
[2021-06-13 08:14:58,890] {scheduler_job.py:182} INFO - Started process (PID=170) to work on /home/airflow/.local/lib/python3.6/site-packages/airflow/example_dags/tutorial_taskflow_api_etl_virtualenv.py
[2021-06-13 08:14:58,891] {scheduler_job.py:633} INFO - Processing file /home/airflow/.local/lib/python3.6/site-packages/airflow/example_dags/tutorial_taskflow_api_etl_virtualenv.py for tasks to queue
[2021-06-13 08:14:58,892] {logging_mixin.py:104} INFO - [2021-06-13 08:14:58,892] {dagbag.py:487} INFO - Filling up the DagBag from /home/airflow/.local/lib/python3.6/site-packages/airflow/example_dags/tutorial_taskflow_api_etl_virtualenv.py
[2021-06-13 08:14:58,904] {scheduler_job.py:643} INFO - DAG(s) dict_keys(['tutorial_taskflow_api_etl_virtualenv']) retrieved from /home/airflow/.local/lib/python3.6/site-packages/airflow/example_dags/tutorial_taskflow_api_etl_virtualenv.py
[2021-06-13 08:14:59,081] {logging_mixin.py:104} INFO - [2021-06-13 08:14:59,081] {dag.py:1832} INFO - Sync 1 DAGs
[2021-06-13 08:14:59,094] {logging_mixin.py:104} INFO - [2021-06-13 08:14:59,094] {dag.py:2305} INFO - Setting next_dagrun for tutorial_taskflow_api_etl_virtualenv to None
[2021-06-13 08:14:59,105] {scheduler_job.py:190} INFO - Processing /home/airflow/.local/lib/python3.6/site-packages/airflow/example_dags/tutorial_taskflow_api_etl_virtualenv.py took 0.217 seconds
[2021-06-13 08:15:29,761] {scheduler_job.py:182} INFO - Started process (PID=243) to work on /home/airflow/.local/lib/python3.6/site-packages/airflow/example_dags/tutorial_taskflow_api_etl_virtualenv.py
[2021-06-13 08:15:29,762] {scheduler_job.py:633} INFO - Processing file /home/airflow/.local/lib/python3.6/site-packages/airflow/example_dags/tutorial_taskflow_api_etl_virtualenv.py for tasks to queue
[2021-06-13 08:15:29,763] {logging_mixin.py:104} INFO - [2021-06-13 08:15:29,763] {dagbag.py:487} INFO - Filling up the DagBag from /home/airflow/.local/lib/python3.6/site-packages/airflow/example_dags/tutorial_taskflow_api_etl_virtualenv.py
[2021-06-13 08:15:29,777] {scheduler_job.py:643} INFO - DAG(s) dict_keys(['tutorial_taskflow_api_etl_virtualenv']) retrieved from /home/airflow/.local/lib/python3.6/site-packages/airflow/example_dags/tutorial_taskflow_api_etl_virtualenv.py
[2021-06-13 08:15:29,968] {logging_mixin.py:104} INFO - [2021-06-13 08:15:29,968] {dag.py:1832} INFO - Sync 1 DAGs
[2021-06-13 08:15:29,980] {logging_mixin.py:104} INFO - [2021-06-13 08:15:29,980] {dag.py:2305} INFO - Setting next_dagrun for tutorial_taskflow_api_etl_virtualenv to None
[2021-06-13 08:15:29,992] {scheduler_job.py:190} INFO - Processing /home/airflow/.local/lib/python3.6/site-packages/airflow/example_dags/tutorial_taskflow_api_etl_virtualenv.py took 0.233 seconds
[2021-06-13 08:16:00,415] {scheduler_job.py:182} INFO - Started process (PID=310) to work on /home/airflow/.local/lib/python3.6/site-packages/airflow/example_dags/tutorial_taskflow_api_etl_virtualenv.py
[2021-06-13 08:16:00,417] {scheduler_job.py:633} INFO - Processing file /home/airflow/.local/lib/python3.6/site-packages/airflow/example_dags/tutorial_taskflow_api_etl_virtualenv.py for tasks to queue
[2021-06-13 08:16:00,417] {logging_mixin.py:104} INFO - [2021-06-13 08:16:00,417] {dagbag.py:487} INFO - Filling up the DagBag from /home/airflow/.local/lib/python3.6/site-packages/airflow/example_dags/tutorial_taskflow_api_etl_virtualenv.py
[2021-06-13 08:16:00,433] {scheduler_job.py:643} INFO - DAG(s) dict_keys(['tutorial_taskflow_api_etl_virtualenv']) retrieved from /home/airflow/.local/lib/python3.6/site-packages/airflow/example_dags/tutorial_taskflow_api_etl_virtualenv.py
[2021-06-13 08:16:00,634] {logging_mixin.py:104} INFO - [2021-06-13 08:16:00,634] {dag.py:1832} INFO - Sync 1 DAGs
[2021-06-13 08:16:00,648] {logging_mixin.py:104} INFO - [2021-06-13 08:16:00,648] {dag.py:2305} INFO - Setting next_dagrun for tutorial_taskflow_api_etl_virtualenv to None
[2021-06-13 08:16:00,661] {scheduler_job.py:190} INFO - Processing /home/airflow/.local/lib/python3.6/site-packages/airflow/example_dags/tutorial_taskflow_api_etl_virtualenv.py took 0.248 seconds
[2021-06-13 08:16:31,104] {scheduler_job.py:182} INFO - Started process (PID=373) to work on /home/airflow/.local/lib/python3.6/site-packages/airflow/example_dags/tutorial_taskflow_api_etl_virtualenv.py
[2021-06-13 08:16:31,105] {scheduler_job.py:633} INFO - Processing file /home/airflow/.local/lib/python3.6/site-packages/airflow/example_dags/tutorial_taskflow_api_etl_virtualenv.py for tasks to queue
[2021-06-13 08:16:31,106] {logging_mixin.py:104} INFO - [2021-06-13 08:16:31,106] {dagbag.py:487} INFO - Filling up the DagBag from /home/airflow/.local/lib/python3.6/site-packages/airflow/example_dags/tutorial_taskflow_api_etl_virtualenv.py
[2021-06-13 08:16:31,122] {scheduler_job.py:643} INFO - DAG(s) dict_keys(['tutorial_taskflow_api_etl_virtualenv']) retrieved from /home/airflow/.local/lib/python3.6/site-packages/airflow/example_dags/tutorial_taskflow_api_etl_virtualenv.py
[2021-06-13 08:16:31,303] {logging_mixin.py:104} INFO - [2021-06-13 08:16:31,303] {dag.py:1832} INFO - Sync 1 DAGs
[2021-06-13 08:16:31,314] {logging_mixin.py:104} INFO - [2021-06-13 08:16:31,314] {dag.py:2305} INFO - Setting next_dagrun for tutorial_taskflow_api_etl_virtualenv to None
[2021-06-13 08:16:31,326] {scheduler_job.py:190} INFO - Processing /home/airflow/.local/lib/python3.6/site-packages/airflow/example_dags/tutorial_taskflow_api_etl_virtualenv.py took 0.224 seconds
[2021-06-13 08:17:01,919] {scheduler_job.py:182} INFO - Started process (PID=445) to work on /home/airflow/.local/lib/python3.6/site-packages/airflow/example_dags/tutorial_taskflow_api_etl_virtualenv.py
[2021-06-13 08:17:01,921] {scheduler_job.py:633} INFO - Processing file /home/airflow/.local/lib/python3.6/site-packages/airflow/example_dags/tutorial_taskflow_api_etl_virtualenv.py for tasks to queue
[2021-06-13 08:17:01,922] {logging_mixin.py:104} INFO - [2021-06-13 08:17:01,921] {dagbag.py:487} INFO - Filling up the DagBag from /home/airflow/.local/lib/python3.6/site-packages/airflow/example_dags/tutorial_taskflow_api_etl_virtualenv.py
[2021-06-13 08:17:01,934] {scheduler_job.py:643} INFO - DAG(s) dict_keys(['tutorial_taskflow_api_etl_virtualenv']) retrieved from /home/airflow/.local/lib/python3.6/site-packages/airflow/example_dags/tutorial_taskflow_api_etl_virtualenv.py
[2021-06-13 08:17:02,107] {logging_mixin.py:104} INFO - [2021-06-13 08:17:02,107] {dag.py:1832} INFO - Sync 1 DAGs
[2021-06-13 08:17:02,118] {logging_mixin.py:104} INFO - [2021-06-13 08:17:02,118] {dag.py:2305} INFO - Setting next_dagrun for tutorial_taskflow_api_etl_virtualenv to None
[2021-06-13 08:17:02,129] {scheduler_job.py:190} INFO - Processing /home/airflow/.local/lib/python3.6/site-packages/airflow/example_dags/tutorial_taskflow_api_etl_virtualenv.py took 0.212 seconds
[2021-06-13 08:17:32,754] {scheduler_job.py:182} INFO - Started process (PID=512) to work on /home/airflow/.local/lib/python3.6/site-packages/airflow/example_dags/tutorial_taskflow_api_etl_virtualenv.py
[2021-06-13 08:17:32,756] {scheduler_job.py:633} INFO - Processing file /home/airflow/.local/lib/python3.6/site-packages/airflow/example_dags/tutorial_taskflow_api_etl_virtualenv.py for tasks to queue
[2021-06-13 08:17:32,757] {logging_mixin.py:104} INFO - [2021-06-13 08:17:32,757] {dagbag.py:487} INFO - Filling up the DagBag from /home/airflow/.local/lib/python3.6/site-packages/airflow/example_dags/tutorial_taskflow_api_etl_virtualenv.py
[2021-06-13 08:17:32,772] {scheduler_job.py:643} INFO - DAG(s) dict_keys(['tutorial_taskflow_api_etl_virtualenv']) retrieved from /home/airflow/.local/lib/python3.6/site-packages/airflow/example_dags/tutorial_taskflow_api_etl_virtualenv.py
[2021-06-13 08:17:32,961] {logging_mixin.py:104} INFO - [2021-06-13 08:17:32,961] {dag.py:1832} INFO - Sync 1 DAGs
[2021-06-13 08:17:32,974] {logging_mixin.py:104} INFO - [2021-06-13 08:17:32,974] {dag.py:2305} INFO - Setting next_dagrun for tutorial_taskflow_api_etl_virtualenv to None
[2021-06-13 08:17:32,984] {scheduler_job.py:190} INFO - Processing /home/airflow/.local/lib/python3.6/site-packages/airflow/example_dags/tutorial_taskflow_api_etl_virtualenv.py took 0.235 seconds
[2021-06-13 08:18:03,696] {scheduler_job.py:182} INFO - Started process (PID=576) to work on /home/airflow/.local/lib/python3.6/site-packages/airflow/example_dags/tutorial_taskflow_api_etl_virtualenv.py
[2021-06-13 08:18:03,697] {scheduler_job.py:633} INFO - Processing file /home/airflow/.local/lib/python3.6/site-packages/airflow/example_dags/tutorial_taskflow_api_etl_virtualenv.py for tasks to queue
[2021-06-13 08:18:03,698] {logging_mixin.py:104} INFO - [2021-06-13 08:18:03,698] {dagbag.py:487} INFO - Filling up the DagBag from /home/airflow/.local/lib/python3.6/site-packages/airflow/example_dags/tutorial_taskflow_api_etl_virtualenv.py
[2021-06-13 08:18:03,709] {scheduler_job.py:643} INFO - DAG(s) dict_keys(['tutorial_taskflow_api_etl_virtualenv']) retrieved from /home/airflow/.local/lib/python3.6/site-packages/airflow/example_dags/tutorial_taskflow_api_etl_virtualenv.py
[2021-06-13 08:18:03,893] {logging_mixin.py:104} INFO - [2021-06-13 08:18:03,893] {dag.py:1832} INFO - Sync 1 DAGs
[2021-06-13 08:18:03,905] {logging_mixin.py:104} INFO - [2021-06-13 08:18:03,905] {dag.py:2305} INFO - Setting next_dagrun for tutorial_taskflow_api_etl_virtualenv to None
[2021-06-13 08:18:03,916] {scheduler_job.py:190} INFO - Processing /home/airflow/.local/lib/python3.6/site-packages/airflow/example_dags/tutorial_taskflow_api_etl_virtualenv.py took 0.223 seconds
[2021-06-13 08:18:34,397] {scheduler_job.py:182} INFO - Started process (PID=649) to work on /home/airflow/.local/lib/python3.6/site-packages/airflow/example_dags/tutorial_taskflow_api_etl_virtualenv.py
[2021-06-13 08:18:34,399] {scheduler_job.py:633} INFO - Processing file /home/airflow/.local/lib/python3.6/site-packages/airflow/example_dags/tutorial_taskflow_api_etl_virtualenv.py for tasks to queue
[2021-06-13 08:18:34,400] {logging_mixin.py:104} INFO - [2021-06-13 08:18:34,400] {dagbag.py:487} INFO - Filling up the DagBag from /home/airflow/.local/lib/python3.6/site-packages/airflow/example_dags/tutorial_taskflow_api_etl_virtualenv.py
[2021-06-13 08:18:34,413] {scheduler_job.py:643} INFO - DAG(s) dict_keys(['tutorial_taskflow_api_etl_virtualenv']) retrieved from /home/airflow/.local/lib/python3.6/site-packages/airflow/example_dags/tutorial_taskflow_api_etl_virtualenv.py
[2021-06-13 08:18:34,584] {logging_mixin.py:104} INFO - [2021-06-13 08:18:34,584] {dag.py:1832} INFO - Sync 1 DAGs
[2021-06-13 08:18:34,596] {logging_mixin.py:104} INFO - [2021-06-13 08:18:34,596] {dag.py:2305} INFO - Setting next_dagrun for tutorial_taskflow_api_etl_virtualenv to None
[2021-06-13 08:18:34,607] {scheduler_job.py:190} INFO - Processing /home/airflow/.local/lib/python3.6/site-packages/airflow/example_dags/tutorial_taskflow_api_etl_virtualenv.py took 0.212 seconds
[2021-06-13 08:19:05,141] {scheduler_job.py:182} INFO - Started process (PID=718) to work on /home/airflow/.local/lib/python3.6/site-packages/airflow/example_dags/tutorial_taskflow_api_etl_virtualenv.py
[2021-06-13 08:19:05,142] {scheduler_job.py:633} INFO - Processing file /home/airflow/.local/lib/python3.6/site-packages/airflow/example_dags/tutorial_taskflow_api_etl_virtualenv.py for tasks to queue
[2021-06-13 08:19:05,143] {logging_mixin.py:104} INFO - [2021-06-13 08:19:05,143] {dagbag.py:487} INFO - Filling up the DagBag from /home/airflow/.local/lib/python3.6/site-packages/airflow/example_dags/tutorial_taskflow_api_etl_virtualenv.py
[2021-06-13 08:19:05,155] {scheduler_job.py:643} INFO - DAG(s) dict_keys(['tutorial_taskflow_api_etl_virtualenv']) retrieved from /home/airflow/.local/lib/python3.6/site-packages/airflow/example_dags/tutorial_taskflow_api_etl_virtualenv.py
[2021-06-13 08:19:05,331] {logging_mixin.py:104} INFO - [2021-06-13 08:19:05,331] {dag.py:1832} INFO - Sync 1 DAGs
[2021-06-13 08:19:05,349] {logging_mixin.py:104} INFO - [2021-06-13 08:19:05,348] {dag.py:2305} INFO - Setting next_dagrun for tutorial_taskflow_api_etl_virtualenv to None
[2021-06-13 08:19:05,367] {scheduler_job.py:190} INFO - Processing /home/airflow/.local/lib/python3.6/site-packages/airflow/example_dags/tutorial_taskflow_api_etl_virtualenv.py took 0.227 seconds
[2021-06-13 08:19:35,897] {scheduler_job.py:182} INFO - Started process (PID=780) to work on /home/airflow/.local/lib/python3.6/site-packages/airflow/example_dags/tutorial_taskflow_api_etl_virtualenv.py
[2021-06-13 08:19:35,898] {scheduler_job.py:633} INFO - Processing file /home/airflow/.local/lib/python3.6/site-packages/airflow/example_dags/tutorial_taskflow_api_etl_virtualenv.py for tasks to queue
[2021-06-13 08:19:35,899] {logging_mixin.py:104} INFO - [2021-06-13 08:19:35,899] {dagbag.py:487} INFO - Filling up the DagBag from /home/airflow/.local/lib/python3.6/site-packages/airflow/example_dags/tutorial_taskflow_api_etl_virtualenv.py
[2021-06-13 08:19:35,911] {scheduler_job.py:643} INFO - DAG(s) dict_keys(['tutorial_taskflow_api_etl_virtualenv']) retrieved from /home/airflow/.local/lib/python3.6/site-packages/airflow/example_dags/tutorial_taskflow_api_etl_virtualenv.py
[2021-06-13 08:19:36,084] {logging_mixin.py:104} INFO - [2021-06-13 08:19:36,084] {dag.py:1832} INFO - Sync 1 DAGs
[2021-06-13 08:19:36,096] {logging_mixin.py:104} INFO - [2021-06-13 08:19:36,096] {dag.py:2305} INFO - Setting next_dagrun for tutorial_taskflow_api_etl_virtualenv to None
[2021-06-13 08:19:36,108] {scheduler_job.py:190} INFO - Processing /home/airflow/.local/lib/python3.6/site-packages/airflow/example_dags/tutorial_taskflow_api_etl_virtualenv.py took 0.213 seconds
[2021-06-13 08:20:06,663] {scheduler_job.py:182} INFO - Started process (PID=852) to work on /home/airflow/.local/lib/python3.6/site-packages/airflow/example_dags/tutorial_taskflow_api_etl_virtualenv.py
[2021-06-13 08:20:06,665] {scheduler_job.py:633} INFO - Processing file /home/airflow/.local/lib/python3.6/site-packages/airflow/example_dags/tutorial_taskflow_api_etl_virtualenv.py for tasks to queue
[2021-06-13 08:20:06,666] {logging_mixin.py:104} INFO - [2021-06-13 08:20:06,666] {dagbag.py:487} INFO - Filling up the DagBag from /home/airflow/.local/lib/python3.6/site-packages/airflow/example_dags/tutorial_taskflow_api_etl_virtualenv.py
[2021-06-13 08:20:06,678] {scheduler_job.py:643} INFO - DAG(s) dict_keys(['tutorial_taskflow_api_etl_virtualenv']) retrieved from /home/airflow/.local/lib/python3.6/site-packages/airflow/example_dags/tutorial_taskflow_api_etl_virtualenv.py
[2021-06-13 08:20:06,698] {logging_mixin.py:104} INFO - [2021-06-13 08:20:06,698] {dag.py:1832} INFO - Sync 1 DAGs
[2021-06-13 08:20:06,711] {logging_mixin.py:104} INFO - [2021-06-13 08:20:06,711] {dag.py:2305} INFO - Setting next_dagrun for tutorial_taskflow_api_etl_virtualenv to None
[2021-06-13 08:20:06,728] {scheduler_job.py:190} INFO - Processing /home/airflow/.local/lib/python3.6/site-packages/airflow/example_dags/tutorial_taskflow_api_etl_virtualenv.py took 0.066 seconds
[2021-06-13 08:20:37,198] {scheduler_job.py:182} INFO - Started process (PID=910) to work on /home/airflow/.local/lib/python3.6/site-packages/airflow/example_dags/tutorial_taskflow_api_etl_virtualenv.py
[2021-06-13 08:20:37,200] {scheduler_job.py:633} INFO - Processing file /home/airflow/.local/lib/python3.6/site-packages/airflow/example_dags/tutorial_taskflow_api_etl_virtualenv.py for tasks to queue
[2021-06-13 08:20:37,200] {logging_mixin.py:104} INFO - [2021-06-13 08:20:37,200] {dagbag.py:487} INFO - Filling up the DagBag from /home/airflow/.local/lib/python3.6/site-packages/airflow/example_dags/tutorial_taskflow_api_etl_virtualenv.py
[2021-06-13 08:20:37,212] {scheduler_job.py:643} INFO - DAG(s) dict_keys(['tutorial_taskflow_api_etl_virtualenv']) retrieved from /home/airflow/.local/lib/python3.6/site-packages/airflow/example_dags/tutorial_taskflow_api_etl_virtualenv.py
[2021-06-13 08:20:37,386] {logging_mixin.py:104} INFO - [2021-06-13 08:20:37,386] {dag.py:1832} INFO - Sync 1 DAGs
[2021-06-13 08:20:37,401] {logging_mixin.py:104} INFO - [2021-06-13 08:20:37,401] {dag.py:2305} INFO - Setting next_dagrun for tutorial_taskflow_api_etl_virtualenv to None
[2021-06-13 08:20:37,414] {scheduler_job.py:190} INFO - Processing /home/airflow/.local/lib/python3.6/site-packages/airflow/example_dags/tutorial_taskflow_api_etl_virtualenv.py took 0.218 seconds
[2021-06-13 08:21:08,038] {scheduler_job.py:182} INFO - Started process (PID=984) to work on /home/airflow/.local/lib/python3.6/site-packages/airflow/example_dags/tutorial_taskflow_api_etl_virtualenv.py
[2021-06-13 08:21:08,040] {scheduler_job.py:633} INFO - Processing file /home/airflow/.local/lib/python3.6/site-packages/airflow/example_dags/tutorial_taskflow_api_etl_virtualenv.py for tasks to queue
[2021-06-13 08:21:08,041] {logging_mixin.py:104} INFO - [2021-06-13 08:21:08,041] {dagbag.py:487} INFO - Filling up the DagBag from /home/airflow/.local/lib/python3.6/site-packages/airflow/example_dags/tutorial_taskflow_api_etl_virtualenv.py
[2021-06-13 08:21:08,054] {scheduler_job.py:643} INFO - DAG(s) dict_keys(['tutorial_taskflow_api_etl_virtualenv']) retrieved from /home/airflow/.local/lib/python3.6/site-packages/airflow/example_dags/tutorial_taskflow_api_etl_virtualenv.py
[2021-06-13 08:21:08,236] {logging_mixin.py:104} INFO - [2021-06-13 08:21:08,236] {dag.py:1832} INFO - Sync 1 DAGs
[2021-06-13 08:21:08,249] {logging_mixin.py:104} INFO - [2021-06-13 08:21:08,249] {dag.py:2305} INFO - Setting next_dagrun for tutorial_taskflow_api_etl_virtualenv to None
[2021-06-13 08:21:08,261] {scheduler_job.py:190} INFO - Processing /home/airflow/.local/lib/python3.6/site-packages/airflow/example_dags/tutorial_taskflow_api_etl_virtualenv.py took 0.225 seconds
[2021-06-13 08:21:39,105] {scheduler_job.py:182} INFO - Started process (PID=1058) to work on /home/airflow/.local/lib/python3.6/site-packages/airflow/example_dags/tutorial_taskflow_api_etl_virtualenv.py
[2021-06-13 08:21:39,106] {scheduler_job.py:633} INFO - Processing file /home/airflow/.local/lib/python3.6/site-packages/airflow/example_dags/tutorial_taskflow_api_etl_virtualenv.py for tasks to queue
[2021-06-13 08:21:39,107] {logging_mixin.py:104} INFO - [2021-06-13 08:21:39,107] {dagbag.py:487} INFO - Filling up the DagBag from /home/airflow/.local/lib/python3.6/site-packages/airflow/example_dags/tutorial_taskflow_api_etl_virtualenv.py
[2021-06-13 08:21:39,120] {scheduler_job.py:643} INFO - DAG(s) dict_keys(['tutorial_taskflow_api_etl_virtualenv']) retrieved from /home/airflow/.local/lib/python3.6/site-packages/airflow/example_dags/tutorial_taskflow_api_etl_virtualenv.py
[2021-06-13 08:21:39,296] {logging_mixin.py:104} INFO - [2021-06-13 08:21:39,296] {dag.py:1832} INFO - Sync 1 DAGs
[2021-06-13 08:21:39,307] {logging_mixin.py:104} INFO - [2021-06-13 08:21:39,307] {dag.py:2305} INFO - Setting next_dagrun for tutorial_taskflow_api_etl_virtualenv to None
[2021-06-13 08:21:39,327] {scheduler_job.py:190} INFO - Processing /home/airflow/.local/lib/python3.6/site-packages/airflow/example_dags/tutorial_taskflow_api_etl_virtualenv.py took 0.224 seconds
[2021-06-13 08:22:10,228] {scheduler_job.py:182} INFO - Started process (PID=1128) to work on /home/airflow/.local/lib/python3.6/site-packages/airflow/example_dags/tutorial_taskflow_api_etl_virtualenv.py
[2021-06-13 08:22:10,229] {scheduler_job.py:633} INFO - Processing file /home/airflow/.local/lib/python3.6/site-packages/airflow/example_dags/tutorial_taskflow_api_etl_virtualenv.py for tasks to queue
[2021-06-13 08:22:10,230] {logging_mixin.py:104} INFO - [2021-06-13 08:22:10,230] {dagbag.py:487} INFO - Filling up the DagBag from /home/airflow/.local/lib/python3.6/site-packages/airflow/example_dags/tutorial_taskflow_api_etl_virtualenv.py
[2021-06-13 08:22:10,246] {scheduler_job.py:643} INFO - DAG(s) dict_keys(['tutorial_taskflow_api_etl_virtualenv']) retrieved from /home/airflow/.local/lib/python3.6/site-packages/airflow/example_dags/tutorial_taskflow_api_etl_virtualenv.py
[2021-06-13 08:22:10,486] {logging_mixin.py:104} INFO - [2021-06-13 08:22:10,486] {dag.py:1832} INFO - Sync 1 DAGs
[2021-06-13 08:22:10,518] {logging_mixin.py:104} INFO - [2021-06-13 08:22:10,518] {dag.py:2305} INFO - Setting next_dagrun for tutorial_taskflow_api_etl_virtualenv to None
[2021-06-13 08:22:10,533] {scheduler_job.py:190} INFO - Processing /home/airflow/.local/lib/python3.6/site-packages/airflow/example_dags/tutorial_taskflow_api_etl_virtualenv.py took 0.307 seconds
[2021-06-13 08:22:41,425] {scheduler_job.py:182} INFO - Started process (PID=1189) to work on /home/airflow/.local/lib/python3.6/site-packages/airflow/example_dags/tutorial_taskflow_api_etl_virtualenv.py
[2021-06-13 08:22:41,427] {scheduler_job.py:633} INFO - Processing file /home/airflow/.local/lib/python3.6/site-packages/airflow/example_dags/tutorial_taskflow_api_etl_virtualenv.py for tasks to queue
[2021-06-13 08:22:41,428] {logging_mixin.py:104} INFO - [2021-06-13 08:22:41,428] {dagbag.py:487} INFO - Filling up the DagBag from /home/airflow/.local/lib/python3.6/site-packages/airflow/example_dags/tutorial_taskflow_api_etl_virtualenv.py
[2021-06-13 08:22:41,445] {scheduler_job.py:643} INFO - DAG(s) dict_keys(['tutorial_taskflow_api_etl_virtualenv']) retrieved from /home/airflow/.local/lib/python3.6/site-packages/airflow/example_dags/tutorial_taskflow_api_etl_virtualenv.py
[2021-06-13 08:22:41,474] {logging_mixin.py:104} INFO - [2021-06-13 08:22:41,474] {dag.py:1832} INFO - Sync 1 DAGs
[2021-06-13 08:22:41,495] {logging_mixin.py:104} INFO - [2021-06-13 08:22:41,494] {dag.py:2305} INFO - Setting next_dagrun for tutorial_taskflow_api_etl_virtualenv to None
[2021-06-13 08:22:41,507] {scheduler_job.py:190} INFO - Processing /home/airflow/.local/lib/python3.6/site-packages/airflow/example_dags/tutorial_taskflow_api_etl_virtualenv.py took 0.085 seconds
[2021-06-13 08:23:12,350] {scheduler_job.py:182} INFO - Started process (PID=1262) to work on /home/airflow/.local/lib/python3.6/site-packages/airflow/example_dags/tutorial_taskflow_api_etl_virtualenv.py
[2021-06-13 08:23:12,351] {scheduler_job.py:633} INFO - Processing file /home/airflow/.local/lib/python3.6/site-packages/airflow/example_dags/tutorial_taskflow_api_etl_virtualenv.py for tasks to queue
[2021-06-13 08:23:12,352] {logging_mixin.py:104} INFO - [2021-06-13 08:23:12,352] {dagbag.py:487} INFO - Filling up the DagBag from /home/airflow/.local/lib/python3.6/site-packages/airflow/example_dags/tutorial_taskflow_api_etl_virtualenv.py
[2021-06-13 08:23:12,364] {scheduler_job.py:643} INFO - DAG(s) dict_keys(['tutorial_taskflow_api_etl_virtualenv']) retrieved from /home/airflow/.local/lib/python3.6/site-packages/airflow/example_dags/tutorial_taskflow_api_etl_virtualenv.py
[2021-06-13 08:23:12,383] {logging_mixin.py:104} INFO - [2021-06-13 08:23:12,383] {dag.py:1832} INFO - Sync 1 DAGs
[2021-06-13 08:23:12,395] {logging_mixin.py:104} INFO - [2021-06-13 08:23:12,395] {dag.py:2305} INFO - Setting next_dagrun for tutorial_taskflow_api_etl_virtualenv to None
[2021-06-13 08:23:12,405] {scheduler_job.py:190} INFO - Processing /home/airflow/.local/lib/python3.6/site-packages/airflow/example_dags/tutorial_taskflow_api_etl_virtualenv.py took 0.057 seconds
[2021-06-13 08:23:42,775] {scheduler_job.py:182} INFO - Started process (PID=1325) to work on /home/airflow/.local/lib/python3.6/site-packages/airflow/example_dags/tutorial_taskflow_api_etl_virtualenv.py
[2021-06-13 08:23:42,777] {scheduler_job.py:633} INFO - Processing file /home/airflow/.local/lib/python3.6/site-packages/airflow/example_dags/tutorial_taskflow_api_etl_virtualenv.py for tasks to queue
[2021-06-13 08:23:42,778] {logging_mixin.py:104} INFO - [2021-06-13 08:23:42,778] {dagbag.py:487} INFO - Filling up the DagBag from /home/airflow/.local/lib/python3.6/site-packages/airflow/example_dags/tutorial_taskflow_api_etl_virtualenv.py
[2021-06-13 08:23:42,791] {scheduler_job.py:643} INFO - DAG(s) dict_keys(['tutorial_taskflow_api_etl_virtualenv']) retrieved from /home/airflow/.local/lib/python3.6/site-packages/airflow/example_dags/tutorial_taskflow_api_etl_virtualenv.py
[2021-06-13 08:23:42,993] {logging_mixin.py:104} INFO - [2021-06-13 08:23:42,992] {dag.py:1832} INFO - Sync 1 DAGs
[2021-06-13 08:23:43,007] {logging_mixin.py:104} INFO - [2021-06-13 08:23:43,006] {dag.py:2305} INFO - Setting next_dagrun for tutorial_taskflow_api_etl_virtualenv to None
[2021-06-13 08:23:43,018] {scheduler_job.py:190} INFO - Processing /home/airflow/.local/lib/python3.6/site-packages/airflow/example_dags/tutorial_taskflow_api_etl_virtualenv.py took 0.245 seconds
[2021-06-13 08:24:25,907] {scheduler_job.py:182} INFO - Started process (PID=32) to work on /home/airflow/.local/lib/python3.6/site-packages/airflow/example_dags/tutorial_taskflow_api_etl_virtualenv.py
[2021-06-13 08:24:25,908] {scheduler_job.py:633} INFO - Processing file /home/airflow/.local/lib/python3.6/site-packages/airflow/example_dags/tutorial_taskflow_api_etl_virtualenv.py for tasks to queue
[2021-06-13 08:24:25,911] {logging_mixin.py:104} INFO - [2021-06-13 08:24:25,911] {dagbag.py:487} INFO - Filling up the DagBag from /home/airflow/.local/lib/python3.6/site-packages/airflow/example_dags/tutorial_taskflow_api_etl_virtualenv.py
[2021-06-13 08:24:25,967] {scheduler_job.py:643} INFO - DAG(s) dict_keys(['tutorial_taskflow_api_etl_virtualenv']) retrieved from /home/airflow/.local/lib/python3.6/site-packages/airflow/example_dags/tutorial_taskflow_api_etl_virtualenv.py
[2021-06-13 08:24:26,333] {logging_mixin.py:104} INFO - [2021-06-13 08:24:26,333] {dag.py:1832} INFO - Sync 1 DAGs
[2021-06-13 08:24:26,346] {logging_mixin.py:104} INFO - [2021-06-13 08:24:26,346] {dag.py:2305} INFO - Setting next_dagrun for tutorial_taskflow_api_etl_virtualenv to None
[2021-06-13 08:24:26,392] {scheduler_job.py:190} INFO - Processing /home/airflow/.local/lib/python3.6/site-packages/airflow/example_dags/tutorial_taskflow_api_etl_virtualenv.py took 0.488 seconds
[2021-06-13 08:24:56,607] {scheduler_job.py:182} INFO - Started process (PID=102) to work on /home/airflow/.local/lib/python3.6/site-packages/airflow/example_dags/tutorial_taskflow_api_etl_virtualenv.py
[2021-06-13 08:24:56,608] {scheduler_job.py:633} INFO - Processing file /home/airflow/.local/lib/python3.6/site-packages/airflow/example_dags/tutorial_taskflow_api_etl_virtualenv.py for tasks to queue
[2021-06-13 08:24:56,609] {logging_mixin.py:104} INFO - [2021-06-13 08:24:56,609] {dagbag.py:487} INFO - Filling up the DagBag from /home/airflow/.local/lib/python3.6/site-packages/airflow/example_dags/tutorial_taskflow_api_etl_virtualenv.py
[2021-06-13 08:24:56,622] {scheduler_job.py:643} INFO - DAG(s) dict_keys(['tutorial_taskflow_api_etl_virtualenv']) retrieved from /home/airflow/.local/lib/python3.6/site-packages/airflow/example_dags/tutorial_taskflow_api_etl_virtualenv.py
[2021-06-13 08:24:56,811] {logging_mixin.py:104} INFO - [2021-06-13 08:24:56,811] {dag.py:1832} INFO - Sync 1 DAGs
[2021-06-13 08:24:56,827] {logging_mixin.py:104} INFO - [2021-06-13 08:24:56,827] {dag.py:2305} INFO - Setting next_dagrun for tutorial_taskflow_api_etl_virtualenv to None
[2021-06-13 08:24:56,842] {scheduler_job.py:190} INFO - Processing /home/airflow/.local/lib/python3.6/site-packages/airflow/example_dags/tutorial_taskflow_api_etl_virtualenv.py took 0.237 seconds
[2021-06-13 08:25:27,292] {scheduler_job.py:182} INFO - Started process (PID=164) to work on /home/airflow/.local/lib/python3.6/site-packages/airflow/example_dags/tutorial_taskflow_api_etl_virtualenv.py
[2021-06-13 08:25:27,293] {scheduler_job.py:633} INFO - Processing file /home/airflow/.local/lib/python3.6/site-packages/airflow/example_dags/tutorial_taskflow_api_etl_virtualenv.py for tasks to queue
[2021-06-13 08:25:27,294] {logging_mixin.py:104} INFO - [2021-06-13 08:25:27,294] {dagbag.py:487} INFO - Filling up the DagBag from /home/airflow/.local/lib/python3.6/site-packages/airflow/example_dags/tutorial_taskflow_api_etl_virtualenv.py
[2021-06-13 08:25:27,307] {scheduler_job.py:643} INFO - DAG(s) dict_keys(['tutorial_taskflow_api_etl_virtualenv']) retrieved from /home/airflow/.local/lib/python3.6/site-packages/airflow/example_dags/tutorial_taskflow_api_etl_virtualenv.py
[2021-06-13 08:25:27,484] {logging_mixin.py:104} INFO - [2021-06-13 08:25:27,483] {dag.py:1832} INFO - Sync 1 DAGs
[2021-06-13 08:25:27,496] {logging_mixin.py:104} INFO - [2021-06-13 08:25:27,496] {dag.py:2305} INFO - Setting next_dagrun for tutorial_taskflow_api_etl_virtualenv to None
[2021-06-13 08:25:27,507] {scheduler_job.py:190} INFO - Processing /home/airflow/.local/lib/python3.6/site-packages/airflow/example_dags/tutorial_taskflow_api_etl_virtualenv.py took 0.218 seconds
[2021-06-13 08:25:58,112] {scheduler_job.py:182} INFO - Started process (PID=235) to work on /home/airflow/.local/lib/python3.6/site-packages/airflow/example_dags/tutorial_taskflow_api_etl_virtualenv.py
[2021-06-13 08:25:58,114] {scheduler_job.py:633} INFO - Processing file /home/airflow/.local/lib/python3.6/site-packages/airflow/example_dags/tutorial_taskflow_api_etl_virtualenv.py for tasks to queue
[2021-06-13 08:25:58,115] {logging_mixin.py:104} INFO - [2021-06-13 08:25:58,115] {dagbag.py:487} INFO - Filling up the DagBag from /home/airflow/.local/lib/python3.6/site-packages/airflow/example_dags/tutorial_taskflow_api_etl_virtualenv.py
[2021-06-13 08:25:58,127] {scheduler_job.py:643} INFO - DAG(s) dict_keys(['tutorial_taskflow_api_etl_virtualenv']) retrieved from /home/airflow/.local/lib/python3.6/site-packages/airflow/example_dags/tutorial_taskflow_api_etl_virtualenv.py
[2021-06-13 08:25:58,317] {logging_mixin.py:104} INFO - [2021-06-13 08:25:58,317] {dag.py:1832} INFO - Sync 1 DAGs
[2021-06-13 08:25:58,331] {logging_mixin.py:104} INFO - [2021-06-13 08:25:58,331] {dag.py:2305} INFO - Setting next_dagrun for tutorial_taskflow_api_etl_virtualenv to None
[2021-06-13 08:25:58,343] {scheduler_job.py:190} INFO - Processing /home/airflow/.local/lib/python3.6/site-packages/airflow/example_dags/tutorial_taskflow_api_etl_virtualenv.py took 0.233 seconds
[2021-06-13 08:26:28,736] {scheduler_job.py:182} INFO - Started process (PID=304) to work on /home/airflow/.local/lib/python3.6/site-packages/airflow/example_dags/tutorial_taskflow_api_etl_virtualenv.py
[2021-06-13 08:26:28,738] {scheduler_job.py:633} INFO - Processing file /home/airflow/.local/lib/python3.6/site-packages/airflow/example_dags/tutorial_taskflow_api_etl_virtualenv.py for tasks to queue
[2021-06-13 08:26:28,739] {logging_mixin.py:104} INFO - [2021-06-13 08:26:28,738] {dagbag.py:487} INFO - Filling up the DagBag from /home/airflow/.local/lib/python3.6/site-packages/airflow/example_dags/tutorial_taskflow_api_etl_virtualenv.py
[2021-06-13 08:26:28,754] {scheduler_job.py:643} INFO - DAG(s) dict_keys(['tutorial_taskflow_api_etl_virtualenv']) retrieved from /home/airflow/.local/lib/python3.6/site-packages/airflow/example_dags/tutorial_taskflow_api_etl_virtualenv.py
[2021-06-13 08:26:28,924] {logging_mixin.py:104} INFO - [2021-06-13 08:26:28,924] {dag.py:1832} INFO - Sync 1 DAGs
[2021-06-13 08:26:28,937] {logging_mixin.py:104} INFO - [2021-06-13 08:26:28,936] {dag.py:2305} INFO - Setting next_dagrun for tutorial_taskflow_api_etl_virtualenv to None
[2021-06-13 08:26:28,947] {scheduler_job.py:190} INFO - Processing /home/airflow/.local/lib/python3.6/site-packages/airflow/example_dags/tutorial_taskflow_api_etl_virtualenv.py took 0.213 seconds
[2021-06-13 08:26:59,536] {scheduler_job.py:182} INFO - Started process (PID=365) to work on /home/airflow/.local/lib/python3.6/site-packages/airflow/example_dags/tutorial_taskflow_api_etl_virtualenv.py
[2021-06-13 08:26:59,538] {scheduler_job.py:633} INFO - Processing file /home/airflow/.local/lib/python3.6/site-packages/airflow/example_dags/tutorial_taskflow_api_etl_virtualenv.py for tasks to queue
[2021-06-13 08:26:59,539] {logging_mixin.py:104} INFO - [2021-06-13 08:26:59,539] {dagbag.py:487} INFO - Filling up the DagBag from /home/airflow/.local/lib/python3.6/site-packages/airflow/example_dags/tutorial_taskflow_api_etl_virtualenv.py
[2021-06-13 08:26:59,551] {scheduler_job.py:643} INFO - DAG(s) dict_keys(['tutorial_taskflow_api_etl_virtualenv']) retrieved from /home/airflow/.local/lib/python3.6/site-packages/airflow/example_dags/tutorial_taskflow_api_etl_virtualenv.py
[2021-06-13 08:26:59,728] {logging_mixin.py:104} INFO - [2021-06-13 08:26:59,727] {dag.py:1832} INFO - Sync 1 DAGs
[2021-06-13 08:26:59,743] {logging_mixin.py:104} INFO - [2021-06-13 08:26:59,743] {dag.py:2305} INFO - Setting next_dagrun for tutorial_taskflow_api_etl_virtualenv to None
[2021-06-13 08:26:59,755] {scheduler_job.py:190} INFO - Processing /home/airflow/.local/lib/python3.6/site-packages/airflow/example_dags/tutorial_taskflow_api_etl_virtualenv.py took 0.221 seconds
[2021-06-13 08:27:30,382] {scheduler_job.py:182} INFO - Started process (PID=438) to work on /home/airflow/.local/lib/python3.6/site-packages/airflow/example_dags/tutorial_taskflow_api_etl_virtualenv.py
[2021-06-13 08:27:30,383] {scheduler_job.py:633} INFO - Processing file /home/airflow/.local/lib/python3.6/site-packages/airflow/example_dags/tutorial_taskflow_api_etl_virtualenv.py for tasks to queue
[2021-06-13 08:27:30,384] {logging_mixin.py:104} INFO - [2021-06-13 08:27:30,384] {dagbag.py:487} INFO - Filling up the DagBag from /home/airflow/.local/lib/python3.6/site-packages/airflow/example_dags/tutorial_taskflow_api_etl_virtualenv.py
[2021-06-13 08:27:30,396] {scheduler_job.py:643} INFO - DAG(s) dict_keys(['tutorial_taskflow_api_etl_virtualenv']) retrieved from /home/airflow/.local/lib/python3.6/site-packages/airflow/example_dags/tutorial_taskflow_api_etl_virtualenv.py
[2021-06-13 08:27:30,567] {logging_mixin.py:104} INFO - [2021-06-13 08:27:30,567] {dag.py:1832} INFO - Sync 1 DAGs
[2021-06-13 08:27:30,579] {logging_mixin.py:104} INFO - [2021-06-13 08:27:30,579] {dag.py:2305} INFO - Setting next_dagrun for tutorial_taskflow_api_etl_virtualenv to None
[2021-06-13 08:27:30,596] {scheduler_job.py:190} INFO - Processing /home/airflow/.local/lib/python3.6/site-packages/airflow/example_dags/tutorial_taskflow_api_etl_virtualenv.py took 0.217 seconds
[2021-06-13 08:28:01,164] {scheduler_job.py:182} INFO - Started process (PID=507) to work on /home/airflow/.local/lib/python3.6/site-packages/airflow/example_dags/tutorial_taskflow_api_etl_virtualenv.py
[2021-06-13 08:28:01,165] {scheduler_job.py:633} INFO - Processing file /home/airflow/.local/lib/python3.6/site-packages/airflow/example_dags/tutorial_taskflow_api_etl_virtualenv.py for tasks to queue
[2021-06-13 08:28:01,166] {logging_mixin.py:104} INFO - [2021-06-13 08:28:01,166] {dagbag.py:487} INFO - Filling up the DagBag from /home/airflow/.local/lib/python3.6/site-packages/airflow/example_dags/tutorial_taskflow_api_etl_virtualenv.py
[2021-06-13 08:28:01,178] {scheduler_job.py:643} INFO - DAG(s) dict_keys(['tutorial_taskflow_api_etl_virtualenv']) retrieved from /home/airflow/.local/lib/python3.6/site-packages/airflow/example_dags/tutorial_taskflow_api_etl_virtualenv.py
[2021-06-13 08:28:01,197] {logging_mixin.py:104} INFO - [2021-06-13 08:28:01,197] {dag.py:1832} INFO - Sync 1 DAGs
[2021-06-13 08:28:01,210] {logging_mixin.py:104} INFO - [2021-06-13 08:28:01,210] {dag.py:2305} INFO - Setting next_dagrun for tutorial_taskflow_api_etl_virtualenv to None
[2021-06-13 08:28:01,220] {scheduler_job.py:190} INFO - Processing /home/airflow/.local/lib/python3.6/site-packages/airflow/example_dags/tutorial_taskflow_api_etl_virtualenv.py took 0.058 seconds
[2021-06-13 08:28:32,002] {scheduler_job.py:182} INFO - Started process (PID=569) to work on /home/airflow/.local/lib/python3.6/site-packages/airflow/example_dags/tutorial_taskflow_api_etl_virtualenv.py
[2021-06-13 08:28:32,004] {scheduler_job.py:633} INFO - Processing file /home/airflow/.local/lib/python3.6/site-packages/airflow/example_dags/tutorial_taskflow_api_etl_virtualenv.py for tasks to queue
[2021-06-13 08:28:32,005] {logging_mixin.py:104} INFO - [2021-06-13 08:28:32,005] {dagbag.py:487} INFO - Filling up the DagBag from /home/airflow/.local/lib/python3.6/site-packages/airflow/example_dags/tutorial_taskflow_api_etl_virtualenv.py
[2021-06-13 08:28:32,022] {scheduler_job.py:643} INFO - DAG(s) dict_keys(['tutorial_taskflow_api_etl_virtualenv']) retrieved from /home/airflow/.local/lib/python3.6/site-packages/airflow/example_dags/tutorial_taskflow_api_etl_virtualenv.py
[2021-06-13 08:28:32,196] {logging_mixin.py:104} INFO - [2021-06-13 08:28:32,196] {dag.py:1832} INFO - Sync 1 DAGs
[2021-06-13 08:28:32,208] {logging_mixin.py:104} INFO - [2021-06-13 08:28:32,208] {dag.py:2305} INFO - Setting next_dagrun for tutorial_taskflow_api_etl_virtualenv to None
[2021-06-13 08:28:32,220] {scheduler_job.py:190} INFO - Processing /home/airflow/.local/lib/python3.6/site-packages/airflow/example_dags/tutorial_taskflow_api_etl_virtualenv.py took 0.221 seconds
[2021-06-13 08:29:02,890] {scheduler_job.py:182} INFO - Started process (PID=642) to work on /home/airflow/.local/lib/python3.6/site-packages/airflow/example_dags/tutorial_taskflow_api_etl_virtualenv.py
[2021-06-13 08:29:02,892] {scheduler_job.py:633} INFO - Processing file /home/airflow/.local/lib/python3.6/site-packages/airflow/example_dags/tutorial_taskflow_api_etl_virtualenv.py for tasks to queue
[2021-06-13 08:29:02,893] {logging_mixin.py:104} INFO - [2021-06-13 08:29:02,893] {dagbag.py:487} INFO - Filling up the DagBag from /home/airflow/.local/lib/python3.6/site-packages/airflow/example_dags/tutorial_taskflow_api_etl_virtualenv.py
[2021-06-13 08:29:02,904] {scheduler_job.py:643} INFO - DAG(s) dict_keys(['tutorial_taskflow_api_etl_virtualenv']) retrieved from /home/airflow/.local/lib/python3.6/site-packages/airflow/example_dags/tutorial_taskflow_api_etl_virtualenv.py
[2021-06-13 08:29:03,085] {logging_mixin.py:104} INFO - [2021-06-13 08:29:03,085] {dag.py:1832} INFO - Sync 1 DAGs
[2021-06-13 08:29:03,097] {logging_mixin.py:104} INFO - [2021-06-13 08:29:03,097] {dag.py:2305} INFO - Setting next_dagrun for tutorial_taskflow_api_etl_virtualenv to None
[2021-06-13 08:29:03,108] {scheduler_job.py:190} INFO - Processing /home/airflow/.local/lib/python3.6/site-packages/airflow/example_dags/tutorial_taskflow_api_etl_virtualenv.py took 0.220 seconds
[2021-06-13 08:29:33,741] {scheduler_job.py:182} INFO - Started process (PID=717) to work on /home/airflow/.local/lib/python3.6/site-packages/airflow/example_dags/tutorial_taskflow_api_etl_virtualenv.py
[2021-06-13 08:29:33,743] {scheduler_job.py:633} INFO - Processing file /home/airflow/.local/lib/python3.6/site-packages/airflow/example_dags/tutorial_taskflow_api_etl_virtualenv.py for tasks to queue
[2021-06-13 08:29:33,744] {logging_mixin.py:104} INFO - [2021-06-13 08:29:33,744] {dagbag.py:487} INFO - Filling up the DagBag from /home/airflow/.local/lib/python3.6/site-packages/airflow/example_dags/tutorial_taskflow_api_etl_virtualenv.py
[2021-06-13 08:29:33,756] {scheduler_job.py:643} INFO - DAG(s) dict_keys(['tutorial_taskflow_api_etl_virtualenv']) retrieved from /home/airflow/.local/lib/python3.6/site-packages/airflow/example_dags/tutorial_taskflow_api_etl_virtualenv.py
[2021-06-13 08:29:33,928] {logging_mixin.py:104} INFO - [2021-06-13 08:29:33,928] {dag.py:1832} INFO - Sync 1 DAGs
[2021-06-13 08:29:33,941] {logging_mixin.py:104} INFO - [2021-06-13 08:29:33,941] {dag.py:2305} INFO - Setting next_dagrun for tutorial_taskflow_api_etl_virtualenv to None
[2021-06-13 08:29:33,953] {scheduler_job.py:190} INFO - Processing /home/airflow/.local/lib/python3.6/site-packages/airflow/example_dags/tutorial_taskflow_api_etl_virtualenv.py took 0.214 seconds
[2021-06-13 08:30:04,503] {scheduler_job.py:182} INFO - Started process (PID=786) to work on /home/airflow/.local/lib/python3.6/site-packages/airflow/example_dags/tutorial_taskflow_api_etl_virtualenv.py
[2021-06-13 08:30:04,504] {scheduler_job.py:633} INFO - Processing file /home/airflow/.local/lib/python3.6/site-packages/airflow/example_dags/tutorial_taskflow_api_etl_virtualenv.py for tasks to queue
[2021-06-13 08:30:04,505] {logging_mixin.py:104} INFO - [2021-06-13 08:30:04,505] {dagbag.py:487} INFO - Filling up the DagBag from /home/airflow/.local/lib/python3.6/site-packages/airflow/example_dags/tutorial_taskflow_api_etl_virtualenv.py
[2021-06-13 08:30:04,517] {scheduler_job.py:643} INFO - DAG(s) dict_keys(['tutorial_taskflow_api_etl_virtualenv']) retrieved from /home/airflow/.local/lib/python3.6/site-packages/airflow/example_dags/tutorial_taskflow_api_etl_virtualenv.py
[2021-06-13 08:30:04,714] {logging_mixin.py:104} INFO - [2021-06-13 08:30:04,714] {dag.py:1832} INFO - Sync 1 DAGs
[2021-06-13 08:30:04,731] {logging_mixin.py:104} INFO - [2021-06-13 08:30:04,731] {dag.py:2305} INFO - Setting next_dagrun for tutorial_taskflow_api_etl_virtualenv to None
[2021-06-13 08:30:04,747] {scheduler_job.py:190} INFO - Processing /home/airflow/.local/lib/python3.6/site-packages/airflow/example_dags/tutorial_taskflow_api_etl_virtualenv.py took 0.247 seconds
[2021-06-13 08:30:35,250] {scheduler_job.py:182} INFO - Started process (PID=858) to work on /home/airflow/.local/lib/python3.6/site-packages/airflow/example_dags/tutorial_taskflow_api_etl_virtualenv.py
[2021-06-13 08:30:35,251] {scheduler_job.py:633} INFO - Processing file /home/airflow/.local/lib/python3.6/site-packages/airflow/example_dags/tutorial_taskflow_api_etl_virtualenv.py for tasks to queue
[2021-06-13 08:30:35,252] {logging_mixin.py:104} INFO - [2021-06-13 08:30:35,252] {dagbag.py:487} INFO - Filling up the DagBag from /home/airflow/.local/lib/python3.6/site-packages/airflow/example_dags/tutorial_taskflow_api_etl_virtualenv.py
[2021-06-13 08:30:35,264] {scheduler_job.py:643} INFO - DAG(s) dict_keys(['tutorial_taskflow_api_etl_virtualenv']) retrieved from /home/airflow/.local/lib/python3.6/site-packages/airflow/example_dags/tutorial_taskflow_api_etl_virtualenv.py
[2021-06-13 08:30:35,462] {logging_mixin.py:104} INFO - [2021-06-13 08:30:35,462] {dag.py:1832} INFO - Sync 1 DAGs
[2021-06-13 08:30:35,474] {logging_mixin.py:104} INFO - [2021-06-13 08:30:35,474] {dag.py:2305} INFO - Setting next_dagrun for tutorial_taskflow_api_etl_virtualenv to None
[2021-06-13 08:30:35,485] {scheduler_job.py:190} INFO - Processing /home/airflow/.local/lib/python3.6/site-packages/airflow/example_dags/tutorial_taskflow_api_etl_virtualenv.py took 0.237 seconds
[2021-06-13 08:31:06,048] {scheduler_job.py:182} INFO - Started process (PID=926) to work on /home/airflow/.local/lib/python3.6/site-packages/airflow/example_dags/tutorial_taskflow_api_etl_virtualenv.py
[2021-06-13 08:31:06,050] {scheduler_job.py:633} INFO - Processing file /home/airflow/.local/lib/python3.6/site-packages/airflow/example_dags/tutorial_taskflow_api_etl_virtualenv.py for tasks to queue
[2021-06-13 08:31:06,051] {logging_mixin.py:104} INFO - [2021-06-13 08:31:06,051] {dagbag.py:487} INFO - Filling up the DagBag from /home/airflow/.local/lib/python3.6/site-packages/airflow/example_dags/tutorial_taskflow_api_etl_virtualenv.py
[2021-06-13 08:31:06,066] {scheduler_job.py:643} INFO - DAG(s) dict_keys(['tutorial_taskflow_api_etl_virtualenv']) retrieved from /home/airflow/.local/lib/python3.6/site-packages/airflow/example_dags/tutorial_taskflow_api_etl_virtualenv.py
[2021-06-13 08:31:06,251] {logging_mixin.py:104} INFO - [2021-06-13 08:31:06,251] {dag.py:1832} INFO - Sync 1 DAGs
[2021-06-13 08:31:06,265] {logging_mixin.py:104} INFO - [2021-06-13 08:31:06,265] {dag.py:2305} INFO - Setting next_dagrun for tutorial_taskflow_api_etl_virtualenv to None
[2021-06-13 08:31:06,277] {scheduler_job.py:190} INFO - Processing /home/airflow/.local/lib/python3.6/site-packages/airflow/example_dags/tutorial_taskflow_api_etl_virtualenv.py took 0.231 seconds
[2021-06-13 08:31:36,704] {scheduler_job.py:182} INFO - Started process (PID=988) to work on /home/airflow/.local/lib/python3.6/site-packages/airflow/example_dags/tutorial_taskflow_api_etl_virtualenv.py
[2021-06-13 08:31:36,705] {scheduler_job.py:633} INFO - Processing file /home/airflow/.local/lib/python3.6/site-packages/airflow/example_dags/tutorial_taskflow_api_etl_virtualenv.py for tasks to queue
[2021-06-13 08:31:36,707] {logging_mixin.py:104} INFO - [2021-06-13 08:31:36,706] {dagbag.py:487} INFO - Filling up the DagBag from /home/airflow/.local/lib/python3.6/site-packages/airflow/example_dags/tutorial_taskflow_api_etl_virtualenv.py
[2021-06-13 08:31:36,720] {scheduler_job.py:643} INFO - DAG(s) dict_keys(['tutorial_taskflow_api_etl_virtualenv']) retrieved from /home/airflow/.local/lib/python3.6/site-packages/airflow/example_dags/tutorial_taskflow_api_etl_virtualenv.py
[2021-06-13 08:31:36,915] {logging_mixin.py:104} INFO - [2021-06-13 08:31:36,915] {dag.py:1832} INFO - Sync 1 DAGs
[2021-06-13 08:31:36,927] {logging_mixin.py:104} INFO - [2021-06-13 08:31:36,927] {dag.py:2305} INFO - Setting next_dagrun for tutorial_taskflow_api_etl_virtualenv to None
[2021-06-13 08:31:36,939] {scheduler_job.py:190} INFO - Processing /home/airflow/.local/lib/python3.6/site-packages/airflow/example_dags/tutorial_taskflow_api_etl_virtualenv.py took 0.239 seconds
[2021-06-13 08:32:07,429] {scheduler_job.py:182} INFO - Started process (PID=1060) to work on /home/airflow/.local/lib/python3.6/site-packages/airflow/example_dags/tutorial_taskflow_api_etl_virtualenv.py
[2021-06-13 08:32:07,430] {scheduler_job.py:633} INFO - Processing file /home/airflow/.local/lib/python3.6/site-packages/airflow/example_dags/tutorial_taskflow_api_etl_virtualenv.py for tasks to queue
[2021-06-13 08:32:07,431] {logging_mixin.py:104} INFO - [2021-06-13 08:32:07,431] {dagbag.py:487} INFO - Filling up the DagBag from /home/airflow/.local/lib/python3.6/site-packages/airflow/example_dags/tutorial_taskflow_api_etl_virtualenv.py
[2021-06-13 08:32:07,444] {scheduler_job.py:643} INFO - DAG(s) dict_keys(['tutorial_taskflow_api_etl_virtualenv']) retrieved from /home/airflow/.local/lib/python3.6/site-packages/airflow/example_dags/tutorial_taskflow_api_etl_virtualenv.py
[2021-06-13 08:32:07,461] {logging_mixin.py:104} INFO - [2021-06-13 08:32:07,461] {dag.py:1832} INFO - Sync 1 DAGs
[2021-06-13 08:32:07,474] {logging_mixin.py:104} INFO - [2021-06-13 08:32:07,474] {dag.py:2305} INFO - Setting next_dagrun for tutorial_taskflow_api_etl_virtualenv to None
[2021-06-13 08:32:07,484] {scheduler_job.py:190} INFO - Processing /home/airflow/.local/lib/python3.6/site-packages/airflow/example_dags/tutorial_taskflow_api_etl_virtualenv.py took 0.057 seconds
