[2021-06-20 12:14:27,765] {taskinstance.py:876} INFO - Dependencies all met for <TaskInstance: orion.postInfo 2021-06-20T12:09:00+00:00 [queued]>
[2021-06-20 12:14:27,783] {taskinstance.py:876} INFO - Dependencies all met for <TaskInstance: orion.postInfo 2021-06-20T12:09:00+00:00 [queued]>
[2021-06-20 12:14:27,784] {taskinstance.py:1067} INFO - 
--------------------------------------------------------------------------------
[2021-06-20 12:14:27,785] {taskinstance.py:1068} INFO - Starting attempt 1 of 1
[2021-06-20 12:14:27,787] {taskinstance.py:1069} INFO - 
--------------------------------------------------------------------------------
[2021-06-20 12:14:27,796] {taskinstance.py:1087} INFO - Executing <Task(PythonOperator): postInfo> on 2021-06-20T12:09:00+00:00
[2021-06-20 12:14:27,804] {standard_task_runner.py:52} INFO - Started process 280 to run task
[2021-06-20 12:14:27,807] {standard_task_runner.py:76} INFO - Running: ['***', 'tasks', 'run', 'orion', 'postInfo', '2021-06-20T12:09:00+00:00', '--job-id', '100', '--pool', 'default_pool', '--raw', '--subdir', 'DAGS_FOLDER/orion.py', '--cfg-path', '/tmp/tmpos8m7ko7', '--error-file', '/tmp/tmp2qe2f0ev']
[2021-06-20 12:14:27,807] {standard_task_runner.py:77} INFO - Job 100: Subtask postInfo
[2021-06-20 12:14:27,848] {logging_mixin.py:104} INFO - Running <TaskInstance: orion.postInfo 2021-06-20T12:09:00+00:00 [running]> on host 438558517cf9
[2021-06-20 12:14:27,899] {taskinstance.py:1282} INFO - Exporting the following env vars:
AIRFLOW_CTX_DAG_OWNER=***
AIRFLOW_CTX_DAG_ID=orion
AIRFLOW_CTX_TASK_ID=postInfo
AIRFLOW_CTX_EXECUTION_DATE=2021-06-20T12:09:00+00:00
AIRFLOW_CTX_DAG_RUN_ID=scheduled__2021-06-20T12:09:00+00:00
[2021-06-20 12:14:27,905] {logging_mixin.py:104} INFO - {'id': 'Street1', 'type': 'Street', 'pressure': {'type': 'Float', 'value': '596', 'metadata': {}}, 'temperature': {'type': 'Float', 'value': '23', 'metadata': {}}, 'time': {'type': 'String', 'value': '2021-06-20 14:14:09', 'metadata': {}}}
[2021-06-20 12:14:27,977] {python.py:151} INFO - Done. Returned value was: 200
[2021-06-20 12:14:28,002] {taskinstance.py:1191} INFO - Marking task as SUCCESS. dag_id=orion, task_id=postInfo, execution_date=20210620T120900, start_date=20210620T121427, end_date=20210620T121428
[2021-06-20 12:14:28,026] {taskinstance.py:1245} INFO - 0 downstream tasks scheduled from follow-on schedule check
[2021-06-20 12:14:28,059] {local_task_job.py:151} INFO - Task exited with return code 0
