[2021-06-20 16:36:00,839] {taskinstance.py:876} INFO - Dependencies all met for <TaskInstance: orion.postInfo 2021-06-20T16:33:00+00:00 [queued]>
[2021-06-20 16:36:00,856] {taskinstance.py:876} INFO - Dependencies all met for <TaskInstance: orion.postInfo 2021-06-20T16:33:00+00:00 [queued]>
[2021-06-20 16:36:00,857] {taskinstance.py:1067} INFO - 
--------------------------------------------------------------------------------
[2021-06-20 16:36:00,858] {taskinstance.py:1068} INFO - Starting attempt 1 of 1
[2021-06-20 16:36:00,861] {taskinstance.py:1069} INFO - 
--------------------------------------------------------------------------------
[2021-06-20 16:36:00,870] {taskinstance.py:1087} INFO - Executing <Task(PythonOperator): postInfo> on 2021-06-20T16:33:00+00:00
[2021-06-20 16:36:00,877] {standard_task_runner.py:52} INFO - Started process 18330 to run task
[2021-06-20 16:36:00,880] {standard_task_runner.py:76} INFO - Running: ['***', 'tasks', 'run', 'orion', 'postInfo', '2021-06-20T16:33:00+00:00', '--job-id', '188', '--pool', 'default_pool', '--raw', '--subdir', 'DAGS_FOLDER/orion.py', '--cfg-path', '/tmp/tmp7tyyop2z', '--error-file', '/tmp/tmpiex71e61']
[2021-06-20 16:36:00,881] {standard_task_runner.py:77} INFO - Job 188: Subtask postInfo
[2021-06-20 16:36:00,924] {logging_mixin.py:104} INFO - Running <TaskInstance: orion.postInfo 2021-06-20T16:33:00+00:00 [running]> on host 438558517cf9
[2021-06-20 16:36:00,993] {taskinstance.py:1282} INFO - Exporting the following env vars:
AIRFLOW_CTX_DAG_OWNER=***
AIRFLOW_CTX_DAG_ID=orion
AIRFLOW_CTX_TASK_ID=postInfo
AIRFLOW_CTX_EXECUTION_DATE=2021-06-20T16:33:00+00:00
AIRFLOW_CTX_DAG_RUN_ID=scheduled__2021-06-20T16:33:00+00:00
[2021-06-20 16:36:01,004] {logging_mixin.py:104} INFO - {'id': 'Street1', 'type': 'Street', 'pressure': {'type': 'Float', 'value': '903', 'metadata': {}}, 'temperature': {'type': 'Float', 'value': '24.1', 'metadata': {}}, 'time': {'type': 'String', 'value': '2021-06-20 18:34:58', 'metadata': {}}}
[2021-06-20 16:36:01,076] {python.py:151} INFO - Done. Returned value was: 200
[2021-06-20 16:36:01,107] {taskinstance.py:1191} INFO - Marking task as SUCCESS. dag_id=orion, task_id=postInfo, execution_date=20210620T163300, start_date=20210620T163600, end_date=20210620T163601
[2021-06-20 16:36:01,135] {taskinstance.py:1245} INFO - 0 downstream tasks scheduled from follow-on schedule check
[2021-06-20 16:36:01,172] {local_task_job.py:151} INFO - Task exited with return code 0
