[2021-06-20 16:15:00,807] {taskinstance.py:876} INFO - Dependencies all met for <TaskInstance: orion.postInfo 2021-06-20T16:12:00+00:00 [queued]>
[2021-06-20 16:15:00,828] {taskinstance.py:876} INFO - Dependencies all met for <TaskInstance: orion.postInfo 2021-06-20T16:12:00+00:00 [queued]>
[2021-06-20 16:15:00,829] {taskinstance.py:1067} INFO - 
--------------------------------------------------------------------------------
[2021-06-20 16:15:00,831] {taskinstance.py:1068} INFO - Starting attempt 1 of 1
[2021-06-20 16:15:00,833] {taskinstance.py:1069} INFO - 
--------------------------------------------------------------------------------
[2021-06-20 16:15:00,842] {taskinstance.py:1087} INFO - Executing <Task(PythonOperator): postInfo> on 2021-06-20T16:12:00+00:00
[2021-06-20 16:15:00,852] {standard_task_runner.py:52} INFO - Started process 16875 to run task
[2021-06-20 16:15:00,855] {standard_task_runner.py:76} INFO - Running: ['***', 'tasks', 'run', 'orion', 'postInfo', '2021-06-20T16:12:00+00:00', '--job-id', '181', '--pool', 'default_pool', '--raw', '--subdir', 'DAGS_FOLDER/orion.py', '--cfg-path', '/tmp/tmp5ro9cask', '--error-file', '/tmp/tmppbgnwn0g']
[2021-06-20 16:15:00,856] {standard_task_runner.py:77} INFO - Job 181: Subtask postInfo
[2021-06-20 16:15:00,900] {logging_mixin.py:104} INFO - Running <TaskInstance: orion.postInfo 2021-06-20T16:12:00+00:00 [running]> on host 438558517cf9
[2021-06-20 16:15:00,957] {taskinstance.py:1282} INFO - Exporting the following env vars:
AIRFLOW_CTX_DAG_OWNER=***
AIRFLOW_CTX_DAG_ID=orion
AIRFLOW_CTX_TASK_ID=postInfo
AIRFLOW_CTX_EXECUTION_DATE=2021-06-20T16:12:00+00:00
AIRFLOW_CTX_DAG_RUN_ID=scheduled__2021-06-20T16:12:00+00:00
[2021-06-20 16:15:00,964] {logging_mixin.py:104} INFO - {'id': 'Street1', 'type': 'Street', 'pressure': {'type': 'Float', 'value': '895', 'metadata': {}}, 'temperature': {'type': 'Float', 'value': '24.0', 'metadata': {}}, 'time': {'type': 'String', 'value': '2021-06-20 18:13:58', 'metadata': {}}}
[2021-06-20 16:15:01,032] {python.py:151} INFO - Done. Returned value was: 200
[2021-06-20 16:15:01,056] {taskinstance.py:1191} INFO - Marking task as SUCCESS. dag_id=orion, task_id=postInfo, execution_date=20210620T161200, start_date=20210620T161500, end_date=20210620T161501
[2021-06-20 16:15:01,080] {taskinstance.py:1245} INFO - 0 downstream tasks scheduled from follow-on schedule check
[2021-06-20 16:15:01,107] {local_task_job.py:151} INFO - Task exited with return code 0
