[2021-06-20 14:18:00,379] {taskinstance.py:876} INFO - Dependencies all met for <TaskInstance: orion.postInfo 2021-06-20T14:15:00+00:00 [queued]>
[2021-06-20 14:18:00,398] {taskinstance.py:876} INFO - Dependencies all met for <TaskInstance: orion.postInfo 2021-06-20T14:15:00+00:00 [queued]>
[2021-06-20 14:18:00,398] {taskinstance.py:1067} INFO - 
--------------------------------------------------------------------------------
[2021-06-20 14:18:00,399] {taskinstance.py:1068} INFO - Starting attempt 1 of 1
[2021-06-20 14:18:00,401] {taskinstance.py:1069} INFO - 
--------------------------------------------------------------------------------
[2021-06-20 14:18:00,410] {taskinstance.py:1087} INFO - Executing <Task(PythonOperator): postInfo> on 2021-06-20T14:15:00+00:00
[2021-06-20 14:18:00,419] {standard_task_runner.py:52} INFO - Started process 8821 to run task
[2021-06-20 14:18:00,422] {standard_task_runner.py:76} INFO - Running: ['***', 'tasks', 'run', 'orion', 'postInfo', '2021-06-20T14:15:00+00:00', '--job-id', '142', '--pool', 'default_pool', '--raw', '--subdir', 'DAGS_FOLDER/orion.py', '--cfg-path', '/tmp/tmpnrinsnbj', '--error-file', '/tmp/tmp_whckul4']
[2021-06-20 14:18:00,423] {standard_task_runner.py:77} INFO - Job 142: Subtask postInfo
[2021-06-20 14:18:00,464] {logging_mixin.py:104} INFO - Running <TaskInstance: orion.postInfo 2021-06-20T14:15:00+00:00 [running]> on host 438558517cf9
[2021-06-20 14:18:00,519] {taskinstance.py:1282} INFO - Exporting the following env vars:
AIRFLOW_CTX_DAG_OWNER=***
AIRFLOW_CTX_DAG_ID=orion
AIRFLOW_CTX_TASK_ID=postInfo
AIRFLOW_CTX_EXECUTION_DATE=2021-06-20T14:15:00+00:00
AIRFLOW_CTX_DAG_RUN_ID=scheduled__2021-06-20T14:15:00+00:00
[2021-06-20 14:18:00,526] {logging_mixin.py:104} INFO - {'id': 'Street1', 'type': 'Street', 'pressure': {'type': 'Float', 'value': '857', 'metadata': {}}, 'temperature': {'type': 'Float', 'value': '22.2', 'metadata': {}}, 'time': {'type': 'String', 'value': '2021-06-20 16:16:57', 'metadata': {}}}
[2021-06-20 14:18:00,599] {python.py:151} INFO - Done. Returned value was: 200
[2021-06-20 14:18:00,623] {taskinstance.py:1191} INFO - Marking task as SUCCESS. dag_id=orion, task_id=postInfo, execution_date=20210620T141500, start_date=20210620T141800, end_date=20210620T141800
[2021-06-20 14:18:00,649] {taskinstance.py:1245} INFO - 0 downstream tasks scheduled from follow-on schedule check
[2021-06-20 14:18:00,674] {local_task_job.py:151} INFO - Task exited with return code 0
