[2021-06-20 10:52:14,997] {taskinstance.py:876} INFO - Dependencies all met for <TaskInstance: orion.getInfoFromFiware 2021-06-20T10:52:13.439120+00:00 [queued]>
[2021-06-20 10:52:15,021] {taskinstance.py:876} INFO - Dependencies all met for <TaskInstance: orion.getInfoFromFiware 2021-06-20T10:52:13.439120+00:00 [queued]>
[2021-06-20 10:52:15,022] {taskinstance.py:1067} INFO - 
--------------------------------------------------------------------------------
[2021-06-20 10:52:15,022] {taskinstance.py:1068} INFO - Starting attempt 1 of 1
[2021-06-20 10:52:15,025] {taskinstance.py:1069} INFO - 
--------------------------------------------------------------------------------
[2021-06-20 10:52:15,035] {taskinstance.py:1087} INFO - Executing <Task(PythonOperator): getInfoFromFiware> on 2021-06-20T10:52:13.439120+00:00
[2021-06-20 10:52:15,044] {standard_task_runner.py:52} INFO - Started process 69 to run task
[2021-06-20 10:52:15,051] {standard_task_runner.py:76} INFO - Running: ['***', 'tasks', 'run', 'orion', 'getInfoFromFiware', '2021-06-20T10:52:13.439120+00:00', '--job-id', '61', '--pool', 'default_pool', '--raw', '--subdir', 'DAGS_FOLDER/orion.py', '--cfg-path', '/tmp/tmpo2_5biob', '--error-file', '/tmp/tmpshb4if9a']
[2021-06-20 10:52:15,052] {standard_task_runner.py:77} INFO - Job 61: Subtask getInfoFromFiware
[2021-06-20 10:52:15,111] {logging_mixin.py:104} INFO - Running <TaskInstance: orion.getInfoFromFiware 2021-06-20T10:52:13.439120+00:00 [running]> on host 438558517cf9
[2021-06-20 10:52:15,174] {taskinstance.py:1282} INFO - Exporting the following env vars:
AIRFLOW_CTX_DAG_OWNER=***
AIRFLOW_CTX_DAG_ID=orion
AIRFLOW_CTX_TASK_ID=getInfoFromFiware
AIRFLOW_CTX_EXECUTION_DATE=2021-06-20T10:52:13.439120+00:00
AIRFLOW_CTX_DAG_RUN_ID=manual__2021-06-20T10:52:13.439120+00:00
[2021-06-20 10:52:15,184] {python.py:151} INFO - Done. Returned value was: {'id': 'Street1', 'type': 'Street', 'pressure': {'type': 'Float', 'value': 711, 'metadata': {}}, 'temperature': {'type': 'Float', 'value': 22, 'metadata': {}}, 'time': {'type': 'String', 'value': '06/20/2021, 10:58:52', 'metadata': {}}}
[2021-06-20 10:52:15,228] {taskinstance.py:1191} INFO - Marking task as SUCCESS. dag_id=orion, task_id=getInfoFromFiware, execution_date=20210620T105213, start_date=20210620T105215, end_date=20210620T105215
[2021-06-20 10:52:15,287] {taskinstance.py:1245} INFO - 0 downstream tasks scheduled from follow-on schedule check
[2021-06-20 10:52:15,306] {local_task_job.py:151} INFO - Task exited with return code 0
