[2021-06-20 17:06:00,443] {taskinstance.py:876} INFO - Dependencies all met for <TaskInstance: orion.postInfo 2021-06-20T17:03:00+00:00 [queued]>
[2021-06-20 17:06:00,461] {taskinstance.py:876} INFO - Dependencies all met for <TaskInstance: orion.postInfo 2021-06-20T17:03:00+00:00 [queued]>
[2021-06-20 17:06:00,462] {taskinstance.py:1067} INFO - 
--------------------------------------------------------------------------------
[2021-06-20 17:06:00,463] {taskinstance.py:1068} INFO - Starting attempt 1 of 1
[2021-06-20 17:06:00,465] {taskinstance.py:1069} INFO - 
--------------------------------------------------------------------------------
[2021-06-20 17:06:00,474] {taskinstance.py:1087} INFO - Executing <Task(PythonOperator): postInfo> on 2021-06-20T17:03:00+00:00
[2021-06-20 17:06:00,481] {standard_task_runner.py:52} INFO - Started process 20408 to run task
[2021-06-20 17:06:00,484] {standard_task_runner.py:76} INFO - Running: ['***', 'tasks', 'run', 'orion', 'postInfo', '2021-06-20T17:03:00+00:00', '--job-id', '198', '--pool', 'default_pool', '--raw', '--subdir', 'DAGS_FOLDER/orion.py', '--cfg-path', '/tmp/tmpwblya8__', '--error-file', '/tmp/tmp4dx4sdrm']
[2021-06-20 17:06:00,485] {standard_task_runner.py:77} INFO - Job 198: Subtask postInfo
[2021-06-20 17:06:00,529] {logging_mixin.py:104} INFO - Running <TaskInstance: orion.postInfo 2021-06-20T17:03:00+00:00 [running]> on host 438558517cf9
[2021-06-20 17:06:00,582] {taskinstance.py:1282} INFO - Exporting the following env vars:
AIRFLOW_CTX_DAG_OWNER=***
AIRFLOW_CTX_DAG_ID=orion
AIRFLOW_CTX_TASK_ID=postInfo
AIRFLOW_CTX_EXECUTION_DATE=2021-06-20T17:03:00+00:00
AIRFLOW_CTX_DAG_RUN_ID=scheduled__2021-06-20T17:03:00+00:00
[2021-06-20 17:06:00,590] {logging_mixin.py:104} INFO - {'id': 'Street1', 'type': 'Street', 'pressure': {'type': 'Float', 'value': '893', 'metadata': {}}, 'temperature': {'type': 'Float', 'value': '27.6', 'metadata': {}}, 'time': {'type': 'String', 'value': '2021-06-20 19:04:58', 'metadata': {}}}
[2021-06-20 17:06:00,665] {python.py:151} INFO - Done. Returned value was: 200
[2021-06-20 17:06:00,689] {taskinstance.py:1191} INFO - Marking task as SUCCESS. dag_id=orion, task_id=postInfo, execution_date=20210620T170300, start_date=20210620T170600, end_date=20210620T170600
[2021-06-20 17:06:00,712] {taskinstance.py:1245} INFO - 0 downstream tasks scheduled from follow-on schedule check
[2021-06-20 17:06:00,737] {local_task_job.py:151} INFO - Task exited with return code 0
