[2021-06-20 19:42:01,009] {taskinstance.py:876} INFO - Dependencies all met for <TaskInstance: orion.postInfo 2021-06-20T19:39:00+00:00 [queued]>
[2021-06-20 19:42:01,026] {taskinstance.py:876} INFO - Dependencies all met for <TaskInstance: orion.postInfo 2021-06-20T19:39:00+00:00 [queued]>
[2021-06-20 19:42:01,027] {taskinstance.py:1067} INFO - 
--------------------------------------------------------------------------------
[2021-06-20 19:42:01,027] {taskinstance.py:1068} INFO - Starting attempt 1 of 1
[2021-06-20 19:42:01,029] {taskinstance.py:1069} INFO - 
--------------------------------------------------------------------------------
[2021-06-20 19:42:01,038] {taskinstance.py:1087} INFO - Executing <Task(PythonOperator): postInfo> on 2021-06-20T19:39:00+00:00
[2021-06-20 19:42:01,046] {standard_task_runner.py:52} INFO - Started process 31194 to run task
[2021-06-20 19:42:01,048] {standard_task_runner.py:76} INFO - Running: ['***', 'tasks', 'run', 'orion', 'postInfo', '2021-06-20T19:39:00+00:00', '--job-id', '250', '--pool', 'default_pool', '--raw', '--subdir', 'DAGS_FOLDER/orion.py', '--cfg-path', '/tmp/tmpdn13vs_w', '--error-file', '/tmp/tmpltjh4pnt']
[2021-06-20 19:42:01,049] {standard_task_runner.py:77} INFO - Job 250: Subtask postInfo
[2021-06-20 19:42:01,088] {logging_mixin.py:104} INFO - Running <TaskInstance: orion.postInfo 2021-06-20T19:39:00+00:00 [running]> on host 438558517cf9
[2021-06-20 19:42:01,140] {taskinstance.py:1282} INFO - Exporting the following env vars:
AIRFLOW_CTX_DAG_OWNER=***
AIRFLOW_CTX_DAG_ID=orion
AIRFLOW_CTX_TASK_ID=postInfo
AIRFLOW_CTX_EXECUTION_DATE=2021-06-20T19:39:00+00:00
AIRFLOW_CTX_DAG_RUN_ID=scheduled__2021-06-20T19:39:00+00:00
[2021-06-20 19:42:01,148] {logging_mixin.py:104} INFO - {'id': 'Street1', 'type': 'Street', 'pressure': {'type': 'Float', 'value': '931', 'metadata': {}}, 'temperature': {'type': 'Float', 'value': '23.8', 'metadata': {}}, 'time': {'type': 'String', 'value': '2021-06-20 21:40:59', 'metadata': {}}}
[2021-06-20 19:42:01,219] {python.py:151} INFO - Done. Returned value was: 200
[2021-06-20 19:42:01,243] {taskinstance.py:1191} INFO - Marking task as SUCCESS. dag_id=orion, task_id=postInfo, execution_date=20210620T193900, start_date=20210620T194201, end_date=20210620T194201
[2021-06-20 19:42:01,268] {taskinstance.py:1245} INFO - 0 downstream tasks scheduled from follow-on schedule check
[2021-06-20 19:42:01,300] {local_task_job.py:151} INFO - Task exited with return code 0
