[2021-06-20 15:03:01,174] {taskinstance.py:876} INFO - Dependencies all met for <TaskInstance: orion.postInfo 2021-06-20T15:00:00+00:00 [queued]>
[2021-06-20 15:03:01,211] {taskinstance.py:876} INFO - Dependencies all met for <TaskInstance: orion.postInfo 2021-06-20T15:00:00+00:00 [queued]>
[2021-06-20 15:03:01,212] {taskinstance.py:1067} INFO - 
--------------------------------------------------------------------------------
[2021-06-20 15:03:01,212] {taskinstance.py:1068} INFO - Starting attempt 1 of 1
[2021-06-20 15:03:01,215] {taskinstance.py:1069} INFO - 
--------------------------------------------------------------------------------
[2021-06-20 15:03:01,224] {taskinstance.py:1087} INFO - Executing <Task(PythonOperator): postInfo> on 2021-06-20T15:00:00+00:00
[2021-06-20 15:03:01,232] {standard_task_runner.py:52} INFO - Started process 11919 to run task
[2021-06-20 15:03:01,234] {standard_task_runner.py:76} INFO - Running: ['***', 'tasks', 'run', 'orion', 'postInfo', '2021-06-20T15:00:00+00:00', '--job-id', '157', '--pool', 'default_pool', '--raw', '--subdir', 'DAGS_FOLDER/orion.py', '--cfg-path', '/tmp/tmpstckj3i3', '--error-file', '/tmp/tmphmnlki80']
[2021-06-20 15:03:01,235] {standard_task_runner.py:77} INFO - Job 157: Subtask postInfo
[2021-06-20 15:03:01,279] {logging_mixin.py:104} INFO - Running <TaskInstance: orion.postInfo 2021-06-20T15:00:00+00:00 [running]> on host 438558517cf9
[2021-06-20 15:03:01,338] {taskinstance.py:1282} INFO - Exporting the following env vars:
AIRFLOW_CTX_DAG_OWNER=***
AIRFLOW_CTX_DAG_ID=orion
AIRFLOW_CTX_TASK_ID=postInfo
AIRFLOW_CTX_EXECUTION_DATE=2021-06-20T15:00:00+00:00
AIRFLOW_CTX_DAG_RUN_ID=scheduled__2021-06-20T15:00:00+00:00
[2021-06-20 15:03:01,345] {logging_mixin.py:104} INFO - {'id': 'Street1', 'type': 'Street', 'pressure': {'type': 'Float', 'value': '915', 'metadata': {}}, 'temperature': {'type': 'Float', 'value': '21.8', 'metadata': {}}, 'time': {'type': 'String', 'value': '2021-06-20 17:01:57', 'metadata': {}}}
[2021-06-20 15:03:01,410] {python.py:151} INFO - Done. Returned value was: 200
[2021-06-20 15:03:01,436] {taskinstance.py:1191} INFO - Marking task as SUCCESS. dag_id=orion, task_id=postInfo, execution_date=20210620T150000, start_date=20210620T150301, end_date=20210620T150301
[2021-06-20 15:03:01,462] {taskinstance.py:1245} INFO - 0 downstream tasks scheduled from follow-on schedule check
[2021-06-20 15:03:01,487] {local_task_job.py:151} INFO - Task exited with return code 0
