[2021-06-20 10:52:14,964] {taskinstance.py:876} INFO - Dependencies all met for <TaskInstance: orion.postInfo 2021-06-20T10:52:13.439120+00:00 [queued]>
[2021-06-20 10:52:14,992] {taskinstance.py:876} INFO - Dependencies all met for <TaskInstance: orion.postInfo 2021-06-20T10:52:13.439120+00:00 [queued]>
[2021-06-20 10:52:14,992] {taskinstance.py:1067} INFO - 
--------------------------------------------------------------------------------
[2021-06-20 10:52:14,993] {taskinstance.py:1068} INFO - Starting attempt 1 of 1
[2021-06-20 10:52:14,996] {taskinstance.py:1069} INFO - 
--------------------------------------------------------------------------------
[2021-06-20 10:52:15,009] {taskinstance.py:1087} INFO - Executing <Task(PythonOperator): postInfo> on 2021-06-20T10:52:13.439120+00:00
[2021-06-20 10:52:15,022] {standard_task_runner.py:52} INFO - Started process 68 to run task
[2021-06-20 10:52:15,029] {standard_task_runner.py:76} INFO - Running: ['***', 'tasks', 'run', 'orion', 'postInfo', '2021-06-20T10:52:13.439120+00:00', '--job-id', '60', '--pool', 'default_pool', '--raw', '--subdir', 'DAGS_FOLDER/orion.py', '--cfg-path', '/tmp/tmptx9ieq3u', '--error-file', '/tmp/tmp588z3ql2']
[2021-06-20 10:52:15,030] {standard_task_runner.py:77} INFO - Job 60: Subtask postInfo
[2021-06-20 10:52:15,084] {logging_mixin.py:104} INFO - Running <TaskInstance: orion.postInfo 2021-06-20T10:52:13.439120+00:00 [running]> on host 438558517cf9
[2021-06-20 10:52:15,156] {taskinstance.py:1282} INFO - Exporting the following env vars:
AIRFLOW_CTX_DAG_OWNER=***
AIRFLOW_CTX_DAG_ID=orion
AIRFLOW_CTX_TASK_ID=postInfo
AIRFLOW_CTX_EXECUTION_DATE=2021-06-20T10:52:13.439120+00:00
AIRFLOW_CTX_DAG_RUN_ID=manual__2021-06-20T10:52:13.439120+00:00
[2021-06-20 10:52:15,158] {python.py:151} INFO - Done. Returned value was: Hello
[2021-06-20 10:52:15,194] {taskinstance.py:1191} INFO - Marking task as SUCCESS. dag_id=orion, task_id=postInfo, execution_date=20210620T105213, start_date=20210620T105214, end_date=20210620T105215
[2021-06-20 10:52:15,259] {taskinstance.py:1245} INFO - 0 downstream tasks scheduled from follow-on schedule check
[2021-06-20 10:52:15,281] {local_task_job.py:151} INFO - Task exited with return code 0
