[2021-06-20 19:00:00,837] {taskinstance.py:876} INFO - Dependencies all met for <TaskInstance: orion.postInfo 2021-06-20T18:57:00+00:00 [queued]>
[2021-06-20 19:00:00,854] {taskinstance.py:876} INFO - Dependencies all met for <TaskInstance: orion.postInfo 2021-06-20T18:57:00+00:00 [queued]>
[2021-06-20 19:00:00,855] {taskinstance.py:1067} INFO - 
--------------------------------------------------------------------------------
[2021-06-20 19:00:00,855] {taskinstance.py:1068} INFO - Starting attempt 1 of 1
[2021-06-20 19:00:00,857] {taskinstance.py:1069} INFO - 
--------------------------------------------------------------------------------
[2021-06-20 19:00:00,866] {taskinstance.py:1087} INFO - Executing <Task(PythonOperator): postInfo> on 2021-06-20T18:57:00+00:00
[2021-06-20 19:00:00,874] {standard_task_runner.py:52} INFO - Started process 28286 to run task
[2021-06-20 19:00:00,876] {standard_task_runner.py:76} INFO - Running: ['***', 'tasks', 'run', 'orion', 'postInfo', '2021-06-20T18:57:00+00:00', '--job-id', '236', '--pool', 'default_pool', '--raw', '--subdir', 'DAGS_FOLDER/orion.py', '--cfg-path', '/tmp/tmp4kh05me4', '--error-file', '/tmp/tmp3ipxr_rd']
[2021-06-20 19:00:00,877] {standard_task_runner.py:77} INFO - Job 236: Subtask postInfo
[2021-06-20 19:00:00,915] {logging_mixin.py:104} INFO - Running <TaskInstance: orion.postInfo 2021-06-20T18:57:00+00:00 [running]> on host 438558517cf9
[2021-06-20 19:00:00,966] {taskinstance.py:1282} INFO - Exporting the following env vars:
AIRFLOW_CTX_DAG_OWNER=***
AIRFLOW_CTX_DAG_ID=orion
AIRFLOW_CTX_TASK_ID=postInfo
AIRFLOW_CTX_EXECUTION_DATE=2021-06-20T18:57:00+00:00
AIRFLOW_CTX_DAG_RUN_ID=scheduled__2021-06-20T18:57:00+00:00
[2021-06-20 19:00:00,973] {logging_mixin.py:104} INFO - {'id': 'Street1', 'type': 'Street', 'pressure': {'type': 'Float', 'value': '918', 'metadata': {}}, 'temperature': {'type': 'Float', 'value': '21.9', 'metadata': {}}, 'time': {'type': 'String', 'value': '2021-06-20 20:58:58', 'metadata': {}}}
[2021-06-20 19:00:01,049] {python.py:151} INFO - Done. Returned value was: 200
[2021-06-20 19:00:01,073] {taskinstance.py:1191} INFO - Marking task as SUCCESS. dag_id=orion, task_id=postInfo, execution_date=20210620T185700, start_date=20210620T190000, end_date=20210620T190001
[2021-06-20 19:00:01,096] {taskinstance.py:1245} INFO - 0 downstream tasks scheduled from follow-on schedule check
[2021-06-20 19:00:01,128] {local_task_job.py:151} INFO - Task exited with return code 0
