[2021-06-20 10:50:46,093] {taskinstance.py:876} INFO - Dependencies all met for <TaskInstance: orion.postInfo 2021-06-20T10:50:45.294981+00:00 [queued]>
[2021-06-20 10:50:46,110] {taskinstance.py:876} INFO - Dependencies all met for <TaskInstance: orion.postInfo 2021-06-20T10:50:45.294981+00:00 [queued]>
[2021-06-20 10:50:46,111] {taskinstance.py:1067} INFO - 
--------------------------------------------------------------------------------
[2021-06-20 10:50:46,112] {taskinstance.py:1068} INFO - Starting attempt 1 of 1
[2021-06-20 10:50:46,115] {taskinstance.py:1069} INFO - 
--------------------------------------------------------------------------------
[2021-06-20 10:50:46,125] {taskinstance.py:1087} INFO - Executing <Task(PythonOperator): postInfo> on 2021-06-20T10:50:45.294981+00:00
[2021-06-20 10:50:46,133] {standard_task_runner.py:52} INFO - Started process 75 to run task
[2021-06-20 10:50:46,135] {standard_task_runner.py:76} INFO - Running: ['***', 'tasks', 'run', 'orion', 'postInfo', '2021-06-20T10:50:45.294981+00:00', '--job-id', '57', '--pool', 'default_pool', '--raw', '--subdir', 'DAGS_FOLDER/orion.py', '--cfg-path', '/tmp/tmp9vellslr', '--error-file', '/tmp/tmpudi3x45t']
[2021-06-20 10:50:46,136] {standard_task_runner.py:77} INFO - Job 57: Subtask postInfo
[2021-06-20 10:50:46,177] {logging_mixin.py:104} INFO - Running <TaskInstance: orion.postInfo 2021-06-20T10:50:45.294981+00:00 [running]> on host 438558517cf9
[2021-06-20 10:50:46,233] {taskinstance.py:1282} INFO - Exporting the following env vars:
AIRFLOW_CTX_DAG_OWNER=***
AIRFLOW_CTX_DAG_ID=orion
AIRFLOW_CTX_TASK_ID=postInfo
AIRFLOW_CTX_EXECUTION_DATE=2021-06-20T10:50:45.294981+00:00
AIRFLOW_CTX_DAG_RUN_ID=manual__2021-06-20T10:50:45.294981+00:00
[2021-06-20 10:50:46,234] {python.py:151} INFO - Done. Returned value was: Hello
[2021-06-20 10:50:46,269] {taskinstance.py:1191} INFO - Marking task as SUCCESS. dag_id=orion, task_id=postInfo, execution_date=20210620T105045, start_date=20210620T105046, end_date=20210620T105046
[2021-06-20 10:50:46,297] {taskinstance.py:1245} INFO - 0 downstream tasks scheduled from follow-on schedule check
[2021-06-20 10:50:46,308] {local_task_job.py:151} INFO - Task exited with return code 0
