[2021-06-20 18:45:00,669] {taskinstance.py:876} INFO - Dependencies all met for <TaskInstance: orion.postInfo 2021-06-20T18:42:00+00:00 [queued]>
[2021-06-20 18:45:00,687] {taskinstance.py:876} INFO - Dependencies all met for <TaskInstance: orion.postInfo 2021-06-20T18:42:00+00:00 [queued]>
[2021-06-20 18:45:00,688] {taskinstance.py:1067} INFO - 
--------------------------------------------------------------------------------
[2021-06-20 18:45:00,688] {taskinstance.py:1068} INFO - Starting attempt 1 of 1
[2021-06-20 18:45:00,690] {taskinstance.py:1069} INFO - 
--------------------------------------------------------------------------------
[2021-06-20 18:45:00,699] {taskinstance.py:1087} INFO - Executing <Task(PythonOperator): postInfo> on 2021-06-20T18:42:00+00:00
[2021-06-20 18:45:00,708] {standard_task_runner.py:52} INFO - Started process 27254 to run task
[2021-06-20 18:45:00,711] {standard_task_runner.py:76} INFO - Running: ['***', 'tasks', 'run', 'orion', 'postInfo', '2021-06-20T18:42:00+00:00', '--job-id', '231', '--pool', 'default_pool', '--raw', '--subdir', 'DAGS_FOLDER/orion.py', '--cfg-path', '/tmp/tmp_w2q9dux', '--error-file', '/tmp/tmpvbyo182v']
[2021-06-20 18:45:00,711] {standard_task_runner.py:77} INFO - Job 231: Subtask postInfo
[2021-06-20 18:45:00,750] {logging_mixin.py:104} INFO - Running <TaskInstance: orion.postInfo 2021-06-20T18:42:00+00:00 [running]> on host 438558517cf9
[2021-06-20 18:45:00,803] {taskinstance.py:1282} INFO - Exporting the following env vars:
AIRFLOW_CTX_DAG_OWNER=***
AIRFLOW_CTX_DAG_ID=orion
AIRFLOW_CTX_TASK_ID=postInfo
AIRFLOW_CTX_EXECUTION_DATE=2021-06-20T18:42:00+00:00
AIRFLOW_CTX_DAG_RUN_ID=scheduled__2021-06-20T18:42:00+00:00
[2021-06-20 18:45:00,810] {logging_mixin.py:104} INFO - {'id': 'Street1', 'type': 'Street', 'pressure': {'type': 'Float', 'value': '926', 'metadata': {}}, 'temperature': {'type': 'Float', 'value': '21.7', 'metadata': {}}, 'time': {'type': 'String', 'value': '2021-06-20 20:43:58', 'metadata': {}}}
[2021-06-20 18:45:00,876] {python.py:151} INFO - Done. Returned value was: 200
[2021-06-20 18:45:00,900] {taskinstance.py:1191} INFO - Marking task as SUCCESS. dag_id=orion, task_id=postInfo, execution_date=20210620T184200, start_date=20210620T184500, end_date=20210620T184500
[2021-06-20 18:45:00,923] {taskinstance.py:1245} INFO - 0 downstream tasks scheduled from follow-on schedule check
[2021-06-20 18:45:00,963] {local_task_job.py:151} INFO - Task exited with return code 0
