[2021-06-20 14:00:00,344] {taskinstance.py:876} INFO - Dependencies all met for <TaskInstance: orion.postInfo 2021-06-20T13:57:00+00:00 [queued]>
[2021-06-20 14:00:00,362] {taskinstance.py:876} INFO - Dependencies all met for <TaskInstance: orion.postInfo 2021-06-20T13:57:00+00:00 [queued]>
[2021-06-20 14:00:00,363] {taskinstance.py:1067} INFO - 
--------------------------------------------------------------------------------
[2021-06-20 14:00:00,363] {taskinstance.py:1068} INFO - Starting attempt 1 of 1
[2021-06-20 14:00:00,366] {taskinstance.py:1069} INFO - 
--------------------------------------------------------------------------------
[2021-06-20 14:00:00,373] {taskinstance.py:1087} INFO - Executing <Task(PythonOperator): postInfo> on 2021-06-20T13:57:00+00:00
[2021-06-20 14:00:00,383] {standard_task_runner.py:52} INFO - Started process 7577 to run task
[2021-06-20 14:00:00,385] {standard_task_runner.py:76} INFO - Running: ['***', 'tasks', 'run', 'orion', 'postInfo', '2021-06-20T13:57:00+00:00', '--job-id', '136', '--pool', 'default_pool', '--raw', '--subdir', 'DAGS_FOLDER/orion.py', '--cfg-path', '/tmp/tmp0aja2s5t', '--error-file', '/tmp/tmp0m9bso1v']
[2021-06-20 14:00:00,386] {standard_task_runner.py:77} INFO - Job 136: Subtask postInfo
[2021-06-20 14:00:00,431] {logging_mixin.py:104} INFO - Running <TaskInstance: orion.postInfo 2021-06-20T13:57:00+00:00 [running]> on host 438558517cf9
[2021-06-20 14:00:00,492] {taskinstance.py:1282} INFO - Exporting the following env vars:
AIRFLOW_CTX_DAG_OWNER=***
AIRFLOW_CTX_DAG_ID=orion
AIRFLOW_CTX_TASK_ID=postInfo
AIRFLOW_CTX_EXECUTION_DATE=2021-06-20T13:57:00+00:00
AIRFLOW_CTX_DAG_RUN_ID=scheduled__2021-06-20T13:57:00+00:00
[2021-06-20 14:00:00,502] {logging_mixin.py:104} INFO - {'id': 'Street1', 'type': 'Street', 'pressure': {'type': 'Float', 'value': '866', 'metadata': {}}, 'temperature': {'type': 'Float', 'value': '24.0', 'metadata': {}}, 'time': {'type': 'String', 'value': '2021-06-20 15:58:57', 'metadata': {}}}
[2021-06-20 14:00:00,577] {python.py:151} INFO - Done. Returned value was: 200
[2021-06-20 14:00:00,602] {taskinstance.py:1191} INFO - Marking task as SUCCESS. dag_id=orion, task_id=postInfo, execution_date=20210620T135700, start_date=20210620T140000, end_date=20210620T140000
[2021-06-20 14:00:00,627] {taskinstance.py:1245} INFO - 0 downstream tasks scheduled from follow-on schedule check
[2021-06-20 14:00:00,638] {local_task_job.py:151} INFO - Task exited with return code 0
