[2021-06-20 12:57:00,919] {taskinstance.py:876} INFO - Dependencies all met for <TaskInstance: orion.postInfo 2021-06-20T12:54:00+00:00 [queued]>
[2021-06-20 12:57:00,936] {taskinstance.py:876} INFO - Dependencies all met for <TaskInstance: orion.postInfo 2021-06-20T12:54:00+00:00 [queued]>
[2021-06-20 12:57:00,937] {taskinstance.py:1067} INFO - 
--------------------------------------------------------------------------------
[2021-06-20 12:57:00,937] {taskinstance.py:1068} INFO - Starting attempt 1 of 1
[2021-06-20 12:57:00,940] {taskinstance.py:1069} INFO - 
--------------------------------------------------------------------------------
[2021-06-20 12:57:00,948] {taskinstance.py:1087} INFO - Executing <Task(PythonOperator): postInfo> on 2021-06-20T12:54:00+00:00
[2021-06-20 12:57:00,956] {standard_task_runner.py:52} INFO - Started process 3233 to run task
[2021-06-20 12:57:00,958] {standard_task_runner.py:76} INFO - Running: ['***', 'tasks', 'run', 'orion', 'postInfo', '2021-06-20T12:54:00+00:00', '--job-id', '115', '--pool', 'default_pool', '--raw', '--subdir', 'DAGS_FOLDER/orion.py', '--cfg-path', '/tmp/tmpewhel54n', '--error-file', '/tmp/tmpyugef2zo']
[2021-06-20 12:57:00,959] {standard_task_runner.py:77} INFO - Job 115: Subtask postInfo
[2021-06-20 12:57:00,998] {logging_mixin.py:104} INFO - Running <TaskInstance: orion.postInfo 2021-06-20T12:54:00+00:00 [running]> on host 438558517cf9
[2021-06-20 12:57:01,049] {taskinstance.py:1282} INFO - Exporting the following env vars:
AIRFLOW_CTX_DAG_OWNER=***
AIRFLOW_CTX_DAG_ID=orion
AIRFLOW_CTX_TASK_ID=postInfo
AIRFLOW_CTX_EXECUTION_DATE=2021-06-20T12:54:00+00:00
AIRFLOW_CTX_DAG_RUN_ID=scheduled__2021-06-20T12:54:00+00:00
[2021-06-20 12:57:01,056] {logging_mixin.py:104} INFO - {'id': 'Street1', 'type': 'Street', 'pressure': {'type': 'Float', 'value': '852', 'metadata': {}}, 'temperature': {'type': 'Float', 'value': '25.0', 'metadata': {}}, 'time': {'type': 'String', 'value': '2021-06-20 14:55:57', 'metadata': {}}}
[2021-06-20 12:57:01,133] {python.py:151} INFO - Done. Returned value was: 200
[2021-06-20 12:57:01,157] {taskinstance.py:1191} INFO - Marking task as SUCCESS. dag_id=orion, task_id=postInfo, execution_date=20210620T125400, start_date=20210620T125700, end_date=20210620T125701
[2021-06-20 12:57:01,182] {taskinstance.py:1245} INFO - 0 downstream tasks scheduled from follow-on schedule check
[2021-06-20 12:57:01,211] {local_task_job.py:151} INFO - Task exited with return code 0
