[2021-06-20 17:42:00,409] {taskinstance.py:876} INFO - Dependencies all met for <TaskInstance: orion.postInfo 2021-06-20T17:39:00+00:00 [queued]>
[2021-06-20 17:42:00,426] {taskinstance.py:876} INFO - Dependencies all met for <TaskInstance: orion.postInfo 2021-06-20T17:39:00+00:00 [queued]>
[2021-06-20 17:42:00,427] {taskinstance.py:1067} INFO - 
--------------------------------------------------------------------------------
[2021-06-20 17:42:00,428] {taskinstance.py:1068} INFO - Starting attempt 1 of 1
[2021-06-20 17:42:00,430] {taskinstance.py:1069} INFO - 
--------------------------------------------------------------------------------
[2021-06-20 17:42:00,438] {taskinstance.py:1087} INFO - Executing <Task(PythonOperator): postInfo> on 2021-06-20T17:39:00+00:00
[2021-06-20 17:42:00,446] {standard_task_runner.py:52} INFO - Started process 22898 to run task
[2021-06-20 17:42:00,448] {standard_task_runner.py:76} INFO - Running: ['***', 'tasks', 'run', 'orion', 'postInfo', '2021-06-20T17:39:00+00:00', '--job-id', '210', '--pool', 'default_pool', '--raw', '--subdir', 'DAGS_FOLDER/orion.py', '--cfg-path', '/tmp/tmpz245uukp', '--error-file', '/tmp/tmpw6oe9m2j']
[2021-06-20 17:42:00,449] {standard_task_runner.py:77} INFO - Job 210: Subtask postInfo
[2021-06-20 17:42:00,489] {logging_mixin.py:104} INFO - Running <TaskInstance: orion.postInfo 2021-06-20T17:39:00+00:00 [running]> on host 438558517cf9
[2021-06-20 17:42:00,540] {taskinstance.py:1282} INFO - Exporting the following env vars:
AIRFLOW_CTX_DAG_OWNER=***
AIRFLOW_CTX_DAG_ID=orion
AIRFLOW_CTX_TASK_ID=postInfo
AIRFLOW_CTX_EXECUTION_DATE=2021-06-20T17:39:00+00:00
AIRFLOW_CTX_DAG_RUN_ID=scheduled__2021-06-20T17:39:00+00:00
[2021-06-20 17:42:00,547] {logging_mixin.py:104} INFO - {'id': 'Street1', 'type': 'Street', 'pressure': {'type': 'Float', 'value': '905', 'metadata': {}}, 'temperature': {'type': 'Float', 'value': '24.6', 'metadata': {}}, 'time': {'type': 'String', 'value': '2021-06-20 19:40:58', 'metadata': {}}}
[2021-06-20 17:42:00,616] {python.py:151} INFO - Done. Returned value was: 200
[2021-06-20 17:42:00,640] {taskinstance.py:1191} INFO - Marking task as SUCCESS. dag_id=orion, task_id=postInfo, execution_date=20210620T173900, start_date=20210620T174200, end_date=20210620T174200
[2021-06-20 17:42:00,664] {taskinstance.py:1245} INFO - 0 downstream tasks scheduled from follow-on schedule check
[2021-06-20 17:42:00,701] {local_task_job.py:151} INFO - Task exited with return code 0
