[2021-06-20 15:45:00,522] {taskinstance.py:876} INFO - Dependencies all met for <TaskInstance: orion.postInfo 2021-06-20T15:42:00+00:00 [queued]>
[2021-06-20 15:45:00,542] {taskinstance.py:876} INFO - Dependencies all met for <TaskInstance: orion.postInfo 2021-06-20T15:42:00+00:00 [queued]>
[2021-06-20 15:45:00,543] {taskinstance.py:1067} INFO - 
--------------------------------------------------------------------------------
[2021-06-20 15:45:00,543] {taskinstance.py:1068} INFO - Starting attempt 1 of 1
[2021-06-20 15:45:00,546] {taskinstance.py:1069} INFO - 
--------------------------------------------------------------------------------
[2021-06-20 15:45:00,555] {taskinstance.py:1087} INFO - Executing <Task(PythonOperator): postInfo> on 2021-06-20T15:42:00+00:00
[2021-06-20 15:45:00,562] {standard_task_runner.py:52} INFO - Started process 14812 to run task
[2021-06-20 15:45:00,565] {standard_task_runner.py:76} INFO - Running: ['***', 'tasks', 'run', 'orion', 'postInfo', '2021-06-20T15:42:00+00:00', '--job-id', '171', '--pool', 'default_pool', '--raw', '--subdir', 'DAGS_FOLDER/orion.py', '--cfg-path', '/tmp/tmpt3ci430l', '--error-file', '/tmp/tmp6rv0ufz5']
[2021-06-20 15:45:00,566] {standard_task_runner.py:77} INFO - Job 171: Subtask postInfo
[2021-06-20 15:45:00,609] {logging_mixin.py:104} INFO - Running <TaskInstance: orion.postInfo 2021-06-20T15:42:00+00:00 [running]> on host 438558517cf9
[2021-06-20 15:45:00,672] {taskinstance.py:1282} INFO - Exporting the following env vars:
AIRFLOW_CTX_DAG_OWNER=***
AIRFLOW_CTX_DAG_ID=orion
AIRFLOW_CTX_TASK_ID=postInfo
AIRFLOW_CTX_EXECUTION_DATE=2021-06-20T15:42:00+00:00
AIRFLOW_CTX_DAG_RUN_ID=scheduled__2021-06-20T15:42:00+00:00
[2021-06-20 15:45:00,680] {logging_mixin.py:104} INFO - {'id': 'Street1', 'type': 'Street', 'pressure': {'type': 'Float', 'value': '891', 'metadata': {}}, 'temperature': {'type': 'Float', 'value': '23.6', 'metadata': {}}, 'time': {'type': 'String', 'value': '2021-06-20 17:43:57', 'metadata': {}}}
[2021-06-20 15:45:00,763] {python.py:151} INFO - Done. Returned value was: 200
[2021-06-20 15:45:00,790] {taskinstance.py:1191} INFO - Marking task as SUCCESS. dag_id=orion, task_id=postInfo, execution_date=20210620T154200, start_date=20210620T154500, end_date=20210620T154500
[2021-06-20 15:45:00,815] {taskinstance.py:1245} INFO - 0 downstream tasks scheduled from follow-on schedule check
[2021-06-20 15:45:00,857] {local_task_job.py:151} INFO - Task exited with return code 0
