[2021-06-20 16:48:00,683] {taskinstance.py:876} INFO - Dependencies all met for <TaskInstance: orion.postInfo 2021-06-20T16:45:00+00:00 [queued]>
[2021-06-20 16:48:00,701] {taskinstance.py:876} INFO - Dependencies all met for <TaskInstance: orion.postInfo 2021-06-20T16:45:00+00:00 [queued]>
[2021-06-20 16:48:00,702] {taskinstance.py:1067} INFO - 
--------------------------------------------------------------------------------
[2021-06-20 16:48:00,703] {taskinstance.py:1068} INFO - Starting attempt 1 of 1
[2021-06-20 16:48:00,705] {taskinstance.py:1069} INFO - 
--------------------------------------------------------------------------------
[2021-06-20 16:48:00,715] {taskinstance.py:1087} INFO - Executing <Task(PythonOperator): postInfo> on 2021-06-20T16:45:00+00:00
[2021-06-20 16:48:00,724] {standard_task_runner.py:52} INFO - Started process 19158 to run task
[2021-06-20 16:48:00,726] {standard_task_runner.py:76} INFO - Running: ['***', 'tasks', 'run', 'orion', 'postInfo', '2021-06-20T16:45:00+00:00', '--job-id', '192', '--pool', 'default_pool', '--raw', '--subdir', 'DAGS_FOLDER/orion.py', '--cfg-path', '/tmp/tmp7le0dkqe', '--error-file', '/tmp/tmpk3lhn0am']
[2021-06-20 16:48:00,727] {standard_task_runner.py:77} INFO - Job 192: Subtask postInfo
[2021-06-20 16:48:00,765] {logging_mixin.py:104} INFO - Running <TaskInstance: orion.postInfo 2021-06-20T16:45:00+00:00 [running]> on host 438558517cf9
[2021-06-20 16:48:00,815] {taskinstance.py:1282} INFO - Exporting the following env vars:
AIRFLOW_CTX_DAG_OWNER=***
AIRFLOW_CTX_DAG_ID=orion
AIRFLOW_CTX_TASK_ID=postInfo
AIRFLOW_CTX_EXECUTION_DATE=2021-06-20T16:45:00+00:00
AIRFLOW_CTX_DAG_RUN_ID=scheduled__2021-06-20T16:45:00+00:00
[2021-06-20 16:48:00,822] {logging_mixin.py:104} INFO - {'id': 'Street1', 'type': 'Street', 'pressure': {'type': 'Float', 'value': '904', 'metadata': {}}, 'temperature': {'type': 'Float', 'value': '25.7', 'metadata': {}}, 'time': {'type': 'String', 'value': '2021-06-20 18:46:58', 'metadata': {}}}
[2021-06-20 16:48:00,901] {python.py:151} INFO - Done. Returned value was: 200
[2021-06-20 16:48:00,924] {taskinstance.py:1191} INFO - Marking task as SUCCESS. dag_id=orion, task_id=postInfo, execution_date=20210620T164500, start_date=20210620T164800, end_date=20210620T164800
[2021-06-20 16:48:00,947] {taskinstance.py:1245} INFO - 0 downstream tasks scheduled from follow-on schedule check
[2021-06-20 16:48:00,978] {local_task_job.py:151} INFO - Task exited with return code 0
