[2021-06-20 12:33:01,208] {taskinstance.py:876} INFO - Dependencies all met for <TaskInstance: orion.postInfo 2021-06-20T12:30:00+00:00 [queued]>
[2021-06-20 12:33:01,225] {taskinstance.py:876} INFO - Dependencies all met for <TaskInstance: orion.postInfo 2021-06-20T12:30:00+00:00 [queued]>
[2021-06-20 12:33:01,226] {taskinstance.py:1067} INFO - 
--------------------------------------------------------------------------------
[2021-06-20 12:33:01,227] {taskinstance.py:1068} INFO - Starting attempt 1 of 1
[2021-06-20 12:33:01,229] {taskinstance.py:1069} INFO - 
--------------------------------------------------------------------------------
[2021-06-20 12:33:01,237] {taskinstance.py:1087} INFO - Executing <Task(PythonOperator): postInfo> on 2021-06-20T12:30:00+00:00
[2021-06-20 12:33:01,245] {standard_task_runner.py:52} INFO - Started process 1573 to run task
[2021-06-20 12:33:01,247] {standard_task_runner.py:76} INFO - Running: ['***', 'tasks', 'run', 'orion', 'postInfo', '2021-06-20T12:30:00+00:00', '--job-id', '107', '--pool', 'default_pool', '--raw', '--subdir', 'DAGS_FOLDER/orion.py', '--cfg-path', '/tmp/tmp_48j2xf7', '--error-file', '/tmp/tmpp98i9a2o']
[2021-06-20 12:33:01,248] {standard_task_runner.py:77} INFO - Job 107: Subtask postInfo
[2021-06-20 12:33:01,288] {logging_mixin.py:104} INFO - Running <TaskInstance: orion.postInfo 2021-06-20T12:30:00+00:00 [running]> on host 438558517cf9
[2021-06-20 12:33:01,341] {taskinstance.py:1282} INFO - Exporting the following env vars:
AIRFLOW_CTX_DAG_OWNER=***
AIRFLOW_CTX_DAG_ID=orion
AIRFLOW_CTX_TASK_ID=postInfo
AIRFLOW_CTX_EXECUTION_DATE=2021-06-20T12:30:00+00:00
AIRFLOW_CTX_DAG_RUN_ID=scheduled__2021-06-20T12:30:00+00:00
[2021-06-20 12:33:01,349] {logging_mixin.py:104} INFO - {'id': 'Street1', 'type': 'Street', 'pressure': {'type': 'Float', 'value': '851', 'metadata': {}}, 'temperature': {'type': 'Float', 'value': '24.3', 'metadata': {}}, 'time': {'type': 'String', 'value': '2021-06-20 14:31:57', 'metadata': {}}}
[2021-06-20 12:33:01,419] {python.py:151} INFO - Done. Returned value was: 200
[2021-06-20 12:33:01,444] {taskinstance.py:1191} INFO - Marking task as SUCCESS. dag_id=orion, task_id=postInfo, execution_date=20210620T123000, start_date=20210620T123301, end_date=20210620T123301
[2021-06-20 12:33:01,468] {taskinstance.py:1245} INFO - 0 downstream tasks scheduled from follow-on schedule check
[2021-06-20 12:33:01,499] {local_task_job.py:151} INFO - Task exited with return code 0
