[2021-06-19 10:31:55,601] {taskinstance.py:876} INFO - Dependencies all met for <TaskInstance: orion.first_function_execute 2021-06-19T10:27:38.654809+00:00 [queued]>
[2021-06-19 10:31:55,619] {taskinstance.py:876} INFO - Dependencies all met for <TaskInstance: orion.first_function_execute 2021-06-19T10:27:38.654809+00:00 [queued]>
[2021-06-19 10:31:55,620] {taskinstance.py:1067} INFO - 
--------------------------------------------------------------------------------
[2021-06-19 10:31:55,620] {taskinstance.py:1068} INFO - Starting attempt 1 of 2
[2021-06-19 10:31:55,623] {taskinstance.py:1069} INFO - 
--------------------------------------------------------------------------------
[2021-06-19 10:31:55,631] {taskinstance.py:1087} INFO - Executing <Task(PythonOperator): first_function_execute> on 2021-06-19T10:27:38.654809+00:00
[2021-06-19 10:31:55,638] {standard_task_runner.py:52} INFO - Started process 129 to run task
[2021-06-19 10:31:55,641] {standard_task_runner.py:76} INFO - Running: ['***', 'tasks', 'run', 'orion', 'first_function_execute', '2021-06-19T10:27:38.654809+00:00', '--job-id', '7', '--pool', 'default_pool', '--raw', '--subdir', 'DAGS_FOLDER/orion.py', '--cfg-path', '/tmp/tmp7d7ymvxz', '--error-file', '/tmp/tmpgdtvyakl']
[2021-06-19 10:31:55,642] {standard_task_runner.py:77} INFO - Job 7: Subtask first_function_execute
[2021-06-19 10:31:55,677] {logging_mixin.py:104} INFO - Running <TaskInstance: orion.first_function_execute 2021-06-19T10:27:38.654809+00:00 [running]> on host 62f8c43df279
[2021-06-19 10:31:55,726] {taskinstance.py:1282} INFO - Exporting the following env vars:
AIRFLOW_CTX_DAG_OWNER=***
AIRFLOW_CTX_DAG_ID=orion
AIRFLOW_CTX_TASK_ID=first_function_execute
AIRFLOW_CTX_EXECUTION_DATE=2021-06-19T10:27:38.654809+00:00
AIRFLOW_CTX_DAG_RUN_ID=manual__2021-06-19T10:27:38.654809+00:00
[2021-06-19 10:31:55,728] {logging_mixin.py:104} INFO - Hello World
[2021-06-19 10:31:55,728] {python.py:151} INFO - Done. Returned value was: Hello World
[2021-06-19 10:31:55,752] {taskinstance.py:1191} INFO - Marking task as SUCCESS. dag_id=orion, task_id=first_function_execute, execution_date=20210619T102738, start_date=20210619T103155, end_date=20210619T103155
[2021-06-19 10:31:55,777] {taskinstance.py:1245} INFO - 0 downstream tasks scheduled from follow-on schedule check
[2021-06-19 10:31:55,813] {local_task_job.py:151} INFO - Task exited with return code 0
