[2021-06-20 13:18:00,948] {taskinstance.py:876} INFO - Dependencies all met for <TaskInstance: orion.postInfo 2021-06-20T13:15:00+00:00 [queued]>
[2021-06-20 13:18:00,965] {taskinstance.py:876} INFO - Dependencies all met for <TaskInstance: orion.postInfo 2021-06-20T13:15:00+00:00 [queued]>
[2021-06-20 13:18:00,966] {taskinstance.py:1067} INFO - 
--------------------------------------------------------------------------------
[2021-06-20 13:18:00,966] {taskinstance.py:1068} INFO - Starting attempt 1 of 1
[2021-06-20 13:18:00,969] {taskinstance.py:1069} INFO - 
--------------------------------------------------------------------------------
[2021-06-20 13:18:00,978] {taskinstance.py:1087} INFO - Executing <Task(PythonOperator): postInfo> on 2021-06-20T13:15:00+00:00
[2021-06-20 13:18:00,986] {standard_task_runner.py:52} INFO - Started process 4686 to run task
[2021-06-20 13:18:00,989] {standard_task_runner.py:76} INFO - Running: ['***', 'tasks', 'run', 'orion', 'postInfo', '2021-06-20T13:15:00+00:00', '--job-id', '122', '--pool', 'default_pool', '--raw', '--subdir', 'DAGS_FOLDER/orion.py', '--cfg-path', '/tmp/tmperpwd6re', '--error-file', '/tmp/tmpgwoxz98v']
[2021-06-20 13:18:00,990] {standard_task_runner.py:77} INFO - Job 122: Subtask postInfo
[2021-06-20 13:18:01,031] {logging_mixin.py:104} INFO - Running <TaskInstance: orion.postInfo 2021-06-20T13:15:00+00:00 [running]> on host 438558517cf9
[2021-06-20 13:18:01,081] {taskinstance.py:1282} INFO - Exporting the following env vars:
AIRFLOW_CTX_DAG_OWNER=***
AIRFLOW_CTX_DAG_ID=orion
AIRFLOW_CTX_TASK_ID=postInfo
AIRFLOW_CTX_EXECUTION_DATE=2021-06-20T13:15:00+00:00
AIRFLOW_CTX_DAG_RUN_ID=scheduled__2021-06-20T13:15:00+00:00
[2021-06-20 13:18:01,089] {logging_mixin.py:104} INFO - {'id': 'Street1', 'type': 'Street', 'pressure': {'type': 'Float', 'value': '846', 'metadata': {}}, 'temperature': {'type': 'Float', 'value': '23.0', 'metadata': {}}, 'time': {'type': 'String', 'value': '2021-06-20 15:16:57', 'metadata': {}}}
[2021-06-20 13:18:01,163] {python.py:151} INFO - Done. Returned value was: 200
[2021-06-20 13:18:01,192] {taskinstance.py:1191} INFO - Marking task as SUCCESS. dag_id=orion, task_id=postInfo, execution_date=20210620T131500, start_date=20210620T131800, end_date=20210620T131801
[2021-06-20 13:18:01,216] {taskinstance.py:1245} INFO - 0 downstream tasks scheduled from follow-on schedule check
[2021-06-20 13:18:01,241] {local_task_job.py:151} INFO - Task exited with return code 0
