[2021-06-20 14:21:00,885] {taskinstance.py:876} INFO - Dependencies all met for <TaskInstance: orion.postInfo 2021-06-20T14:18:00+00:00 [queued]>
[2021-06-20 14:21:00,905] {taskinstance.py:876} INFO - Dependencies all met for <TaskInstance: orion.postInfo 2021-06-20T14:18:00+00:00 [queued]>
[2021-06-20 14:21:00,906] {taskinstance.py:1067} INFO - 
--------------------------------------------------------------------------------
[2021-06-20 14:21:00,907] {taskinstance.py:1068} INFO - Starting attempt 1 of 1
[2021-06-20 14:21:00,909] {taskinstance.py:1069} INFO - 
--------------------------------------------------------------------------------
[2021-06-20 14:21:00,919] {taskinstance.py:1087} INFO - Executing <Task(PythonOperator): postInfo> on 2021-06-20T14:18:00+00:00
[2021-06-20 14:21:00,927] {standard_task_runner.py:52} INFO - Started process 9032 to run task
[2021-06-20 14:21:00,930] {standard_task_runner.py:76} INFO - Running: ['***', 'tasks', 'run', 'orion', 'postInfo', '2021-06-20T14:18:00+00:00', '--job-id', '143', '--pool', 'default_pool', '--raw', '--subdir', 'DAGS_FOLDER/orion.py', '--cfg-path', '/tmp/tmpxrghyfps', '--error-file', '/tmp/tmpyg3va_bg']
[2021-06-20 14:21:00,931] {standard_task_runner.py:77} INFO - Job 143: Subtask postInfo
[2021-06-20 14:21:00,972] {logging_mixin.py:104} INFO - Running <TaskInstance: orion.postInfo 2021-06-20T14:18:00+00:00 [running]> on host 438558517cf9
[2021-06-20 14:21:01,023] {taskinstance.py:1282} INFO - Exporting the following env vars:
AIRFLOW_CTX_DAG_OWNER=***
AIRFLOW_CTX_DAG_ID=orion
AIRFLOW_CTX_TASK_ID=postInfo
AIRFLOW_CTX_EXECUTION_DATE=2021-06-20T14:18:00+00:00
AIRFLOW_CTX_DAG_RUN_ID=scheduled__2021-06-20T14:18:00+00:00
[2021-06-20 14:21:01,031] {logging_mixin.py:104} INFO - {'id': 'Street1', 'type': 'Street', 'pressure': {'type': 'Float', 'value': '851', 'metadata': {}}, 'temperature': {'type': 'Float', 'value': '22.6', 'metadata': {}}, 'time': {'type': 'String', 'value': '2021-06-20 16:19:57', 'metadata': {}}}
[2021-06-20 14:21:01,105] {python.py:151} INFO - Done. Returned value was: 200
[2021-06-20 14:21:01,128] {taskinstance.py:1191} INFO - Marking task as SUCCESS. dag_id=orion, task_id=postInfo, execution_date=20210620T141800, start_date=20210620T142100, end_date=20210620T142101
[2021-06-20 14:21:01,155] {taskinstance.py:1245} INFO - 0 downstream tasks scheduled from follow-on schedule check
[2021-06-20 14:21:01,182] {local_task_job.py:151} INFO - Task exited with return code 0
