[2021-06-20 19:21:00,775] {taskinstance.py:876} INFO - Dependencies all met for <TaskInstance: orion.postInfo 2021-06-20T19:18:00+00:00 [queued]>
[2021-06-20 19:21:00,792] {taskinstance.py:876} INFO - Dependencies all met for <TaskInstance: orion.postInfo 2021-06-20T19:18:00+00:00 [queued]>
[2021-06-20 19:21:00,793] {taskinstance.py:1067} INFO - 
--------------------------------------------------------------------------------
[2021-06-20 19:21:00,793] {taskinstance.py:1068} INFO - Starting attempt 1 of 1
[2021-06-20 19:21:00,795] {taskinstance.py:1069} INFO - 
--------------------------------------------------------------------------------
[2021-06-20 19:21:00,803] {taskinstance.py:1087} INFO - Executing <Task(PythonOperator): postInfo> on 2021-06-20T19:18:00+00:00
[2021-06-20 19:21:00,811] {standard_task_runner.py:52} INFO - Started process 29738 to run task
[2021-06-20 19:21:00,813] {standard_task_runner.py:76} INFO - Running: ['***', 'tasks', 'run', 'orion', 'postInfo', '2021-06-20T19:18:00+00:00', '--job-id', '243', '--pool', 'default_pool', '--raw', '--subdir', 'DAGS_FOLDER/orion.py', '--cfg-path', '/tmp/tmplm50go7f', '--error-file', '/tmp/tmphf9v290_']
[2021-06-20 19:21:00,814] {standard_task_runner.py:77} INFO - Job 243: Subtask postInfo
[2021-06-20 19:21:00,854] {logging_mixin.py:104} INFO - Running <TaskInstance: orion.postInfo 2021-06-20T19:18:00+00:00 [running]> on host 438558517cf9
[2021-06-20 19:21:00,905] {taskinstance.py:1282} INFO - Exporting the following env vars:
AIRFLOW_CTX_DAG_OWNER=***
AIRFLOW_CTX_DAG_ID=orion
AIRFLOW_CTX_TASK_ID=postInfo
AIRFLOW_CTX_EXECUTION_DATE=2021-06-20T19:18:00+00:00
AIRFLOW_CTX_DAG_RUN_ID=scheduled__2021-06-20T19:18:00+00:00
[2021-06-20 19:21:00,913] {logging_mixin.py:104} INFO - {'id': 'Street1', 'type': 'Street', 'pressure': {'type': 'Float', 'value': '908', 'metadata': {}}, 'temperature': {'type': 'Float', 'value': '23.4', 'metadata': {}}, 'time': {'type': 'String', 'value': '2021-06-20 21:19:59', 'metadata': {}}}
[2021-06-20 19:21:00,990] {python.py:151} INFO - Done. Returned value was: 200
[2021-06-20 19:21:01,014] {taskinstance.py:1191} INFO - Marking task as SUCCESS. dag_id=orion, task_id=postInfo, execution_date=20210620T191800, start_date=20210620T192100, end_date=20210620T192101
[2021-06-20 19:21:01,039] {taskinstance.py:1245} INFO - 0 downstream tasks scheduled from follow-on schedule check
[2021-06-20 19:21:01,065] {local_task_job.py:151} INFO - Task exited with return code 0
