[2021-06-20 15:48:01,185] {taskinstance.py:876} INFO - Dependencies all met for <TaskInstance: orion.postInfo 2021-06-20T15:45:00+00:00 [queued]>
[2021-06-20 15:48:01,202] {taskinstance.py:876} INFO - Dependencies all met for <TaskInstance: orion.postInfo 2021-06-20T15:45:00+00:00 [queued]>
[2021-06-20 15:48:01,203] {taskinstance.py:1067} INFO - 
--------------------------------------------------------------------------------
[2021-06-20 15:48:01,204] {taskinstance.py:1068} INFO - Starting attempt 1 of 1
[2021-06-20 15:48:01,207] {taskinstance.py:1069} INFO - 
--------------------------------------------------------------------------------
[2021-06-20 15:48:01,215] {taskinstance.py:1087} INFO - Executing <Task(PythonOperator): postInfo> on 2021-06-20T15:45:00+00:00
[2021-06-20 15:48:01,225] {standard_task_runner.py:52} INFO - Started process 15018 to run task
[2021-06-20 15:48:01,227] {standard_task_runner.py:76} INFO - Running: ['***', 'tasks', 'run', 'orion', 'postInfo', '2021-06-20T15:45:00+00:00', '--job-id', '172', '--pool', 'default_pool', '--raw', '--subdir', 'DAGS_FOLDER/orion.py', '--cfg-path', '/tmp/tmp_l8jkiw8', '--error-file', '/tmp/tmpgz1a4u8t']
[2021-06-20 15:48:01,228] {standard_task_runner.py:77} INFO - Job 172: Subtask postInfo
[2021-06-20 15:48:01,268] {logging_mixin.py:104} INFO - Running <TaskInstance: orion.postInfo 2021-06-20T15:45:00+00:00 [running]> on host 438558517cf9
[2021-06-20 15:48:01,325] {taskinstance.py:1282} INFO - Exporting the following env vars:
AIRFLOW_CTX_DAG_OWNER=***
AIRFLOW_CTX_DAG_ID=orion
AIRFLOW_CTX_TASK_ID=postInfo
AIRFLOW_CTX_EXECUTION_DATE=2021-06-20T15:45:00+00:00
AIRFLOW_CTX_DAG_RUN_ID=scheduled__2021-06-20T15:45:00+00:00
[2021-06-20 15:48:01,336] {logging_mixin.py:104} INFO - {'id': 'Street1', 'type': 'Street', 'pressure': {'type': 'Float', 'value': '897', 'metadata': {}}, 'temperature': {'type': 'Float', 'value': '22.6', 'metadata': {}}, 'time': {'type': 'String', 'value': '2021-06-20 17:46:57', 'metadata': {}}}
[2021-06-20 15:48:01,411] {python.py:151} INFO - Done. Returned value was: 200
[2021-06-20 15:48:01,435] {taskinstance.py:1191} INFO - Marking task as SUCCESS. dag_id=orion, task_id=postInfo, execution_date=20210620T154500, start_date=20210620T154801, end_date=20210620T154801
[2021-06-20 15:48:01,459] {taskinstance.py:1245} INFO - 0 downstream tasks scheduled from follow-on schedule check
[2021-06-20 15:48:01,480] {local_task_job.py:151} INFO - Task exited with return code 0
