[2021-06-20 19:54:00,557] {taskinstance.py:876} INFO - Dependencies all met for <TaskInstance: orion.postInfo 2021-06-20T19:51:00+00:00 [queued]>
[2021-06-20 19:54:00,574] {taskinstance.py:876} INFO - Dependencies all met for <TaskInstance: orion.postInfo 2021-06-20T19:51:00+00:00 [queued]>
[2021-06-20 19:54:00,575] {taskinstance.py:1067} INFO - 
--------------------------------------------------------------------------------
[2021-06-20 19:54:00,576] {taskinstance.py:1068} INFO - Starting attempt 1 of 1
[2021-06-20 19:54:00,578] {taskinstance.py:1069} INFO - 
--------------------------------------------------------------------------------
[2021-06-20 19:54:00,586] {taskinstance.py:1087} INFO - Executing <Task(PythonOperator): postInfo> on 2021-06-20T19:51:00+00:00
[2021-06-20 19:54:00,594] {standard_task_runner.py:52} INFO - Started process 32027 to run task
[2021-06-20 19:54:00,597] {standard_task_runner.py:76} INFO - Running: ['***', 'tasks', 'run', 'orion', 'postInfo', '2021-06-20T19:51:00+00:00', '--job-id', '254', '--pool', 'default_pool', '--raw', '--subdir', 'DAGS_FOLDER/orion.py', '--cfg-path', '/tmp/tmphdglzued', '--error-file', '/tmp/tmpck6xvvub']
[2021-06-20 19:54:00,597] {standard_task_runner.py:77} INFO - Job 254: Subtask postInfo
[2021-06-20 19:54:00,638] {logging_mixin.py:104} INFO - Running <TaskInstance: orion.postInfo 2021-06-20T19:51:00+00:00 [running]> on host 438558517cf9
[2021-06-20 19:54:00,691] {taskinstance.py:1282} INFO - Exporting the following env vars:
AIRFLOW_CTX_DAG_OWNER=***
AIRFLOW_CTX_DAG_ID=orion
AIRFLOW_CTX_TASK_ID=postInfo
AIRFLOW_CTX_EXECUTION_DATE=2021-06-20T19:51:00+00:00
AIRFLOW_CTX_DAG_RUN_ID=scheduled__2021-06-20T19:51:00+00:00
[2021-06-20 19:54:00,698] {logging_mixin.py:104} INFO - {'id': 'Street1', 'type': 'Street', 'pressure': {'type': 'Float', 'value': '909', 'metadata': {}}, 'temperature': {'type': 'Float', 'value': '24.3', 'metadata': {}}, 'time': {'type': 'String', 'value': '2021-06-20 21:52:59', 'metadata': {}}}
[2021-06-20 19:54:00,772] {python.py:151} INFO - Done. Returned value was: 200
[2021-06-20 19:54:00,796] {taskinstance.py:1191} INFO - Marking task as SUCCESS. dag_id=orion, task_id=postInfo, execution_date=20210620T195100, start_date=20210620T195400, end_date=20210620T195400
[2021-06-20 19:54:00,824] {taskinstance.py:1245} INFO - 0 downstream tasks scheduled from follow-on schedule check
[2021-06-20 19:54:00,848] {local_task_job.py:151} INFO - Task exited with return code 0
