[2021-06-20 11:45:00,386] {taskinstance.py:876} INFO - Dependencies all met for <TaskInstance: orion.postInfo 2021-06-20T11:44:00+00:00 [queued]>
[2021-06-20 11:45:00,404] {taskinstance.py:876} INFO - Dependencies all met for <TaskInstance: orion.postInfo 2021-06-20T11:44:00+00:00 [queued]>
[2021-06-20 11:45:00,405] {taskinstance.py:1067} INFO - 
--------------------------------------------------------------------------------
[2021-06-20 11:45:00,406] {taskinstance.py:1068} INFO - Starting attempt 1 of 1
[2021-06-20 11:45:00,408] {taskinstance.py:1069} INFO - 
--------------------------------------------------------------------------------
[2021-06-20 11:45:00,417] {taskinstance.py:1087} INFO - Executing <Task(PythonOperator): postInfo> on 2021-06-20T11:44:00+00:00
[2021-06-20 11:45:00,427] {standard_task_runner.py:52} INFO - Started process 3069 to run task
[2021-06-20 11:45:00,429] {standard_task_runner.py:76} INFO - Running: ['***', 'tasks', 'run', 'orion', 'postInfo', '2021-06-20T11:44:00+00:00', '--job-id', '76', '--pool', 'default_pool', '--raw', '--subdir', 'DAGS_FOLDER/orion.py', '--cfg-path', '/tmp/tmpt5w0t0vb', '--error-file', '/tmp/tmp4w5nujkd']
[2021-06-20 11:45:00,430] {standard_task_runner.py:77} INFO - Job 76: Subtask postInfo
[2021-06-20 11:45:00,475] {logging_mixin.py:104} INFO - Running <TaskInstance: orion.postInfo 2021-06-20T11:44:00+00:00 [running]> on host 438558517cf9
[2021-06-20 11:45:00,535] {taskinstance.py:1282} INFO - Exporting the following env vars:
AIRFLOW_CTX_DAG_OWNER=***
AIRFLOW_CTX_DAG_ID=orion
AIRFLOW_CTX_TASK_ID=postInfo
AIRFLOW_CTX_EXECUTION_DATE=2021-06-20T11:44:00+00:00
AIRFLOW_CTX_DAG_RUN_ID=scheduled__2021-06-20T11:44:00+00:00
[2021-06-20 11:45:00,543] {logging_mixin.py:104} INFO - {'id': 'Street1', 'type': 'Street', 'pressure': {'type': 'Float', 'value': 711, 'metadata': {}}, 'temperature': {'type': 'Float', 'value': 22, 'metadata': {}}, 'time': {'type': 'String', 'value': '06/20/2021, 10:58:52', 'metadata': {}}}
[2021-06-20 11:45:00,611] {python.py:151} INFO - Done. Returned value was: 200
[2021-06-20 11:45:00,635] {taskinstance.py:1191} INFO - Marking task as SUCCESS. dag_id=orion, task_id=postInfo, execution_date=20210620T114400, start_date=20210620T114500, end_date=20210620T114500
[2021-06-20 11:45:00,660] {taskinstance.py:1245} INFO - 0 downstream tasks scheduled from follow-on schedule check
[2021-06-20 11:45:00,682] {local_task_job.py:151} INFO - Task exited with return code 0
