[2021-06-20 15:42:01,049] {taskinstance.py:876} INFO - Dependencies all met for <TaskInstance: orion.postInfo 2021-06-20T15:39:00+00:00 [queued]>
[2021-06-20 15:42:01,066] {taskinstance.py:876} INFO - Dependencies all met for <TaskInstance: orion.postInfo 2021-06-20T15:39:00+00:00 [queued]>
[2021-06-20 15:42:01,067] {taskinstance.py:1067} INFO - 
--------------------------------------------------------------------------------
[2021-06-20 15:42:01,067] {taskinstance.py:1068} INFO - Starting attempt 1 of 1
[2021-06-20 15:42:01,070] {taskinstance.py:1069} INFO - 
--------------------------------------------------------------------------------
[2021-06-20 15:42:01,078] {taskinstance.py:1087} INFO - Executing <Task(PythonOperator): postInfo> on 2021-06-20T15:39:00+00:00
[2021-06-20 15:42:01,088] {standard_task_runner.py:52} INFO - Started process 14603 to run task
[2021-06-20 15:42:01,091] {standard_task_runner.py:76} INFO - Running: ['***', 'tasks', 'run', 'orion', 'postInfo', '2021-06-20T15:39:00+00:00', '--job-id', '170', '--pool', 'default_pool', '--raw', '--subdir', 'DAGS_FOLDER/orion.py', '--cfg-path', '/tmp/tmppz1zb6jz', '--error-file', '/tmp/tmp24o5daou']
[2021-06-20 15:42:01,091] {standard_task_runner.py:77} INFO - Job 170: Subtask postInfo
[2021-06-20 15:42:01,131] {logging_mixin.py:104} INFO - Running <TaskInstance: orion.postInfo 2021-06-20T15:39:00+00:00 [running]> on host 438558517cf9
[2021-06-20 15:42:01,183] {taskinstance.py:1282} INFO - Exporting the following env vars:
AIRFLOW_CTX_DAG_OWNER=***
AIRFLOW_CTX_DAG_ID=orion
AIRFLOW_CTX_TASK_ID=postInfo
AIRFLOW_CTX_EXECUTION_DATE=2021-06-20T15:39:00+00:00
AIRFLOW_CTX_DAG_RUN_ID=scheduled__2021-06-20T15:39:00+00:00
[2021-06-20 15:42:01,191] {logging_mixin.py:104} INFO - {'id': 'Street1', 'type': 'Street', 'pressure': {'type': 'Float', 'value': '888', 'metadata': {}}, 'temperature': {'type': 'Float', 'value': '23.0', 'metadata': {}}, 'time': {'type': 'String', 'value': '2021-06-20 17:40:57', 'metadata': {}}}
[2021-06-20 15:42:01,270] {python.py:151} INFO - Done. Returned value was: 200
[2021-06-20 15:42:01,294] {taskinstance.py:1191} INFO - Marking task as SUCCESS. dag_id=orion, task_id=postInfo, execution_date=20210620T153900, start_date=20210620T154201, end_date=20210620T154201
[2021-06-20 15:42:01,318] {taskinstance.py:1245} INFO - 0 downstream tasks scheduled from follow-on schedule check
[2021-06-20 15:42:01,343] {local_task_job.py:151} INFO - Task exited with return code 0
