[2021-06-20 18:30:00,521] {taskinstance.py:876} INFO - Dependencies all met for <TaskInstance: orion.postInfo 2021-06-20T18:27:00+00:00 [queued]>
[2021-06-20 18:30:00,538] {taskinstance.py:876} INFO - Dependencies all met for <TaskInstance: orion.postInfo 2021-06-20T18:27:00+00:00 [queued]>
[2021-06-20 18:30:00,539] {taskinstance.py:1067} INFO - 
--------------------------------------------------------------------------------
[2021-06-20 18:30:00,539] {taskinstance.py:1068} INFO - Starting attempt 1 of 1
[2021-06-20 18:30:00,542] {taskinstance.py:1069} INFO - 
--------------------------------------------------------------------------------
[2021-06-20 18:30:00,550] {taskinstance.py:1087} INFO - Executing <Task(PythonOperator): postInfo> on 2021-06-20T18:27:00+00:00
[2021-06-20 18:30:00,558] {standard_task_runner.py:52} INFO - Started process 26220 to run task
[2021-06-20 18:30:00,560] {standard_task_runner.py:76} INFO - Running: ['***', 'tasks', 'run', 'orion', 'postInfo', '2021-06-20T18:27:00+00:00', '--job-id', '226', '--pool', 'default_pool', '--raw', '--subdir', 'DAGS_FOLDER/orion.py', '--cfg-path', '/tmp/tmpy2lfeg8e', '--error-file', '/tmp/tmpyua9srvl']
[2021-06-20 18:30:00,561] {standard_task_runner.py:77} INFO - Job 226: Subtask postInfo
[2021-06-20 18:30:00,599] {logging_mixin.py:104} INFO - Running <TaskInstance: orion.postInfo 2021-06-20T18:27:00+00:00 [running]> on host 438558517cf9
[2021-06-20 18:30:00,651] {taskinstance.py:1282} INFO - Exporting the following env vars:
AIRFLOW_CTX_DAG_OWNER=***
AIRFLOW_CTX_DAG_ID=orion
AIRFLOW_CTX_TASK_ID=postInfo
AIRFLOW_CTX_EXECUTION_DATE=2021-06-20T18:27:00+00:00
AIRFLOW_CTX_DAG_RUN_ID=scheduled__2021-06-20T18:27:00+00:00
[2021-06-20 18:30:00,658] {logging_mixin.py:104} INFO - {'id': 'Street1', 'type': 'Street', 'pressure': {'type': 'Float', 'value': '922', 'metadata': {}}, 'temperature': {'type': 'Float', 'value': '23.5', 'metadata': {}}, 'time': {'type': 'String', 'value': '2021-06-20 20:28:58', 'metadata': {}}}
[2021-06-20 18:30:00,729] {python.py:151} INFO - Done. Returned value was: 200
[2021-06-20 18:30:00,752] {taskinstance.py:1191} INFO - Marking task as SUCCESS. dag_id=orion, task_id=postInfo, execution_date=20210620T182700, start_date=20210620T183000, end_date=20210620T183000
[2021-06-20 18:30:00,776] {taskinstance.py:1245} INFO - 0 downstream tasks scheduled from follow-on schedule check
[2021-06-20 18:30:00,812] {local_task_job.py:151} INFO - Task exited with return code 0
