[2021-06-20 20:03:01,090] {taskinstance.py:876} INFO - Dependencies all met for <TaskInstance: orion.postInfo 2021-06-20T20:00:00+00:00 [queued]>
[2021-06-20 20:03:01,108] {taskinstance.py:876} INFO - Dependencies all met for <TaskInstance: orion.postInfo 2021-06-20T20:00:00+00:00 [queued]>
[2021-06-20 20:03:01,109] {taskinstance.py:1067} INFO - 
--------------------------------------------------------------------------------
[2021-06-20 20:03:01,109] {taskinstance.py:1068} INFO - Starting attempt 1 of 1
[2021-06-20 20:03:01,112] {taskinstance.py:1069} INFO - 
--------------------------------------------------------------------------------
[2021-06-20 20:03:01,120] {taskinstance.py:1087} INFO - Executing <Task(PythonOperator): postInfo> on 2021-06-20T20:00:00+00:00
[2021-06-20 20:03:01,128] {standard_task_runner.py:52} INFO - Started process 32652 to run task
[2021-06-20 20:03:01,130] {standard_task_runner.py:76} INFO - Running: ['***', 'tasks', 'run', 'orion', 'postInfo', '2021-06-20T20:00:00+00:00', '--job-id', '257', '--pool', 'default_pool', '--raw', '--subdir', 'DAGS_FOLDER/orion.py', '--cfg-path', '/tmp/tmp_6iwh277', '--error-file', '/tmp/tmput9zi9t_']
[2021-06-20 20:03:01,131] {standard_task_runner.py:77} INFO - Job 257: Subtask postInfo
[2021-06-20 20:03:01,171] {logging_mixin.py:104} INFO - Running <TaskInstance: orion.postInfo 2021-06-20T20:00:00+00:00 [running]> on host 438558517cf9
[2021-06-20 20:03:01,222] {taskinstance.py:1282} INFO - Exporting the following env vars:
AIRFLOW_CTX_DAG_OWNER=***
AIRFLOW_CTX_DAG_ID=orion
AIRFLOW_CTX_TASK_ID=postInfo
AIRFLOW_CTX_EXECUTION_DATE=2021-06-20T20:00:00+00:00
AIRFLOW_CTX_DAG_RUN_ID=scheduled__2021-06-20T20:00:00+00:00
[2021-06-20 20:03:01,229] {logging_mixin.py:104} INFO - {'id': 'Street1', 'type': 'Street', 'pressure': {'type': 'Float', 'value': '915', 'metadata': {}}, 'temperature': {'type': 'Float', 'value': '25.8', 'metadata': {}}, 'time': {'type': 'String', 'value': '2021-06-20 22:01:59', 'metadata': {}}}
[2021-06-20 20:03:01,296] {python.py:151} INFO - Done. Returned value was: 200
[2021-06-20 20:03:01,320] {taskinstance.py:1191} INFO - Marking task as SUCCESS. dag_id=orion, task_id=postInfo, execution_date=20210620T200000, start_date=20210620T200301, end_date=20210620T200301
[2021-06-20 20:03:01,343] {taskinstance.py:1245} INFO - 0 downstream tasks scheduled from follow-on schedule check
[2021-06-20 20:03:01,382] {local_task_job.py:151} INFO - Task exited with return code 0
