[2021-06-20 13:30:00,621] {taskinstance.py:876} INFO - Dependencies all met for <TaskInstance: orion.postInfo 2021-06-20T13:27:00+00:00 [queued]>
[2021-06-20 13:30:00,638] {taskinstance.py:876} INFO - Dependencies all met for <TaskInstance: orion.postInfo 2021-06-20T13:27:00+00:00 [queued]>
[2021-06-20 13:30:00,639] {taskinstance.py:1067} INFO - 
--------------------------------------------------------------------------------
[2021-06-20 13:30:00,640] {taskinstance.py:1068} INFO - Starting attempt 1 of 1
[2021-06-20 13:30:00,642] {taskinstance.py:1069} INFO - 
--------------------------------------------------------------------------------
[2021-06-20 13:30:00,651] {taskinstance.py:1087} INFO - Executing <Task(PythonOperator): postInfo> on 2021-06-20T13:27:00+00:00
[2021-06-20 13:30:00,660] {standard_task_runner.py:52} INFO - Started process 5516 to run task
[2021-06-20 13:30:00,663] {standard_task_runner.py:76} INFO - Running: ['***', 'tasks', 'run', 'orion', 'postInfo', '2021-06-20T13:27:00+00:00', '--job-id', '126', '--pool', 'default_pool', '--raw', '--subdir', 'DAGS_FOLDER/orion.py', '--cfg-path', '/tmp/tmparicmmw8', '--error-file', '/tmp/tmpchd_qhgv']
[2021-06-20 13:30:00,664] {standard_task_runner.py:77} INFO - Job 126: Subtask postInfo
[2021-06-20 13:30:00,703] {logging_mixin.py:104} INFO - Running <TaskInstance: orion.postInfo 2021-06-20T13:27:00+00:00 [running]> on host 438558517cf9
[2021-06-20 13:30:00,753] {taskinstance.py:1282} INFO - Exporting the following env vars:
AIRFLOW_CTX_DAG_OWNER=***
AIRFLOW_CTX_DAG_ID=orion
AIRFLOW_CTX_TASK_ID=postInfo
AIRFLOW_CTX_EXECUTION_DATE=2021-06-20T13:27:00+00:00
AIRFLOW_CTX_DAG_RUN_ID=scheduled__2021-06-20T13:27:00+00:00
[2021-06-20 13:30:00,761] {logging_mixin.py:104} INFO - {'id': 'Street1', 'type': 'Street', 'pressure': {'type': 'Float', 'value': '858', 'metadata': {}}, 'temperature': {'type': 'Float', 'value': '21.6', 'metadata': {}}, 'time': {'type': 'String', 'value': '2021-06-20 15:28:57', 'metadata': {}}}
[2021-06-20 13:30:00,833] {python.py:151} INFO - Done. Returned value was: 200
[2021-06-20 13:30:00,857] {taskinstance.py:1191} INFO - Marking task as SUCCESS. dag_id=orion, task_id=postInfo, execution_date=20210620T132700, start_date=20210620T133000, end_date=20210620T133000
[2021-06-20 13:30:00,885] {taskinstance.py:1245} INFO - 0 downstream tasks scheduled from follow-on schedule check
[2021-06-20 13:30:00,915] {local_task_job.py:151} INFO - Task exited with return code 0
