[2021-06-20 14:36:00,269] {taskinstance.py:876} INFO - Dependencies all met for <TaskInstance: orion.postInfo 2021-06-20T14:33:00+00:00 [queued]>
[2021-06-20 14:36:00,287] {taskinstance.py:876} INFO - Dependencies all met for <TaskInstance: orion.postInfo 2021-06-20T14:33:00+00:00 [queued]>
[2021-06-20 14:36:00,287] {taskinstance.py:1067} INFO - 
--------------------------------------------------------------------------------
[2021-06-20 14:36:00,288] {taskinstance.py:1068} INFO - Starting attempt 1 of 1
[2021-06-20 14:36:00,290] {taskinstance.py:1069} INFO - 
--------------------------------------------------------------------------------
[2021-06-20 14:36:00,299] {taskinstance.py:1087} INFO - Executing <Task(PythonOperator): postInfo> on 2021-06-20T14:33:00+00:00
[2021-06-20 14:36:00,307] {standard_task_runner.py:52} INFO - Started process 10055 to run task
[2021-06-20 14:36:00,310] {standard_task_runner.py:76} INFO - Running: ['***', 'tasks', 'run', 'orion', 'postInfo', '2021-06-20T14:33:00+00:00', '--job-id', '148', '--pool', 'default_pool', '--raw', '--subdir', 'DAGS_FOLDER/orion.py', '--cfg-path', '/tmp/tmpuyfrn0qw', '--error-file', '/tmp/tmpcjijarzq']
[2021-06-20 14:36:00,311] {standard_task_runner.py:77} INFO - Job 148: Subtask postInfo
[2021-06-20 14:36:00,349] {logging_mixin.py:104} INFO - Running <TaskInstance: orion.postInfo 2021-06-20T14:33:00+00:00 [running]> on host 438558517cf9
[2021-06-20 14:36:00,408] {taskinstance.py:1282} INFO - Exporting the following env vars:
AIRFLOW_CTX_DAG_OWNER=***
AIRFLOW_CTX_DAG_ID=orion
AIRFLOW_CTX_TASK_ID=postInfo
AIRFLOW_CTX_EXECUTION_DATE=2021-06-20T14:33:00+00:00
AIRFLOW_CTX_DAG_RUN_ID=scheduled__2021-06-20T14:33:00+00:00
[2021-06-20 14:36:00,416] {logging_mixin.py:104} INFO - {'id': 'Street1', 'type': 'Street', 'pressure': {'type': 'Float', 'value': '876', 'metadata': {}}, 'temperature': {'type': 'Float', 'value': '22.2', 'metadata': {}}, 'time': {'type': 'String', 'value': '2021-06-20 16:34:57', 'metadata': {}}}
[2021-06-20 14:36:00,490] {python.py:151} INFO - Done. Returned value was: 200
[2021-06-20 14:36:00,515] {taskinstance.py:1191} INFO - Marking task as SUCCESS. dag_id=orion, task_id=postInfo, execution_date=20210620T143300, start_date=20210620T143600, end_date=20210620T143600
[2021-06-20 14:36:00,540] {taskinstance.py:1245} INFO - 0 downstream tasks scheduled from follow-on schedule check
[2021-06-20 14:36:00,563] {local_task_job.py:151} INFO - Task exited with return code 0
