[2021-03-18 08:03:54,520] {scheduler_job.py:182} INFO - Started process (PID=34) to work on /home/airflow/.local/lib/python3.6/site-packages/airflow/example_dags/example_xcomargs.py
[2021-03-18 08:03:54,531] {scheduler_job.py:629} INFO - Processing file /home/airflow/.local/lib/python3.6/site-packages/airflow/example_dags/example_xcomargs.py for tasks to queue
[2021-03-18 08:03:54,532] {logging_mixin.py:104} INFO - [2021-03-18 08:03:54,532] {dagbag.py:448} INFO - Filling up the DagBag from /home/airflow/.local/lib/python3.6/site-packages/airflow/example_dags/example_xcomargs.py
[2021-03-18 08:03:54,561] {scheduler_job.py:639} INFO - DAG(s) dict_keys(['example_xcom_args', 'example_xcom_args_with_operators']) retrieved from /home/airflow/.local/lib/python3.6/site-packages/airflow/example_dags/example_xcomargs.py
[2021-03-18 08:03:54,593] {logging_mixin.py:104} INFO - [2021-03-18 08:03:54,593] {dag.py:1818} INFO - Sync 2 DAGs
[2021-03-18 08:03:54,602] {logging_mixin.py:104} INFO - [2021-03-18 08:03:54,602] {dag.py:1837} INFO - Creating ORM DAG for example_xcom_args_with_operators
[2021-03-18 08:03:54,603] {logging_mixin.py:104} INFO - [2021-03-18 08:03:54,603] {dag.py:1837} INFO - Creating ORM DAG for example_xcom_args
[2021-03-18 08:03:54,610] {logging_mixin.py:104} INFO - [2021-03-18 08:03:54,610] {dag.py:2273} INFO - Setting next_dagrun for example_xcom_args to None
[2021-03-18 08:03:54,612] {logging_mixin.py:104} INFO - [2021-03-18 08:03:54,612] {dag.py:2273} INFO - Setting next_dagrun for example_xcom_args_with_operators to None
[2021-03-18 08:03:54,628] {scheduler_job.py:190} INFO - Processing /home/airflow/.local/lib/python3.6/site-packages/airflow/example_dags/example_xcomargs.py took 0.110 seconds
[2021-03-18 08:04:25,227] {scheduler_job.py:182} INFO - Started process (PID=63) to work on /home/airflow/.local/lib/python3.6/site-packages/airflow/example_dags/example_xcomargs.py
[2021-03-18 08:04:25,228] {scheduler_job.py:629} INFO - Processing file /home/airflow/.local/lib/python3.6/site-packages/airflow/example_dags/example_xcomargs.py for tasks to queue
[2021-03-18 08:04:25,229] {logging_mixin.py:104} INFO - [2021-03-18 08:04:25,229] {dagbag.py:448} INFO - Filling up the DagBag from /home/airflow/.local/lib/python3.6/site-packages/airflow/example_dags/example_xcomargs.py
[2021-03-18 08:04:25,240] {scheduler_job.py:639} INFO - DAG(s) dict_keys(['example_xcom_args', 'example_xcom_args_with_operators']) retrieved from /home/airflow/.local/lib/python3.6/site-packages/airflow/example_dags/example_xcomargs.py
[2021-03-18 08:04:25,263] {logging_mixin.py:104} INFO - [2021-03-18 08:04:25,263] {dag.py:1818} INFO - Sync 2 DAGs
[2021-03-18 08:04:25,275] {logging_mixin.py:104} INFO - [2021-03-18 08:04:25,275] {dag.py:2273} INFO - Setting next_dagrun for example_xcom_args to None
[2021-03-18 08:04:25,277] {logging_mixin.py:104} INFO - [2021-03-18 08:04:25,277] {dag.py:2273} INFO - Setting next_dagrun for example_xcom_args_with_operators to None
[2021-03-18 08:04:25,288] {scheduler_job.py:190} INFO - Processing /home/airflow/.local/lib/python3.6/site-packages/airflow/example_dags/example_xcomargs.py took 0.063 seconds
[2021-03-18 08:04:55,376] {scheduler_job.py:182} INFO - Started process (PID=89) to work on /home/airflow/.local/lib/python3.6/site-packages/airflow/example_dags/example_xcomargs.py
[2021-03-18 08:04:55,377] {scheduler_job.py:629} INFO - Processing file /home/airflow/.local/lib/python3.6/site-packages/airflow/example_dags/example_xcomargs.py for tasks to queue
[2021-03-18 08:04:55,378] {logging_mixin.py:104} INFO - [2021-03-18 08:04:55,378] {dagbag.py:448} INFO - Filling up the DagBag from /home/airflow/.local/lib/python3.6/site-packages/airflow/example_dags/example_xcomargs.py
[2021-03-18 08:04:55,388] {scheduler_job.py:639} INFO - DAG(s) dict_keys(['example_xcom_args', 'example_xcom_args_with_operators']) retrieved from /home/airflow/.local/lib/python3.6/site-packages/airflow/example_dags/example_xcomargs.py
[2021-03-18 08:04:55,408] {logging_mixin.py:104} INFO - [2021-03-18 08:04:55,408] {dag.py:1818} INFO - Sync 2 DAGs
[2021-03-18 08:04:55,420] {logging_mixin.py:104} INFO - [2021-03-18 08:04:55,420] {dag.py:2273} INFO - Setting next_dagrun for example_xcom_args to None
[2021-03-18 08:04:55,422] {logging_mixin.py:104} INFO - [2021-03-18 08:04:55,421] {dag.py:2273} INFO - Setting next_dagrun for example_xcom_args_with_operators to None
[2021-03-18 08:04:55,431] {scheduler_job.py:190} INFO - Processing /home/airflow/.local/lib/python3.6/site-packages/airflow/example_dags/example_xcomargs.py took 0.057 seconds
[2021-03-18 08:05:25,523] {scheduler_job.py:182} INFO - Started process (PID=115) to work on /home/airflow/.local/lib/python3.6/site-packages/airflow/example_dags/example_xcomargs.py
[2021-03-18 08:05:25,524] {scheduler_job.py:629} INFO - Processing file /home/airflow/.local/lib/python3.6/site-packages/airflow/example_dags/example_xcomargs.py for tasks to queue
[2021-03-18 08:05:25,525] {logging_mixin.py:104} INFO - [2021-03-18 08:05:25,525] {dagbag.py:448} INFO - Filling up the DagBag from /home/airflow/.local/lib/python3.6/site-packages/airflow/example_dags/example_xcomargs.py
[2021-03-18 08:05:25,537] {scheduler_job.py:639} INFO - DAG(s) dict_keys(['example_xcom_args', 'example_xcom_args_with_operators']) retrieved from /home/airflow/.local/lib/python3.6/site-packages/airflow/example_dags/example_xcomargs.py
[2021-03-18 08:05:25,560] {logging_mixin.py:104} INFO - [2021-03-18 08:05:25,560] {dag.py:1818} INFO - Sync 2 DAGs
[2021-03-18 08:05:25,573] {logging_mixin.py:104} INFO - [2021-03-18 08:05:25,573] {dag.py:2273} INFO - Setting next_dagrun for example_xcom_args to None
[2021-03-18 08:05:25,574] {logging_mixin.py:104} INFO - [2021-03-18 08:05:25,574] {dag.py:2273} INFO - Setting next_dagrun for example_xcom_args_with_operators to None
[2021-03-18 08:05:25,585] {scheduler_job.py:190} INFO - Processing /home/airflow/.local/lib/python3.6/site-packages/airflow/example_dags/example_xcomargs.py took 0.065 seconds
[2021-03-18 08:05:55,606] {scheduler_job.py:182} INFO - Started process (PID=141) to work on /home/airflow/.local/lib/python3.6/site-packages/airflow/example_dags/example_xcomargs.py
[2021-03-18 08:05:55,607] {scheduler_job.py:629} INFO - Processing file /home/airflow/.local/lib/python3.6/site-packages/airflow/example_dags/example_xcomargs.py for tasks to queue
[2021-03-18 08:05:55,608] {logging_mixin.py:104} INFO - [2021-03-18 08:05:55,608] {dagbag.py:448} INFO - Filling up the DagBag from /home/airflow/.local/lib/python3.6/site-packages/airflow/example_dags/example_xcomargs.py
[2021-03-18 08:05:55,620] {scheduler_job.py:639} INFO - DAG(s) dict_keys(['example_xcom_args', 'example_xcom_args_with_operators']) retrieved from /home/airflow/.local/lib/python3.6/site-packages/airflow/example_dags/example_xcomargs.py
[2021-03-18 08:05:55,644] {logging_mixin.py:104} INFO - [2021-03-18 08:05:55,643] {dag.py:1818} INFO - Sync 2 DAGs
[2021-03-18 08:05:55,657] {logging_mixin.py:104} INFO - [2021-03-18 08:05:55,657] {dag.py:2273} INFO - Setting next_dagrun for example_xcom_args to None
[2021-03-18 08:05:55,659] {logging_mixin.py:104} INFO - [2021-03-18 08:05:55,659] {dag.py:2273} INFO - Setting next_dagrun for example_xcom_args_with_operators to None
[2021-03-18 08:05:55,670] {scheduler_job.py:190} INFO - Processing /home/airflow/.local/lib/python3.6/site-packages/airflow/example_dags/example_xcomargs.py took 0.066 seconds
[2021-03-18 08:06:25,754] {scheduler_job.py:182} INFO - Started process (PID=166) to work on /home/airflow/.local/lib/python3.6/site-packages/airflow/example_dags/example_xcomargs.py
[2021-03-18 08:06:25,755] {scheduler_job.py:629} INFO - Processing file /home/airflow/.local/lib/python3.6/site-packages/airflow/example_dags/example_xcomargs.py for tasks to queue
[2021-03-18 08:06:25,756] {logging_mixin.py:104} INFO - [2021-03-18 08:06:25,756] {dagbag.py:448} INFO - Filling up the DagBag from /home/airflow/.local/lib/python3.6/site-packages/airflow/example_dags/example_xcomargs.py
[2021-03-18 08:06:25,768] {scheduler_job.py:639} INFO - DAG(s) dict_keys(['example_xcom_args', 'example_xcom_args_with_operators']) retrieved from /home/airflow/.local/lib/python3.6/site-packages/airflow/example_dags/example_xcomargs.py
[2021-03-18 08:06:25,796] {logging_mixin.py:104} INFO - [2021-03-18 08:06:25,796] {dag.py:1818} INFO - Sync 2 DAGs
[2021-03-18 08:06:25,810] {logging_mixin.py:104} INFO - [2021-03-18 08:06:25,809] {dag.py:2273} INFO - Setting next_dagrun for example_xcom_args to None
[2021-03-18 08:06:25,811] {logging_mixin.py:104} INFO - [2021-03-18 08:06:25,811] {dag.py:2273} INFO - Setting next_dagrun for example_xcom_args_with_operators to None
[2021-03-18 08:06:25,821] {scheduler_job.py:190} INFO - Processing /home/airflow/.local/lib/python3.6/site-packages/airflow/example_dags/example_xcomargs.py took 0.070 seconds
[2021-03-18 08:06:55,901] {scheduler_job.py:182} INFO - Started process (PID=192) to work on /home/airflow/.local/lib/python3.6/site-packages/airflow/example_dags/example_xcomargs.py
[2021-03-18 08:06:55,902] {scheduler_job.py:629} INFO - Processing file /home/airflow/.local/lib/python3.6/site-packages/airflow/example_dags/example_xcomargs.py for tasks to queue
[2021-03-18 08:06:55,903] {logging_mixin.py:104} INFO - [2021-03-18 08:06:55,903] {dagbag.py:448} INFO - Filling up the DagBag from /home/airflow/.local/lib/python3.6/site-packages/airflow/example_dags/example_xcomargs.py
[2021-03-18 08:06:55,916] {scheduler_job.py:639} INFO - DAG(s) dict_keys(['example_xcom_args', 'example_xcom_args_with_operators']) retrieved from /home/airflow/.local/lib/python3.6/site-packages/airflow/example_dags/example_xcomargs.py
[2021-03-18 08:06:55,943] {logging_mixin.py:104} INFO - [2021-03-18 08:06:55,943] {dag.py:1818} INFO - Sync 2 DAGs
[2021-03-18 08:06:55,957] {logging_mixin.py:104} INFO - [2021-03-18 08:06:55,957] {dag.py:2273} INFO - Setting next_dagrun for example_xcom_args to None
[2021-03-18 08:06:55,958] {logging_mixin.py:104} INFO - [2021-03-18 08:06:55,958] {dag.py:2273} INFO - Setting next_dagrun for example_xcom_args_with_operators to None
[2021-03-18 08:06:55,970] {scheduler_job.py:190} INFO - Processing /home/airflow/.local/lib/python3.6/site-packages/airflow/example_dags/example_xcomargs.py took 0.072 seconds
[2021-03-18 08:07:25,997] {scheduler_job.py:182} INFO - Started process (PID=217) to work on /home/airflow/.local/lib/python3.6/site-packages/airflow/example_dags/example_xcomargs.py
[2021-03-18 08:07:25,998] {scheduler_job.py:629} INFO - Processing file /home/airflow/.local/lib/python3.6/site-packages/airflow/example_dags/example_xcomargs.py for tasks to queue
[2021-03-18 08:07:25,999] {logging_mixin.py:104} INFO - [2021-03-18 08:07:25,999] {dagbag.py:448} INFO - Filling up the DagBag from /home/airflow/.local/lib/python3.6/site-packages/airflow/example_dags/example_xcomargs.py
[2021-03-18 08:07:26,009] {scheduler_job.py:639} INFO - DAG(s) dict_keys(['example_xcom_args', 'example_xcom_args_with_operators']) retrieved from /home/airflow/.local/lib/python3.6/site-packages/airflow/example_dags/example_xcomargs.py
[2021-03-18 08:07:26,032] {logging_mixin.py:104} INFO - [2021-03-18 08:07:26,032] {dag.py:1818} INFO - Sync 2 DAGs
[2021-03-18 08:07:26,045] {logging_mixin.py:104} INFO - [2021-03-18 08:07:26,044] {dag.py:2273} INFO - Setting next_dagrun for example_xcom_args to None
[2021-03-18 08:07:26,046] {logging_mixin.py:104} INFO - [2021-03-18 08:07:26,046] {dag.py:2273} INFO - Setting next_dagrun for example_xcom_args_with_operators to None
[2021-03-18 08:07:26,057] {scheduler_job.py:190} INFO - Processing /home/airflow/.local/lib/python3.6/site-packages/airflow/example_dags/example_xcomargs.py took 0.062 seconds
[2021-03-18 08:07:56,206] {scheduler_job.py:182} INFO - Started process (PID=243) to work on /home/airflow/.local/lib/python3.6/site-packages/airflow/example_dags/example_xcomargs.py
[2021-03-18 08:07:56,207] {scheduler_job.py:629} INFO - Processing file /home/airflow/.local/lib/python3.6/site-packages/airflow/example_dags/example_xcomargs.py for tasks to queue
[2021-03-18 08:07:56,208] {logging_mixin.py:104} INFO - [2021-03-18 08:07:56,208] {dagbag.py:448} INFO - Filling up the DagBag from /home/airflow/.local/lib/python3.6/site-packages/airflow/example_dags/example_xcomargs.py
[2021-03-18 08:07:56,219] {scheduler_job.py:639} INFO - DAG(s) dict_keys(['example_xcom_args', 'example_xcom_args_with_operators']) retrieved from /home/airflow/.local/lib/python3.6/site-packages/airflow/example_dags/example_xcomargs.py
[2021-03-18 08:07:56,243] {logging_mixin.py:104} INFO - [2021-03-18 08:07:56,243] {dag.py:1818} INFO - Sync 2 DAGs
[2021-03-18 08:07:56,257] {logging_mixin.py:104} INFO - [2021-03-18 08:07:56,257] {dag.py:2273} INFO - Setting next_dagrun for example_xcom_args to None
[2021-03-18 08:07:56,258] {logging_mixin.py:104} INFO - [2021-03-18 08:07:56,258] {dag.py:2273} INFO - Setting next_dagrun for example_xcom_args_with_operators to None
[2021-03-18 08:07:56,270] {scheduler_job.py:190} INFO - Processing /home/airflow/.local/lib/python3.6/site-packages/airflow/example_dags/example_xcomargs.py took 0.066 seconds
[2021-03-18 08:08:26,302] {scheduler_job.py:182} INFO - Started process (PID=268) to work on /home/airflow/.local/lib/python3.6/site-packages/airflow/example_dags/example_xcomargs.py
[2021-03-18 08:08:26,304] {scheduler_job.py:629} INFO - Processing file /home/airflow/.local/lib/python3.6/site-packages/airflow/example_dags/example_xcomargs.py for tasks to queue
[2021-03-18 08:08:26,305] {logging_mixin.py:104} INFO - [2021-03-18 08:08:26,305] {dagbag.py:448} INFO - Filling up the DagBag from /home/airflow/.local/lib/python3.6/site-packages/airflow/example_dags/example_xcomargs.py
[2021-03-18 08:08:26,317] {scheduler_job.py:639} INFO - DAG(s) dict_keys(['example_xcom_args', 'example_xcom_args_with_operators']) retrieved from /home/airflow/.local/lib/python3.6/site-packages/airflow/example_dags/example_xcomargs.py
[2021-03-18 08:08:26,339] {logging_mixin.py:104} INFO - [2021-03-18 08:08:26,339] {dag.py:1818} INFO - Sync 2 DAGs
[2021-03-18 08:08:26,350] {logging_mixin.py:104} INFO - [2021-03-18 08:08:26,350] {dag.py:2273} INFO - Setting next_dagrun for example_xcom_args to None
[2021-03-18 08:08:26,352] {logging_mixin.py:104} INFO - [2021-03-18 08:08:26,352] {dag.py:2273} INFO - Setting next_dagrun for example_xcom_args_with_operators to None
[2021-03-18 08:08:26,363] {scheduler_job.py:190} INFO - Processing /home/airflow/.local/lib/python3.6/site-packages/airflow/example_dags/example_xcomargs.py took 0.063 seconds
[2021-03-18 08:08:56,427] {scheduler_job.py:182} INFO - Started process (PID=294) to work on /home/airflow/.local/lib/python3.6/site-packages/airflow/example_dags/example_xcomargs.py
[2021-03-18 08:08:56,429] {scheduler_job.py:629} INFO - Processing file /home/airflow/.local/lib/python3.6/site-packages/airflow/example_dags/example_xcomargs.py for tasks to queue
[2021-03-18 08:08:56,430] {logging_mixin.py:104} INFO - [2021-03-18 08:08:56,430] {dagbag.py:448} INFO - Filling up the DagBag from /home/airflow/.local/lib/python3.6/site-packages/airflow/example_dags/example_xcomargs.py
[2021-03-18 08:08:56,442] {scheduler_job.py:639} INFO - DAG(s) dict_keys(['example_xcom_args', 'example_xcom_args_with_operators']) retrieved from /home/airflow/.local/lib/python3.6/site-packages/airflow/example_dags/example_xcomargs.py
[2021-03-18 08:08:56,466] {logging_mixin.py:104} INFO - [2021-03-18 08:08:56,466] {dag.py:1818} INFO - Sync 2 DAGs
[2021-03-18 08:08:56,481] {logging_mixin.py:104} INFO - [2021-03-18 08:08:56,481] {dag.py:2273} INFO - Setting next_dagrun for example_xcom_args to None
[2021-03-18 08:08:56,482] {logging_mixin.py:104} INFO - [2021-03-18 08:08:56,482] {dag.py:2273} INFO - Setting next_dagrun for example_xcom_args_with_operators to None
[2021-03-18 08:08:56,492] {scheduler_job.py:190} INFO - Processing /home/airflow/.local/lib/python3.6/site-packages/airflow/example_dags/example_xcomargs.py took 0.068 seconds
[2021-03-18 08:09:26,544] {scheduler_job.py:182} INFO - Started process (PID=320) to work on /home/airflow/.local/lib/python3.6/site-packages/airflow/example_dags/example_xcomargs.py
[2021-03-18 08:09:26,545] {scheduler_job.py:629} INFO - Processing file /home/airflow/.local/lib/python3.6/site-packages/airflow/example_dags/example_xcomargs.py for tasks to queue
[2021-03-18 08:09:26,546] {logging_mixin.py:104} INFO - [2021-03-18 08:09:26,546] {dagbag.py:448} INFO - Filling up the DagBag from /home/airflow/.local/lib/python3.6/site-packages/airflow/example_dags/example_xcomargs.py
[2021-03-18 08:09:26,558] {scheduler_job.py:639} INFO - DAG(s) dict_keys(['example_xcom_args', 'example_xcom_args_with_operators']) retrieved from /home/airflow/.local/lib/python3.6/site-packages/airflow/example_dags/example_xcomargs.py
[2021-03-18 08:09:26,580] {logging_mixin.py:104} INFO - [2021-03-18 08:09:26,580] {dag.py:1818} INFO - Sync 2 DAGs
[2021-03-18 08:09:26,594] {logging_mixin.py:104} INFO - [2021-03-18 08:09:26,594] {dag.py:2273} INFO - Setting next_dagrun for example_xcom_args to None
[2021-03-18 08:09:26,595] {logging_mixin.py:104} INFO - [2021-03-18 08:09:26,595] {dag.py:2273} INFO - Setting next_dagrun for example_xcom_args_with_operators to None
[2021-03-18 08:09:26,605] {scheduler_job.py:190} INFO - Processing /home/airflow/.local/lib/python3.6/site-packages/airflow/example_dags/example_xcomargs.py took 0.063 seconds
[2021-03-18 08:09:56,700] {scheduler_job.py:182} INFO - Started process (PID=346) to work on /home/airflow/.local/lib/python3.6/site-packages/airflow/example_dags/example_xcomargs.py
[2021-03-18 08:09:56,701] {scheduler_job.py:629} INFO - Processing file /home/airflow/.local/lib/python3.6/site-packages/airflow/example_dags/example_xcomargs.py for tasks to queue
[2021-03-18 08:09:56,702] {logging_mixin.py:104} INFO - [2021-03-18 08:09:56,702] {dagbag.py:448} INFO - Filling up the DagBag from /home/airflow/.local/lib/python3.6/site-packages/airflow/example_dags/example_xcomargs.py
[2021-03-18 08:09:56,713] {scheduler_job.py:639} INFO - DAG(s) dict_keys(['example_xcom_args', 'example_xcom_args_with_operators']) retrieved from /home/airflow/.local/lib/python3.6/site-packages/airflow/example_dags/example_xcomargs.py
[2021-03-18 08:09:56,733] {logging_mixin.py:104} INFO - [2021-03-18 08:09:56,733] {dag.py:1818} INFO - Sync 2 DAGs
[2021-03-18 08:09:56,748] {logging_mixin.py:104} INFO - [2021-03-18 08:09:56,747] {dag.py:2273} INFO - Setting next_dagrun for example_xcom_args to None
[2021-03-18 08:09:56,749] {logging_mixin.py:104} INFO - [2021-03-18 08:09:56,749] {dag.py:2273} INFO - Setting next_dagrun for example_xcom_args_with_operators to None
[2021-03-18 08:09:56,759] {scheduler_job.py:190} INFO - Processing /home/airflow/.local/lib/python3.6/site-packages/airflow/example_dags/example_xcomargs.py took 0.061 seconds
[2021-03-18 08:10:26,798] {scheduler_job.py:182} INFO - Started process (PID=371) to work on /home/airflow/.local/lib/python3.6/site-packages/airflow/example_dags/example_xcomargs.py
[2021-03-18 08:10:26,799] {scheduler_job.py:629} INFO - Processing file /home/airflow/.local/lib/python3.6/site-packages/airflow/example_dags/example_xcomargs.py for tasks to queue
[2021-03-18 08:10:26,800] {logging_mixin.py:104} INFO - [2021-03-18 08:10:26,800] {dagbag.py:448} INFO - Filling up the DagBag from /home/airflow/.local/lib/python3.6/site-packages/airflow/example_dags/example_xcomargs.py
[2021-03-18 08:10:26,812] {scheduler_job.py:639} INFO - DAG(s) dict_keys(['example_xcom_args', 'example_xcom_args_with_operators']) retrieved from /home/airflow/.local/lib/python3.6/site-packages/airflow/example_dags/example_xcomargs.py
[2021-03-18 08:10:26,836] {logging_mixin.py:104} INFO - [2021-03-18 08:10:26,836] {dag.py:1818} INFO - Sync 2 DAGs
[2021-03-18 08:10:26,853] {logging_mixin.py:104} INFO - [2021-03-18 08:10:26,853] {dag.py:2273} INFO - Setting next_dagrun for example_xcom_args to None
[2021-03-18 08:10:26,854] {logging_mixin.py:104} INFO - [2021-03-18 08:10:26,854] {dag.py:2273} INFO - Setting next_dagrun for example_xcom_args_with_operators to None
[2021-03-18 08:10:26,864] {scheduler_job.py:190} INFO - Processing /home/airflow/.local/lib/python3.6/site-packages/airflow/example_dags/example_xcomargs.py took 0.069 seconds
[2021-03-18 08:10:56,916] {scheduler_job.py:182} INFO - Started process (PID=395) to work on /home/airflow/.local/lib/python3.6/site-packages/airflow/example_dags/example_xcomargs.py
[2021-03-18 08:10:56,918] {scheduler_job.py:629} INFO - Processing file /home/airflow/.local/lib/python3.6/site-packages/airflow/example_dags/example_xcomargs.py for tasks to queue
[2021-03-18 08:10:56,919] {logging_mixin.py:104} INFO - [2021-03-18 08:10:56,919] {dagbag.py:448} INFO - Filling up the DagBag from /home/airflow/.local/lib/python3.6/site-packages/airflow/example_dags/example_xcomargs.py
[2021-03-18 08:10:56,931] {scheduler_job.py:639} INFO - DAG(s) dict_keys(['example_xcom_args', 'example_xcom_args_with_operators']) retrieved from /home/airflow/.local/lib/python3.6/site-packages/airflow/example_dags/example_xcomargs.py
[2021-03-18 08:10:56,953] {logging_mixin.py:104} INFO - [2021-03-18 08:10:56,953] {dag.py:1818} INFO - Sync 2 DAGs
[2021-03-18 08:10:56,968] {logging_mixin.py:104} INFO - [2021-03-18 08:10:56,968] {dag.py:2273} INFO - Setting next_dagrun for example_xcom_args to None
[2021-03-18 08:10:56,969] {logging_mixin.py:104} INFO - [2021-03-18 08:10:56,969] {dag.py:2273} INFO - Setting next_dagrun for example_xcom_args_with_operators to None
[2021-03-18 08:10:56,980] {scheduler_job.py:190} INFO - Processing /home/airflow/.local/lib/python3.6/site-packages/airflow/example_dags/example_xcomargs.py took 0.066 seconds
[2021-03-18 10:16:30,077] {scheduler_job.py:182} INFO - Started process (PID=36) to work on /home/airflow/.local/lib/python3.6/site-packages/airflow/example_dags/example_xcomargs.py
[2021-03-18 10:16:30,080] {scheduler_job.py:629} INFO - Processing file /home/airflow/.local/lib/python3.6/site-packages/airflow/example_dags/example_xcomargs.py for tasks to queue
[2021-03-18 10:16:30,083] {logging_mixin.py:104} INFO - [2021-03-18 10:16:30,083] {dagbag.py:448} INFO - Filling up the DagBag from /home/airflow/.local/lib/python3.6/site-packages/airflow/example_dags/example_xcomargs.py
[2021-03-18 10:16:30,139] {scheduler_job.py:639} INFO - DAG(s) dict_keys(['example_xcom_args', 'example_xcom_args_with_operators']) retrieved from /home/airflow/.local/lib/python3.6/site-packages/airflow/example_dags/example_xcomargs.py
[2021-03-18 10:16:30,170] {logging_mixin.py:104} INFO - [2021-03-18 10:16:30,169] {dag.py:1818} INFO - Sync 2 DAGs
[2021-03-18 10:16:30,183] {logging_mixin.py:104} INFO - [2021-03-18 10:16:30,183] {dag.py:2273} INFO - Setting next_dagrun for example_xcom_args to None
[2021-03-18 10:16:30,185] {logging_mixin.py:104} INFO - [2021-03-18 10:16:30,185] {dag.py:2273} INFO - Setting next_dagrun for example_xcom_args_with_operators to None
[2021-03-18 10:16:30,208] {scheduler_job.py:190} INFO - Processing /home/airflow/.local/lib/python3.6/site-packages/airflow/example_dags/example_xcomargs.py took 0.136 seconds
[2021-03-18 10:17:00,426] {scheduler_job.py:182} INFO - Started process (PID=56) to work on /home/airflow/.local/lib/python3.6/site-packages/airflow/example_dags/example_xcomargs.py
[2021-03-18 10:17:00,427] {scheduler_job.py:629} INFO - Processing file /home/airflow/.local/lib/python3.6/site-packages/airflow/example_dags/example_xcomargs.py for tasks to queue
[2021-03-18 10:17:00,428] {logging_mixin.py:104} INFO - [2021-03-18 10:17:00,428] {dagbag.py:448} INFO - Filling up the DagBag from /home/airflow/.local/lib/python3.6/site-packages/airflow/example_dags/example_xcomargs.py
[2021-03-18 10:17:00,440] {scheduler_job.py:639} INFO - DAG(s) dict_keys(['example_xcom_args', 'example_xcom_args_with_operators']) retrieved from /home/airflow/.local/lib/python3.6/site-packages/airflow/example_dags/example_xcomargs.py
[2021-03-18 10:17:00,464] {logging_mixin.py:104} INFO - [2021-03-18 10:17:00,464] {dag.py:1818} INFO - Sync 2 DAGs
[2021-03-18 10:17:00,477] {logging_mixin.py:104} INFO - [2021-03-18 10:17:00,477] {dag.py:2273} INFO - Setting next_dagrun for example_xcom_args to None
[2021-03-18 10:17:00,478] {logging_mixin.py:104} INFO - [2021-03-18 10:17:00,478] {dag.py:2273} INFO - Setting next_dagrun for example_xcom_args_with_operators to None
[2021-03-18 10:17:00,490] {scheduler_job.py:190} INFO - Processing /home/airflow/.local/lib/python3.6/site-packages/airflow/example_dags/example_xcomargs.py took 0.066 seconds
