[2021-03-18 08:03:54,163] {scheduler_job.py:182} INFO - Started process (PID=29) to work on /home/airflow/.local/lib/python3.6/site-packages/airflow/example_dags/example_branch_python_dop_operator_3.py
[2021-03-18 08:03:54,164] {scheduler_job.py:629} INFO - Processing file /home/airflow/.local/lib/python3.6/site-packages/airflow/example_dags/example_branch_python_dop_operator_3.py for tasks to queue
[2021-03-18 08:03:54,165] {logging_mixin.py:104} INFO - [2021-03-18 08:03:54,165] {dagbag.py:448} INFO - Filling up the DagBag from /home/airflow/.local/lib/python3.6/site-packages/airflow/example_dags/example_branch_python_dop_operator_3.py
[2021-03-18 08:03:54,178] {scheduler_job.py:639} INFO - DAG(s) dict_keys(['example_branch_dop_operator_v3']) retrieved from /home/airflow/.local/lib/python3.6/site-packages/airflow/example_dags/example_branch_python_dop_operator_3.py
[2021-03-18 08:03:54,198] {logging_mixin.py:104} INFO - [2021-03-18 08:03:54,198] {dag.py:1818} INFO - Sync 1 DAGs
[2021-03-18 08:03:54,207] {logging_mixin.py:104} INFO - [2021-03-18 08:03:54,207] {dag.py:1837} INFO - Creating ORM DAG for example_branch_dop_operator_v3
[2021-03-18 08:03:54,228] {logging_mixin.py:104} INFO - [2021-03-18 08:03:54,228] {dag.py:2273} INFO - Setting next_dagrun for example_branch_dop_operator_v3 to 2021-03-16 00:00:00+00:00
[2021-03-18 08:03:54,240] {scheduler_job.py:190} INFO - Processing /home/airflow/.local/lib/python3.6/site-packages/airflow/example_dags/example_branch_python_dop_operator_3.py took 0.081 seconds
[2021-03-18 08:04:24,852] {scheduler_job.py:182} INFO - Started process (PID=54) to work on /home/airflow/.local/lib/python3.6/site-packages/airflow/example_dags/example_branch_python_dop_operator_3.py
[2021-03-18 08:04:24,853] {scheduler_job.py:629} INFO - Processing file /home/airflow/.local/lib/python3.6/site-packages/airflow/example_dags/example_branch_python_dop_operator_3.py for tasks to queue
[2021-03-18 08:04:24,854] {logging_mixin.py:104} INFO - [2021-03-18 08:04:24,854] {dagbag.py:448} INFO - Filling up the DagBag from /home/airflow/.local/lib/python3.6/site-packages/airflow/example_dags/example_branch_python_dop_operator_3.py
[2021-03-18 08:04:24,865] {scheduler_job.py:639} INFO - DAG(s) dict_keys(['example_branch_dop_operator_v3']) retrieved from /home/airflow/.local/lib/python3.6/site-packages/airflow/example_dags/example_branch_python_dop_operator_3.py
[2021-03-18 08:04:24,883] {logging_mixin.py:104} INFO - [2021-03-18 08:04:24,883] {dag.py:1818} INFO - Sync 1 DAGs
[2021-03-18 08:04:24,907] {logging_mixin.py:104} INFO - [2021-03-18 08:04:24,906] {dag.py:2273} INFO - Setting next_dagrun for example_branch_dop_operator_v3 to 2021-03-16 00:00:00+00:00
[2021-03-18 08:04:24,916] {scheduler_job.py:190} INFO - Processing /home/airflow/.local/lib/python3.6/site-packages/airflow/example_dags/example_branch_python_dop_operator_3.py took 0.066 seconds
[2021-03-18 08:04:54,951] {scheduler_job.py:182} INFO - Started process (PID=80) to work on /home/airflow/.local/lib/python3.6/site-packages/airflow/example_dags/example_branch_python_dop_operator_3.py
[2021-03-18 08:04:54,953] {scheduler_job.py:629} INFO - Processing file /home/airflow/.local/lib/python3.6/site-packages/airflow/example_dags/example_branch_python_dop_operator_3.py for tasks to queue
[2021-03-18 08:04:54,954] {logging_mixin.py:104} INFO - [2021-03-18 08:04:54,954] {dagbag.py:448} INFO - Filling up the DagBag from /home/airflow/.local/lib/python3.6/site-packages/airflow/example_dags/example_branch_python_dop_operator_3.py
[2021-03-18 08:04:54,967] {scheduler_job.py:639} INFO - DAG(s) dict_keys(['example_branch_dop_operator_v3']) retrieved from /home/airflow/.local/lib/python3.6/site-packages/airflow/example_dags/example_branch_python_dop_operator_3.py
[2021-03-18 08:04:54,986] {logging_mixin.py:104} INFO - [2021-03-18 08:04:54,986] {dag.py:1818} INFO - Sync 1 DAGs
[2021-03-18 08:04:55,015] {logging_mixin.py:104} INFO - [2021-03-18 08:04:55,015] {dag.py:2273} INFO - Setting next_dagrun for example_branch_dop_operator_v3 to 2021-03-16 00:00:00+00:00
[2021-03-18 08:04:55,024] {scheduler_job.py:190} INFO - Processing /home/airflow/.local/lib/python3.6/site-packages/airflow/example_dags/example_branch_python_dop_operator_3.py took 0.076 seconds
[2021-03-18 08:05:25,111] {scheduler_job.py:182} INFO - Started process (PID=106) to work on /home/airflow/.local/lib/python3.6/site-packages/airflow/example_dags/example_branch_python_dop_operator_3.py
[2021-03-18 08:05:25,113] {scheduler_job.py:629} INFO - Processing file /home/airflow/.local/lib/python3.6/site-packages/airflow/example_dags/example_branch_python_dop_operator_3.py for tasks to queue
[2021-03-18 08:05:25,114] {logging_mixin.py:104} INFO - [2021-03-18 08:05:25,114] {dagbag.py:448} INFO - Filling up the DagBag from /home/airflow/.local/lib/python3.6/site-packages/airflow/example_dags/example_branch_python_dop_operator_3.py
[2021-03-18 08:05:25,125] {scheduler_job.py:639} INFO - DAG(s) dict_keys(['example_branch_dop_operator_v3']) retrieved from /home/airflow/.local/lib/python3.6/site-packages/airflow/example_dags/example_branch_python_dop_operator_3.py
[2021-03-18 08:05:25,143] {logging_mixin.py:104} INFO - [2021-03-18 08:05:25,143] {dag.py:1818} INFO - Sync 1 DAGs
[2021-03-18 08:05:25,171] {logging_mixin.py:104} INFO - [2021-03-18 08:05:25,170] {dag.py:2273} INFO - Setting next_dagrun for example_branch_dop_operator_v3 to 2021-03-16 00:00:00+00:00
[2021-03-18 08:05:25,179] {scheduler_job.py:190} INFO - Processing /home/airflow/.local/lib/python3.6/site-packages/airflow/example_dags/example_branch_python_dop_operator_3.py took 0.071 seconds
[2021-03-18 08:05:55,242] {scheduler_job.py:182} INFO - Started process (PID=132) to work on /home/airflow/.local/lib/python3.6/site-packages/airflow/example_dags/example_branch_python_dop_operator_3.py
[2021-03-18 08:05:55,243] {scheduler_job.py:629} INFO - Processing file /home/airflow/.local/lib/python3.6/site-packages/airflow/example_dags/example_branch_python_dop_operator_3.py for tasks to queue
[2021-03-18 08:05:55,244] {logging_mixin.py:104} INFO - [2021-03-18 08:05:55,244] {dagbag.py:448} INFO - Filling up the DagBag from /home/airflow/.local/lib/python3.6/site-packages/airflow/example_dags/example_branch_python_dop_operator_3.py
[2021-03-18 08:05:55,261] {scheduler_job.py:639} INFO - DAG(s) dict_keys(['example_branch_dop_operator_v3']) retrieved from /home/airflow/.local/lib/python3.6/site-packages/airflow/example_dags/example_branch_python_dop_operator_3.py
[2021-03-18 08:05:55,282] {logging_mixin.py:104} INFO - [2021-03-18 08:05:55,282] {dag.py:1818} INFO - Sync 1 DAGs
[2021-03-18 08:05:55,309] {logging_mixin.py:104} INFO - [2021-03-18 08:05:55,308] {dag.py:2273} INFO - Setting next_dagrun for example_branch_dop_operator_v3 to 2021-03-16 00:00:00+00:00
[2021-03-18 08:05:55,319] {scheduler_job.py:190} INFO - Processing /home/airflow/.local/lib/python3.6/site-packages/airflow/example_dags/example_branch_python_dop_operator_3.py took 0.079 seconds
[2021-03-18 08:06:25,354] {scheduler_job.py:182} INFO - Started process (PID=158) to work on /home/airflow/.local/lib/python3.6/site-packages/airflow/example_dags/example_branch_python_dop_operator_3.py
[2021-03-18 08:06:25,356] {scheduler_job.py:629} INFO - Processing file /home/airflow/.local/lib/python3.6/site-packages/airflow/example_dags/example_branch_python_dop_operator_3.py for tasks to queue
[2021-03-18 08:06:25,357] {logging_mixin.py:104} INFO - [2021-03-18 08:06:25,357] {dagbag.py:448} INFO - Filling up the DagBag from /home/airflow/.local/lib/python3.6/site-packages/airflow/example_dags/example_branch_python_dop_operator_3.py
[2021-03-18 08:06:25,368] {scheduler_job.py:639} INFO - DAG(s) dict_keys(['example_branch_dop_operator_v3']) retrieved from /home/airflow/.local/lib/python3.6/site-packages/airflow/example_dags/example_branch_python_dop_operator_3.py
[2021-03-18 08:06:25,387] {logging_mixin.py:104} INFO - [2021-03-18 08:06:25,387] {dag.py:1818} INFO - Sync 1 DAGs
[2021-03-18 08:06:25,412] {logging_mixin.py:104} INFO - [2021-03-18 08:06:25,412] {dag.py:2273} INFO - Setting next_dagrun for example_branch_dop_operator_v3 to 2021-03-16 00:00:00+00:00
[2021-03-18 08:06:25,422] {scheduler_job.py:190} INFO - Processing /home/airflow/.local/lib/python3.6/site-packages/airflow/example_dags/example_branch_python_dop_operator_3.py took 0.070 seconds
[2021-03-18 08:06:55,558] {scheduler_job.py:182} INFO - Started process (PID=185) to work on /home/airflow/.local/lib/python3.6/site-packages/airflow/example_dags/example_branch_python_dop_operator_3.py
[2021-03-18 08:06:55,560] {scheduler_job.py:629} INFO - Processing file /home/airflow/.local/lib/python3.6/site-packages/airflow/example_dags/example_branch_python_dop_operator_3.py for tasks to queue
[2021-03-18 08:06:55,561] {logging_mixin.py:104} INFO - [2021-03-18 08:06:55,561] {dagbag.py:448} INFO - Filling up the DagBag from /home/airflow/.local/lib/python3.6/site-packages/airflow/example_dags/example_branch_python_dop_operator_3.py
[2021-03-18 08:06:55,572] {scheduler_job.py:639} INFO - DAG(s) dict_keys(['example_branch_dop_operator_v3']) retrieved from /home/airflow/.local/lib/python3.6/site-packages/airflow/example_dags/example_branch_python_dop_operator_3.py
[2021-03-18 08:06:55,592] {logging_mixin.py:104} INFO - [2021-03-18 08:06:55,591] {dag.py:1818} INFO - Sync 1 DAGs
[2021-03-18 08:06:55,619] {logging_mixin.py:104} INFO - [2021-03-18 08:06:55,619] {dag.py:2273} INFO - Setting next_dagrun for example_branch_dop_operator_v3 to 2021-03-16 00:00:00+00:00
[2021-03-18 08:06:55,629] {scheduler_job.py:190} INFO - Processing /home/airflow/.local/lib/python3.6/site-packages/airflow/example_dags/example_branch_python_dop_operator_3.py took 0.073 seconds
[2021-03-18 08:07:25,752] {scheduler_job.py:182} INFO - Started process (PID=211) to work on /home/airflow/.local/lib/python3.6/site-packages/airflow/example_dags/example_branch_python_dop_operator_3.py
[2021-03-18 08:07:25,753] {scheduler_job.py:629} INFO - Processing file /home/airflow/.local/lib/python3.6/site-packages/airflow/example_dags/example_branch_python_dop_operator_3.py for tasks to queue
[2021-03-18 08:07:25,754] {logging_mixin.py:104} INFO - [2021-03-18 08:07:25,754] {dagbag.py:448} INFO - Filling up the DagBag from /home/airflow/.local/lib/python3.6/site-packages/airflow/example_dags/example_branch_python_dop_operator_3.py
[2021-03-18 08:07:25,766] {scheduler_job.py:639} INFO - DAG(s) dict_keys(['example_branch_dop_operator_v3']) retrieved from /home/airflow/.local/lib/python3.6/site-packages/airflow/example_dags/example_branch_python_dop_operator_3.py
[2021-03-18 08:07:25,782] {logging_mixin.py:104} INFO - [2021-03-18 08:07:25,782] {dag.py:1818} INFO - Sync 1 DAGs
[2021-03-18 08:07:25,806] {logging_mixin.py:104} INFO - [2021-03-18 08:07:25,806] {dag.py:2273} INFO - Setting next_dagrun for example_branch_dop_operator_v3 to 2021-03-16 00:00:00+00:00
[2021-03-18 08:07:25,816] {scheduler_job.py:190} INFO - Processing /home/airflow/.local/lib/python3.6/site-packages/airflow/example_dags/example_branch_python_dop_operator_3.py took 0.066 seconds
[2021-03-18 08:07:55,884] {scheduler_job.py:182} INFO - Started process (PID=237) to work on /home/airflow/.local/lib/python3.6/site-packages/airflow/example_dags/example_branch_python_dop_operator_3.py
[2021-03-18 08:07:55,886] {scheduler_job.py:629} INFO - Processing file /home/airflow/.local/lib/python3.6/site-packages/airflow/example_dags/example_branch_python_dop_operator_3.py for tasks to queue
[2021-03-18 08:07:55,887] {logging_mixin.py:104} INFO - [2021-03-18 08:07:55,887] {dagbag.py:448} INFO - Filling up the DagBag from /home/airflow/.local/lib/python3.6/site-packages/airflow/example_dags/example_branch_python_dop_operator_3.py
[2021-03-18 08:07:55,897] {scheduler_job.py:639} INFO - DAG(s) dict_keys(['example_branch_dop_operator_v3']) retrieved from /home/airflow/.local/lib/python3.6/site-packages/airflow/example_dags/example_branch_python_dop_operator_3.py
[2021-03-18 08:07:55,914] {logging_mixin.py:104} INFO - [2021-03-18 08:07:55,914] {dag.py:1818} INFO - Sync 1 DAGs
[2021-03-18 08:07:55,937] {logging_mixin.py:104} INFO - [2021-03-18 08:07:55,937] {dag.py:2273} INFO - Setting next_dagrun for example_branch_dop_operator_v3 to 2021-03-16 00:00:00+00:00
[2021-03-18 08:07:55,948] {scheduler_job.py:190} INFO - Processing /home/airflow/.local/lib/python3.6/site-packages/airflow/example_dags/example_branch_python_dop_operator_3.py took 0.066 seconds
[2021-03-18 08:08:26,078] {scheduler_job.py:182} INFO - Started process (PID=263) to work on /home/airflow/.local/lib/python3.6/site-packages/airflow/example_dags/example_branch_python_dop_operator_3.py
[2021-03-18 08:08:26,080] {scheduler_job.py:629} INFO - Processing file /home/airflow/.local/lib/python3.6/site-packages/airflow/example_dags/example_branch_python_dop_operator_3.py for tasks to queue
[2021-03-18 08:08:26,081] {logging_mixin.py:104} INFO - [2021-03-18 08:08:26,081] {dagbag.py:448} INFO - Filling up the DagBag from /home/airflow/.local/lib/python3.6/site-packages/airflow/example_dags/example_branch_python_dop_operator_3.py
[2021-03-18 08:08:26,093] {scheduler_job.py:639} INFO - DAG(s) dict_keys(['example_branch_dop_operator_v3']) retrieved from /home/airflow/.local/lib/python3.6/site-packages/airflow/example_dags/example_branch_python_dop_operator_3.py
[2021-03-18 08:08:26,110] {logging_mixin.py:104} INFO - [2021-03-18 08:08:26,110] {dag.py:1818} INFO - Sync 1 DAGs
[2021-03-18 08:08:26,136] {logging_mixin.py:104} INFO - [2021-03-18 08:08:26,135] {dag.py:2273} INFO - Setting next_dagrun for example_branch_dop_operator_v3 to 2021-03-16 00:00:00+00:00
[2021-03-18 08:08:26,144] {scheduler_job.py:190} INFO - Processing /home/airflow/.local/lib/python3.6/site-packages/airflow/example_dags/example_branch_python_dop_operator_3.py took 0.068 seconds
[2021-03-18 08:08:56,249] {scheduler_job.py:182} INFO - Started process (PID=290) to work on /home/airflow/.local/lib/python3.6/site-packages/airflow/example_dags/example_branch_python_dop_operator_3.py
[2021-03-18 08:08:56,251] {scheduler_job.py:629} INFO - Processing file /home/airflow/.local/lib/python3.6/site-packages/airflow/example_dags/example_branch_python_dop_operator_3.py for tasks to queue
[2021-03-18 08:08:56,252] {logging_mixin.py:104} INFO - [2021-03-18 08:08:56,252] {dagbag.py:448} INFO - Filling up the DagBag from /home/airflow/.local/lib/python3.6/site-packages/airflow/example_dags/example_branch_python_dop_operator_3.py
[2021-03-18 08:08:56,262] {scheduler_job.py:639} INFO - DAG(s) dict_keys(['example_branch_dop_operator_v3']) retrieved from /home/airflow/.local/lib/python3.6/site-packages/airflow/example_dags/example_branch_python_dop_operator_3.py
[2021-03-18 08:08:56,282] {logging_mixin.py:104} INFO - [2021-03-18 08:08:56,282] {dag.py:1818} INFO - Sync 1 DAGs
[2021-03-18 08:08:56,312] {logging_mixin.py:104} INFO - [2021-03-18 08:08:56,312] {dag.py:2273} INFO - Setting next_dagrun for example_branch_dop_operator_v3 to 2021-03-16 00:00:00+00:00
[2021-03-18 08:08:56,320] {scheduler_job.py:190} INFO - Processing /home/airflow/.local/lib/python3.6/site-packages/airflow/example_dags/example_branch_python_dop_operator_3.py took 0.073 seconds
[2021-03-18 08:09:26,392] {scheduler_job.py:182} INFO - Started process (PID=317) to work on /home/airflow/.local/lib/python3.6/site-packages/airflow/example_dags/example_branch_python_dop_operator_3.py
[2021-03-18 08:09:26,393] {scheduler_job.py:629} INFO - Processing file /home/airflow/.local/lib/python3.6/site-packages/airflow/example_dags/example_branch_python_dop_operator_3.py for tasks to queue
[2021-03-18 08:09:26,394] {logging_mixin.py:104} INFO - [2021-03-18 08:09:26,394] {dagbag.py:448} INFO - Filling up the DagBag from /home/airflow/.local/lib/python3.6/site-packages/airflow/example_dags/example_branch_python_dop_operator_3.py
[2021-03-18 08:09:26,406] {scheduler_job.py:639} INFO - DAG(s) dict_keys(['example_branch_dop_operator_v3']) retrieved from /home/airflow/.local/lib/python3.6/site-packages/airflow/example_dags/example_branch_python_dop_operator_3.py
[2021-03-18 08:09:26,422] {logging_mixin.py:104} INFO - [2021-03-18 08:09:26,422] {dag.py:1818} INFO - Sync 1 DAGs
[2021-03-18 08:09:26,450] {logging_mixin.py:104} INFO - [2021-03-18 08:09:26,450] {dag.py:2273} INFO - Setting next_dagrun for example_branch_dop_operator_v3 to 2021-03-16 00:00:00+00:00
[2021-03-18 08:09:26,459] {scheduler_job.py:190} INFO - Processing /home/airflow/.local/lib/python3.6/site-packages/airflow/example_dags/example_branch_python_dop_operator_3.py took 0.070 seconds
[2021-03-18 08:09:56,687] {scheduler_job.py:182} INFO - Started process (PID=345) to work on /home/airflow/.local/lib/python3.6/site-packages/airflow/example_dags/example_branch_python_dop_operator_3.py
[2021-03-18 08:09:56,689] {scheduler_job.py:629} INFO - Processing file /home/airflow/.local/lib/python3.6/site-packages/airflow/example_dags/example_branch_python_dop_operator_3.py for tasks to queue
[2021-03-18 08:09:56,690] {logging_mixin.py:104} INFO - [2021-03-18 08:09:56,690] {dagbag.py:448} INFO - Filling up the DagBag from /home/airflow/.local/lib/python3.6/site-packages/airflow/example_dags/example_branch_python_dop_operator_3.py
[2021-03-18 08:09:56,702] {scheduler_job.py:639} INFO - DAG(s) dict_keys(['example_branch_dop_operator_v3']) retrieved from /home/airflow/.local/lib/python3.6/site-packages/airflow/example_dags/example_branch_python_dop_operator_3.py
[2021-03-18 08:09:56,719] {logging_mixin.py:104} INFO - [2021-03-18 08:09:56,718] {dag.py:1818} INFO - Sync 1 DAGs
[2021-03-18 08:09:56,744] {logging_mixin.py:104} INFO - [2021-03-18 08:09:56,744] {dag.py:2273} INFO - Setting next_dagrun for example_branch_dop_operator_v3 to 2021-03-16 00:00:00+00:00
[2021-03-18 08:09:56,753] {scheduler_job.py:190} INFO - Processing /home/airflow/.local/lib/python3.6/site-packages/airflow/example_dags/example_branch_python_dop_operator_3.py took 0.068 seconds
[2021-03-18 08:10:26,853] {scheduler_job.py:182} INFO - Started process (PID=372) to work on /home/airflow/.local/lib/python3.6/site-packages/airflow/example_dags/example_branch_python_dop_operator_3.py
[2021-03-18 08:10:26,855] {scheduler_job.py:629} INFO - Processing file /home/airflow/.local/lib/python3.6/site-packages/airflow/example_dags/example_branch_python_dop_operator_3.py for tasks to queue
[2021-03-18 08:10:26,855] {logging_mixin.py:104} INFO - [2021-03-18 08:10:26,855] {dagbag.py:448} INFO - Filling up the DagBag from /home/airflow/.local/lib/python3.6/site-packages/airflow/example_dags/example_branch_python_dop_operator_3.py
[2021-03-18 08:10:26,867] {scheduler_job.py:639} INFO - DAG(s) dict_keys(['example_branch_dop_operator_v3']) retrieved from /home/airflow/.local/lib/python3.6/site-packages/airflow/example_dags/example_branch_python_dop_operator_3.py
[2021-03-18 08:10:26,888] {logging_mixin.py:104} INFO - [2021-03-18 08:10:26,888] {dag.py:1818} INFO - Sync 1 DAGs
[2021-03-18 08:10:26,915] {logging_mixin.py:104} INFO - [2021-03-18 08:10:26,915] {dag.py:2273} INFO - Setting next_dagrun for example_branch_dop_operator_v3 to 2021-03-16 00:00:00+00:00
[2021-03-18 08:10:26,925] {scheduler_job.py:190} INFO - Processing /home/airflow/.local/lib/python3.6/site-packages/airflow/example_dags/example_branch_python_dop_operator_3.py took 0.075 seconds
[2021-03-18 08:10:57,242] {scheduler_job.py:182} INFO - Started process (PID=401) to work on /home/airflow/.local/lib/python3.6/site-packages/airflow/example_dags/example_branch_python_dop_operator_3.py
[2021-03-18 08:10:57,244] {scheduler_job.py:629} INFO - Processing file /home/airflow/.local/lib/python3.6/site-packages/airflow/example_dags/example_branch_python_dop_operator_3.py for tasks to queue
[2021-03-18 08:10:57,245] {logging_mixin.py:104} INFO - [2021-03-18 08:10:57,245] {dagbag.py:448} INFO - Filling up the DagBag from /home/airflow/.local/lib/python3.6/site-packages/airflow/example_dags/example_branch_python_dop_operator_3.py
[2021-03-18 08:10:57,256] {scheduler_job.py:639} INFO - DAG(s) dict_keys(['example_branch_dop_operator_v3']) retrieved from /home/airflow/.local/lib/python3.6/site-packages/airflow/example_dags/example_branch_python_dop_operator_3.py
[2021-03-18 08:10:57,273] {logging_mixin.py:104} INFO - [2021-03-18 08:10:57,273] {dag.py:1818} INFO - Sync 1 DAGs
[2021-03-18 08:10:57,299] {logging_mixin.py:104} INFO - [2021-03-18 08:10:57,299] {dag.py:2273} INFO - Setting next_dagrun for example_branch_dop_operator_v3 to 2021-03-16 00:00:00+00:00
[2021-03-18 08:10:57,309] {scheduler_job.py:190} INFO - Processing /home/airflow/.local/lib/python3.6/site-packages/airflow/example_dags/example_branch_python_dop_operator_3.py took 0.068 seconds
[2021-03-18 10:16:30,325] {scheduler_job.py:182} INFO - Started process (PID=38) to work on /home/airflow/.local/lib/python3.6/site-packages/airflow/example_dags/example_branch_python_dop_operator_3.py
[2021-03-18 10:16:30,326] {scheduler_job.py:629} INFO - Processing file /home/airflow/.local/lib/python3.6/site-packages/airflow/example_dags/example_branch_python_dop_operator_3.py for tasks to queue
[2021-03-18 10:16:30,327] {logging_mixin.py:104} INFO - [2021-03-18 10:16:30,327] {dagbag.py:448} INFO - Filling up the DagBag from /home/airflow/.local/lib/python3.6/site-packages/airflow/example_dags/example_branch_python_dop_operator_3.py
[2021-03-18 10:16:30,342] {scheduler_job.py:639} INFO - DAG(s) dict_keys(['example_branch_dop_operator_v3']) retrieved from /home/airflow/.local/lib/python3.6/site-packages/airflow/example_dags/example_branch_python_dop_operator_3.py
[2021-03-18 10:16:30,376] {logging_mixin.py:104} INFO - [2021-03-18 10:16:30,376] {dag.py:1818} INFO - Sync 1 DAGs
[2021-03-18 10:16:30,430] {logging_mixin.py:104} INFO - [2021-03-18 10:16:30,430] {dag.py:2273} INFO - Setting next_dagrun for example_branch_dop_operator_v3 to 2021-03-16 00:00:00+00:00
[2021-03-18 10:16:30,459] {scheduler_job.py:190} INFO - Processing /home/airflow/.local/lib/python3.6/site-packages/airflow/example_dags/example_branch_python_dop_operator_3.py took 0.137 seconds
[2021-03-18 10:17:00,964] {scheduler_job.py:182} INFO - Started process (PID=65) to work on /home/airflow/.local/lib/python3.6/site-packages/airflow/example_dags/example_branch_python_dop_operator_3.py
[2021-03-18 10:17:00,965] {scheduler_job.py:629} INFO - Processing file /home/airflow/.local/lib/python3.6/site-packages/airflow/example_dags/example_branch_python_dop_operator_3.py for tasks to queue
[2021-03-18 10:17:00,967] {logging_mixin.py:104} INFO - [2021-03-18 10:17:00,967] {dagbag.py:448} INFO - Filling up the DagBag from /home/airflow/.local/lib/python3.6/site-packages/airflow/example_dags/example_branch_python_dop_operator_3.py
[2021-03-18 10:17:00,984] {scheduler_job.py:639} INFO - DAG(s) dict_keys(['example_branch_dop_operator_v3']) retrieved from /home/airflow/.local/lib/python3.6/site-packages/airflow/example_dags/example_branch_python_dop_operator_3.py
[2021-03-18 10:17:01,023] {logging_mixin.py:104} INFO - [2021-03-18 10:17:01,023] {dag.py:1818} INFO - Sync 1 DAGs
[2021-03-18 10:17:01,084] {logging_mixin.py:104} INFO - [2021-03-18 10:17:01,084] {dag.py:2273} INFO - Setting next_dagrun for example_branch_dop_operator_v3 to 2021-03-16 00:00:00+00:00
[2021-03-18 10:17:01,098] {scheduler_job.py:190} INFO - Processing /home/airflow/.local/lib/python3.6/site-packages/airflow/example_dags/example_branch_python_dop_operator_3.py took 0.136 seconds
