[2021-03-18 08:03:54,578] {scheduler_job.py:182} INFO - Started process (PID=35) to work on /home/airflow/.local/lib/python3.6/site-packages/airflow/example_dags/example_latest_only.py
[2021-03-18 08:03:54,589] {scheduler_job.py:629} INFO - Processing file /home/airflow/.local/lib/python3.6/site-packages/airflow/example_dags/example_latest_only.py for tasks to queue
[2021-03-18 08:03:54,590] {logging_mixin.py:104} INFO - [2021-03-18 08:03:54,590] {dagbag.py:448} INFO - Filling up the DagBag from /home/airflow/.local/lib/python3.6/site-packages/airflow/example_dags/example_latest_only.py
[2021-03-18 08:03:54,605] {scheduler_job.py:639} INFO - DAG(s) dict_keys(['latest_only']) retrieved from /home/airflow/.local/lib/python3.6/site-packages/airflow/example_dags/example_latest_only.py
[2021-03-18 08:03:54,650] {logging_mixin.py:104} INFO - [2021-03-18 08:03:54,650] {dag.py:1818} INFO - Sync 1 DAGs
[2021-03-18 08:03:54,659] {logging_mixin.py:104} INFO - [2021-03-18 08:03:54,659] {dag.py:1837} INFO - Creating ORM DAG for latest_only
[2021-03-18 08:03:54,672] {logging_mixin.py:104} INFO - [2021-03-18 08:03:54,672] {dag.py:2273} INFO - Setting next_dagrun for latest_only to 2021-03-16 00:00:00+00:00
[2021-03-18 08:03:54,691] {scheduler_job.py:190} INFO - Processing /home/airflow/.local/lib/python3.6/site-packages/airflow/example_dags/example_latest_only.py took 0.116 seconds
[2021-03-18 08:04:25,296] {scheduler_job.py:182} INFO - Started process (PID=64) to work on /home/airflow/.local/lib/python3.6/site-packages/airflow/example_dags/example_latest_only.py
[2021-03-18 08:04:25,298] {scheduler_job.py:629} INFO - Processing file /home/airflow/.local/lib/python3.6/site-packages/airflow/example_dags/example_latest_only.py for tasks to queue
[2021-03-18 08:04:25,299] {logging_mixin.py:104} INFO - [2021-03-18 08:04:25,299] {dagbag.py:448} INFO - Filling up the DagBag from /home/airflow/.local/lib/python3.6/site-packages/airflow/example_dags/example_latest_only.py
[2021-03-18 08:04:25,307] {scheduler_job.py:639} INFO - DAG(s) dict_keys(['latest_only']) retrieved from /home/airflow/.local/lib/python3.6/site-packages/airflow/example_dags/example_latest_only.py
[2021-03-18 08:04:25,325] {logging_mixin.py:104} INFO - [2021-03-18 08:04:25,324] {dag.py:1818} INFO - Sync 1 DAGs
[2021-03-18 08:04:25,337] {logging_mixin.py:104} INFO - [2021-03-18 08:04:25,337] {dag.py:2273} INFO - Setting next_dagrun for latest_only to 2021-03-16 00:00:00+00:00
[2021-03-18 08:04:25,346] {scheduler_job.py:190} INFO - Processing /home/airflow/.local/lib/python3.6/site-packages/airflow/example_dags/example_latest_only.py took 0.052 seconds
[2021-03-18 08:04:55,448] {scheduler_job.py:182} INFO - Started process (PID=90) to work on /home/airflow/.local/lib/python3.6/site-packages/airflow/example_dags/example_latest_only.py
[2021-03-18 08:04:55,449] {scheduler_job.py:629} INFO - Processing file /home/airflow/.local/lib/python3.6/site-packages/airflow/example_dags/example_latest_only.py for tasks to queue
[2021-03-18 08:04:55,450] {logging_mixin.py:104} INFO - [2021-03-18 08:04:55,450] {dagbag.py:448} INFO - Filling up the DagBag from /home/airflow/.local/lib/python3.6/site-packages/airflow/example_dags/example_latest_only.py
[2021-03-18 08:04:55,458] {scheduler_job.py:639} INFO - DAG(s) dict_keys(['latest_only']) retrieved from /home/airflow/.local/lib/python3.6/site-packages/airflow/example_dags/example_latest_only.py
[2021-03-18 08:04:55,473] {logging_mixin.py:104} INFO - [2021-03-18 08:04:55,473] {dag.py:1818} INFO - Sync 1 DAGs
[2021-03-18 08:04:55,485] {logging_mixin.py:104} INFO - [2021-03-18 08:04:55,484] {dag.py:2273} INFO - Setting next_dagrun for latest_only to 2021-03-16 00:00:00+00:00
[2021-03-18 08:04:55,492] {scheduler_job.py:190} INFO - Processing /home/airflow/.local/lib/python3.6/site-packages/airflow/example_dags/example_latest_only.py took 0.046 seconds
[2021-03-18 08:05:25,525] {scheduler_job.py:182} INFO - Started process (PID=116) to work on /home/airflow/.local/lib/python3.6/site-packages/airflow/example_dags/example_latest_only.py
[2021-03-18 08:05:25,527] {scheduler_job.py:629} INFO - Processing file /home/airflow/.local/lib/python3.6/site-packages/airflow/example_dags/example_latest_only.py for tasks to queue
[2021-03-18 08:05:25,527] {logging_mixin.py:104} INFO - [2021-03-18 08:05:25,527] {dagbag.py:448} INFO - Filling up the DagBag from /home/airflow/.local/lib/python3.6/site-packages/airflow/example_dags/example_latest_only.py
[2021-03-18 08:05:25,536] {scheduler_job.py:639} INFO - DAG(s) dict_keys(['latest_only']) retrieved from /home/airflow/.local/lib/python3.6/site-packages/airflow/example_dags/example_latest_only.py
[2021-03-18 08:05:25,554] {logging_mixin.py:104} INFO - [2021-03-18 08:05:25,554] {dag.py:1818} INFO - Sync 1 DAGs
[2021-03-18 08:05:25,566] {logging_mixin.py:104} INFO - [2021-03-18 08:05:25,566] {dag.py:2273} INFO - Setting next_dagrun for latest_only to 2021-03-16 00:00:00+00:00
[2021-03-18 08:05:25,574] {scheduler_job.py:190} INFO - Processing /home/airflow/.local/lib/python3.6/site-packages/airflow/example_dags/example_latest_only.py took 0.052 seconds
[2021-03-18 08:05:55,666] {scheduler_job.py:182} INFO - Started process (PID=142) to work on /home/airflow/.local/lib/python3.6/site-packages/airflow/example_dags/example_latest_only.py
[2021-03-18 08:05:55,668] {scheduler_job.py:629} INFO - Processing file /home/airflow/.local/lib/python3.6/site-packages/airflow/example_dags/example_latest_only.py for tasks to queue
[2021-03-18 08:05:55,669] {logging_mixin.py:104} INFO - [2021-03-18 08:05:55,669] {dagbag.py:448} INFO - Filling up the DagBag from /home/airflow/.local/lib/python3.6/site-packages/airflow/example_dags/example_latest_only.py
[2021-03-18 08:05:55,677] {scheduler_job.py:639} INFO - DAG(s) dict_keys(['latest_only']) retrieved from /home/airflow/.local/lib/python3.6/site-packages/airflow/example_dags/example_latest_only.py
[2021-03-18 08:05:55,696] {logging_mixin.py:104} INFO - [2021-03-18 08:05:55,696] {dag.py:1818} INFO - Sync 1 DAGs
[2021-03-18 08:05:55,710] {logging_mixin.py:104} INFO - [2021-03-18 08:05:55,709] {dag.py:2273} INFO - Setting next_dagrun for latest_only to 2021-03-16 00:00:00+00:00
[2021-03-18 08:05:55,721] {scheduler_job.py:190} INFO - Processing /home/airflow/.local/lib/python3.6/site-packages/airflow/example_dags/example_latest_only.py took 0.057 seconds
[2021-03-18 08:06:25,765] {scheduler_job.py:182} INFO - Started process (PID=167) to work on /home/airflow/.local/lib/python3.6/site-packages/airflow/example_dags/example_latest_only.py
[2021-03-18 08:06:25,767] {scheduler_job.py:629} INFO - Processing file /home/airflow/.local/lib/python3.6/site-packages/airflow/example_dags/example_latest_only.py for tasks to queue
[2021-03-18 08:06:25,769] {logging_mixin.py:104} INFO - [2021-03-18 08:06:25,769] {dagbag.py:448} INFO - Filling up the DagBag from /home/airflow/.local/lib/python3.6/site-packages/airflow/example_dags/example_latest_only.py
[2021-03-18 08:06:25,778] {scheduler_job.py:639} INFO - DAG(s) dict_keys(['latest_only']) retrieved from /home/airflow/.local/lib/python3.6/site-packages/airflow/example_dags/example_latest_only.py
[2021-03-18 08:06:25,798] {logging_mixin.py:104} INFO - [2021-03-18 08:06:25,798] {dag.py:1818} INFO - Sync 1 DAGs
[2021-03-18 08:06:25,812] {logging_mixin.py:104} INFO - [2021-03-18 08:06:25,812] {dag.py:2273} INFO - Setting next_dagrun for latest_only to 2021-03-16 00:00:00+00:00
[2021-03-18 08:06:25,822] {scheduler_job.py:190} INFO - Processing /home/airflow/.local/lib/python3.6/site-packages/airflow/example_dags/example_latest_only.py took 0.059 seconds
[2021-03-18 08:06:55,918] {scheduler_job.py:182} INFO - Started process (PID=193) to work on /home/airflow/.local/lib/python3.6/site-packages/airflow/example_dags/example_latest_only.py
[2021-03-18 08:06:55,919] {scheduler_job.py:629} INFO - Processing file /home/airflow/.local/lib/python3.6/site-packages/airflow/example_dags/example_latest_only.py for tasks to queue
[2021-03-18 08:06:55,920] {logging_mixin.py:104} INFO - [2021-03-18 08:06:55,920] {dagbag.py:448} INFO - Filling up the DagBag from /home/airflow/.local/lib/python3.6/site-packages/airflow/example_dags/example_latest_only.py
[2021-03-18 08:06:55,929] {scheduler_job.py:639} INFO - DAG(s) dict_keys(['latest_only']) retrieved from /home/airflow/.local/lib/python3.6/site-packages/airflow/example_dags/example_latest_only.py
[2021-03-18 08:06:55,949] {logging_mixin.py:104} INFO - [2021-03-18 08:06:55,948] {dag.py:1818} INFO - Sync 1 DAGs
[2021-03-18 08:06:55,963] {logging_mixin.py:104} INFO - [2021-03-18 08:06:55,963] {dag.py:2273} INFO - Setting next_dagrun for latest_only to 2021-03-16 00:00:00+00:00
[2021-03-18 08:06:55,972] {scheduler_job.py:190} INFO - Processing /home/airflow/.local/lib/python3.6/site-packages/airflow/example_dags/example_latest_only.py took 0.057 seconds
[2021-03-18 08:07:26,066] {scheduler_job.py:182} INFO - Started process (PID=218) to work on /home/airflow/.local/lib/python3.6/site-packages/airflow/example_dags/example_latest_only.py
[2021-03-18 08:07:26,067] {scheduler_job.py:629} INFO - Processing file /home/airflow/.local/lib/python3.6/site-packages/airflow/example_dags/example_latest_only.py for tasks to queue
[2021-03-18 08:07:26,068] {logging_mixin.py:104} INFO - [2021-03-18 08:07:26,068] {dagbag.py:448} INFO - Filling up the DagBag from /home/airflow/.local/lib/python3.6/site-packages/airflow/example_dags/example_latest_only.py
[2021-03-18 08:07:26,077] {scheduler_job.py:639} INFO - DAG(s) dict_keys(['latest_only']) retrieved from /home/airflow/.local/lib/python3.6/site-packages/airflow/example_dags/example_latest_only.py
[2021-03-18 08:07:26,093] {logging_mixin.py:104} INFO - [2021-03-18 08:07:26,093] {dag.py:1818} INFO - Sync 1 DAGs
[2021-03-18 08:07:26,105] {logging_mixin.py:104} INFO - [2021-03-18 08:07:26,105] {dag.py:2273} INFO - Setting next_dagrun for latest_only to 2021-03-16 00:00:00+00:00
[2021-03-18 08:07:26,113] {scheduler_job.py:190} INFO - Processing /home/airflow/.local/lib/python3.6/site-packages/airflow/example_dags/example_latest_only.py took 0.049 seconds
[2021-03-18 08:07:56,357] {scheduler_job.py:182} INFO - Started process (PID=245) to work on /home/airflow/.local/lib/python3.6/site-packages/airflow/example_dags/example_latest_only.py
[2021-03-18 08:07:56,358] {scheduler_job.py:629} INFO - Processing file /home/airflow/.local/lib/python3.6/site-packages/airflow/example_dags/example_latest_only.py for tasks to queue
[2021-03-18 08:07:56,359] {logging_mixin.py:104} INFO - [2021-03-18 08:07:56,359] {dagbag.py:448} INFO - Filling up the DagBag from /home/airflow/.local/lib/python3.6/site-packages/airflow/example_dags/example_latest_only.py
[2021-03-18 08:07:56,367] {scheduler_job.py:639} INFO - DAG(s) dict_keys(['latest_only']) retrieved from /home/airflow/.local/lib/python3.6/site-packages/airflow/example_dags/example_latest_only.py
[2021-03-18 08:07:56,384] {logging_mixin.py:104} INFO - [2021-03-18 08:07:56,384] {dag.py:1818} INFO - Sync 1 DAGs
[2021-03-18 08:07:56,397] {logging_mixin.py:104} INFO - [2021-03-18 08:07:56,397] {dag.py:2273} INFO - Setting next_dagrun for latest_only to 2021-03-16 00:00:00+00:00
[2021-03-18 08:07:56,405] {scheduler_job.py:190} INFO - Processing /home/airflow/.local/lib/python3.6/site-packages/airflow/example_dags/example_latest_only.py took 0.050 seconds
[2021-03-18 08:08:26,466] {scheduler_job.py:182} INFO - Started process (PID=271) to work on /home/airflow/.local/lib/python3.6/site-packages/airflow/example_dags/example_latest_only.py
[2021-03-18 08:08:26,467] {scheduler_job.py:629} INFO - Processing file /home/airflow/.local/lib/python3.6/site-packages/airflow/example_dags/example_latest_only.py for tasks to queue
[2021-03-18 08:08:26,468] {logging_mixin.py:104} INFO - [2021-03-18 08:08:26,468] {dagbag.py:448} INFO - Filling up the DagBag from /home/airflow/.local/lib/python3.6/site-packages/airflow/example_dags/example_latest_only.py
[2021-03-18 08:08:26,475] {scheduler_job.py:639} INFO - DAG(s) dict_keys(['latest_only']) retrieved from /home/airflow/.local/lib/python3.6/site-packages/airflow/example_dags/example_latest_only.py
[2021-03-18 08:08:26,494] {logging_mixin.py:104} INFO - [2021-03-18 08:08:26,493] {dag.py:1818} INFO - Sync 1 DAGs
[2021-03-18 08:08:26,506] {logging_mixin.py:104} INFO - [2021-03-18 08:08:26,506] {dag.py:2273} INFO - Setting next_dagrun for latest_only to 2021-03-16 00:00:00+00:00
[2021-03-18 08:08:26,515] {scheduler_job.py:190} INFO - Processing /home/airflow/.local/lib/python3.6/site-packages/airflow/example_dags/example_latest_only.py took 0.052 seconds
[2021-03-18 08:08:56,541] {scheduler_job.py:182} INFO - Started process (PID=297) to work on /home/airflow/.local/lib/python3.6/site-packages/airflow/example_dags/example_latest_only.py
[2021-03-18 08:08:56,543] {scheduler_job.py:629} INFO - Processing file /home/airflow/.local/lib/python3.6/site-packages/airflow/example_dags/example_latest_only.py for tasks to queue
[2021-03-18 08:08:56,544] {logging_mixin.py:104} INFO - [2021-03-18 08:08:56,544] {dagbag.py:448} INFO - Filling up the DagBag from /home/airflow/.local/lib/python3.6/site-packages/airflow/example_dags/example_latest_only.py
[2021-03-18 08:08:56,552] {scheduler_job.py:639} INFO - DAG(s) dict_keys(['latest_only']) retrieved from /home/airflow/.local/lib/python3.6/site-packages/airflow/example_dags/example_latest_only.py
[2021-03-18 08:08:56,568] {logging_mixin.py:104} INFO - [2021-03-18 08:08:56,568] {dag.py:1818} INFO - Sync 1 DAGs
[2021-03-18 08:08:56,582] {logging_mixin.py:104} INFO - [2021-03-18 08:08:56,582] {dag.py:2273} INFO - Setting next_dagrun for latest_only to 2021-03-16 00:00:00+00:00
[2021-03-18 08:08:56,591] {scheduler_job.py:190} INFO - Processing /home/airflow/.local/lib/python3.6/site-packages/airflow/example_dags/example_latest_only.py took 0.052 seconds
[2021-03-18 08:09:26,647] {scheduler_job.py:182} INFO - Started process (PID=323) to work on /home/airflow/.local/lib/python3.6/site-packages/airflow/example_dags/example_latest_only.py
[2021-03-18 08:09:26,648] {scheduler_job.py:629} INFO - Processing file /home/airflow/.local/lib/python3.6/site-packages/airflow/example_dags/example_latest_only.py for tasks to queue
[2021-03-18 08:09:26,649] {logging_mixin.py:104} INFO - [2021-03-18 08:09:26,649] {dagbag.py:448} INFO - Filling up the DagBag from /home/airflow/.local/lib/python3.6/site-packages/airflow/example_dags/example_latest_only.py
[2021-03-18 08:09:26,657] {scheduler_job.py:639} INFO - DAG(s) dict_keys(['latest_only']) retrieved from /home/airflow/.local/lib/python3.6/site-packages/airflow/example_dags/example_latest_only.py
[2021-03-18 08:09:26,674] {logging_mixin.py:104} INFO - [2021-03-18 08:09:26,674] {dag.py:1818} INFO - Sync 1 DAGs
[2021-03-18 08:09:26,687] {logging_mixin.py:104} INFO - [2021-03-18 08:09:26,687] {dag.py:2273} INFO - Setting next_dagrun for latest_only to 2021-03-16 00:00:00+00:00
[2021-03-18 08:09:26,697] {scheduler_job.py:190} INFO - Processing /home/airflow/.local/lib/python3.6/site-packages/airflow/example_dags/example_latest_only.py took 0.052 seconds
[2021-03-18 08:09:56,855] {scheduler_job.py:182} INFO - Started process (PID=349) to work on /home/airflow/.local/lib/python3.6/site-packages/airflow/example_dags/example_latest_only.py
[2021-03-18 08:09:56,856] {scheduler_job.py:629} INFO - Processing file /home/airflow/.local/lib/python3.6/site-packages/airflow/example_dags/example_latest_only.py for tasks to queue
[2021-03-18 08:09:56,857] {logging_mixin.py:104} INFO - [2021-03-18 08:09:56,857] {dagbag.py:448} INFO - Filling up the DagBag from /home/airflow/.local/lib/python3.6/site-packages/airflow/example_dags/example_latest_only.py
[2021-03-18 08:09:56,866] {scheduler_job.py:639} INFO - DAG(s) dict_keys(['latest_only']) retrieved from /home/airflow/.local/lib/python3.6/site-packages/airflow/example_dags/example_latest_only.py
[2021-03-18 08:09:56,883] {logging_mixin.py:104} INFO - [2021-03-18 08:09:56,883] {dag.py:1818} INFO - Sync 1 DAGs
[2021-03-18 08:09:56,896] {logging_mixin.py:104} INFO - [2021-03-18 08:09:56,896] {dag.py:2273} INFO - Setting next_dagrun for latest_only to 2021-03-16 00:00:00+00:00
[2021-03-18 08:09:56,904] {scheduler_job.py:190} INFO - Processing /home/airflow/.local/lib/python3.6/site-packages/airflow/example_dags/example_latest_only.py took 0.051 seconds
[2021-03-18 08:10:26,965] {scheduler_job.py:182} INFO - Started process (PID=375) to work on /home/airflow/.local/lib/python3.6/site-packages/airflow/example_dags/example_latest_only.py
[2021-03-18 08:10:26,966] {scheduler_job.py:629} INFO - Processing file /home/airflow/.local/lib/python3.6/site-packages/airflow/example_dags/example_latest_only.py for tasks to queue
[2021-03-18 08:10:26,968] {logging_mixin.py:104} INFO - [2021-03-18 08:10:26,967] {dagbag.py:448} INFO - Filling up the DagBag from /home/airflow/.local/lib/python3.6/site-packages/airflow/example_dags/example_latest_only.py
[2021-03-18 08:10:26,976] {scheduler_job.py:639} INFO - DAG(s) dict_keys(['latest_only']) retrieved from /home/airflow/.local/lib/python3.6/site-packages/airflow/example_dags/example_latest_only.py
[2021-03-18 08:10:26,996] {logging_mixin.py:104} INFO - [2021-03-18 08:10:26,995] {dag.py:1818} INFO - Sync 1 DAGs
[2021-03-18 08:10:27,017] {logging_mixin.py:104} INFO - [2021-03-18 08:10:27,017] {dag.py:2273} INFO - Setting next_dagrun for latest_only to 2021-03-16 00:00:00+00:00
[2021-03-18 08:10:27,030] {scheduler_job.py:190} INFO - Processing /home/airflow/.local/lib/python3.6/site-packages/airflow/example_dags/example_latest_only.py took 0.068 seconds
[2021-03-18 08:10:57,078] {scheduler_job.py:182} INFO - Started process (PID=399) to work on /home/airflow/.local/lib/python3.6/site-packages/airflow/example_dags/example_latest_only.py
[2021-03-18 08:10:57,080] {scheduler_job.py:629} INFO - Processing file /home/airflow/.local/lib/python3.6/site-packages/airflow/example_dags/example_latest_only.py for tasks to queue
[2021-03-18 08:10:57,081] {logging_mixin.py:104} INFO - [2021-03-18 08:10:57,081] {dagbag.py:448} INFO - Filling up the DagBag from /home/airflow/.local/lib/python3.6/site-packages/airflow/example_dags/example_latest_only.py
[2021-03-18 08:10:57,088] {scheduler_job.py:639} INFO - DAG(s) dict_keys(['latest_only']) retrieved from /home/airflow/.local/lib/python3.6/site-packages/airflow/example_dags/example_latest_only.py
[2021-03-18 08:10:57,106] {logging_mixin.py:104} INFO - [2021-03-18 08:10:57,106] {dag.py:1818} INFO - Sync 1 DAGs
[2021-03-18 08:10:57,119] {logging_mixin.py:104} INFO - [2021-03-18 08:10:57,119] {dag.py:2273} INFO - Setting next_dagrun for latest_only to 2021-03-16 00:00:00+00:00
[2021-03-18 08:10:57,129] {scheduler_job.py:190} INFO - Processing /home/airflow/.local/lib/python3.6/site-packages/airflow/example_dags/example_latest_only.py took 0.054 seconds
[2021-03-18 10:16:30,497] {scheduler_job.py:182} INFO - Started process (PID=41) to work on /home/airflow/.local/lib/python3.6/site-packages/airflow/example_dags/example_latest_only.py
[2021-03-18 10:16:30,507] {scheduler_job.py:629} INFO - Processing file /home/airflow/.local/lib/python3.6/site-packages/airflow/example_dags/example_latest_only.py for tasks to queue
[2021-03-18 10:16:30,508] {logging_mixin.py:104} INFO - [2021-03-18 10:16:30,508] {dagbag.py:448} INFO - Filling up the DagBag from /home/airflow/.local/lib/python3.6/site-packages/airflow/example_dags/example_latest_only.py
[2021-03-18 10:16:30,530] {scheduler_job.py:639} INFO - DAG(s) dict_keys(['latest_only']) retrieved from /home/airflow/.local/lib/python3.6/site-packages/airflow/example_dags/example_latest_only.py
[2021-03-18 10:16:30,560] {logging_mixin.py:104} INFO - [2021-03-18 10:16:30,560] {dag.py:1818} INFO - Sync 1 DAGs
[2021-03-18 10:16:30,581] {logging_mixin.py:104} INFO - [2021-03-18 10:16:30,581] {dag.py:2273} INFO - Setting next_dagrun for latest_only to 2021-03-16 00:00:00+00:00
[2021-03-18 10:16:30,604] {scheduler_job.py:190} INFO - Processing /home/airflow/.local/lib/python3.6/site-packages/airflow/example_dags/example_latest_only.py took 0.109 seconds
[2021-03-18 10:17:01,161] {scheduler_job.py:182} INFO - Started process (PID=68) to work on /home/airflow/.local/lib/python3.6/site-packages/airflow/example_dags/example_latest_only.py
[2021-03-18 10:17:01,163] {scheduler_job.py:629} INFO - Processing file /home/airflow/.local/lib/python3.6/site-packages/airflow/example_dags/example_latest_only.py for tasks to queue
[2021-03-18 10:17:01,164] {logging_mixin.py:104} INFO - [2021-03-18 10:17:01,164] {dagbag.py:448} INFO - Filling up the DagBag from /home/airflow/.local/lib/python3.6/site-packages/airflow/example_dags/example_latest_only.py
[2021-03-18 10:17:01,178] {scheduler_job.py:639} INFO - DAG(s) dict_keys(['latest_only']) retrieved from /home/airflow/.local/lib/python3.6/site-packages/airflow/example_dags/example_latest_only.py
[2021-03-18 10:17:01,225] {logging_mixin.py:104} INFO - [2021-03-18 10:17:01,225] {dag.py:1818} INFO - Sync 1 DAGs
[2021-03-18 10:17:01,270] {logging_mixin.py:104} INFO - [2021-03-18 10:17:01,270] {dag.py:2273} INFO - Setting next_dagrun for latest_only to 2021-03-16 00:00:00+00:00
[2021-03-18 10:17:01,311] {scheduler_job.py:190} INFO - Processing /home/airflow/.local/lib/python3.6/site-packages/airflow/example_dags/example_latest_only.py took 0.153 seconds
