[2021-03-18 08:03:54,160] {scheduler_job.py:182} INFO - Started process (PID=30) to work on /home/airflow/.local/lib/python3.6/site-packages/airflow/example_dags/example_xcom.py
[2021-03-18 08:03:54,162] {scheduler_job.py:629} INFO - Processing file /home/airflow/.local/lib/python3.6/site-packages/airflow/example_dags/example_xcom.py for tasks to queue
[2021-03-18 08:03:54,163] {logging_mixin.py:104} INFO - [2021-03-18 08:03:54,163] {dagbag.py:448} INFO - Filling up the DagBag from /home/airflow/.local/lib/python3.6/site-packages/airflow/example_dags/example_xcom.py
[2021-03-18 08:03:54,173] {scheduler_job.py:639} INFO - DAG(s) dict_keys(['example_xcom']) retrieved from /home/airflow/.local/lib/python3.6/site-packages/airflow/example_dags/example_xcom.py
[2021-03-18 08:03:54,241] {logging_mixin.py:104} INFO - [2021-03-18 08:03:54,241] {dag.py:1818} INFO - Sync 1 DAGs
[2021-03-18 08:03:54,257] {logging_mixin.py:104} INFO - [2021-03-18 08:03:54,257] {dag.py:1837} INFO - Creating ORM DAG for example_xcom
[2021-03-18 08:03:54,269] {logging_mixin.py:104} INFO - [2021-03-18 08:03:54,269] {dag.py:2273} INFO - Setting next_dagrun for example_xcom to 2021-03-16 00:00:00+00:00
[2021-03-18 08:03:54,295] {scheduler_job.py:190} INFO - Processing /home/airflow/.local/lib/python3.6/site-packages/airflow/example_dags/example_xcom.py took 0.137 seconds
[2021-03-18 08:04:24,856] {scheduler_job.py:182} INFO - Started process (PID=55) to work on /home/airflow/.local/lib/python3.6/site-packages/airflow/example_dags/example_xcom.py
[2021-03-18 08:04:24,857] {scheduler_job.py:629} INFO - Processing file /home/airflow/.local/lib/python3.6/site-packages/airflow/example_dags/example_xcom.py for tasks to queue
[2021-03-18 08:04:24,858] {logging_mixin.py:104} INFO - [2021-03-18 08:04:24,858] {dagbag.py:448} INFO - Filling up the DagBag from /home/airflow/.local/lib/python3.6/site-packages/airflow/example_dags/example_xcom.py
[2021-03-18 08:04:24,867] {scheduler_job.py:639} INFO - DAG(s) dict_keys(['example_xcom']) retrieved from /home/airflow/.local/lib/python3.6/site-packages/airflow/example_dags/example_xcom.py
[2021-03-18 08:04:24,883] {logging_mixin.py:104} INFO - [2021-03-18 08:04:24,883] {dag.py:1818} INFO - Sync 1 DAGs
[2021-03-18 08:04:24,894] {logging_mixin.py:104} INFO - [2021-03-18 08:04:24,894] {dag.py:2273} INFO - Setting next_dagrun for example_xcom to 2021-03-16 00:00:00+00:00
[2021-03-18 08:04:24,902] {scheduler_job.py:190} INFO - Processing /home/airflow/.local/lib/python3.6/site-packages/airflow/example_dags/example_xcom.py took 0.048 seconds
[2021-03-18 08:04:55,007] {scheduler_job.py:182} INFO - Started process (PID=81) to work on /home/airflow/.local/lib/python3.6/site-packages/airflow/example_dags/example_xcom.py
[2021-03-18 08:04:55,008] {scheduler_job.py:629} INFO - Processing file /home/airflow/.local/lib/python3.6/site-packages/airflow/example_dags/example_xcom.py for tasks to queue
[2021-03-18 08:04:55,009] {logging_mixin.py:104} INFO - [2021-03-18 08:04:55,009] {dagbag.py:448} INFO - Filling up the DagBag from /home/airflow/.local/lib/python3.6/site-packages/airflow/example_dags/example_xcom.py
[2021-03-18 08:04:55,018] {scheduler_job.py:639} INFO - DAG(s) dict_keys(['example_xcom']) retrieved from /home/airflow/.local/lib/python3.6/site-packages/airflow/example_dags/example_xcom.py
[2021-03-18 08:04:55,038] {logging_mixin.py:104} INFO - [2021-03-18 08:04:55,038] {dag.py:1818} INFO - Sync 1 DAGs
[2021-03-18 08:04:55,052] {logging_mixin.py:104} INFO - [2021-03-18 08:04:55,052] {dag.py:2273} INFO - Setting next_dagrun for example_xcom to 2021-03-16 00:00:00+00:00
[2021-03-18 08:04:55,062] {scheduler_job.py:190} INFO - Processing /home/airflow/.local/lib/python3.6/site-packages/airflow/example_dags/example_xcom.py took 0.057 seconds
[2021-03-18 08:05:25,166] {scheduler_job.py:182} INFO - Started process (PID=107) to work on /home/airflow/.local/lib/python3.6/site-packages/airflow/example_dags/example_xcom.py
[2021-03-18 08:05:25,167] {scheduler_job.py:629} INFO - Processing file /home/airflow/.local/lib/python3.6/site-packages/airflow/example_dags/example_xcom.py for tasks to queue
[2021-03-18 08:05:25,168] {logging_mixin.py:104} INFO - [2021-03-18 08:05:25,168] {dagbag.py:448} INFO - Filling up the DagBag from /home/airflow/.local/lib/python3.6/site-packages/airflow/example_dags/example_xcom.py
[2021-03-18 08:05:25,176] {scheduler_job.py:639} INFO - DAG(s) dict_keys(['example_xcom']) retrieved from /home/airflow/.local/lib/python3.6/site-packages/airflow/example_dags/example_xcom.py
[2021-03-18 08:05:25,196] {logging_mixin.py:104} INFO - [2021-03-18 08:05:25,196] {dag.py:1818} INFO - Sync 1 DAGs
[2021-03-18 08:05:25,210] {logging_mixin.py:104} INFO - [2021-03-18 08:05:25,210] {dag.py:2273} INFO - Setting next_dagrun for example_xcom to 2021-03-16 00:00:00+00:00
[2021-03-18 08:05:25,219] {scheduler_job.py:190} INFO - Processing /home/airflow/.local/lib/python3.6/site-packages/airflow/example_dags/example_xcom.py took 0.056 seconds
[2021-03-18 08:05:55,267] {scheduler_job.py:182} INFO - Started process (PID=133) to work on /home/airflow/.local/lib/python3.6/site-packages/airflow/example_dags/example_xcom.py
[2021-03-18 08:05:55,268] {scheduler_job.py:629} INFO - Processing file /home/airflow/.local/lib/python3.6/site-packages/airflow/example_dags/example_xcom.py for tasks to queue
[2021-03-18 08:05:55,270] {logging_mixin.py:104} INFO - [2021-03-18 08:05:55,269] {dagbag.py:448} INFO - Filling up the DagBag from /home/airflow/.local/lib/python3.6/site-packages/airflow/example_dags/example_xcom.py
[2021-03-18 08:05:55,280] {scheduler_job.py:639} INFO - DAG(s) dict_keys(['example_xcom']) retrieved from /home/airflow/.local/lib/python3.6/site-packages/airflow/example_dags/example_xcom.py
[2021-03-18 08:05:55,298] {logging_mixin.py:104} INFO - [2021-03-18 08:05:55,298] {dag.py:1818} INFO - Sync 1 DAGs
[2021-03-18 08:05:55,312] {logging_mixin.py:104} INFO - [2021-03-18 08:05:55,312] {dag.py:2273} INFO - Setting next_dagrun for example_xcom to 2021-03-16 00:00:00+00:00
[2021-03-18 08:05:55,322] {scheduler_job.py:190} INFO - Processing /home/airflow/.local/lib/python3.6/site-packages/airflow/example_dags/example_xcom.py took 0.058 seconds
[2021-03-18 08:06:25,371] {scheduler_job.py:182} INFO - Started process (PID=159) to work on /home/airflow/.local/lib/python3.6/site-packages/airflow/example_dags/example_xcom.py
[2021-03-18 08:06:25,373] {scheduler_job.py:629} INFO - Processing file /home/airflow/.local/lib/python3.6/site-packages/airflow/example_dags/example_xcom.py for tasks to queue
[2021-03-18 08:06:25,374] {logging_mixin.py:104} INFO - [2021-03-18 08:06:25,374] {dagbag.py:448} INFO - Filling up the DagBag from /home/airflow/.local/lib/python3.6/site-packages/airflow/example_dags/example_xcom.py
[2021-03-18 08:06:25,384] {scheduler_job.py:639} INFO - DAG(s) dict_keys(['example_xcom']) retrieved from /home/airflow/.local/lib/python3.6/site-packages/airflow/example_dags/example_xcom.py
[2021-03-18 08:06:25,403] {logging_mixin.py:104} INFO - [2021-03-18 08:06:25,403] {dag.py:1818} INFO - Sync 1 DAGs
[2021-03-18 08:06:25,416] {logging_mixin.py:104} INFO - [2021-03-18 08:06:25,416] {dag.py:2273} INFO - Setting next_dagrun for example_xcom to 2021-03-16 00:00:00+00:00
[2021-03-18 08:06:25,425] {scheduler_job.py:190} INFO - Processing /home/airflow/.local/lib/python3.6/site-packages/airflow/example_dags/example_xcom.py took 0.056 seconds
[2021-03-18 08:06:55,475] {scheduler_job.py:182} INFO - Started process (PID=182) to work on /home/airflow/.local/lib/python3.6/site-packages/airflow/example_dags/example_xcom.py
[2021-03-18 08:06:55,476] {scheduler_job.py:629} INFO - Processing file /home/airflow/.local/lib/python3.6/site-packages/airflow/example_dags/example_xcom.py for tasks to queue
[2021-03-18 08:06:55,478] {logging_mixin.py:104} INFO - [2021-03-18 08:06:55,478] {dagbag.py:448} INFO - Filling up the DagBag from /home/airflow/.local/lib/python3.6/site-packages/airflow/example_dags/example_xcom.py
[2021-03-18 08:06:55,489] {scheduler_job.py:639} INFO - DAG(s) dict_keys(['example_xcom']) retrieved from /home/airflow/.local/lib/python3.6/site-packages/airflow/example_dags/example_xcom.py
[2021-03-18 08:06:55,508] {logging_mixin.py:104} INFO - [2021-03-18 08:06:55,508] {dag.py:1818} INFO - Sync 1 DAGs
[2021-03-18 08:06:55,521] {logging_mixin.py:104} INFO - [2021-03-18 08:06:55,521] {dag.py:2273} INFO - Setting next_dagrun for example_xcom to 2021-03-16 00:00:00+00:00
[2021-03-18 08:06:55,530] {scheduler_job.py:190} INFO - Processing /home/airflow/.local/lib/python3.6/site-packages/airflow/example_dags/example_xcom.py took 0.058 seconds
[2021-03-18 08:07:25,671] {scheduler_job.py:182} INFO - Started process (PID=208) to work on /home/airflow/.local/lib/python3.6/site-packages/airflow/example_dags/example_xcom.py
[2021-03-18 08:07:25,672] {scheduler_job.py:629} INFO - Processing file /home/airflow/.local/lib/python3.6/site-packages/airflow/example_dags/example_xcom.py for tasks to queue
[2021-03-18 08:07:25,673] {logging_mixin.py:104} INFO - [2021-03-18 08:07:25,673] {dagbag.py:448} INFO - Filling up the DagBag from /home/airflow/.local/lib/python3.6/site-packages/airflow/example_dags/example_xcom.py
[2021-03-18 08:07:25,682] {scheduler_job.py:639} INFO - DAG(s) dict_keys(['example_xcom']) retrieved from /home/airflow/.local/lib/python3.6/site-packages/airflow/example_dags/example_xcom.py
[2021-03-18 08:07:25,700] {logging_mixin.py:104} INFO - [2021-03-18 08:07:25,699] {dag.py:1818} INFO - Sync 1 DAGs
[2021-03-18 08:07:25,712] {logging_mixin.py:104} INFO - [2021-03-18 08:07:25,712] {dag.py:2273} INFO - Setting next_dagrun for example_xcom to 2021-03-16 00:00:00+00:00
[2021-03-18 08:07:25,720] {scheduler_job.py:190} INFO - Processing /home/airflow/.local/lib/python3.6/site-packages/airflow/example_dags/example_xcom.py took 0.051 seconds
[2021-03-18 08:07:55,748] {scheduler_job.py:182} INFO - Started process (PID=234) to work on /home/airflow/.local/lib/python3.6/site-packages/airflow/example_dags/example_xcom.py
[2021-03-18 08:07:55,749] {scheduler_job.py:629} INFO - Processing file /home/airflow/.local/lib/python3.6/site-packages/airflow/example_dags/example_xcom.py for tasks to queue
[2021-03-18 08:07:55,750] {logging_mixin.py:104} INFO - [2021-03-18 08:07:55,750] {dagbag.py:448} INFO - Filling up the DagBag from /home/airflow/.local/lib/python3.6/site-packages/airflow/example_dags/example_xcom.py
[2021-03-18 08:07:55,759] {scheduler_job.py:639} INFO - DAG(s) dict_keys(['example_xcom']) retrieved from /home/airflow/.local/lib/python3.6/site-packages/airflow/example_dags/example_xcom.py
[2021-03-18 08:07:55,775] {logging_mixin.py:104} INFO - [2021-03-18 08:07:55,775] {dag.py:1818} INFO - Sync 1 DAGs
[2021-03-18 08:07:55,787] {logging_mixin.py:104} INFO - [2021-03-18 08:07:55,787] {dag.py:2273} INFO - Setting next_dagrun for example_xcom to 2021-03-16 00:00:00+00:00
[2021-03-18 08:07:55,796] {scheduler_job.py:190} INFO - Processing /home/airflow/.local/lib/python3.6/site-packages/airflow/example_dags/example_xcom.py took 0.050 seconds
[2021-03-18 08:08:25,941] {scheduler_job.py:182} INFO - Started process (PID=260) to work on /home/airflow/.local/lib/python3.6/site-packages/airflow/example_dags/example_xcom.py
[2021-03-18 08:08:25,942] {scheduler_job.py:629} INFO - Processing file /home/airflow/.local/lib/python3.6/site-packages/airflow/example_dags/example_xcom.py for tasks to queue
[2021-03-18 08:08:25,943] {logging_mixin.py:104} INFO - [2021-03-18 08:08:25,943] {dagbag.py:448} INFO - Filling up the DagBag from /home/airflow/.local/lib/python3.6/site-packages/airflow/example_dags/example_xcom.py
[2021-03-18 08:08:25,951] {scheduler_job.py:639} INFO - DAG(s) dict_keys(['example_xcom']) retrieved from /home/airflow/.local/lib/python3.6/site-packages/airflow/example_dags/example_xcom.py
[2021-03-18 08:08:25,969] {logging_mixin.py:104} INFO - [2021-03-18 08:08:25,969] {dag.py:1818} INFO - Sync 1 DAGs
[2021-03-18 08:08:25,980] {logging_mixin.py:104} INFO - [2021-03-18 08:08:25,980] {dag.py:2273} INFO - Setting next_dagrun for example_xcom to 2021-03-16 00:00:00+00:00
[2021-03-18 08:08:25,989] {scheduler_job.py:190} INFO - Processing /home/airflow/.local/lib/python3.6/site-packages/airflow/example_dags/example_xcom.py took 0.050 seconds
[2021-03-18 08:08:56,174] {scheduler_job.py:182} INFO - Started process (PID=288) to work on /home/airflow/.local/lib/python3.6/site-packages/airflow/example_dags/example_xcom.py
[2021-03-18 08:08:56,176] {scheduler_job.py:629} INFO - Processing file /home/airflow/.local/lib/python3.6/site-packages/airflow/example_dags/example_xcom.py for tasks to queue
[2021-03-18 08:08:56,177] {logging_mixin.py:104} INFO - [2021-03-18 08:08:56,177] {dagbag.py:448} INFO - Filling up the DagBag from /home/airflow/.local/lib/python3.6/site-packages/airflow/example_dags/example_xcom.py
[2021-03-18 08:08:56,187] {scheduler_job.py:639} INFO - DAG(s) dict_keys(['example_xcom']) retrieved from /home/airflow/.local/lib/python3.6/site-packages/airflow/example_dags/example_xcom.py
[2021-03-18 08:08:56,206] {logging_mixin.py:104} INFO - [2021-03-18 08:08:56,206] {dag.py:1818} INFO - Sync 1 DAGs
[2021-03-18 08:08:56,219] {logging_mixin.py:104} INFO - [2021-03-18 08:08:56,218] {dag.py:2273} INFO - Setting next_dagrun for example_xcom to 2021-03-16 00:00:00+00:00
[2021-03-18 08:08:56,230] {scheduler_job.py:190} INFO - Processing /home/airflow/.local/lib/python3.6/site-packages/airflow/example_dags/example_xcom.py took 0.059 seconds
[2021-03-18 08:09:26,322] {scheduler_job.py:182} INFO - Started process (PID=315) to work on /home/airflow/.local/lib/python3.6/site-packages/airflow/example_dags/example_xcom.py
[2021-03-18 08:09:26,324] {scheduler_job.py:629} INFO - Processing file /home/airflow/.local/lib/python3.6/site-packages/airflow/example_dags/example_xcom.py for tasks to queue
[2021-03-18 08:09:26,325] {logging_mixin.py:104} INFO - [2021-03-18 08:09:26,325] {dagbag.py:448} INFO - Filling up the DagBag from /home/airflow/.local/lib/python3.6/site-packages/airflow/example_dags/example_xcom.py
[2021-03-18 08:09:26,333] {scheduler_job.py:639} INFO - DAG(s) dict_keys(['example_xcom']) retrieved from /home/airflow/.local/lib/python3.6/site-packages/airflow/example_dags/example_xcom.py
[2021-03-18 08:09:26,349] {logging_mixin.py:104} INFO - [2021-03-18 08:09:26,349] {dag.py:1818} INFO - Sync 1 DAGs
[2021-03-18 08:09:26,361] {logging_mixin.py:104} INFO - [2021-03-18 08:09:26,361] {dag.py:2273} INFO - Setting next_dagrun for example_xcom to 2021-03-16 00:00:00+00:00
[2021-03-18 08:09:26,372] {scheduler_job.py:190} INFO - Processing /home/airflow/.local/lib/python3.6/site-packages/airflow/example_dags/example_xcom.py took 0.052 seconds
[2021-03-18 08:09:56,551] {scheduler_job.py:182} INFO - Started process (PID=342) to work on /home/airflow/.local/lib/python3.6/site-packages/airflow/example_dags/example_xcom.py
[2021-03-18 08:09:56,552] {scheduler_job.py:629} INFO - Processing file /home/airflow/.local/lib/python3.6/site-packages/airflow/example_dags/example_xcom.py for tasks to queue
[2021-03-18 08:09:56,553] {logging_mixin.py:104} INFO - [2021-03-18 08:09:56,553] {dagbag.py:448} INFO - Filling up the DagBag from /home/airflow/.local/lib/python3.6/site-packages/airflow/example_dags/example_xcom.py
[2021-03-18 08:09:56,562] {scheduler_job.py:639} INFO - DAG(s) dict_keys(['example_xcom']) retrieved from /home/airflow/.local/lib/python3.6/site-packages/airflow/example_dags/example_xcom.py
[2021-03-18 08:09:56,578] {logging_mixin.py:104} INFO - [2021-03-18 08:09:56,578] {dag.py:1818} INFO - Sync 1 DAGs
[2021-03-18 08:09:56,590] {logging_mixin.py:104} INFO - [2021-03-18 08:09:56,590] {dag.py:2273} INFO - Setting next_dagrun for example_xcom to 2021-03-16 00:00:00+00:00
[2021-03-18 08:09:56,600] {scheduler_job.py:190} INFO - Processing /home/airflow/.local/lib/python3.6/site-packages/airflow/example_dags/example_xcom.py took 0.052 seconds
[2021-03-18 08:10:26,717] {scheduler_job.py:182} INFO - Started process (PID=369) to work on /home/airflow/.local/lib/python3.6/site-packages/airflow/example_dags/example_xcom.py
[2021-03-18 08:10:26,719] {scheduler_job.py:629} INFO - Processing file /home/airflow/.local/lib/python3.6/site-packages/airflow/example_dags/example_xcom.py for tasks to queue
[2021-03-18 08:10:26,720] {logging_mixin.py:104} INFO - [2021-03-18 08:10:26,720] {dagbag.py:448} INFO - Filling up the DagBag from /home/airflow/.local/lib/python3.6/site-packages/airflow/example_dags/example_xcom.py
[2021-03-18 08:10:26,730] {scheduler_job.py:639} INFO - DAG(s) dict_keys(['example_xcom']) retrieved from /home/airflow/.local/lib/python3.6/site-packages/airflow/example_dags/example_xcom.py
[2021-03-18 08:10:26,749] {logging_mixin.py:104} INFO - [2021-03-18 08:10:26,749] {dag.py:1818} INFO - Sync 1 DAGs
[2021-03-18 08:10:26,766] {logging_mixin.py:104} INFO - [2021-03-18 08:10:26,766] {dag.py:2273} INFO - Setting next_dagrun for example_xcom to 2021-03-16 00:00:00+00:00
[2021-03-18 08:10:26,776] {scheduler_job.py:190} INFO - Processing /home/airflow/.local/lib/python3.6/site-packages/airflow/example_dags/example_xcom.py took 0.061 seconds
[2021-03-18 08:10:57,003] {scheduler_job.py:182} INFO - Started process (PID=397) to work on /home/airflow/.local/lib/python3.6/site-packages/airflow/example_dags/example_xcom.py
[2021-03-18 08:10:57,004] {scheduler_job.py:629} INFO - Processing file /home/airflow/.local/lib/python3.6/site-packages/airflow/example_dags/example_xcom.py for tasks to queue
[2021-03-18 08:10:57,005] {logging_mixin.py:104} INFO - [2021-03-18 08:10:57,005] {dagbag.py:448} INFO - Filling up the DagBag from /home/airflow/.local/lib/python3.6/site-packages/airflow/example_dags/example_xcom.py
[2021-03-18 08:10:57,015] {scheduler_job.py:639} INFO - DAG(s) dict_keys(['example_xcom']) retrieved from /home/airflow/.local/lib/python3.6/site-packages/airflow/example_dags/example_xcom.py
[2021-03-18 08:10:57,032] {logging_mixin.py:104} INFO - [2021-03-18 08:10:57,032] {dag.py:1818} INFO - Sync 1 DAGs
[2021-03-18 08:10:57,047] {logging_mixin.py:104} INFO - [2021-03-18 08:10:57,047] {dag.py:2273} INFO - Setting next_dagrun for example_xcom to 2021-03-16 00:00:00+00:00
[2021-03-18 08:10:57,057] {scheduler_job.py:190} INFO - Processing /home/airflow/.local/lib/python3.6/site-packages/airflow/example_dags/example_xcom.py took 0.057 seconds
[2021-03-18 10:16:30,919] {scheduler_job.py:182} INFO - Started process (PID=46) to work on /home/airflow/.local/lib/python3.6/site-packages/airflow/example_dags/example_xcom.py
[2021-03-18 10:16:30,920] {scheduler_job.py:629} INFO - Processing file /home/airflow/.local/lib/python3.6/site-packages/airflow/example_dags/example_xcom.py for tasks to queue
[2021-03-18 10:16:30,925] {logging_mixin.py:104} INFO - [2021-03-18 10:16:30,925] {dagbag.py:448} INFO - Filling up the DagBag from /home/airflow/.local/lib/python3.6/site-packages/airflow/example_dags/example_xcom.py
[2021-03-18 10:16:30,953] {scheduler_job.py:639} INFO - DAG(s) dict_keys(['example_xcom']) retrieved from /home/airflow/.local/lib/python3.6/site-packages/airflow/example_dags/example_xcom.py
[2021-03-18 10:16:30,999] {logging_mixin.py:104} INFO - [2021-03-18 10:16:30,999] {dag.py:1818} INFO - Sync 1 DAGs
[2021-03-18 10:16:31,014] {logging_mixin.py:104} INFO - [2021-03-18 10:16:31,014] {dag.py:2273} INFO - Setting next_dagrun for example_xcom to 2021-03-16 00:00:00+00:00
[2021-03-18 10:16:31,025] {scheduler_job.py:190} INFO - Processing /home/airflow/.local/lib/python3.6/site-packages/airflow/example_dags/example_xcom.py took 0.110 seconds
[2021-03-18 10:17:01,411] {scheduler_job.py:182} INFO - Started process (PID=71) to work on /home/airflow/.local/lib/python3.6/site-packages/airflow/example_dags/example_xcom.py
[2021-03-18 10:17:01,418] {scheduler_job.py:629} INFO - Processing file /home/airflow/.local/lib/python3.6/site-packages/airflow/example_dags/example_xcom.py for tasks to queue
[2021-03-18 10:17:01,422] {logging_mixin.py:104} INFO - [2021-03-18 10:17:01,421] {dagbag.py:448} INFO - Filling up the DagBag from /home/airflow/.local/lib/python3.6/site-packages/airflow/example_dags/example_xcom.py
[2021-03-18 10:17:01,452] {scheduler_job.py:639} INFO - DAG(s) dict_keys(['example_xcom']) retrieved from /home/airflow/.local/lib/python3.6/site-packages/airflow/example_dags/example_xcom.py
[2021-03-18 10:17:01,488] {logging_mixin.py:104} INFO - [2021-03-18 10:17:01,488] {dag.py:1818} INFO - Sync 1 DAGs
[2021-03-18 10:17:01,544] {logging_mixin.py:104} INFO - [2021-03-18 10:17:01,544] {dag.py:2273} INFO - Setting next_dagrun for example_xcom to 2021-03-16 00:00:00+00:00
[2021-03-18 10:17:01,572] {scheduler_job.py:190} INFO - Processing /home/airflow/.local/lib/python3.6/site-packages/airflow/example_dags/example_xcom.py took 0.165 seconds
