[2021-03-18 08:03:53,733] {scheduler_job.py:182} INFO - Started process (PID=25) to work on /home/airflow/.local/lib/python3.6/site-packages/airflow/example_dags/example_nested_branch_dag.py
[2021-03-18 08:03:53,735] {scheduler_job.py:629} INFO - Processing file /home/airflow/.local/lib/python3.6/site-packages/airflow/example_dags/example_nested_branch_dag.py for tasks to queue
[2021-03-18 08:03:53,736] {logging_mixin.py:104} INFO - [2021-03-18 08:03:53,736] {dagbag.py:448} INFO - Filling up the DagBag from /home/airflow/.local/lib/python3.6/site-packages/airflow/example_dags/example_nested_branch_dag.py
[2021-03-18 08:03:53,749] {scheduler_job.py:639} INFO - DAG(s) dict_keys(['example_nested_branch_dag']) retrieved from /home/airflow/.local/lib/python3.6/site-packages/airflow/example_dags/example_nested_branch_dag.py
[2021-03-18 08:03:53,795] {logging_mixin.py:104} INFO - [2021-03-18 08:03:53,795] {dag.py:1818} INFO - Sync 1 DAGs
[2021-03-18 08:03:53,820] {logging_mixin.py:104} INFO - [2021-03-18 08:03:53,820] {dag.py:1837} INFO - Creating ORM DAG for example_nested_branch_dag
[2021-03-18 08:03:53,846] {logging_mixin.py:104} INFO - [2021-03-18 08:03:53,846] {dag.py:2273} INFO - Setting next_dagrun for example_nested_branch_dag to 2021-03-16 00:00:00+00:00
[2021-03-18 08:03:53,886] {scheduler_job.py:190} INFO - Processing /home/airflow/.local/lib/python3.6/site-packages/airflow/example_dags/example_nested_branch_dag.py took 0.155 seconds
[2021-03-18 08:04:24,630] {scheduler_job.py:182} INFO - Started process (PID=50) to work on /home/airflow/.local/lib/python3.6/site-packages/airflow/example_dags/example_nested_branch_dag.py
[2021-03-18 08:04:24,631] {scheduler_job.py:629} INFO - Processing file /home/airflow/.local/lib/python3.6/site-packages/airflow/example_dags/example_nested_branch_dag.py for tasks to queue
[2021-03-18 08:04:24,632] {logging_mixin.py:104} INFO - [2021-03-18 08:04:24,631] {dagbag.py:448} INFO - Filling up the DagBag from /home/airflow/.local/lib/python3.6/site-packages/airflow/example_dags/example_nested_branch_dag.py
[2021-03-18 08:04:24,643] {scheduler_job.py:639} INFO - DAG(s) dict_keys(['example_nested_branch_dag']) retrieved from /home/airflow/.local/lib/python3.6/site-packages/airflow/example_dags/example_nested_branch_dag.py
[2021-03-18 08:04:24,660] {logging_mixin.py:104} INFO - [2021-03-18 08:04:24,660] {dag.py:1818} INFO - Sync 1 DAGs
[2021-03-18 08:04:24,676] {logging_mixin.py:104} INFO - [2021-03-18 08:04:24,676] {dag.py:2273} INFO - Setting next_dagrun for example_nested_branch_dag to 2021-03-16 00:00:00+00:00
[2021-03-18 08:04:24,684] {scheduler_job.py:190} INFO - Processing /home/airflow/.local/lib/python3.6/site-packages/airflow/example_dags/example_nested_branch_dag.py took 0.056 seconds
[2021-03-18 08:04:54,707] {scheduler_job.py:182} INFO - Started process (PID=74) to work on /home/airflow/.local/lib/python3.6/site-packages/airflow/example_dags/example_nested_branch_dag.py
[2021-03-18 08:04:54,709] {scheduler_job.py:629} INFO - Processing file /home/airflow/.local/lib/python3.6/site-packages/airflow/example_dags/example_nested_branch_dag.py for tasks to queue
[2021-03-18 08:04:54,710] {logging_mixin.py:104} INFO - [2021-03-18 08:04:54,710] {dagbag.py:448} INFO - Filling up the DagBag from /home/airflow/.local/lib/python3.6/site-packages/airflow/example_dags/example_nested_branch_dag.py
[2021-03-18 08:04:54,722] {scheduler_job.py:639} INFO - DAG(s) dict_keys(['example_nested_branch_dag']) retrieved from /home/airflow/.local/lib/python3.6/site-packages/airflow/example_dags/example_nested_branch_dag.py
[2021-03-18 08:04:54,740] {logging_mixin.py:104} INFO - [2021-03-18 08:04:54,740] {dag.py:1818} INFO - Sync 1 DAGs
[2021-03-18 08:04:54,758] {logging_mixin.py:104} INFO - [2021-03-18 08:04:54,758] {dag.py:2273} INFO - Setting next_dagrun for example_nested_branch_dag to 2021-03-16 00:00:00+00:00
[2021-03-18 08:04:54,767] {scheduler_job.py:190} INFO - Processing /home/airflow/.local/lib/python3.6/site-packages/airflow/example_dags/example_nested_branch_dag.py took 0.063 seconds
[2021-03-18 08:05:24,877] {scheduler_job.py:182} INFO - Started process (PID=100) to work on /home/airflow/.local/lib/python3.6/site-packages/airflow/example_dags/example_nested_branch_dag.py
[2021-03-18 08:05:24,878] {scheduler_job.py:629} INFO - Processing file /home/airflow/.local/lib/python3.6/site-packages/airflow/example_dags/example_nested_branch_dag.py for tasks to queue
[2021-03-18 08:05:24,879] {logging_mixin.py:104} INFO - [2021-03-18 08:05:24,879] {dagbag.py:448} INFO - Filling up the DagBag from /home/airflow/.local/lib/python3.6/site-packages/airflow/example_dags/example_nested_branch_dag.py
[2021-03-18 08:05:24,890] {scheduler_job.py:639} INFO - DAG(s) dict_keys(['example_nested_branch_dag']) retrieved from /home/airflow/.local/lib/python3.6/site-packages/airflow/example_dags/example_nested_branch_dag.py
[2021-03-18 08:05:24,908] {logging_mixin.py:104} INFO - [2021-03-18 08:05:24,908] {dag.py:1818} INFO - Sync 1 DAGs
[2021-03-18 08:05:24,927] {logging_mixin.py:104} INFO - [2021-03-18 08:05:24,927] {dag.py:2273} INFO - Setting next_dagrun for example_nested_branch_dag to 2021-03-16 00:00:00+00:00
[2021-03-18 08:05:24,936] {scheduler_job.py:190} INFO - Processing /home/airflow/.local/lib/python3.6/site-packages/airflow/example_dags/example_nested_branch_dag.py took 0.061 seconds
[2021-03-18 08:05:54,963] {scheduler_job.py:182} INFO - Started process (PID=126) to work on /home/airflow/.local/lib/python3.6/site-packages/airflow/example_dags/example_nested_branch_dag.py
[2021-03-18 08:05:54,964] {scheduler_job.py:629} INFO - Processing file /home/airflow/.local/lib/python3.6/site-packages/airflow/example_dags/example_nested_branch_dag.py for tasks to queue
[2021-03-18 08:05:54,965] {logging_mixin.py:104} INFO - [2021-03-18 08:05:54,965] {dagbag.py:448} INFO - Filling up the DagBag from /home/airflow/.local/lib/python3.6/site-packages/airflow/example_dags/example_nested_branch_dag.py
[2021-03-18 08:05:54,976] {scheduler_job.py:639} INFO - DAG(s) dict_keys(['example_nested_branch_dag']) retrieved from /home/airflow/.local/lib/python3.6/site-packages/airflow/example_dags/example_nested_branch_dag.py
[2021-03-18 08:05:54,995] {logging_mixin.py:104} INFO - [2021-03-18 08:05:54,995] {dag.py:1818} INFO - Sync 1 DAGs
[2021-03-18 08:05:55,013] {logging_mixin.py:104} INFO - [2021-03-18 08:05:55,013] {dag.py:2273} INFO - Setting next_dagrun for example_nested_branch_dag to 2021-03-16 00:00:00+00:00
[2021-03-18 08:05:55,022] {scheduler_job.py:190} INFO - Processing /home/airflow/.local/lib/python3.6/site-packages/airflow/example_dags/example_nested_branch_dag.py took 0.062 seconds
[2021-03-18 08:06:25,069] {scheduler_job.py:182} INFO - Started process (PID=152) to work on /home/airflow/.local/lib/python3.6/site-packages/airflow/example_dags/example_nested_branch_dag.py
[2021-03-18 08:06:25,071] {scheduler_job.py:629} INFO - Processing file /home/airflow/.local/lib/python3.6/site-packages/airflow/example_dags/example_nested_branch_dag.py for tasks to queue
[2021-03-18 08:06:25,072] {logging_mixin.py:104} INFO - [2021-03-18 08:06:25,072] {dagbag.py:448} INFO - Filling up the DagBag from /home/airflow/.local/lib/python3.6/site-packages/airflow/example_dags/example_nested_branch_dag.py
[2021-03-18 08:06:25,083] {scheduler_job.py:639} INFO - DAG(s) dict_keys(['example_nested_branch_dag']) retrieved from /home/airflow/.local/lib/python3.6/site-packages/airflow/example_dags/example_nested_branch_dag.py
[2021-03-18 08:06:25,100] {logging_mixin.py:104} INFO - [2021-03-18 08:06:25,100] {dag.py:1818} INFO - Sync 1 DAGs
[2021-03-18 08:06:25,118] {logging_mixin.py:104} INFO - [2021-03-18 08:06:25,118] {dag.py:2273} INFO - Setting next_dagrun for example_nested_branch_dag to 2021-03-16 00:00:00+00:00
[2021-03-18 08:06:25,127] {scheduler_job.py:190} INFO - Processing /home/airflow/.local/lib/python3.6/site-packages/airflow/example_dags/example_nested_branch_dag.py took 0.059 seconds
[2021-03-18 08:06:55,317] {scheduler_job.py:182} INFO - Started process (PID=178) to work on /home/airflow/.local/lib/python3.6/site-packages/airflow/example_dags/example_nested_branch_dag.py
[2021-03-18 08:06:55,318] {scheduler_job.py:629} INFO - Processing file /home/airflow/.local/lib/python3.6/site-packages/airflow/example_dags/example_nested_branch_dag.py for tasks to queue
[2021-03-18 08:06:55,319] {logging_mixin.py:104} INFO - [2021-03-18 08:06:55,318] {dagbag.py:448} INFO - Filling up the DagBag from /home/airflow/.local/lib/python3.6/site-packages/airflow/example_dags/example_nested_branch_dag.py
[2021-03-18 08:06:55,331] {scheduler_job.py:639} INFO - DAG(s) dict_keys(['example_nested_branch_dag']) retrieved from /home/airflow/.local/lib/python3.6/site-packages/airflow/example_dags/example_nested_branch_dag.py
[2021-03-18 08:06:55,349] {logging_mixin.py:104} INFO - [2021-03-18 08:06:55,349] {dag.py:1818} INFO - Sync 1 DAGs
[2021-03-18 08:06:55,366] {logging_mixin.py:104} INFO - [2021-03-18 08:06:55,366] {dag.py:2273} INFO - Setting next_dagrun for example_nested_branch_dag to 2021-03-16 00:00:00+00:00
[2021-03-18 08:06:55,381] {scheduler_job.py:190} INFO - Processing /home/airflow/.local/lib/python3.6/site-packages/airflow/example_dags/example_nested_branch_dag.py took 0.067 seconds
[2021-03-18 08:07:25,509] {scheduler_job.py:182} INFO - Started process (PID=204) to work on /home/airflow/.local/lib/python3.6/site-packages/airflow/example_dags/example_nested_branch_dag.py
[2021-03-18 08:07:25,510] {scheduler_job.py:629} INFO - Processing file /home/airflow/.local/lib/python3.6/site-packages/airflow/example_dags/example_nested_branch_dag.py for tasks to queue
[2021-03-18 08:07:25,511] {logging_mixin.py:104} INFO - [2021-03-18 08:07:25,511] {dagbag.py:448} INFO - Filling up the DagBag from /home/airflow/.local/lib/python3.6/site-packages/airflow/example_dags/example_nested_branch_dag.py
[2021-03-18 08:07:25,522] {scheduler_job.py:639} INFO - DAG(s) dict_keys(['example_nested_branch_dag']) retrieved from /home/airflow/.local/lib/python3.6/site-packages/airflow/example_dags/example_nested_branch_dag.py
[2021-03-18 08:07:25,540] {logging_mixin.py:104} INFO - [2021-03-18 08:07:25,540] {dag.py:1818} INFO - Sync 1 DAGs
[2021-03-18 08:07:25,558] {logging_mixin.py:104} INFO - [2021-03-18 08:07:25,558] {dag.py:2273} INFO - Setting next_dagrun for example_nested_branch_dag to 2021-03-16 00:00:00+00:00
[2021-03-18 08:07:25,567] {scheduler_job.py:190} INFO - Processing /home/airflow/.local/lib/python3.6/site-packages/airflow/example_dags/example_nested_branch_dag.py took 0.060 seconds
[2021-03-18 08:07:55,598] {scheduler_job.py:182} INFO - Started process (PID=231) to work on /home/airflow/.local/lib/python3.6/site-packages/airflow/example_dags/example_nested_branch_dag.py
[2021-03-18 08:07:55,599] {scheduler_job.py:629} INFO - Processing file /home/airflow/.local/lib/python3.6/site-packages/airflow/example_dags/example_nested_branch_dag.py for tasks to queue
[2021-03-18 08:07:55,600] {logging_mixin.py:104} INFO - [2021-03-18 08:07:55,600] {dagbag.py:448} INFO - Filling up the DagBag from /home/airflow/.local/lib/python3.6/site-packages/airflow/example_dags/example_nested_branch_dag.py
[2021-03-18 08:07:55,612] {scheduler_job.py:639} INFO - DAG(s) dict_keys(['example_nested_branch_dag']) retrieved from /home/airflow/.local/lib/python3.6/site-packages/airflow/example_dags/example_nested_branch_dag.py
[2021-03-18 08:07:55,629] {logging_mixin.py:104} INFO - [2021-03-18 08:07:55,629] {dag.py:1818} INFO - Sync 1 DAGs
[2021-03-18 08:07:55,648] {logging_mixin.py:104} INFO - [2021-03-18 08:07:55,648] {dag.py:2273} INFO - Setting next_dagrun for example_nested_branch_dag to 2021-03-16 00:00:00+00:00
[2021-03-18 08:07:55,656] {scheduler_job.py:190} INFO - Processing /home/airflow/.local/lib/python3.6/site-packages/airflow/example_dags/example_nested_branch_dag.py took 0.061 seconds
[2021-03-18 08:08:25,792] {scheduler_job.py:182} INFO - Started process (PID=256) to work on /home/airflow/.local/lib/python3.6/site-packages/airflow/example_dags/example_nested_branch_dag.py
[2021-03-18 08:08:25,793] {scheduler_job.py:629} INFO - Processing file /home/airflow/.local/lib/python3.6/site-packages/airflow/example_dags/example_nested_branch_dag.py for tasks to queue
[2021-03-18 08:08:25,794] {logging_mixin.py:104} INFO - [2021-03-18 08:08:25,794] {dagbag.py:448} INFO - Filling up the DagBag from /home/airflow/.local/lib/python3.6/site-packages/airflow/example_dags/example_nested_branch_dag.py
[2021-03-18 08:08:25,806] {scheduler_job.py:639} INFO - DAG(s) dict_keys(['example_nested_branch_dag']) retrieved from /home/airflow/.local/lib/python3.6/site-packages/airflow/example_dags/example_nested_branch_dag.py
[2021-03-18 08:08:25,823] {logging_mixin.py:104} INFO - [2021-03-18 08:08:25,823] {dag.py:1818} INFO - Sync 1 DAGs
[2021-03-18 08:08:25,839] {logging_mixin.py:104} INFO - [2021-03-18 08:08:25,839] {dag.py:2273} INFO - Setting next_dagrun for example_nested_branch_dag to 2021-03-16 00:00:00+00:00
[2021-03-18 08:08:25,848] {scheduler_job.py:190} INFO - Processing /home/airflow/.local/lib/python3.6/site-packages/airflow/example_dags/example_nested_branch_dag.py took 0.058 seconds
[2021-03-18 08:08:55,948] {scheduler_job.py:182} INFO - Started process (PID=282) to work on /home/airflow/.local/lib/python3.6/site-packages/airflow/example_dags/example_nested_branch_dag.py
[2021-03-18 08:08:55,950] {scheduler_job.py:629} INFO - Processing file /home/airflow/.local/lib/python3.6/site-packages/airflow/example_dags/example_nested_branch_dag.py for tasks to queue
[2021-03-18 08:08:55,951] {logging_mixin.py:104} INFO - [2021-03-18 08:08:55,951] {dagbag.py:448} INFO - Filling up the DagBag from /home/airflow/.local/lib/python3.6/site-packages/airflow/example_dags/example_nested_branch_dag.py
[2021-03-18 08:08:55,963] {scheduler_job.py:639} INFO - DAG(s) dict_keys(['example_nested_branch_dag']) retrieved from /home/airflow/.local/lib/python3.6/site-packages/airflow/example_dags/example_nested_branch_dag.py
[2021-03-18 08:08:55,980] {logging_mixin.py:104} INFO - [2021-03-18 08:08:55,980] {dag.py:1818} INFO - Sync 1 DAGs
[2021-03-18 08:08:56,000] {logging_mixin.py:104} INFO - [2021-03-18 08:08:56,000] {dag.py:2273} INFO - Setting next_dagrun for example_nested_branch_dag to 2021-03-16 00:00:00+00:00
[2021-03-18 08:08:56,010] {scheduler_job.py:190} INFO - Processing /home/airflow/.local/lib/python3.6/site-packages/airflow/example_dags/example_nested_branch_dag.py took 0.063 seconds
[2021-03-18 08:09:26,049] {scheduler_job.py:182} INFO - Started process (PID=308) to work on /home/airflow/.local/lib/python3.6/site-packages/airflow/example_dags/example_nested_branch_dag.py
[2021-03-18 08:09:26,051] {scheduler_job.py:629} INFO - Processing file /home/airflow/.local/lib/python3.6/site-packages/airflow/example_dags/example_nested_branch_dag.py for tasks to queue
[2021-03-18 08:09:26,052] {logging_mixin.py:104} INFO - [2021-03-18 08:09:26,052] {dagbag.py:448} INFO - Filling up the DagBag from /home/airflow/.local/lib/python3.6/site-packages/airflow/example_dags/example_nested_branch_dag.py
[2021-03-18 08:09:26,065] {scheduler_job.py:639} INFO - DAG(s) dict_keys(['example_nested_branch_dag']) retrieved from /home/airflow/.local/lib/python3.6/site-packages/airflow/example_dags/example_nested_branch_dag.py
[2021-03-18 08:09:26,084] {logging_mixin.py:104} INFO - [2021-03-18 08:09:26,084] {dag.py:1818} INFO - Sync 1 DAGs
[2021-03-18 08:09:26,106] {logging_mixin.py:104} INFO - [2021-03-18 08:09:26,105] {dag.py:2273} INFO - Setting next_dagrun for example_nested_branch_dag to 2021-03-16 00:00:00+00:00
[2021-03-18 08:09:26,118] {scheduler_job.py:190} INFO - Processing /home/airflow/.local/lib/python3.6/site-packages/airflow/example_dags/example_nested_branch_dag.py took 0.071 seconds
[2021-03-18 08:09:56,163] {scheduler_job.py:182} INFO - Started process (PID=334) to work on /home/airflow/.local/lib/python3.6/site-packages/airflow/example_dags/example_nested_branch_dag.py
[2021-03-18 08:09:56,164] {scheduler_job.py:629} INFO - Processing file /home/airflow/.local/lib/python3.6/site-packages/airflow/example_dags/example_nested_branch_dag.py for tasks to queue
[2021-03-18 08:09:56,165] {logging_mixin.py:104} INFO - [2021-03-18 08:09:56,165] {dagbag.py:448} INFO - Filling up the DagBag from /home/airflow/.local/lib/python3.6/site-packages/airflow/example_dags/example_nested_branch_dag.py
[2021-03-18 08:09:56,178] {scheduler_job.py:639} INFO - DAG(s) dict_keys(['example_nested_branch_dag']) retrieved from /home/airflow/.local/lib/python3.6/site-packages/airflow/example_dags/example_nested_branch_dag.py
[2021-03-18 08:09:56,196] {logging_mixin.py:104} INFO - [2021-03-18 08:09:56,196] {dag.py:1818} INFO - Sync 1 DAGs
[2021-03-18 08:09:56,218] {logging_mixin.py:104} INFO - [2021-03-18 08:09:56,218] {dag.py:2273} INFO - Setting next_dagrun for example_nested_branch_dag to 2021-03-16 00:00:00+00:00
[2021-03-18 08:09:56,228] {scheduler_job.py:190} INFO - Processing /home/airflow/.local/lib/python3.6/site-packages/airflow/example_dags/example_nested_branch_dag.py took 0.067 seconds
[2021-03-18 08:10:26,329] {scheduler_job.py:182} INFO - Started process (PID=360) to work on /home/airflow/.local/lib/python3.6/site-packages/airflow/example_dags/example_nested_branch_dag.py
[2021-03-18 08:10:26,330] {scheduler_job.py:629} INFO - Processing file /home/airflow/.local/lib/python3.6/site-packages/airflow/example_dags/example_nested_branch_dag.py for tasks to queue
[2021-03-18 08:10:26,332] {logging_mixin.py:104} INFO - [2021-03-18 08:10:26,332] {dagbag.py:448} INFO - Filling up the DagBag from /home/airflow/.local/lib/python3.6/site-packages/airflow/example_dags/example_nested_branch_dag.py
[2021-03-18 08:10:26,347] {scheduler_job.py:639} INFO - DAG(s) dict_keys(['example_nested_branch_dag']) retrieved from /home/airflow/.local/lib/python3.6/site-packages/airflow/example_dags/example_nested_branch_dag.py
[2021-03-18 08:10:26,380] {logging_mixin.py:104} INFO - [2021-03-18 08:10:26,380] {dag.py:1818} INFO - Sync 1 DAGs
[2021-03-18 08:10:26,408] {logging_mixin.py:104} INFO - [2021-03-18 08:10:26,407] {dag.py:2273} INFO - Setting next_dagrun for example_nested_branch_dag to 2021-03-16 00:00:00+00:00
[2021-03-18 08:10:26,423] {scheduler_job.py:190} INFO - Processing /home/airflow/.local/lib/python3.6/site-packages/airflow/example_dags/example_nested_branch_dag.py took 0.096 seconds
[2021-03-18 08:10:56,515] {scheduler_job.py:182} INFO - Started process (PID=386) to work on /home/airflow/.local/lib/python3.6/site-packages/airflow/example_dags/example_nested_branch_dag.py
[2021-03-18 08:10:56,517] {scheduler_job.py:629} INFO - Processing file /home/airflow/.local/lib/python3.6/site-packages/airflow/example_dags/example_nested_branch_dag.py for tasks to queue
[2021-03-18 08:10:56,518] {logging_mixin.py:104} INFO - [2021-03-18 08:10:56,518] {dagbag.py:448} INFO - Filling up the DagBag from /home/airflow/.local/lib/python3.6/site-packages/airflow/example_dags/example_nested_branch_dag.py
[2021-03-18 08:10:56,530] {scheduler_job.py:639} INFO - DAG(s) dict_keys(['example_nested_branch_dag']) retrieved from /home/airflow/.local/lib/python3.6/site-packages/airflow/example_dags/example_nested_branch_dag.py
[2021-03-18 08:10:56,548] {logging_mixin.py:104} INFO - [2021-03-18 08:10:56,548] {dag.py:1818} INFO - Sync 1 DAGs
[2021-03-18 08:10:56,568] {logging_mixin.py:104} INFO - [2021-03-18 08:10:56,568] {dag.py:2273} INFO - Setting next_dagrun for example_nested_branch_dag to 2021-03-16 00:00:00+00:00
[2021-03-18 08:10:56,579] {scheduler_job.py:190} INFO - Processing /home/airflow/.local/lib/python3.6/site-packages/airflow/example_dags/example_nested_branch_dag.py took 0.066 seconds
[2021-03-18 10:16:28,874] {scheduler_job.py:182} INFO - Started process (PID=25) to work on /home/airflow/.local/lib/python3.6/site-packages/airflow/example_dags/example_nested_branch_dag.py
[2021-03-18 10:16:28,876] {scheduler_job.py:629} INFO - Processing file /home/airflow/.local/lib/python3.6/site-packages/airflow/example_dags/example_nested_branch_dag.py for tasks to queue
[2021-03-18 10:16:28,877] {logging_mixin.py:104} INFO - [2021-03-18 10:16:28,877] {dagbag.py:448} INFO - Filling up the DagBag from /home/airflow/.local/lib/python3.6/site-packages/airflow/example_dags/example_nested_branch_dag.py
[2021-03-18 10:16:28,923] {scheduler_job.py:639} INFO - DAG(s) dict_keys(['example_nested_branch_dag']) retrieved from /home/airflow/.local/lib/python3.6/site-packages/airflow/example_dags/example_nested_branch_dag.py
[2021-03-18 10:16:28,994] {logging_mixin.py:104} INFO - [2021-03-18 10:16:28,993] {dag.py:1818} INFO - Sync 1 DAGs
[2021-03-18 10:16:29,074] {logging_mixin.py:104} INFO - [2021-03-18 10:16:29,074] {dag.py:2273} INFO - Setting next_dagrun for example_nested_branch_dag to 2021-03-16 00:00:00+00:00
[2021-03-18 10:16:29,103] {scheduler_job.py:190} INFO - Processing /home/airflow/.local/lib/python3.6/site-packages/airflow/example_dags/example_nested_branch_dag.py took 0.231 seconds
[2021-03-18 10:16:59,257] {scheduler_job.py:182} INFO - Started process (PID=52) to work on /home/airflow/.local/lib/python3.6/site-packages/airflow/example_dags/example_nested_branch_dag.py
[2021-03-18 10:16:59,259] {scheduler_job.py:629} INFO - Processing file /home/airflow/.local/lib/python3.6/site-packages/airflow/example_dags/example_nested_branch_dag.py for tasks to queue
[2021-03-18 10:16:59,260] {logging_mixin.py:104} INFO - [2021-03-18 10:16:59,260] {dagbag.py:448} INFO - Filling up the DagBag from /home/airflow/.local/lib/python3.6/site-packages/airflow/example_dags/example_nested_branch_dag.py
[2021-03-18 10:16:59,274] {scheduler_job.py:639} INFO - DAG(s) dict_keys(['example_nested_branch_dag']) retrieved from /home/airflow/.local/lib/python3.6/site-packages/airflow/example_dags/example_nested_branch_dag.py
[2021-03-18 10:16:59,297] {logging_mixin.py:104} INFO - [2021-03-18 10:16:59,297] {dag.py:1818} INFO - Sync 1 DAGs
[2021-03-18 10:16:59,317] {logging_mixin.py:104} INFO - [2021-03-18 10:16:59,316] {dag.py:2273} INFO - Setting next_dagrun for example_nested_branch_dag to 2021-03-16 00:00:00+00:00
[2021-03-18 10:16:59,327] {scheduler_job.py:190} INFO - Processing /home/airflow/.local/lib/python3.6/site-packages/airflow/example_dags/example_nested_branch_dag.py took 0.072 seconds
