[2021-03-18 08:03:54,995] {scheduler_job.py:182} INFO - Started process (PID=40) to work on /home/airflow/.local/lib/python3.6/site-packages/airflow/example_dags/example_skip_dag.py
[2021-03-18 08:03:54,998] {scheduler_job.py:629} INFO - Processing file /home/airflow/.local/lib/python3.6/site-packages/airflow/example_dags/example_skip_dag.py for tasks to queue
[2021-03-18 08:03:54,999] {logging_mixin.py:104} INFO - [2021-03-18 08:03:54,999] {dagbag.py:448} INFO - Filling up the DagBag from /home/airflow/.local/lib/python3.6/site-packages/airflow/example_dags/example_skip_dag.py
[2021-03-18 08:03:55,016] {scheduler_job.py:639} INFO - DAG(s) dict_keys(['example_skip_dag']) retrieved from /home/airflow/.local/lib/python3.6/site-packages/airflow/example_dags/example_skip_dag.py
[2021-03-18 08:03:55,089] {logging_mixin.py:104} INFO - [2021-03-18 08:03:55,089] {dag.py:1818} INFO - Sync 1 DAGs
[2021-03-18 08:03:55,110] {logging_mixin.py:104} INFO - [2021-03-18 08:03:55,110] {dag.py:1837} INFO - Creating ORM DAG for example_skip_dag
[2021-03-18 08:03:55,124] {logging_mixin.py:104} INFO - [2021-03-18 08:03:55,124] {dag.py:2273} INFO - Setting next_dagrun for example_skip_dag to 2021-03-16 00:00:00+00:00
[2021-03-18 08:03:55,155] {scheduler_job.py:190} INFO - Processing /home/airflow/.local/lib/python3.6/site-packages/airflow/example_dags/example_skip_dag.py took 0.162 seconds
[2021-03-18 08:04:25,460] {scheduler_job.py:182} INFO - Started process (PID=69) to work on /home/airflow/.local/lib/python3.6/site-packages/airflow/example_dags/example_skip_dag.py
[2021-03-18 08:04:25,461] {scheduler_job.py:629} INFO - Processing file /home/airflow/.local/lib/python3.6/site-packages/airflow/example_dags/example_skip_dag.py for tasks to queue
[2021-03-18 08:04:25,462] {logging_mixin.py:104} INFO - [2021-03-18 08:04:25,462] {dagbag.py:448} INFO - Filling up the DagBag from /home/airflow/.local/lib/python3.6/site-packages/airflow/example_dags/example_skip_dag.py
[2021-03-18 08:04:25,470] {scheduler_job.py:639} INFO - DAG(s) dict_keys(['example_skip_dag']) retrieved from /home/airflow/.local/lib/python3.6/site-packages/airflow/example_dags/example_skip_dag.py
[2021-03-18 08:04:25,489] {logging_mixin.py:104} INFO - [2021-03-18 08:04:25,489] {dag.py:1818} INFO - Sync 1 DAGs
[2021-03-18 08:04:25,502] {logging_mixin.py:104} INFO - [2021-03-18 08:04:25,502] {dag.py:2273} INFO - Setting next_dagrun for example_skip_dag to 2021-03-16 00:00:00+00:00
[2021-03-18 08:04:25,512] {scheduler_job.py:190} INFO - Processing /home/airflow/.local/lib/python3.6/site-packages/airflow/example_dags/example_skip_dag.py took 0.055 seconds
[2021-03-18 08:04:55,695] {scheduler_job.py:182} INFO - Started process (PID=97) to work on /home/airflow/.local/lib/python3.6/site-packages/airflow/example_dags/example_skip_dag.py
[2021-03-18 08:04:55,697] {scheduler_job.py:629} INFO - Processing file /home/airflow/.local/lib/python3.6/site-packages/airflow/example_dags/example_skip_dag.py for tasks to queue
[2021-03-18 08:04:55,698] {logging_mixin.py:104} INFO - [2021-03-18 08:04:55,698] {dagbag.py:448} INFO - Filling up the DagBag from /home/airflow/.local/lib/python3.6/site-packages/airflow/example_dags/example_skip_dag.py
[2021-03-18 08:04:55,706] {scheduler_job.py:639} INFO - DAG(s) dict_keys(['example_skip_dag']) retrieved from /home/airflow/.local/lib/python3.6/site-packages/airflow/example_dags/example_skip_dag.py
[2021-03-18 08:04:55,724] {logging_mixin.py:104} INFO - [2021-03-18 08:04:55,724] {dag.py:1818} INFO - Sync 1 DAGs
[2021-03-18 08:04:55,738] {logging_mixin.py:104} INFO - [2021-03-18 08:04:55,738] {dag.py:2273} INFO - Setting next_dagrun for example_skip_dag to 2021-03-16 00:00:00+00:00
[2021-03-18 08:04:55,747] {scheduler_job.py:190} INFO - Processing /home/airflow/.local/lib/python3.6/site-packages/airflow/example_dags/example_skip_dag.py took 0.053 seconds
[2021-03-18 08:05:25,789] {scheduler_job.py:182} INFO - Started process (PID=123) to work on /home/airflow/.local/lib/python3.6/site-packages/airflow/example_dags/example_skip_dag.py
[2021-03-18 08:05:25,790] {scheduler_job.py:629} INFO - Processing file /home/airflow/.local/lib/python3.6/site-packages/airflow/example_dags/example_skip_dag.py for tasks to queue
[2021-03-18 08:05:25,791] {logging_mixin.py:104} INFO - [2021-03-18 08:05:25,791] {dagbag.py:448} INFO - Filling up the DagBag from /home/airflow/.local/lib/python3.6/site-packages/airflow/example_dags/example_skip_dag.py
[2021-03-18 08:05:25,803] {scheduler_job.py:639} INFO - DAG(s) dict_keys(['example_skip_dag']) retrieved from /home/airflow/.local/lib/python3.6/site-packages/airflow/example_dags/example_skip_dag.py
[2021-03-18 08:05:25,821] {logging_mixin.py:104} INFO - [2021-03-18 08:05:25,821] {dag.py:1818} INFO - Sync 1 DAGs
[2021-03-18 08:05:25,835] {logging_mixin.py:104} INFO - [2021-03-18 08:05:25,835] {dag.py:2273} INFO - Setting next_dagrun for example_skip_dag to 2021-03-16 00:00:00+00:00
[2021-03-18 08:05:25,843] {scheduler_job.py:190} INFO - Processing /home/airflow/.local/lib/python3.6/site-packages/airflow/example_dags/example_skip_dag.py took 0.057 seconds
[2021-03-18 08:05:55,905] {scheduler_job.py:182} INFO - Started process (PID=149) to work on /home/airflow/.local/lib/python3.6/site-packages/airflow/example_dags/example_skip_dag.py
[2021-03-18 08:05:55,907] {scheduler_job.py:629} INFO - Processing file /home/airflow/.local/lib/python3.6/site-packages/airflow/example_dags/example_skip_dag.py for tasks to queue
[2021-03-18 08:05:55,908] {logging_mixin.py:104} INFO - [2021-03-18 08:05:55,908] {dagbag.py:448} INFO - Filling up the DagBag from /home/airflow/.local/lib/python3.6/site-packages/airflow/example_dags/example_skip_dag.py
[2021-03-18 08:05:55,917] {scheduler_job.py:639} INFO - DAG(s) dict_keys(['example_skip_dag']) retrieved from /home/airflow/.local/lib/python3.6/site-packages/airflow/example_dags/example_skip_dag.py
[2021-03-18 08:05:55,937] {logging_mixin.py:104} INFO - [2021-03-18 08:05:55,937] {dag.py:1818} INFO - Sync 1 DAGs
[2021-03-18 08:05:55,949] {logging_mixin.py:104} INFO - [2021-03-18 08:05:55,949] {dag.py:2273} INFO - Setting next_dagrun for example_skip_dag to 2021-03-16 00:00:00+00:00
[2021-03-18 08:05:55,958] {scheduler_job.py:190} INFO - Processing /home/airflow/.local/lib/python3.6/site-packages/airflow/example_dags/example_skip_dag.py took 0.055 seconds
[2021-03-18 08:06:26,008] {scheduler_job.py:182} INFO - Started process (PID=172) to work on /home/airflow/.local/lib/python3.6/site-packages/airflow/example_dags/example_skip_dag.py
[2021-03-18 08:06:26,010] {scheduler_job.py:629} INFO - Processing file /home/airflow/.local/lib/python3.6/site-packages/airflow/example_dags/example_skip_dag.py for tasks to queue
[2021-03-18 08:06:26,011] {logging_mixin.py:104} INFO - [2021-03-18 08:06:26,011] {dagbag.py:448} INFO - Filling up the DagBag from /home/airflow/.local/lib/python3.6/site-packages/airflow/example_dags/example_skip_dag.py
[2021-03-18 08:06:26,019] {scheduler_job.py:639} INFO - DAG(s) dict_keys(['example_skip_dag']) retrieved from /home/airflow/.local/lib/python3.6/site-packages/airflow/example_dags/example_skip_dag.py
[2021-03-18 08:06:26,038] {logging_mixin.py:104} INFO - [2021-03-18 08:06:26,038] {dag.py:1818} INFO - Sync 1 DAGs
[2021-03-18 08:06:26,052] {logging_mixin.py:104} INFO - [2021-03-18 08:06:26,052] {dag.py:2273} INFO - Setting next_dagrun for example_skip_dag to 2021-03-16 00:00:00+00:00
[2021-03-18 08:06:26,062] {scheduler_job.py:190} INFO - Processing /home/airflow/.local/lib/python3.6/site-packages/airflow/example_dags/example_skip_dag.py took 0.057 seconds
[2021-03-18 08:06:56,222] {scheduler_job.py:182} INFO - Started process (PID=198) to work on /home/airflow/.local/lib/python3.6/site-packages/airflow/example_dags/example_skip_dag.py
[2021-03-18 08:06:56,223] {scheduler_job.py:629} INFO - Processing file /home/airflow/.local/lib/python3.6/site-packages/airflow/example_dags/example_skip_dag.py for tasks to queue
[2021-03-18 08:06:56,225] {logging_mixin.py:104} INFO - [2021-03-18 08:06:56,224] {dagbag.py:448} INFO - Filling up the DagBag from /home/airflow/.local/lib/python3.6/site-packages/airflow/example_dags/example_skip_dag.py
[2021-03-18 08:06:56,235] {scheduler_job.py:639} INFO - DAG(s) dict_keys(['example_skip_dag']) retrieved from /home/airflow/.local/lib/python3.6/site-packages/airflow/example_dags/example_skip_dag.py
[2021-03-18 08:06:56,255] {logging_mixin.py:104} INFO - [2021-03-18 08:06:56,255] {dag.py:1818} INFO - Sync 1 DAGs
[2021-03-18 08:06:56,271] {logging_mixin.py:104} INFO - [2021-03-18 08:06:56,271] {dag.py:2273} INFO - Setting next_dagrun for example_skip_dag to 2021-03-16 00:00:00+00:00
[2021-03-18 08:06:56,279] {scheduler_job.py:190} INFO - Processing /home/airflow/.local/lib/python3.6/site-packages/airflow/example_dags/example_skip_dag.py took 0.060 seconds
[2021-03-18 08:07:26,327] {scheduler_job.py:182} INFO - Started process (PID=225) to work on /home/airflow/.local/lib/python3.6/site-packages/airflow/example_dags/example_skip_dag.py
[2021-03-18 08:07:26,328] {scheduler_job.py:629} INFO - Processing file /home/airflow/.local/lib/python3.6/site-packages/airflow/example_dags/example_skip_dag.py for tasks to queue
[2021-03-18 08:07:26,329] {logging_mixin.py:104} INFO - [2021-03-18 08:07:26,329] {dagbag.py:448} INFO - Filling up the DagBag from /home/airflow/.local/lib/python3.6/site-packages/airflow/example_dags/example_skip_dag.py
[2021-03-18 08:07:26,337] {scheduler_job.py:639} INFO - DAG(s) dict_keys(['example_skip_dag']) retrieved from /home/airflow/.local/lib/python3.6/site-packages/airflow/example_dags/example_skip_dag.py
[2021-03-18 08:07:26,354] {logging_mixin.py:104} INFO - [2021-03-18 08:07:26,354] {dag.py:1818} INFO - Sync 1 DAGs
[2021-03-18 08:07:26,368] {logging_mixin.py:104} INFO - [2021-03-18 08:07:26,368] {dag.py:2273} INFO - Setting next_dagrun for example_skip_dag to 2021-03-16 00:00:00+00:00
[2021-03-18 08:07:26,378] {scheduler_job.py:190} INFO - Processing /home/airflow/.local/lib/python3.6/site-packages/airflow/example_dags/example_skip_dag.py took 0.053 seconds
[2021-03-18 08:07:56,510] {scheduler_job.py:182} INFO - Started process (PID=250) to work on /home/airflow/.local/lib/python3.6/site-packages/airflow/example_dags/example_skip_dag.py
[2021-03-18 08:07:56,511] {scheduler_job.py:629} INFO - Processing file /home/airflow/.local/lib/python3.6/site-packages/airflow/example_dags/example_skip_dag.py for tasks to queue
[2021-03-18 08:07:56,512] {logging_mixin.py:104} INFO - [2021-03-18 08:07:56,512] {dagbag.py:448} INFO - Filling up the DagBag from /home/airflow/.local/lib/python3.6/site-packages/airflow/example_dags/example_skip_dag.py
[2021-03-18 08:07:56,521] {scheduler_job.py:639} INFO - DAG(s) dict_keys(['example_skip_dag']) retrieved from /home/airflow/.local/lib/python3.6/site-packages/airflow/example_dags/example_skip_dag.py
[2021-03-18 08:07:56,538] {logging_mixin.py:104} INFO - [2021-03-18 08:07:56,538] {dag.py:1818} INFO - Sync 1 DAGs
[2021-03-18 08:07:56,551] {logging_mixin.py:104} INFO - [2021-03-18 08:07:56,551] {dag.py:2273} INFO - Setting next_dagrun for example_skip_dag to 2021-03-16 00:00:00+00:00
[2021-03-18 08:07:56,560] {scheduler_job.py:190} INFO - Processing /home/airflow/.local/lib/python3.6/site-packages/airflow/example_dags/example_skip_dag.py took 0.052 seconds
[2021-03-18 08:08:26,681] {scheduler_job.py:182} INFO - Started process (PID=277) to work on /home/airflow/.local/lib/python3.6/site-packages/airflow/example_dags/example_skip_dag.py
[2021-03-18 08:08:26,683] {scheduler_job.py:629} INFO - Processing file /home/airflow/.local/lib/python3.6/site-packages/airflow/example_dags/example_skip_dag.py for tasks to queue
[2021-03-18 08:08:26,683] {logging_mixin.py:104} INFO - [2021-03-18 08:08:26,683] {dagbag.py:448} INFO - Filling up the DagBag from /home/airflow/.local/lib/python3.6/site-packages/airflow/example_dags/example_skip_dag.py
[2021-03-18 08:08:26,692] {scheduler_job.py:639} INFO - DAG(s) dict_keys(['example_skip_dag']) retrieved from /home/airflow/.local/lib/python3.6/site-packages/airflow/example_dags/example_skip_dag.py
[2021-03-18 08:08:26,710] {logging_mixin.py:104} INFO - [2021-03-18 08:08:26,710] {dag.py:1818} INFO - Sync 1 DAGs
[2021-03-18 08:08:26,722] {logging_mixin.py:104} INFO - [2021-03-18 08:08:26,722] {dag.py:2273} INFO - Setting next_dagrun for example_skip_dag to 2021-03-16 00:00:00+00:00
[2021-03-18 08:08:26,731] {scheduler_job.py:190} INFO - Processing /home/airflow/.local/lib/python3.6/site-packages/airflow/example_dags/example_skip_dag.py took 0.051 seconds
[2021-03-18 08:08:56,772] {scheduler_job.py:182} INFO - Started process (PID=303) to work on /home/airflow/.local/lib/python3.6/site-packages/airflow/example_dags/example_skip_dag.py
[2021-03-18 08:08:56,773] {scheduler_job.py:629} INFO - Processing file /home/airflow/.local/lib/python3.6/site-packages/airflow/example_dags/example_skip_dag.py for tasks to queue
[2021-03-18 08:08:56,774] {logging_mixin.py:104} INFO - [2021-03-18 08:08:56,774] {dagbag.py:448} INFO - Filling up the DagBag from /home/airflow/.local/lib/python3.6/site-packages/airflow/example_dags/example_skip_dag.py
[2021-03-18 08:08:56,784] {scheduler_job.py:639} INFO - DAG(s) dict_keys(['example_skip_dag']) retrieved from /home/airflow/.local/lib/python3.6/site-packages/airflow/example_dags/example_skip_dag.py
[2021-03-18 08:08:56,805] {logging_mixin.py:104} INFO - [2021-03-18 08:08:56,805] {dag.py:1818} INFO - Sync 1 DAGs
[2021-03-18 08:08:56,822] {logging_mixin.py:104} INFO - [2021-03-18 08:08:56,822] {dag.py:2273} INFO - Setting next_dagrun for example_skip_dag to 2021-03-16 00:00:00+00:00
[2021-03-18 08:08:56,836] {scheduler_job.py:190} INFO - Processing /home/airflow/.local/lib/python3.6/site-packages/airflow/example_dags/example_skip_dag.py took 0.066 seconds
[2021-03-18 08:09:26,944] {scheduler_job.py:182} INFO - Started process (PID=329) to work on /home/airflow/.local/lib/python3.6/site-packages/airflow/example_dags/example_skip_dag.py
[2021-03-18 08:09:26,945] {scheduler_job.py:629} INFO - Processing file /home/airflow/.local/lib/python3.6/site-packages/airflow/example_dags/example_skip_dag.py for tasks to queue
[2021-03-18 08:09:26,945] {logging_mixin.py:104} INFO - [2021-03-18 08:09:26,945] {dagbag.py:448} INFO - Filling up the DagBag from /home/airflow/.local/lib/python3.6/site-packages/airflow/example_dags/example_skip_dag.py
[2021-03-18 08:09:26,954] {scheduler_job.py:639} INFO - DAG(s) dict_keys(['example_skip_dag']) retrieved from /home/airflow/.local/lib/python3.6/site-packages/airflow/example_dags/example_skip_dag.py
[2021-03-18 08:09:26,972] {logging_mixin.py:104} INFO - [2021-03-18 08:09:26,972] {dag.py:1818} INFO - Sync 1 DAGs
[2021-03-18 08:09:26,985] {logging_mixin.py:104} INFO - [2021-03-18 08:09:26,985] {dag.py:2273} INFO - Setting next_dagrun for example_skip_dag to 2021-03-16 00:00:00+00:00
[2021-03-18 08:09:26,993] {scheduler_job.py:190} INFO - Processing /home/airflow/.local/lib/python3.6/site-packages/airflow/example_dags/example_skip_dag.py took 0.052 seconds
[2021-03-18 08:09:57,108] {scheduler_job.py:182} INFO - Started process (PID=356) to work on /home/airflow/.local/lib/python3.6/site-packages/airflow/example_dags/example_skip_dag.py
[2021-03-18 08:09:57,109] {scheduler_job.py:629} INFO - Processing file /home/airflow/.local/lib/python3.6/site-packages/airflow/example_dags/example_skip_dag.py for tasks to queue
[2021-03-18 08:09:57,110] {logging_mixin.py:104} INFO - [2021-03-18 08:09:57,110] {dagbag.py:448} INFO - Filling up the DagBag from /home/airflow/.local/lib/python3.6/site-packages/airflow/example_dags/example_skip_dag.py
[2021-03-18 08:09:57,117] {scheduler_job.py:639} INFO - DAG(s) dict_keys(['example_skip_dag']) retrieved from /home/airflow/.local/lib/python3.6/site-packages/airflow/example_dags/example_skip_dag.py
[2021-03-18 08:09:57,136] {logging_mixin.py:104} INFO - [2021-03-18 08:09:57,136] {dag.py:1818} INFO - Sync 1 DAGs
[2021-03-18 08:09:57,149] {logging_mixin.py:104} INFO - [2021-03-18 08:09:57,149] {dag.py:2273} INFO - Setting next_dagrun for example_skip_dag to 2021-03-16 00:00:00+00:00
[2021-03-18 08:09:57,157] {scheduler_job.py:190} INFO - Processing /home/airflow/.local/lib/python3.6/site-packages/airflow/example_dags/example_skip_dag.py took 0.052 seconds
[2021-03-18 08:10:27,260] {scheduler_job.py:182} INFO - Started process (PID=382) to work on /home/airflow/.local/lib/python3.6/site-packages/airflow/example_dags/example_skip_dag.py
[2021-03-18 08:10:27,261] {scheduler_job.py:629} INFO - Processing file /home/airflow/.local/lib/python3.6/site-packages/airflow/example_dags/example_skip_dag.py for tasks to queue
[2021-03-18 08:10:27,263] {logging_mixin.py:104} INFO - [2021-03-18 08:10:27,262] {dagbag.py:448} INFO - Filling up the DagBag from /home/airflow/.local/lib/python3.6/site-packages/airflow/example_dags/example_skip_dag.py
[2021-03-18 08:10:27,273] {scheduler_job.py:639} INFO - DAG(s) dict_keys(['example_skip_dag']) retrieved from /home/airflow/.local/lib/python3.6/site-packages/airflow/example_dags/example_skip_dag.py
[2021-03-18 08:10:27,296] {logging_mixin.py:104} INFO - [2021-03-18 08:10:27,296] {dag.py:1818} INFO - Sync 1 DAGs
[2021-03-18 08:10:27,312] {logging_mixin.py:104} INFO - [2021-03-18 08:10:27,312] {dag.py:2273} INFO - Setting next_dagrun for example_skip_dag to 2021-03-16 00:00:00+00:00
[2021-03-18 08:10:27,325] {scheduler_job.py:190} INFO - Processing /home/airflow/.local/lib/python3.6/site-packages/airflow/example_dags/example_skip_dag.py took 0.068 seconds
[2021-03-18 08:10:57,628] {scheduler_job.py:182} INFO - Started process (PID=410) to work on /home/airflow/.local/lib/python3.6/site-packages/airflow/example_dags/example_skip_dag.py
[2021-03-18 08:10:57,630] {scheduler_job.py:629} INFO - Processing file /home/airflow/.local/lib/python3.6/site-packages/airflow/example_dags/example_skip_dag.py for tasks to queue
[2021-03-18 08:10:57,632] {logging_mixin.py:104} INFO - [2021-03-18 08:10:57,631] {dagbag.py:448} INFO - Filling up the DagBag from /home/airflow/.local/lib/python3.6/site-packages/airflow/example_dags/example_skip_dag.py
[2021-03-18 08:10:57,640] {scheduler_job.py:639} INFO - DAG(s) dict_keys(['example_skip_dag']) retrieved from /home/airflow/.local/lib/python3.6/site-packages/airflow/example_dags/example_skip_dag.py
[2021-03-18 08:10:57,660] {logging_mixin.py:104} INFO - [2021-03-18 08:10:57,660] {dag.py:1818} INFO - Sync 1 DAGs
[2021-03-18 08:10:57,673] {logging_mixin.py:104} INFO - [2021-03-18 08:10:57,673] {dag.py:2273} INFO - Setting next_dagrun for example_skip_dag to 2021-03-16 00:00:00+00:00
[2021-03-18 08:10:57,684] {scheduler_job.py:190} INFO - Processing /home/airflow/.local/lib/python3.6/site-packages/airflow/example_dags/example_skip_dag.py took 0.058 seconds
[2021-03-18 10:16:30,992] {scheduler_job.py:182} INFO - Started process (PID=47) to work on /home/airflow/.local/lib/python3.6/site-packages/airflow/example_dags/example_skip_dag.py
[2021-03-18 10:16:30,995] {scheduler_job.py:629} INFO - Processing file /home/airflow/.local/lib/python3.6/site-packages/airflow/example_dags/example_skip_dag.py for tasks to queue
[2021-03-18 10:16:30,998] {logging_mixin.py:104} INFO - [2021-03-18 10:16:30,998] {dagbag.py:448} INFO - Filling up the DagBag from /home/airflow/.local/lib/python3.6/site-packages/airflow/example_dags/example_skip_dag.py
[2021-03-18 10:16:31,015] {scheduler_job.py:639} INFO - DAG(s) dict_keys(['example_skip_dag']) retrieved from /home/airflow/.local/lib/python3.6/site-packages/airflow/example_dags/example_skip_dag.py
[2021-03-18 10:16:31,045] {logging_mixin.py:104} INFO - [2021-03-18 10:16:31,045] {dag.py:1818} INFO - Sync 1 DAGs
[2021-03-18 10:16:31,061] {logging_mixin.py:104} INFO - [2021-03-18 10:16:31,061] {dag.py:2273} INFO - Setting next_dagrun for example_skip_dag to 2021-03-16 00:00:00+00:00
[2021-03-18 10:16:31,074] {scheduler_job.py:190} INFO - Processing /home/airflow/.local/lib/python3.6/site-packages/airflow/example_dags/example_skip_dag.py took 0.085 seconds
[2021-03-18 10:17:01,457] {scheduler_job.py:182} INFO - Started process (PID=72) to work on /home/airflow/.local/lib/python3.6/site-packages/airflow/example_dags/example_skip_dag.py
[2021-03-18 10:17:01,458] {scheduler_job.py:629} INFO - Processing file /home/airflow/.local/lib/python3.6/site-packages/airflow/example_dags/example_skip_dag.py for tasks to queue
[2021-03-18 10:17:01,460] {logging_mixin.py:104} INFO - [2021-03-18 10:17:01,460] {dagbag.py:448} INFO - Filling up the DagBag from /home/airflow/.local/lib/python3.6/site-packages/airflow/example_dags/example_skip_dag.py
[2021-03-18 10:17:01,473] {scheduler_job.py:639} INFO - DAG(s) dict_keys(['example_skip_dag']) retrieved from /home/airflow/.local/lib/python3.6/site-packages/airflow/example_dags/example_skip_dag.py
[2021-03-18 10:17:01,508] {logging_mixin.py:104} INFO - [2021-03-18 10:17:01,508] {dag.py:1818} INFO - Sync 1 DAGs
[2021-03-18 10:17:01,555] {logging_mixin.py:104} INFO - [2021-03-18 10:17:01,555] {dag.py:2273} INFO - Setting next_dagrun for example_skip_dag to 2021-03-16 00:00:00+00:00
[2021-03-18 10:17:01,566] {scheduler_job.py:190} INFO - Processing /home/airflow/.local/lib/python3.6/site-packages/airflow/example_dags/example_skip_dag.py took 0.112 seconds
