[2021-03-18 08:03:53,680] {scheduler_job.py:182} INFO - Started process (PID=24) to work on /home/airflow/.local/lib/python3.6/site-packages/airflow/example_dags/example_subdag_operator.py
[2021-03-18 08:03:53,684] {scheduler_job.py:629} INFO - Processing file /home/airflow/.local/lib/python3.6/site-packages/airflow/example_dags/example_subdag_operator.py for tasks to queue
[2021-03-18 08:03:53,689] {logging_mixin.py:104} INFO - [2021-03-18 08:03:53,689] {dagbag.py:448} INFO - Filling up the DagBag from /home/airflow/.local/lib/python3.6/site-packages/airflow/example_dags/example_subdag_operator.py
[2021-03-18 08:03:53,758] {scheduler_job.py:639} INFO - DAG(s) dict_keys(['example_subdag_operator.section-1', 'example_subdag_operator.section-2', 'example_subdag_operator']) retrieved from /home/airflow/.local/lib/python3.6/site-packages/airflow/example_dags/example_subdag_operator.py
[2021-03-18 08:03:53,798] {logging_mixin.py:104} INFO - [2021-03-18 08:03:53,798] {dag.py:1818} INFO - Sync 3 DAGs
[2021-03-18 08:03:53,820] {logging_mixin.py:104} INFO - [2021-03-18 08:03:53,818] {dag.py:1837} INFO - Creating ORM DAG for example_subdag_operator.section-1
[2021-03-18 08:03:53,826] {logging_mixin.py:104} INFO - [2021-03-18 08:03:53,826] {dag.py:1837} INFO - Creating ORM DAG for example_subdag_operator.section-2
[2021-03-18 08:03:53,827] {logging_mixin.py:104} INFO - [2021-03-18 08:03:53,827] {dag.py:1837} INFO - Creating ORM DAG for example_subdag_operator
[2021-03-18 08:03:53,839] {logging_mixin.py:104} INFO - [2021-03-18 08:03:53,839] {dag.py:2273} INFO - Setting next_dagrun for example_subdag_operator to 2021-03-16 00:00:00+00:00
[2021-03-18 08:03:53,840] {logging_mixin.py:104} INFO - [2021-03-18 08:03:53,840] {dag.py:2273} INFO - Setting next_dagrun for example_subdag_operator.section-1 to None
[2021-03-18 08:03:53,840] {logging_mixin.py:104} INFO - [2021-03-18 08:03:53,840] {dag.py:2273} INFO - Setting next_dagrun for example_subdag_operator.section-2 to None
[2021-03-18 08:03:53,865] {logging_mixin.py:104} INFO - [2021-03-18 08:03:53,865] {dag.py:1818} INFO - Sync 2 DAGs
[2021-03-18 08:03:53,874] {logging_mixin.py:104} INFO - [2021-03-18 08:03:53,874] {dag.py:2273} INFO - Setting next_dagrun for example_subdag_operator.section-1 to None
[2021-03-18 08:03:53,875] {logging_mixin.py:104} INFO - [2021-03-18 08:03:53,875] {dag.py:2273} INFO - Setting next_dagrun for example_subdag_operator.section-2 to None
[2021-03-18 08:03:53,895] {scheduler_job.py:190} INFO - Processing /home/airflow/.local/lib/python3.6/site-packages/airflow/example_dags/example_subdag_operator.py took 0.219 seconds
[2021-03-18 08:04:25,000] {scheduler_job.py:182} INFO - Started process (PID=58) to work on /home/airflow/.local/lib/python3.6/site-packages/airflow/example_dags/example_subdag_operator.py
[2021-03-18 08:04:25,001] {scheduler_job.py:629} INFO - Processing file /home/airflow/.local/lib/python3.6/site-packages/airflow/example_dags/example_subdag_operator.py for tasks to queue
[2021-03-18 08:04:25,002] {logging_mixin.py:104} INFO - [2021-03-18 08:04:25,002] {dagbag.py:448} INFO - Filling up the DagBag from /home/airflow/.local/lib/python3.6/site-packages/airflow/example_dags/example_subdag_operator.py
[2021-03-18 08:04:25,022] {scheduler_job.py:639} INFO - DAG(s) dict_keys(['example_subdag_operator.section-1', 'example_subdag_operator.section-2', 'example_subdag_operator']) retrieved from /home/airflow/.local/lib/python3.6/site-packages/airflow/example_dags/example_subdag_operator.py
[2021-03-18 08:04:25,032] {logging_mixin.py:104} INFO - [2021-03-18 08:04:25,031] {dag.py:1818} INFO - Sync 3 DAGs
[2021-03-18 08:04:25,043] {logging_mixin.py:104} INFO - [2021-03-18 08:04:25,043] {dag.py:2273} INFO - Setting next_dagrun for example_subdag_operator to 2021-03-16 00:00:00+00:00
[2021-03-18 08:04:25,045] {logging_mixin.py:104} INFO - [2021-03-18 08:04:25,045] {dag.py:2273} INFO - Setting next_dagrun for example_subdag_operator.section-1 to None
[2021-03-18 08:04:25,045] {logging_mixin.py:104} INFO - [2021-03-18 08:04:25,045] {dag.py:2273} INFO - Setting next_dagrun for example_subdag_operator.section-2 to None
[2021-03-18 08:04:25,052] {logging_mixin.py:104} INFO - [2021-03-18 08:04:25,051] {dag.py:1818} INFO - Sync 2 DAGs
[2021-03-18 08:04:25,057] {logging_mixin.py:104} INFO - [2021-03-18 08:04:25,057] {dag.py:2273} INFO - Setting next_dagrun for example_subdag_operator.section-1 to None
[2021-03-18 08:04:25,058] {logging_mixin.py:104} INFO - [2021-03-18 08:04:25,058] {dag.py:2273} INFO - Setting next_dagrun for example_subdag_operator.section-2 to None
[2021-03-18 08:04:25,064] {scheduler_job.py:190} INFO - Processing /home/airflow/.local/lib/python3.6/site-packages/airflow/example_dags/example_subdag_operator.py took 0.066 seconds
[2021-03-18 08:04:55,130] {scheduler_job.py:182} INFO - Started process (PID=84) to work on /home/airflow/.local/lib/python3.6/site-packages/airflow/example_dags/example_subdag_operator.py
[2021-03-18 08:04:55,131] {scheduler_job.py:629} INFO - Processing file /home/airflow/.local/lib/python3.6/site-packages/airflow/example_dags/example_subdag_operator.py for tasks to queue
[2021-03-18 08:04:55,132] {logging_mixin.py:104} INFO - [2021-03-18 08:04:55,132] {dagbag.py:448} INFO - Filling up the DagBag from /home/airflow/.local/lib/python3.6/site-packages/airflow/example_dags/example_subdag_operator.py
[2021-03-18 08:04:55,158] {scheduler_job.py:639} INFO - DAG(s) dict_keys(['example_subdag_operator.section-1', 'example_subdag_operator.section-2', 'example_subdag_operator']) retrieved from /home/airflow/.local/lib/python3.6/site-packages/airflow/example_dags/example_subdag_operator.py
[2021-03-18 08:04:55,168] {logging_mixin.py:104} INFO - [2021-03-18 08:04:55,168] {dag.py:1818} INFO - Sync 3 DAGs
[2021-03-18 08:04:55,182] {logging_mixin.py:104} INFO - [2021-03-18 08:04:55,182] {dag.py:2273} INFO - Setting next_dagrun for example_subdag_operator to 2021-03-16 00:00:00+00:00
[2021-03-18 08:04:55,183] {logging_mixin.py:104} INFO - [2021-03-18 08:04:55,183] {dag.py:2273} INFO - Setting next_dagrun for example_subdag_operator.section-1 to None
[2021-03-18 08:04:55,184] {logging_mixin.py:104} INFO - [2021-03-18 08:04:55,184] {dag.py:2273} INFO - Setting next_dagrun for example_subdag_operator.section-2 to None
[2021-03-18 08:04:55,191] {logging_mixin.py:104} INFO - [2021-03-18 08:04:55,191] {dag.py:1818} INFO - Sync 2 DAGs
[2021-03-18 08:04:55,197] {logging_mixin.py:104} INFO - [2021-03-18 08:04:55,197] {dag.py:2273} INFO - Setting next_dagrun for example_subdag_operator.section-1 to None
[2021-03-18 08:04:55,198] {logging_mixin.py:104} INFO - [2021-03-18 08:04:55,198] {dag.py:2273} INFO - Setting next_dagrun for example_subdag_operator.section-2 to None
[2021-03-18 08:04:55,205] {scheduler_job.py:190} INFO - Processing /home/airflow/.local/lib/python3.6/site-packages/airflow/example_dags/example_subdag_operator.py took 0.077 seconds
[2021-03-18 08:05:25,281] {scheduler_job.py:182} INFO - Started process (PID=110) to work on /home/airflow/.local/lib/python3.6/site-packages/airflow/example_dags/example_subdag_operator.py
[2021-03-18 08:05:25,282] {scheduler_job.py:629} INFO - Processing file /home/airflow/.local/lib/python3.6/site-packages/airflow/example_dags/example_subdag_operator.py for tasks to queue
[2021-03-18 08:05:25,283] {logging_mixin.py:104} INFO - [2021-03-18 08:05:25,283] {dagbag.py:448} INFO - Filling up the DagBag from /home/airflow/.local/lib/python3.6/site-packages/airflow/example_dags/example_subdag_operator.py
[2021-03-18 08:05:25,309] {scheduler_job.py:639} INFO - DAG(s) dict_keys(['example_subdag_operator.section-1', 'example_subdag_operator.section-2', 'example_subdag_operator']) retrieved from /home/airflow/.local/lib/python3.6/site-packages/airflow/example_dags/example_subdag_operator.py
[2021-03-18 08:05:25,319] {logging_mixin.py:104} INFO - [2021-03-18 08:05:25,319] {dag.py:1818} INFO - Sync 3 DAGs
[2021-03-18 08:05:25,332] {logging_mixin.py:104} INFO - [2021-03-18 08:05:25,332] {dag.py:2273} INFO - Setting next_dagrun for example_subdag_operator to 2021-03-16 00:00:00+00:00
[2021-03-18 08:05:25,333] {logging_mixin.py:104} INFO - [2021-03-18 08:05:25,333] {dag.py:2273} INFO - Setting next_dagrun for example_subdag_operator.section-1 to None
[2021-03-18 08:05:25,334] {logging_mixin.py:104} INFO - [2021-03-18 08:05:25,334] {dag.py:2273} INFO - Setting next_dagrun for example_subdag_operator.section-2 to None
[2021-03-18 08:05:25,340] {logging_mixin.py:104} INFO - [2021-03-18 08:05:25,340] {dag.py:1818} INFO - Sync 2 DAGs
[2021-03-18 08:05:25,347] {logging_mixin.py:104} INFO - [2021-03-18 08:05:25,347] {dag.py:2273} INFO - Setting next_dagrun for example_subdag_operator.section-1 to None
[2021-03-18 08:05:25,347] {logging_mixin.py:104} INFO - [2021-03-18 08:05:25,347] {dag.py:2273} INFO - Setting next_dagrun for example_subdag_operator.section-2 to None
[2021-03-18 08:05:25,353] {scheduler_job.py:190} INFO - Processing /home/airflow/.local/lib/python3.6/site-packages/airflow/example_dags/example_subdag_operator.py took 0.075 seconds
[2021-03-18 08:05:55,427] {scheduler_job.py:182} INFO - Started process (PID=137) to work on /home/airflow/.local/lib/python3.6/site-packages/airflow/example_dags/example_subdag_operator.py
[2021-03-18 08:05:55,429] {scheduler_job.py:629} INFO - Processing file /home/airflow/.local/lib/python3.6/site-packages/airflow/example_dags/example_subdag_operator.py for tasks to queue
[2021-03-18 08:05:55,430] {logging_mixin.py:104} INFO - [2021-03-18 08:05:55,430] {dagbag.py:448} INFO - Filling up the DagBag from /home/airflow/.local/lib/python3.6/site-packages/airflow/example_dags/example_subdag_operator.py
[2021-03-18 08:05:55,456] {scheduler_job.py:639} INFO - DAG(s) dict_keys(['example_subdag_operator.section-1', 'example_subdag_operator.section-2', 'example_subdag_operator']) retrieved from /home/airflow/.local/lib/python3.6/site-packages/airflow/example_dags/example_subdag_operator.py
[2021-03-18 08:05:55,468] {logging_mixin.py:104} INFO - [2021-03-18 08:05:55,468] {dag.py:1818} INFO - Sync 3 DAGs
[2021-03-18 08:05:55,482] {logging_mixin.py:104} INFO - [2021-03-18 08:05:55,481] {dag.py:2273} INFO - Setting next_dagrun for example_subdag_operator to 2021-03-16 00:00:00+00:00
[2021-03-18 08:05:55,483] {logging_mixin.py:104} INFO - [2021-03-18 08:05:55,483] {dag.py:2273} INFO - Setting next_dagrun for example_subdag_operator.section-1 to None
[2021-03-18 08:05:55,484] {logging_mixin.py:104} INFO - [2021-03-18 08:05:55,484] {dag.py:2273} INFO - Setting next_dagrun for example_subdag_operator.section-2 to None
[2021-03-18 08:05:55,492] {logging_mixin.py:104} INFO - [2021-03-18 08:05:55,492] {dag.py:1818} INFO - Sync 2 DAGs
[2021-03-18 08:05:55,502] {logging_mixin.py:104} INFO - [2021-03-18 08:05:55,502] {dag.py:2273} INFO - Setting next_dagrun for example_subdag_operator.section-1 to None
[2021-03-18 08:05:55,503] {logging_mixin.py:104} INFO - [2021-03-18 08:05:55,502] {dag.py:2273} INFO - Setting next_dagrun for example_subdag_operator.section-2 to None
[2021-03-18 08:05:55,509] {scheduler_job.py:190} INFO - Processing /home/airflow/.local/lib/python3.6/site-packages/airflow/example_dags/example_subdag_operator.py took 0.084 seconds
[2021-03-18 08:06:25,588] {scheduler_job.py:182} INFO - Started process (PID=163) to work on /home/airflow/.local/lib/python3.6/site-packages/airflow/example_dags/example_subdag_operator.py
[2021-03-18 08:06:25,589] {scheduler_job.py:629} INFO - Processing file /home/airflow/.local/lib/python3.6/site-packages/airflow/example_dags/example_subdag_operator.py for tasks to queue
[2021-03-18 08:06:25,590] {logging_mixin.py:104} INFO - [2021-03-18 08:06:25,590] {dagbag.py:448} INFO - Filling up the DagBag from /home/airflow/.local/lib/python3.6/site-packages/airflow/example_dags/example_subdag_operator.py
[2021-03-18 08:06:25,617] {scheduler_job.py:639} INFO - DAG(s) dict_keys(['example_subdag_operator.section-1', 'example_subdag_operator.section-2', 'example_subdag_operator']) retrieved from /home/airflow/.local/lib/python3.6/site-packages/airflow/example_dags/example_subdag_operator.py
[2021-03-18 08:06:25,628] {logging_mixin.py:104} INFO - [2021-03-18 08:06:25,628] {dag.py:1818} INFO - Sync 3 DAGs
[2021-03-18 08:06:25,642] {logging_mixin.py:104} INFO - [2021-03-18 08:06:25,642] {dag.py:2273} INFO - Setting next_dagrun for example_subdag_operator to 2021-03-16 00:00:00+00:00
[2021-03-18 08:06:25,644] {logging_mixin.py:104} INFO - [2021-03-18 08:06:25,644] {dag.py:2273} INFO - Setting next_dagrun for example_subdag_operator.section-1 to None
[2021-03-18 08:06:25,644] {logging_mixin.py:104} INFO - [2021-03-18 08:06:25,644] {dag.py:2273} INFO - Setting next_dagrun for example_subdag_operator.section-2 to None
[2021-03-18 08:06:25,652] {logging_mixin.py:104} INFO - [2021-03-18 08:06:25,651] {dag.py:1818} INFO - Sync 2 DAGs
[2021-03-18 08:06:25,660] {logging_mixin.py:104} INFO - [2021-03-18 08:06:25,660] {dag.py:2273} INFO - Setting next_dagrun for example_subdag_operator.section-1 to None
[2021-03-18 08:06:25,660] {logging_mixin.py:104} INFO - [2021-03-18 08:06:25,660] {dag.py:2273} INFO - Setting next_dagrun for example_subdag_operator.section-2 to None
[2021-03-18 08:06:25,667] {scheduler_job.py:190} INFO - Processing /home/airflow/.local/lib/python3.6/site-packages/airflow/example_dags/example_subdag_operator.py took 0.082 seconds
[2021-03-18 08:06:55,732] {scheduler_job.py:182} INFO - Started process (PID=189) to work on /home/airflow/.local/lib/python3.6/site-packages/airflow/example_dags/example_subdag_operator.py
[2021-03-18 08:06:55,734] {scheduler_job.py:629} INFO - Processing file /home/airflow/.local/lib/python3.6/site-packages/airflow/example_dags/example_subdag_operator.py for tasks to queue
[2021-03-18 08:06:55,735] {logging_mixin.py:104} INFO - [2021-03-18 08:06:55,735] {dagbag.py:448} INFO - Filling up the DagBag from /home/airflow/.local/lib/python3.6/site-packages/airflow/example_dags/example_subdag_operator.py
[2021-03-18 08:06:55,761] {scheduler_job.py:639} INFO - DAG(s) dict_keys(['example_subdag_operator.section-1', 'example_subdag_operator.section-2', 'example_subdag_operator']) retrieved from /home/airflow/.local/lib/python3.6/site-packages/airflow/example_dags/example_subdag_operator.py
[2021-03-18 08:06:55,772] {logging_mixin.py:104} INFO - [2021-03-18 08:06:55,772] {dag.py:1818} INFO - Sync 3 DAGs
[2021-03-18 08:06:55,787] {logging_mixin.py:104} INFO - [2021-03-18 08:06:55,787] {dag.py:2273} INFO - Setting next_dagrun for example_subdag_operator to 2021-03-16 00:00:00+00:00
[2021-03-18 08:06:55,788] {logging_mixin.py:104} INFO - [2021-03-18 08:06:55,788] {dag.py:2273} INFO - Setting next_dagrun for example_subdag_operator.section-1 to None
[2021-03-18 08:06:55,789] {logging_mixin.py:104} INFO - [2021-03-18 08:06:55,789] {dag.py:2273} INFO - Setting next_dagrun for example_subdag_operator.section-2 to None
[2021-03-18 08:06:55,798] {logging_mixin.py:104} INFO - [2021-03-18 08:06:55,797] {dag.py:1818} INFO - Sync 2 DAGs
[2021-03-18 08:06:55,807] {logging_mixin.py:104} INFO - [2021-03-18 08:06:55,807] {dag.py:2273} INFO - Setting next_dagrun for example_subdag_operator.section-1 to None
[2021-03-18 08:06:55,807] {logging_mixin.py:104} INFO - [2021-03-18 08:06:55,807] {dag.py:2273} INFO - Setting next_dagrun for example_subdag_operator.section-2 to None
[2021-03-18 08:06:55,815] {scheduler_job.py:190} INFO - Processing /home/airflow/.local/lib/python3.6/site-packages/airflow/example_dags/example_subdag_operator.py took 0.085 seconds
[2021-03-18 08:07:25,971] {scheduler_job.py:182} INFO - Started process (PID=216) to work on /home/airflow/.local/lib/python3.6/site-packages/airflow/example_dags/example_subdag_operator.py
[2021-03-18 08:07:25,972] {scheduler_job.py:629} INFO - Processing file /home/airflow/.local/lib/python3.6/site-packages/airflow/example_dags/example_subdag_operator.py for tasks to queue
[2021-03-18 08:07:25,973] {logging_mixin.py:104} INFO - [2021-03-18 08:07:25,973] {dagbag.py:448} INFO - Filling up the DagBag from /home/airflow/.local/lib/python3.6/site-packages/airflow/example_dags/example_subdag_operator.py
[2021-03-18 08:07:25,999] {scheduler_job.py:639} INFO - DAG(s) dict_keys(['example_subdag_operator.section-1', 'example_subdag_operator.section-2', 'example_subdag_operator']) retrieved from /home/airflow/.local/lib/python3.6/site-packages/airflow/example_dags/example_subdag_operator.py
[2021-03-18 08:07:26,009] {logging_mixin.py:104} INFO - [2021-03-18 08:07:26,009] {dag.py:1818} INFO - Sync 3 DAGs
[2021-03-18 08:07:26,023] {logging_mixin.py:104} INFO - [2021-03-18 08:07:26,022] {dag.py:2273} INFO - Setting next_dagrun for example_subdag_operator to 2021-03-16 00:00:00+00:00
[2021-03-18 08:07:26,024] {logging_mixin.py:104} INFO - [2021-03-18 08:07:26,024] {dag.py:2273} INFO - Setting next_dagrun for example_subdag_operator.section-1 to None
[2021-03-18 08:07:26,024] {logging_mixin.py:104} INFO - [2021-03-18 08:07:26,024] {dag.py:2273} INFO - Setting next_dagrun for example_subdag_operator.section-2 to None
[2021-03-18 08:07:26,031] {logging_mixin.py:104} INFO - [2021-03-18 08:07:26,031] {dag.py:1818} INFO - Sync 2 DAGs
[2021-03-18 08:07:26,038] {logging_mixin.py:104} INFO - [2021-03-18 08:07:26,038] {dag.py:2273} INFO - Setting next_dagrun for example_subdag_operator.section-1 to None
[2021-03-18 08:07:26,039] {logging_mixin.py:104} INFO - [2021-03-18 08:07:26,039] {dag.py:2273} INFO - Setting next_dagrun for example_subdag_operator.section-2 to None
[2021-03-18 08:07:26,045] {scheduler_job.py:190} INFO - Processing /home/airflow/.local/lib/python3.6/site-packages/airflow/example_dags/example_subdag_operator.py took 0.076 seconds
[2021-03-18 08:07:56,191] {scheduler_job.py:182} INFO - Started process (PID=242) to work on /home/airflow/.local/lib/python3.6/site-packages/airflow/example_dags/example_subdag_operator.py
[2021-03-18 08:07:56,193] {scheduler_job.py:629} INFO - Processing file /home/airflow/.local/lib/python3.6/site-packages/airflow/example_dags/example_subdag_operator.py for tasks to queue
[2021-03-18 08:07:56,194] {logging_mixin.py:104} INFO - [2021-03-18 08:07:56,194] {dagbag.py:448} INFO - Filling up the DagBag from /home/airflow/.local/lib/python3.6/site-packages/airflow/example_dags/example_subdag_operator.py
[2021-03-18 08:07:56,219] {scheduler_job.py:639} INFO - DAG(s) dict_keys(['example_subdag_operator.section-1', 'example_subdag_operator.section-2', 'example_subdag_operator']) retrieved from /home/airflow/.local/lib/python3.6/site-packages/airflow/example_dags/example_subdag_operator.py
[2021-03-18 08:07:56,230] {logging_mixin.py:104} INFO - [2021-03-18 08:07:56,230] {dag.py:1818} INFO - Sync 3 DAGs
[2021-03-18 08:07:56,243] {logging_mixin.py:104} INFO - [2021-03-18 08:07:56,243] {dag.py:2273} INFO - Setting next_dagrun for example_subdag_operator to 2021-03-16 00:00:00+00:00
[2021-03-18 08:07:56,245] {logging_mixin.py:104} INFO - [2021-03-18 08:07:56,244] {dag.py:2273} INFO - Setting next_dagrun for example_subdag_operator.section-1 to None
[2021-03-18 08:07:56,245] {logging_mixin.py:104} INFO - [2021-03-18 08:07:56,245] {dag.py:2273} INFO - Setting next_dagrun for example_subdag_operator.section-2 to None
[2021-03-18 08:07:56,254] {logging_mixin.py:104} INFO - [2021-03-18 08:07:56,254] {dag.py:1818} INFO - Sync 2 DAGs
[2021-03-18 08:07:56,262] {logging_mixin.py:104} INFO - [2021-03-18 08:07:56,261] {dag.py:2273} INFO - Setting next_dagrun for example_subdag_operator.section-1 to None
[2021-03-18 08:07:56,262] {logging_mixin.py:104} INFO - [2021-03-18 08:07:56,262] {dag.py:2273} INFO - Setting next_dagrun for example_subdag_operator.section-2 to None
[2021-03-18 08:07:56,268] {scheduler_job.py:190} INFO - Processing /home/airflow/.local/lib/python3.6/site-packages/airflow/example_dags/example_subdag_operator.py took 0.079 seconds
[2021-03-18 08:08:26,316] {scheduler_job.py:182} INFO - Started process (PID=269) to work on /home/airflow/.local/lib/python3.6/site-packages/airflow/example_dags/example_subdag_operator.py
[2021-03-18 08:08:26,317] {scheduler_job.py:629} INFO - Processing file /home/airflow/.local/lib/python3.6/site-packages/airflow/example_dags/example_subdag_operator.py for tasks to queue
[2021-03-18 08:08:26,318] {logging_mixin.py:104} INFO - [2021-03-18 08:08:26,318] {dagbag.py:448} INFO - Filling up the DagBag from /home/airflow/.local/lib/python3.6/site-packages/airflow/example_dags/example_subdag_operator.py
[2021-03-18 08:08:26,342] {scheduler_job.py:639} INFO - DAG(s) dict_keys(['example_subdag_operator.section-1', 'example_subdag_operator.section-2', 'example_subdag_operator']) retrieved from /home/airflow/.local/lib/python3.6/site-packages/airflow/example_dags/example_subdag_operator.py
[2021-03-18 08:08:26,351] {logging_mixin.py:104} INFO - [2021-03-18 08:08:26,351] {dag.py:1818} INFO - Sync 3 DAGs
[2021-03-18 08:08:26,364] {logging_mixin.py:104} INFO - [2021-03-18 08:08:26,364] {dag.py:2273} INFO - Setting next_dagrun for example_subdag_operator to 2021-03-16 00:00:00+00:00
[2021-03-18 08:08:26,365] {logging_mixin.py:104} INFO - [2021-03-18 08:08:26,365] {dag.py:2273} INFO - Setting next_dagrun for example_subdag_operator.section-1 to None
[2021-03-18 08:08:26,366] {logging_mixin.py:104} INFO - [2021-03-18 08:08:26,366] {dag.py:2273} INFO - Setting next_dagrun for example_subdag_operator.section-2 to None
[2021-03-18 08:08:26,373] {logging_mixin.py:104} INFO - [2021-03-18 08:08:26,372] {dag.py:1818} INFO - Sync 2 DAGs
[2021-03-18 08:08:26,381] {logging_mixin.py:104} INFO - [2021-03-18 08:08:26,381] {dag.py:2273} INFO - Setting next_dagrun for example_subdag_operator.section-1 to None
[2021-03-18 08:08:26,382] {logging_mixin.py:104} INFO - [2021-03-18 08:08:26,381] {dag.py:2273} INFO - Setting next_dagrun for example_subdag_operator.section-2 to None
[2021-03-18 08:08:26,388] {scheduler_job.py:190} INFO - Processing /home/airflow/.local/lib/python3.6/site-packages/airflow/example_dags/example_subdag_operator.py took 0.074 seconds
[2021-03-18 08:08:56,439] {scheduler_job.py:182} INFO - Started process (PID=295) to work on /home/airflow/.local/lib/python3.6/site-packages/airflow/example_dags/example_subdag_operator.py
[2021-03-18 08:08:56,441] {scheduler_job.py:629} INFO - Processing file /home/airflow/.local/lib/python3.6/site-packages/airflow/example_dags/example_subdag_operator.py for tasks to queue
[2021-03-18 08:08:56,442] {logging_mixin.py:104} INFO - [2021-03-18 08:08:56,441] {dagbag.py:448} INFO - Filling up the DagBag from /home/airflow/.local/lib/python3.6/site-packages/airflow/example_dags/example_subdag_operator.py
[2021-03-18 08:08:56,466] {scheduler_job.py:639} INFO - DAG(s) dict_keys(['example_subdag_operator.section-1', 'example_subdag_operator.section-2', 'example_subdag_operator']) retrieved from /home/airflow/.local/lib/python3.6/site-packages/airflow/example_dags/example_subdag_operator.py
[2021-03-18 08:08:56,480] {logging_mixin.py:104} INFO - [2021-03-18 08:08:56,480] {dag.py:1818} INFO - Sync 3 DAGs
[2021-03-18 08:08:56,492] {logging_mixin.py:104} INFO - [2021-03-18 08:08:56,492] {dag.py:2273} INFO - Setting next_dagrun for example_subdag_operator to 2021-03-16 00:00:00+00:00
[2021-03-18 08:08:56,494] {logging_mixin.py:104} INFO - [2021-03-18 08:08:56,494] {dag.py:2273} INFO - Setting next_dagrun for example_subdag_operator.section-1 to None
[2021-03-18 08:08:56,494] {logging_mixin.py:104} INFO - [2021-03-18 08:08:56,494] {dag.py:2273} INFO - Setting next_dagrun for example_subdag_operator.section-2 to None
[2021-03-18 08:08:56,507] {logging_mixin.py:104} INFO - [2021-03-18 08:08:56,507] {dag.py:1818} INFO - Sync 2 DAGs
[2021-03-18 08:08:56,515] {logging_mixin.py:104} INFO - [2021-03-18 08:08:56,514] {dag.py:2273} INFO - Setting next_dagrun for example_subdag_operator.section-1 to None
[2021-03-18 08:08:56,515] {logging_mixin.py:104} INFO - [2021-03-18 08:08:56,515] {dag.py:2273} INFO - Setting next_dagrun for example_subdag_operator.section-2 to None
[2021-03-18 08:08:56,521] {scheduler_job.py:190} INFO - Processing /home/airflow/.local/lib/python3.6/site-packages/airflow/example_dags/example_subdag_operator.py took 0.084 seconds
[2021-03-18 08:09:26,551] {scheduler_job.py:182} INFO - Started process (PID=321) to work on /home/airflow/.local/lib/python3.6/site-packages/airflow/example_dags/example_subdag_operator.py
[2021-03-18 08:09:26,552] {scheduler_job.py:629} INFO - Processing file /home/airflow/.local/lib/python3.6/site-packages/airflow/example_dags/example_subdag_operator.py for tasks to queue
[2021-03-18 08:09:26,554] {logging_mixin.py:104} INFO - [2021-03-18 08:09:26,554] {dagbag.py:448} INFO - Filling up the DagBag from /home/airflow/.local/lib/python3.6/site-packages/airflow/example_dags/example_subdag_operator.py
[2021-03-18 08:09:26,576] {scheduler_job.py:639} INFO - DAG(s) dict_keys(['example_subdag_operator.section-1', 'example_subdag_operator.section-2', 'example_subdag_operator']) retrieved from /home/airflow/.local/lib/python3.6/site-packages/airflow/example_dags/example_subdag_operator.py
[2021-03-18 08:09:26,587] {logging_mixin.py:104} INFO - [2021-03-18 08:09:26,587] {dag.py:1818} INFO - Sync 3 DAGs
[2021-03-18 08:09:26,600] {logging_mixin.py:104} INFO - [2021-03-18 08:09:26,600] {dag.py:2273} INFO - Setting next_dagrun for example_subdag_operator to 2021-03-16 00:00:00+00:00
[2021-03-18 08:09:26,602] {logging_mixin.py:104} INFO - [2021-03-18 08:09:26,602] {dag.py:2273} INFO - Setting next_dagrun for example_subdag_operator.section-1 to None
[2021-03-18 08:09:26,602] {logging_mixin.py:104} INFO - [2021-03-18 08:09:26,602] {dag.py:2273} INFO - Setting next_dagrun for example_subdag_operator.section-2 to None
[2021-03-18 08:09:26,611] {logging_mixin.py:104} INFO - [2021-03-18 08:09:26,611] {dag.py:1818} INFO - Sync 2 DAGs
[2021-03-18 08:09:26,619] {logging_mixin.py:104} INFO - [2021-03-18 08:09:26,619] {dag.py:2273} INFO - Setting next_dagrun for example_subdag_operator.section-1 to None
[2021-03-18 08:09:26,620] {logging_mixin.py:104} INFO - [2021-03-18 08:09:26,619] {dag.py:2273} INFO - Setting next_dagrun for example_subdag_operator.section-2 to None
[2021-03-18 08:09:26,627] {scheduler_job.py:190} INFO - Processing /home/airflow/.local/lib/python3.6/site-packages/airflow/example_dags/example_subdag_operator.py took 0.078 seconds
[2021-03-18 08:09:56,773] {scheduler_job.py:182} INFO - Started process (PID=347) to work on /home/airflow/.local/lib/python3.6/site-packages/airflow/example_dags/example_subdag_operator.py
[2021-03-18 08:09:56,775] {scheduler_job.py:629} INFO - Processing file /home/airflow/.local/lib/python3.6/site-packages/airflow/example_dags/example_subdag_operator.py for tasks to queue
[2021-03-18 08:09:56,776] {logging_mixin.py:104} INFO - [2021-03-18 08:09:56,776] {dagbag.py:448} INFO - Filling up the DagBag from /home/airflow/.local/lib/python3.6/site-packages/airflow/example_dags/example_subdag_operator.py
[2021-03-18 08:09:56,800] {scheduler_job.py:639} INFO - DAG(s) dict_keys(['example_subdag_operator.section-1', 'example_subdag_operator.section-2', 'example_subdag_operator']) retrieved from /home/airflow/.local/lib/python3.6/site-packages/airflow/example_dags/example_subdag_operator.py
[2021-03-18 08:09:56,809] {logging_mixin.py:104} INFO - [2021-03-18 08:09:56,809] {dag.py:1818} INFO - Sync 3 DAGs
[2021-03-18 08:09:56,824] {logging_mixin.py:104} INFO - [2021-03-18 08:09:56,823] {dag.py:2273} INFO - Setting next_dagrun for example_subdag_operator to 2021-03-16 00:00:00+00:00
[2021-03-18 08:09:56,825] {logging_mixin.py:104} INFO - [2021-03-18 08:09:56,825] {dag.py:2273} INFO - Setting next_dagrun for example_subdag_operator.section-1 to None
[2021-03-18 08:09:56,825] {logging_mixin.py:104} INFO - [2021-03-18 08:09:56,825] {dag.py:2273} INFO - Setting next_dagrun for example_subdag_operator.section-2 to None
[2021-03-18 08:09:56,831] {logging_mixin.py:104} INFO - [2021-03-18 08:09:56,831] {dag.py:1818} INFO - Sync 2 DAGs
[2021-03-18 08:09:56,838] {logging_mixin.py:104} INFO - [2021-03-18 08:09:56,838] {dag.py:2273} INFO - Setting next_dagrun for example_subdag_operator.section-1 to None
[2021-03-18 08:09:56,839] {logging_mixin.py:104} INFO - [2021-03-18 08:09:56,839] {dag.py:2273} INFO - Setting next_dagrun for example_subdag_operator.section-2 to None
[2021-03-18 08:09:56,845] {scheduler_job.py:190} INFO - Processing /home/airflow/.local/lib/python3.6/site-packages/airflow/example_dags/example_subdag_operator.py took 0.074 seconds
[2021-03-18 08:10:26,947] {scheduler_job.py:182} INFO - Started process (PID=374) to work on /home/airflow/.local/lib/python3.6/site-packages/airflow/example_dags/example_subdag_operator.py
[2021-03-18 08:10:26,949] {scheduler_job.py:629} INFO - Processing file /home/airflow/.local/lib/python3.6/site-packages/airflow/example_dags/example_subdag_operator.py for tasks to queue
[2021-03-18 08:10:26,950] {logging_mixin.py:104} INFO - [2021-03-18 08:10:26,950] {dagbag.py:448} INFO - Filling up the DagBag from /home/airflow/.local/lib/python3.6/site-packages/airflow/example_dags/example_subdag_operator.py
[2021-03-18 08:10:26,978] {scheduler_job.py:639} INFO - DAG(s) dict_keys(['example_subdag_operator.section-1', 'example_subdag_operator.section-2', 'example_subdag_operator']) retrieved from /home/airflow/.local/lib/python3.6/site-packages/airflow/example_dags/example_subdag_operator.py
[2021-03-18 08:10:26,989] {logging_mixin.py:104} INFO - [2021-03-18 08:10:26,989] {dag.py:1818} INFO - Sync 3 DAGs
[2021-03-18 08:10:27,005] {logging_mixin.py:104} INFO - [2021-03-18 08:10:27,005] {dag.py:2273} INFO - Setting next_dagrun for example_subdag_operator to 2021-03-16 00:00:00+00:00
[2021-03-18 08:10:27,006] {logging_mixin.py:104} INFO - [2021-03-18 08:10:27,006] {dag.py:2273} INFO - Setting next_dagrun for example_subdag_operator.section-1 to None
[2021-03-18 08:10:27,011] {logging_mixin.py:104} INFO - [2021-03-18 08:10:27,010] {dag.py:2273} INFO - Setting next_dagrun for example_subdag_operator.section-2 to None
[2021-03-18 08:10:27,023] {logging_mixin.py:104} INFO - [2021-03-18 08:10:27,023] {dag.py:1818} INFO - Sync 2 DAGs
[2021-03-18 08:10:27,032] {logging_mixin.py:104} INFO - [2021-03-18 08:10:27,032] {dag.py:2273} INFO - Setting next_dagrun for example_subdag_operator.section-1 to None
[2021-03-18 08:10:27,033] {logging_mixin.py:104} INFO - [2021-03-18 08:10:27,033] {dag.py:2273} INFO - Setting next_dagrun for example_subdag_operator.section-2 to None
[2021-03-18 08:10:27,043] {scheduler_job.py:190} INFO - Processing /home/airflow/.local/lib/python3.6/site-packages/airflow/example_dags/example_subdag_operator.py took 0.098 seconds
[2021-03-18 08:10:57,149] {scheduler_job.py:182} INFO - Started process (PID=400) to work on /home/airflow/.local/lib/python3.6/site-packages/airflow/example_dags/example_subdag_operator.py
[2021-03-18 08:10:57,151] {scheduler_job.py:629} INFO - Processing file /home/airflow/.local/lib/python3.6/site-packages/airflow/example_dags/example_subdag_operator.py for tasks to queue
[2021-03-18 08:10:57,151] {logging_mixin.py:104} INFO - [2021-03-18 08:10:57,151] {dagbag.py:448} INFO - Filling up the DagBag from /home/airflow/.local/lib/python3.6/site-packages/airflow/example_dags/example_subdag_operator.py
[2021-03-18 08:10:57,175] {scheduler_job.py:639} INFO - DAG(s) dict_keys(['example_subdag_operator.section-1', 'example_subdag_operator.section-2', 'example_subdag_operator']) retrieved from /home/airflow/.local/lib/python3.6/site-packages/airflow/example_dags/example_subdag_operator.py
[2021-03-18 08:10:57,185] {logging_mixin.py:104} INFO - [2021-03-18 08:10:57,185] {dag.py:1818} INFO - Sync 3 DAGs
[2021-03-18 08:10:57,200] {logging_mixin.py:104} INFO - [2021-03-18 08:10:57,200] {dag.py:2273} INFO - Setting next_dagrun for example_subdag_operator to 2021-03-16 00:00:00+00:00
[2021-03-18 08:10:57,202] {logging_mixin.py:104} INFO - [2021-03-18 08:10:57,202] {dag.py:2273} INFO - Setting next_dagrun for example_subdag_operator.section-1 to None
[2021-03-18 08:10:57,203] {logging_mixin.py:104} INFO - [2021-03-18 08:10:57,202] {dag.py:2273} INFO - Setting next_dagrun for example_subdag_operator.section-2 to None
[2021-03-18 08:10:57,209] {logging_mixin.py:104} INFO - [2021-03-18 08:10:57,209] {dag.py:1818} INFO - Sync 2 DAGs
[2021-03-18 08:10:57,216] {logging_mixin.py:104} INFO - [2021-03-18 08:10:57,216] {dag.py:2273} INFO - Setting next_dagrun for example_subdag_operator.section-1 to None
[2021-03-18 08:10:57,217] {logging_mixin.py:104} INFO - [2021-03-18 08:10:57,217] {dag.py:2273} INFO - Setting next_dagrun for example_subdag_operator.section-2 to None
[2021-03-18 08:10:57,223] {scheduler_job.py:190} INFO - Processing /home/airflow/.local/lib/python3.6/site-packages/airflow/example_dags/example_subdag_operator.py took 0.076 seconds
[2021-03-18 10:16:29,763] {scheduler_job.py:182} INFO - Started process (PID=34) to work on /home/airflow/.local/lib/python3.6/site-packages/airflow/example_dags/example_subdag_operator.py
[2021-03-18 10:16:29,770] {scheduler_job.py:629} INFO - Processing file /home/airflow/.local/lib/python3.6/site-packages/airflow/example_dags/example_subdag_operator.py for tasks to queue
[2021-03-18 10:16:29,771] {logging_mixin.py:104} INFO - [2021-03-18 10:16:29,771] {dagbag.py:448} INFO - Filling up the DagBag from /home/airflow/.local/lib/python3.6/site-packages/airflow/example_dags/example_subdag_operator.py
[2021-03-18 10:16:29,855] {scheduler_job.py:639} INFO - DAG(s) dict_keys(['example_subdag_operator.section-1', 'example_subdag_operator.section-2', 'example_subdag_operator']) retrieved from /home/airflow/.local/lib/python3.6/site-packages/airflow/example_dags/example_subdag_operator.py
[2021-03-18 10:16:29,885] {logging_mixin.py:104} INFO - [2021-03-18 10:16:29,885] {dag.py:1818} INFO - Sync 3 DAGs
[2021-03-18 10:16:29,942] {logging_mixin.py:104} INFO - [2021-03-18 10:16:29,942] {dag.py:2273} INFO - Setting next_dagrun for example_subdag_operator to 2021-03-16 00:00:00+00:00
[2021-03-18 10:16:29,943] {logging_mixin.py:104} INFO - [2021-03-18 10:16:29,943] {dag.py:2273} INFO - Setting next_dagrun for example_subdag_operator.section-1 to None
[2021-03-18 10:16:29,953] {logging_mixin.py:104} INFO - [2021-03-18 10:16:29,952] {dag.py:2273} INFO - Setting next_dagrun for example_subdag_operator.section-2 to None
[2021-03-18 10:16:29,980] {logging_mixin.py:104} INFO - [2021-03-18 10:16:29,980] {dag.py:1818} INFO - Sync 2 DAGs
[2021-03-18 10:16:30,003] {logging_mixin.py:104} INFO - [2021-03-18 10:16:30,003] {dag.py:2273} INFO - Setting next_dagrun for example_subdag_operator.section-1 to None
[2021-03-18 10:16:30,004] {logging_mixin.py:104} INFO - [2021-03-18 10:16:30,004] {dag.py:2273} INFO - Setting next_dagrun for example_subdag_operator.section-2 to None
[2021-03-18 10:16:30,027] {scheduler_job.py:190} INFO - Processing /home/airflow/.local/lib/python3.6/site-packages/airflow/example_dags/example_subdag_operator.py took 0.268 seconds
[2021-03-18 10:17:00,763] {scheduler_job.py:182} INFO - Started process (PID=62) to work on /home/airflow/.local/lib/python3.6/site-packages/airflow/example_dags/example_subdag_operator.py
[2021-03-18 10:17:00,765] {scheduler_job.py:629} INFO - Processing file /home/airflow/.local/lib/python3.6/site-packages/airflow/example_dags/example_subdag_operator.py for tasks to queue
[2021-03-18 10:17:00,768] {logging_mixin.py:104} INFO - [2021-03-18 10:17:00,768] {dagbag.py:448} INFO - Filling up the DagBag from /home/airflow/.local/lib/python3.6/site-packages/airflow/example_dags/example_subdag_operator.py
[2021-03-18 10:17:00,817] {scheduler_job.py:639} INFO - DAG(s) dict_keys(['example_subdag_operator.section-1', 'example_subdag_operator.section-2', 'example_subdag_operator']) retrieved from /home/airflow/.local/lib/python3.6/site-packages/airflow/example_dags/example_subdag_operator.py
[2021-03-18 10:17:00,834] {logging_mixin.py:104} INFO - [2021-03-18 10:17:00,834] {dag.py:1818} INFO - Sync 3 DAGs
[2021-03-18 10:17:00,858] {logging_mixin.py:104} INFO - [2021-03-18 10:17:00,858] {dag.py:2273} INFO - Setting next_dagrun for example_subdag_operator to 2021-03-16 00:00:00+00:00
[2021-03-18 10:17:00,859] {logging_mixin.py:104} INFO - [2021-03-18 10:17:00,859] {dag.py:2273} INFO - Setting next_dagrun for example_subdag_operator.section-1 to None
[2021-03-18 10:17:00,860] {logging_mixin.py:104} INFO - [2021-03-18 10:17:00,860] {dag.py:2273} INFO - Setting next_dagrun for example_subdag_operator.section-2 to None
[2021-03-18 10:17:00,867] {logging_mixin.py:104} INFO - [2021-03-18 10:17:00,867] {dag.py:1818} INFO - Sync 2 DAGs
[2021-03-18 10:17:00,879] {logging_mixin.py:104} INFO - [2021-03-18 10:17:00,879] {dag.py:2273} INFO - Setting next_dagrun for example_subdag_operator.section-1 to None
[2021-03-18 10:17:00,880] {logging_mixin.py:104} INFO - [2021-03-18 10:17:00,880] {dag.py:2273} INFO - Setting next_dagrun for example_subdag_operator.section-2 to None
[2021-03-18 10:17:00,887] {scheduler_job.py:190} INFO - Processing /home/airflow/.local/lib/python3.6/site-packages/airflow/example_dags/example_subdag_operator.py took 0.127 seconds
