[2021-03-18 08:03:55,320] {scheduler_job.py:182} INFO - Started process (PID=44) to work on /home/airflow/.local/lib/python3.6/site-packages/airflow/example_dags/example_trigger_controller_dag.py
[2021-03-18 08:03:55,325] {scheduler_job.py:629} INFO - Processing file /home/airflow/.local/lib/python3.6/site-packages/airflow/example_dags/example_trigger_controller_dag.py for tasks to queue
[2021-03-18 08:03:55,326] {logging_mixin.py:104} INFO - [2021-03-18 08:03:55,326] {dagbag.py:448} INFO - Filling up the DagBag from /home/airflow/.local/lib/python3.6/site-packages/airflow/example_dags/example_trigger_controller_dag.py
[2021-03-18 08:03:55,344] {scheduler_job.py:639} INFO - DAG(s) dict_keys(['example_trigger_controller_dag']) retrieved from /home/airflow/.local/lib/python3.6/site-packages/airflow/example_dags/example_trigger_controller_dag.py
[2021-03-18 08:03:55,386] {logging_mixin.py:104} INFO - [2021-03-18 08:03:55,386] {dag.py:1818} INFO - Sync 1 DAGs
[2021-03-18 08:03:55,406] {logging_mixin.py:104} INFO - [2021-03-18 08:03:55,406] {dag.py:1837} INFO - Creating ORM DAG for example_trigger_controller_dag
[2021-03-18 08:03:55,415] {logging_mixin.py:104} INFO - [2021-03-18 08:03:55,415] {dag.py:2273} INFO - Setting next_dagrun for example_trigger_controller_dag to 2021-03-16 00:00:00+00:00
[2021-03-18 08:03:55,444] {scheduler_job.py:190} INFO - Processing /home/airflow/.local/lib/python3.6/site-packages/airflow/example_dags/example_trigger_controller_dag.py took 0.126 seconds
[2021-03-18 08:04:25,565] {scheduler_job.py:182} INFO - Started process (PID=72) to work on /home/airflow/.local/lib/python3.6/site-packages/airflow/example_dags/example_trigger_controller_dag.py
[2021-03-18 08:04:25,567] {scheduler_job.py:629} INFO - Processing file /home/airflow/.local/lib/python3.6/site-packages/airflow/example_dags/example_trigger_controller_dag.py for tasks to queue
[2021-03-18 08:04:25,568] {logging_mixin.py:104} INFO - [2021-03-18 08:04:25,568] {dagbag.py:448} INFO - Filling up the DagBag from /home/airflow/.local/lib/python3.6/site-packages/airflow/example_dags/example_trigger_controller_dag.py
[2021-03-18 08:04:25,576] {scheduler_job.py:639} INFO - DAG(s) dict_keys(['example_trigger_controller_dag']) retrieved from /home/airflow/.local/lib/python3.6/site-packages/airflow/example_dags/example_trigger_controller_dag.py
[2021-03-18 08:04:25,595] {logging_mixin.py:104} INFO - [2021-03-18 08:04:25,595] {dag.py:1818} INFO - Sync 1 DAGs
[2021-03-18 08:04:25,606] {logging_mixin.py:104} INFO - [2021-03-18 08:04:25,606] {dag.py:2273} INFO - Setting next_dagrun for example_trigger_controller_dag to 2021-03-16 00:00:00+00:00
[2021-03-18 08:04:25,616] {scheduler_job.py:190} INFO - Processing /home/airflow/.local/lib/python3.6/site-packages/airflow/example_dags/example_trigger_controller_dag.py took 0.052 seconds
[2021-03-18 08:04:55,724] {scheduler_job.py:182} INFO - Started process (PID=98) to work on /home/airflow/.local/lib/python3.6/site-packages/airflow/example_dags/example_trigger_controller_dag.py
[2021-03-18 08:04:55,725] {scheduler_job.py:629} INFO - Processing file /home/airflow/.local/lib/python3.6/site-packages/airflow/example_dags/example_trigger_controller_dag.py for tasks to queue
[2021-03-18 08:04:55,726] {logging_mixin.py:104} INFO - [2021-03-18 08:04:55,726] {dagbag.py:448} INFO - Filling up the DagBag from /home/airflow/.local/lib/python3.6/site-packages/airflow/example_dags/example_trigger_controller_dag.py
[2021-03-18 08:04:55,735] {scheduler_job.py:639} INFO - DAG(s) dict_keys(['example_trigger_controller_dag']) retrieved from /home/airflow/.local/lib/python3.6/site-packages/airflow/example_dags/example_trigger_controller_dag.py
[2021-03-18 08:04:55,752] {logging_mixin.py:104} INFO - [2021-03-18 08:04:55,751] {dag.py:1818} INFO - Sync 1 DAGs
[2021-03-18 08:04:55,767] {logging_mixin.py:104} INFO - [2021-03-18 08:04:55,767] {dag.py:2273} INFO - Setting next_dagrun for example_trigger_controller_dag to 2021-03-16 00:00:00+00:00
[2021-03-18 08:04:55,776] {scheduler_job.py:190} INFO - Processing /home/airflow/.local/lib/python3.6/site-packages/airflow/example_dags/example_trigger_controller_dag.py took 0.054 seconds
[2021-03-18 08:05:25,814] {scheduler_job.py:182} INFO - Started process (PID=124) to work on /home/airflow/.local/lib/python3.6/site-packages/airflow/example_dags/example_trigger_controller_dag.py
[2021-03-18 08:05:25,815] {scheduler_job.py:629} INFO - Processing file /home/airflow/.local/lib/python3.6/site-packages/airflow/example_dags/example_trigger_controller_dag.py for tasks to queue
[2021-03-18 08:05:25,817] {logging_mixin.py:104} INFO - [2021-03-18 08:05:25,817] {dagbag.py:448} INFO - Filling up the DagBag from /home/airflow/.local/lib/python3.6/site-packages/airflow/example_dags/example_trigger_controller_dag.py
[2021-03-18 08:05:25,825] {scheduler_job.py:639} INFO - DAG(s) dict_keys(['example_trigger_controller_dag']) retrieved from /home/airflow/.local/lib/python3.6/site-packages/airflow/example_dags/example_trigger_controller_dag.py
[2021-03-18 08:05:25,842] {logging_mixin.py:104} INFO - [2021-03-18 08:05:25,842] {dag.py:1818} INFO - Sync 1 DAGs
[2021-03-18 08:05:25,857] {logging_mixin.py:104} INFO - [2021-03-18 08:05:25,856] {dag.py:2273} INFO - Setting next_dagrun for example_trigger_controller_dag to 2021-03-16 00:00:00+00:00
[2021-03-18 08:05:25,866] {scheduler_job.py:190} INFO - Processing /home/airflow/.local/lib/python3.6/site-packages/airflow/example_dags/example_trigger_controller_dag.py took 0.054 seconds
[2021-03-18 08:05:55,929] {scheduler_job.py:182} INFO - Started process (PID=150) to work on /home/airflow/.local/lib/python3.6/site-packages/airflow/example_dags/example_trigger_controller_dag.py
[2021-03-18 08:05:55,930] {scheduler_job.py:629} INFO - Processing file /home/airflow/.local/lib/python3.6/site-packages/airflow/example_dags/example_trigger_controller_dag.py for tasks to queue
[2021-03-18 08:05:55,931] {logging_mixin.py:104} INFO - [2021-03-18 08:05:55,931] {dagbag.py:448} INFO - Filling up the DagBag from /home/airflow/.local/lib/python3.6/site-packages/airflow/example_dags/example_trigger_controller_dag.py
[2021-03-18 08:05:55,939] {scheduler_job.py:639} INFO - DAG(s) dict_keys(['example_trigger_controller_dag']) retrieved from /home/airflow/.local/lib/python3.6/site-packages/airflow/example_dags/example_trigger_controller_dag.py
[2021-03-18 08:05:55,956] {logging_mixin.py:104} INFO - [2021-03-18 08:05:55,956] {dag.py:1818} INFO - Sync 1 DAGs
[2021-03-18 08:05:55,970] {logging_mixin.py:104} INFO - [2021-03-18 08:05:55,970] {dag.py:2273} INFO - Setting next_dagrun for example_trigger_controller_dag to 2021-03-16 00:00:00+00:00
[2021-03-18 08:05:55,979] {scheduler_job.py:190} INFO - Processing /home/airflow/.local/lib/python3.6/site-packages/airflow/example_dags/example_trigger_controller_dag.py took 0.052 seconds
[2021-03-18 08:06:26,121] {scheduler_job.py:182} INFO - Started process (PID=175) to work on /home/airflow/.local/lib/python3.6/site-packages/airflow/example_dags/example_trigger_controller_dag.py
[2021-03-18 08:06:26,123] {scheduler_job.py:629} INFO - Processing file /home/airflow/.local/lib/python3.6/site-packages/airflow/example_dags/example_trigger_controller_dag.py for tasks to queue
[2021-03-18 08:06:26,124] {logging_mixin.py:104} INFO - [2021-03-18 08:06:26,124] {dagbag.py:448} INFO - Filling up the DagBag from /home/airflow/.local/lib/python3.6/site-packages/airflow/example_dags/example_trigger_controller_dag.py
[2021-03-18 08:06:26,134] {scheduler_job.py:639} INFO - DAG(s) dict_keys(['example_trigger_controller_dag']) retrieved from /home/airflow/.local/lib/python3.6/site-packages/airflow/example_dags/example_trigger_controller_dag.py
[2021-03-18 08:06:26,155] {logging_mixin.py:104} INFO - [2021-03-18 08:06:26,155] {dag.py:1818} INFO - Sync 1 DAGs
[2021-03-18 08:06:26,169] {logging_mixin.py:104} INFO - [2021-03-18 08:06:26,169] {dag.py:2273} INFO - Setting next_dagrun for example_trigger_controller_dag to 2021-03-16 00:00:00+00:00
[2021-03-18 08:06:26,179] {scheduler_job.py:190} INFO - Processing /home/airflow/.local/lib/python3.6/site-packages/airflow/example_dags/example_trigger_controller_dag.py took 0.060 seconds
[2021-03-18 08:06:56,301] {scheduler_job.py:182} INFO - Started process (PID=201) to work on /home/airflow/.local/lib/python3.6/site-packages/airflow/example_dags/example_trigger_controller_dag.py
[2021-03-18 08:06:56,302] {scheduler_job.py:629} INFO - Processing file /home/airflow/.local/lib/python3.6/site-packages/airflow/example_dags/example_trigger_controller_dag.py for tasks to queue
[2021-03-18 08:06:56,303] {logging_mixin.py:104} INFO - [2021-03-18 08:06:56,303] {dagbag.py:448} INFO - Filling up the DagBag from /home/airflow/.local/lib/python3.6/site-packages/airflow/example_dags/example_trigger_controller_dag.py
[2021-03-18 08:06:56,310] {scheduler_job.py:639} INFO - DAG(s) dict_keys(['example_trigger_controller_dag']) retrieved from /home/airflow/.local/lib/python3.6/site-packages/airflow/example_dags/example_trigger_controller_dag.py
[2021-03-18 08:06:56,330] {logging_mixin.py:104} INFO - [2021-03-18 08:06:56,330] {dag.py:1818} INFO - Sync 1 DAGs
[2021-03-18 08:06:56,346] {logging_mixin.py:104} INFO - [2021-03-18 08:06:56,346] {dag.py:2273} INFO - Setting next_dagrun for example_trigger_controller_dag to 2021-03-16 00:00:00+00:00
[2021-03-18 08:06:56,356] {scheduler_job.py:190} INFO - Processing /home/airflow/.local/lib/python3.6/site-packages/airflow/example_dags/example_trigger_controller_dag.py took 0.059 seconds
[2021-03-18 08:07:26,397] {scheduler_job.py:182} INFO - Started process (PID=227) to work on /home/airflow/.local/lib/python3.6/site-packages/airflow/example_dags/example_trigger_controller_dag.py
[2021-03-18 08:07:26,399] {scheduler_job.py:629} INFO - Processing file /home/airflow/.local/lib/python3.6/site-packages/airflow/example_dags/example_trigger_controller_dag.py for tasks to queue
[2021-03-18 08:07:26,400] {logging_mixin.py:104} INFO - [2021-03-18 08:07:26,400] {dagbag.py:448} INFO - Filling up the DagBag from /home/airflow/.local/lib/python3.6/site-packages/airflow/example_dags/example_trigger_controller_dag.py
[2021-03-18 08:07:26,407] {scheduler_job.py:639} INFO - DAG(s) dict_keys(['example_trigger_controller_dag']) retrieved from /home/airflow/.local/lib/python3.6/site-packages/airflow/example_dags/example_trigger_controller_dag.py
[2021-03-18 08:07:26,426] {logging_mixin.py:104} INFO - [2021-03-18 08:07:26,426] {dag.py:1818} INFO - Sync 1 DAGs
[2021-03-18 08:07:26,438] {logging_mixin.py:104} INFO - [2021-03-18 08:07:26,438] {dag.py:2273} INFO - Setting next_dagrun for example_trigger_controller_dag to 2021-03-16 00:00:00+00:00
[2021-03-18 08:07:26,447] {scheduler_job.py:190} INFO - Processing /home/airflow/.local/lib/python3.6/site-packages/airflow/example_dags/example_trigger_controller_dag.py took 0.052 seconds
[2021-03-18 08:07:56,654] {scheduler_job.py:182} INFO - Started process (PID=254) to work on /home/airflow/.local/lib/python3.6/site-packages/airflow/example_dags/example_trigger_controller_dag.py
[2021-03-18 08:07:56,655] {scheduler_job.py:629} INFO - Processing file /home/airflow/.local/lib/python3.6/site-packages/airflow/example_dags/example_trigger_controller_dag.py for tasks to queue
[2021-03-18 08:07:56,656] {logging_mixin.py:104} INFO - [2021-03-18 08:07:56,656] {dagbag.py:448} INFO - Filling up the DagBag from /home/airflow/.local/lib/python3.6/site-packages/airflow/example_dags/example_trigger_controller_dag.py
[2021-03-18 08:07:56,665] {scheduler_job.py:639} INFO - DAG(s) dict_keys(['example_trigger_controller_dag']) retrieved from /home/airflow/.local/lib/python3.6/site-packages/airflow/example_dags/example_trigger_controller_dag.py
[2021-03-18 08:07:56,682] {logging_mixin.py:104} INFO - [2021-03-18 08:07:56,681] {dag.py:1818} INFO - Sync 1 DAGs
[2021-03-18 08:07:56,694] {logging_mixin.py:104} INFO - [2021-03-18 08:07:56,694] {dag.py:2273} INFO - Setting next_dagrun for example_trigger_controller_dag to 2021-03-16 00:00:00+00:00
[2021-03-18 08:07:56,702] {scheduler_job.py:190} INFO - Processing /home/airflow/.local/lib/python3.6/site-packages/airflow/example_dags/example_trigger_controller_dag.py took 0.051 seconds
[2021-03-18 08:08:26,785] {scheduler_job.py:182} INFO - Started process (PID=280) to work on /home/airflow/.local/lib/python3.6/site-packages/airflow/example_dags/example_trigger_controller_dag.py
[2021-03-18 08:08:26,787] {scheduler_job.py:629} INFO - Processing file /home/airflow/.local/lib/python3.6/site-packages/airflow/example_dags/example_trigger_controller_dag.py for tasks to queue
[2021-03-18 08:08:26,788] {logging_mixin.py:104} INFO - [2021-03-18 08:08:26,787] {dagbag.py:448} INFO - Filling up the DagBag from /home/airflow/.local/lib/python3.6/site-packages/airflow/example_dags/example_trigger_controller_dag.py
[2021-03-18 08:08:26,796] {scheduler_job.py:639} INFO - DAG(s) dict_keys(['example_trigger_controller_dag']) retrieved from /home/airflow/.local/lib/python3.6/site-packages/airflow/example_dags/example_trigger_controller_dag.py
[2021-03-18 08:08:26,815] {logging_mixin.py:104} INFO - [2021-03-18 08:08:26,815] {dag.py:1818} INFO - Sync 1 DAGs
[2021-03-18 08:08:26,828] {logging_mixin.py:104} INFO - [2021-03-18 08:08:26,828] {dag.py:2273} INFO - Setting next_dagrun for example_trigger_controller_dag to 2021-03-16 00:00:00+00:00
[2021-03-18 08:08:26,837] {scheduler_job.py:190} INFO - Processing /home/airflow/.local/lib/python3.6/site-packages/airflow/example_dags/example_trigger_controller_dag.py took 0.053 seconds
[2021-03-18 08:08:56,860] {scheduler_job.py:182} INFO - Started process (PID=305) to work on /home/airflow/.local/lib/python3.6/site-packages/airflow/example_dags/example_trigger_controller_dag.py
[2021-03-18 08:08:56,861] {scheduler_job.py:629} INFO - Processing file /home/airflow/.local/lib/python3.6/site-packages/airflow/example_dags/example_trigger_controller_dag.py for tasks to queue
[2021-03-18 08:08:56,862] {logging_mixin.py:104} INFO - [2021-03-18 08:08:56,862] {dagbag.py:448} INFO - Filling up the DagBag from /home/airflow/.local/lib/python3.6/site-packages/airflow/example_dags/example_trigger_controller_dag.py
[2021-03-18 08:08:56,871] {scheduler_job.py:639} INFO - DAG(s) dict_keys(['example_trigger_controller_dag']) retrieved from /home/airflow/.local/lib/python3.6/site-packages/airflow/example_dags/example_trigger_controller_dag.py
[2021-03-18 08:08:56,891] {logging_mixin.py:104} INFO - [2021-03-18 08:08:56,891] {dag.py:1818} INFO - Sync 1 DAGs
[2021-03-18 08:08:56,905] {logging_mixin.py:104} INFO - [2021-03-18 08:08:56,905] {dag.py:2273} INFO - Setting next_dagrun for example_trigger_controller_dag to 2021-03-16 00:00:00+00:00
[2021-03-18 08:08:56,915] {scheduler_job.py:190} INFO - Processing /home/airflow/.local/lib/python3.6/site-packages/airflow/example_dags/example_trigger_controller_dag.py took 0.058 seconds
[2021-03-18 08:09:27,013] {scheduler_job.py:182} INFO - Started process (PID=331) to work on /home/airflow/.local/lib/python3.6/site-packages/airflow/example_dags/example_trigger_controller_dag.py
[2021-03-18 08:09:27,014] {scheduler_job.py:629} INFO - Processing file /home/airflow/.local/lib/python3.6/site-packages/airflow/example_dags/example_trigger_controller_dag.py for tasks to queue
[2021-03-18 08:09:27,015] {logging_mixin.py:104} INFO - [2021-03-18 08:09:27,015] {dagbag.py:448} INFO - Filling up the DagBag from /home/airflow/.local/lib/python3.6/site-packages/airflow/example_dags/example_trigger_controller_dag.py
[2021-03-18 08:09:27,023] {scheduler_job.py:639} INFO - DAG(s) dict_keys(['example_trigger_controller_dag']) retrieved from /home/airflow/.local/lib/python3.6/site-packages/airflow/example_dags/example_trigger_controller_dag.py
[2021-03-18 08:09:27,040] {logging_mixin.py:104} INFO - [2021-03-18 08:09:27,040] {dag.py:1818} INFO - Sync 1 DAGs
[2021-03-18 08:09:27,052] {logging_mixin.py:104} INFO - [2021-03-18 08:09:27,052] {dag.py:2273} INFO - Setting next_dagrun for example_trigger_controller_dag to 2021-03-16 00:00:00+00:00
[2021-03-18 08:09:27,061] {scheduler_job.py:190} INFO - Processing /home/airflow/.local/lib/python3.6/site-packages/airflow/example_dags/example_trigger_controller_dag.py took 0.050 seconds
[2021-03-18 08:09:57,145] {scheduler_job.py:182} INFO - Started process (PID=357) to work on /home/airflow/.local/lib/python3.6/site-packages/airflow/example_dags/example_trigger_controller_dag.py
[2021-03-18 08:09:57,146] {scheduler_job.py:629} INFO - Processing file /home/airflow/.local/lib/python3.6/site-packages/airflow/example_dags/example_trigger_controller_dag.py for tasks to queue
[2021-03-18 08:09:57,147] {logging_mixin.py:104} INFO - [2021-03-18 08:09:57,147] {dagbag.py:448} INFO - Filling up the DagBag from /home/airflow/.local/lib/python3.6/site-packages/airflow/example_dags/example_trigger_controller_dag.py
[2021-03-18 08:09:57,155] {scheduler_job.py:639} INFO - DAG(s) dict_keys(['example_trigger_controller_dag']) retrieved from /home/airflow/.local/lib/python3.6/site-packages/airflow/example_dags/example_trigger_controller_dag.py
[2021-03-18 08:09:57,172] {logging_mixin.py:104} INFO - [2021-03-18 08:09:57,172] {dag.py:1818} INFO - Sync 1 DAGs
[2021-03-18 08:09:57,185] {logging_mixin.py:104} INFO - [2021-03-18 08:09:57,185] {dag.py:2273} INFO - Setting next_dagrun for example_trigger_controller_dag to 2021-03-16 00:00:00+00:00
[2021-03-18 08:09:57,195] {scheduler_job.py:190} INFO - Processing /home/airflow/.local/lib/python3.6/site-packages/airflow/example_dags/example_trigger_controller_dag.py took 0.052 seconds
[2021-03-18 08:10:27,328] {scheduler_job.py:182} INFO - Started process (PID=383) to work on /home/airflow/.local/lib/python3.6/site-packages/airflow/example_dags/example_trigger_controller_dag.py
[2021-03-18 08:10:27,330] {scheduler_job.py:629} INFO - Processing file /home/airflow/.local/lib/python3.6/site-packages/airflow/example_dags/example_trigger_controller_dag.py for tasks to queue
[2021-03-18 08:10:27,331] {logging_mixin.py:104} INFO - [2021-03-18 08:10:27,331] {dagbag.py:448} INFO - Filling up the DagBag from /home/airflow/.local/lib/python3.6/site-packages/airflow/example_dags/example_trigger_controller_dag.py
[2021-03-18 08:10:27,341] {scheduler_job.py:639} INFO - DAG(s) dict_keys(['example_trigger_controller_dag']) retrieved from /home/airflow/.local/lib/python3.6/site-packages/airflow/example_dags/example_trigger_controller_dag.py
[2021-03-18 08:10:27,362] {logging_mixin.py:104} INFO - [2021-03-18 08:10:27,362] {dag.py:1818} INFO - Sync 1 DAGs
[2021-03-18 08:10:27,377] {logging_mixin.py:104} INFO - [2021-03-18 08:10:27,377] {dag.py:2273} INFO - Setting next_dagrun for example_trigger_controller_dag to 2021-03-16 00:00:00+00:00
[2021-03-18 08:10:27,390] {scheduler_job.py:190} INFO - Processing /home/airflow/.local/lib/python3.6/site-packages/airflow/example_dags/example_trigger_controller_dag.py took 0.064 seconds
[2021-03-18 08:10:57,554] {scheduler_job.py:182} INFO - Started process (PID=408) to work on /home/airflow/.local/lib/python3.6/site-packages/airflow/example_dags/example_trigger_controller_dag.py
[2021-03-18 08:10:57,556] {scheduler_job.py:629} INFO - Processing file /home/airflow/.local/lib/python3.6/site-packages/airflow/example_dags/example_trigger_controller_dag.py for tasks to queue
[2021-03-18 08:10:57,557] {logging_mixin.py:104} INFO - [2021-03-18 08:10:57,557] {dagbag.py:448} INFO - Filling up the DagBag from /home/airflow/.local/lib/python3.6/site-packages/airflow/example_dags/example_trigger_controller_dag.py
[2021-03-18 08:10:57,565] {scheduler_job.py:639} INFO - DAG(s) dict_keys(['example_trigger_controller_dag']) retrieved from /home/airflow/.local/lib/python3.6/site-packages/airflow/example_dags/example_trigger_controller_dag.py
[2021-03-18 08:10:57,583] {logging_mixin.py:104} INFO - [2021-03-18 08:10:57,583] {dag.py:1818} INFO - Sync 1 DAGs
[2021-03-18 08:10:57,597] {logging_mixin.py:104} INFO - [2021-03-18 08:10:57,596] {dag.py:2273} INFO - Setting next_dagrun for example_trigger_controller_dag to 2021-03-16 00:00:00+00:00
[2021-03-18 08:10:57,607] {scheduler_job.py:190} INFO - Processing /home/airflow/.local/lib/python3.6/site-packages/airflow/example_dags/example_trigger_controller_dag.py took 0.055 seconds
[2021-03-18 10:16:30,324] {scheduler_job.py:182} INFO - Started process (PID=39) to work on /home/airflow/.local/lib/python3.6/site-packages/airflow/example_dags/example_trigger_controller_dag.py
[2021-03-18 10:16:30,328] {scheduler_job.py:629} INFO - Processing file /home/airflow/.local/lib/python3.6/site-packages/airflow/example_dags/example_trigger_controller_dag.py for tasks to queue
[2021-03-18 10:16:30,329] {logging_mixin.py:104} INFO - [2021-03-18 10:16:30,329] {dagbag.py:448} INFO - Filling up the DagBag from /home/airflow/.local/lib/python3.6/site-packages/airflow/example_dags/example_trigger_controller_dag.py
[2021-03-18 10:16:30,338] {scheduler_job.py:639} INFO - DAG(s) dict_keys(['example_trigger_controller_dag']) retrieved from /home/airflow/.local/lib/python3.6/site-packages/airflow/example_dags/example_trigger_controller_dag.py
[2021-03-18 10:16:30,370] {logging_mixin.py:104} INFO - [2021-03-18 10:16:30,370] {dag.py:1818} INFO - Sync 1 DAGs
[2021-03-18 10:16:30,397] {logging_mixin.py:104} INFO - [2021-03-18 10:16:30,396] {dag.py:2273} INFO - Setting next_dagrun for example_trigger_controller_dag to 2021-03-16 00:00:00+00:00
[2021-03-18 10:16:30,410] {scheduler_job.py:190} INFO - Processing /home/airflow/.local/lib/python3.6/site-packages/airflow/example_dags/example_trigger_controller_dag.py took 0.088 seconds
[2021-03-18 10:17:00,908] {scheduler_job.py:182} INFO - Started process (PID=64) to work on /home/airflow/.local/lib/python3.6/site-packages/airflow/example_dags/example_trigger_controller_dag.py
[2021-03-18 10:17:00,910] {scheduler_job.py:629} INFO - Processing file /home/airflow/.local/lib/python3.6/site-packages/airflow/example_dags/example_trigger_controller_dag.py for tasks to queue
[2021-03-18 10:17:00,911] {logging_mixin.py:104} INFO - [2021-03-18 10:17:00,911] {dagbag.py:448} INFO - Filling up the DagBag from /home/airflow/.local/lib/python3.6/site-packages/airflow/example_dags/example_trigger_controller_dag.py
[2021-03-18 10:17:00,928] {scheduler_job.py:639} INFO - DAG(s) dict_keys(['example_trigger_controller_dag']) retrieved from /home/airflow/.local/lib/python3.6/site-packages/airflow/example_dags/example_trigger_controller_dag.py
[2021-03-18 10:17:00,949] {logging_mixin.py:104} INFO - [2021-03-18 10:17:00,949] {dag.py:1818} INFO - Sync 1 DAGs
[2021-03-18 10:17:00,976] {logging_mixin.py:104} INFO - [2021-03-18 10:17:00,976] {dag.py:2273} INFO - Setting next_dagrun for example_trigger_controller_dag to 2021-03-16 00:00:00+00:00
[2021-03-18 10:17:00,994] {scheduler_job.py:190} INFO - Processing /home/airflow/.local/lib/python3.6/site-packages/airflow/example_dags/example_trigger_controller_dag.py took 0.088 seconds
