[2021-03-18 08:03:54,268] {scheduler_job.py:182} INFO - Started process (PID=31) to work on /home/airflow/.local/lib/python3.6/site-packages/airflow/example_dags/example_branch_operator.py
[2021-03-18 08:03:54,270] {scheduler_job.py:629} INFO - Processing file /home/airflow/.local/lib/python3.6/site-packages/airflow/example_dags/example_branch_operator.py for tasks to queue
[2021-03-18 08:03:54,272] {logging_mixin.py:104} INFO - [2021-03-18 08:03:54,271] {dagbag.py:448} INFO - Filling up the DagBag from /home/airflow/.local/lib/python3.6/site-packages/airflow/example_dags/example_branch_operator.py
[2021-03-18 08:03:54,284] {scheduler_job.py:639} INFO - DAG(s) dict_keys(['example_branch_operator']) retrieved from /home/airflow/.local/lib/python3.6/site-packages/airflow/example_dags/example_branch_operator.py
[2021-03-18 08:03:54,310] {logging_mixin.py:104} INFO - [2021-03-18 08:03:54,310] {dag.py:1818} INFO - Sync 1 DAGs
[2021-03-18 08:03:54,321] {logging_mixin.py:104} INFO - [2021-03-18 08:03:54,321] {dag.py:1837} INFO - Creating ORM DAG for example_branch_operator
[2021-03-18 08:03:54,346] {logging_mixin.py:104} INFO - [2021-03-18 08:03:54,345] {dag.py:2273} INFO - Setting next_dagrun for example_branch_operator to 2021-03-16 00:00:00+00:00
[2021-03-18 08:03:54,379] {scheduler_job.py:190} INFO - Processing /home/airflow/.local/lib/python3.6/site-packages/airflow/example_dags/example_branch_operator.py took 0.113 seconds
[2021-03-18 08:04:24,922] {scheduler_job.py:182} INFO - Started process (PID=56) to work on /home/airflow/.local/lib/python3.6/site-packages/airflow/example_dags/example_branch_operator.py
[2021-03-18 08:04:24,923] {scheduler_job.py:629} INFO - Processing file /home/airflow/.local/lib/python3.6/site-packages/airflow/example_dags/example_branch_operator.py for tasks to queue
[2021-03-18 08:04:24,924] {logging_mixin.py:104} INFO - [2021-03-18 08:04:24,924] {dagbag.py:448} INFO - Filling up the DagBag from /home/airflow/.local/lib/python3.6/site-packages/airflow/example_dags/example_branch_operator.py
[2021-03-18 08:04:24,937] {scheduler_job.py:639} INFO - DAG(s) dict_keys(['example_branch_operator']) retrieved from /home/airflow/.local/lib/python3.6/site-packages/airflow/example_dags/example_branch_operator.py
[2021-03-18 08:04:24,954] {logging_mixin.py:104} INFO - [2021-03-18 08:04:24,954] {dag.py:1818} INFO - Sync 1 DAGs
[2021-03-18 08:04:24,972] {logging_mixin.py:104} INFO - [2021-03-18 08:04:24,972] {dag.py:2273} INFO - Setting next_dagrun for example_branch_operator to 2021-03-16 00:00:00+00:00
[2021-03-18 08:04:24,982] {scheduler_job.py:190} INFO - Processing /home/airflow/.local/lib/python3.6/site-packages/airflow/example_dags/example_branch_operator.py took 0.062 seconds
[2021-03-18 08:04:55,044] {scheduler_job.py:182} INFO - Started process (PID=82) to work on /home/airflow/.local/lib/python3.6/site-packages/airflow/example_dags/example_branch_operator.py
[2021-03-18 08:04:55,045] {scheduler_job.py:629} INFO - Processing file /home/airflow/.local/lib/python3.6/site-packages/airflow/example_dags/example_branch_operator.py for tasks to queue
[2021-03-18 08:04:55,046] {logging_mixin.py:104} INFO - [2021-03-18 08:04:55,046] {dagbag.py:448} INFO - Filling up the DagBag from /home/airflow/.local/lib/python3.6/site-packages/airflow/example_dags/example_branch_operator.py
[2021-03-18 08:04:55,059] {scheduler_job.py:639} INFO - DAG(s) dict_keys(['example_branch_operator']) retrieved from /home/airflow/.local/lib/python3.6/site-packages/airflow/example_dags/example_branch_operator.py
[2021-03-18 08:04:55,080] {logging_mixin.py:104} INFO - [2021-03-18 08:04:55,080] {dag.py:1818} INFO - Sync 1 DAGs
[2021-03-18 08:04:55,099] {logging_mixin.py:104} INFO - [2021-03-18 08:04:55,099] {dag.py:2273} INFO - Setting next_dagrun for example_branch_operator to 2021-03-16 00:00:00+00:00
[2021-03-18 08:04:55,108] {scheduler_job.py:190} INFO - Processing /home/airflow/.local/lib/python3.6/site-packages/airflow/example_dags/example_branch_operator.py took 0.067 seconds
[2021-03-18 08:05:25,200] {scheduler_job.py:182} INFO - Started process (PID=108) to work on /home/airflow/.local/lib/python3.6/site-packages/airflow/example_dags/example_branch_operator.py
[2021-03-18 08:05:25,202] {scheduler_job.py:629} INFO - Processing file /home/airflow/.local/lib/python3.6/site-packages/airflow/example_dags/example_branch_operator.py for tasks to queue
[2021-03-18 08:05:25,203] {logging_mixin.py:104} INFO - [2021-03-18 08:05:25,203] {dagbag.py:448} INFO - Filling up the DagBag from /home/airflow/.local/lib/python3.6/site-packages/airflow/example_dags/example_branch_operator.py
[2021-03-18 08:05:25,215] {scheduler_job.py:639} INFO - DAG(s) dict_keys(['example_branch_operator']) retrieved from /home/airflow/.local/lib/python3.6/site-packages/airflow/example_dags/example_branch_operator.py
[2021-03-18 08:05:25,233] {logging_mixin.py:104} INFO - [2021-03-18 08:05:25,233] {dag.py:1818} INFO - Sync 1 DAGs
[2021-03-18 08:05:25,253] {logging_mixin.py:104} INFO - [2021-03-18 08:05:25,252] {dag.py:2273} INFO - Setting next_dagrun for example_branch_operator to 2021-03-16 00:00:00+00:00
[2021-03-18 08:05:25,262] {scheduler_job.py:190} INFO - Processing /home/airflow/.local/lib/python3.6/site-packages/airflow/example_dags/example_branch_operator.py took 0.064 seconds
[2021-03-18 08:05:55,340] {scheduler_job.py:182} INFO - Started process (PID=134) to work on /home/airflow/.local/lib/python3.6/site-packages/airflow/example_dags/example_branch_operator.py
[2021-03-18 08:05:55,341] {scheduler_job.py:629} INFO - Processing file /home/airflow/.local/lib/python3.6/site-packages/airflow/example_dags/example_branch_operator.py for tasks to queue
[2021-03-18 08:05:55,342] {logging_mixin.py:104} INFO - [2021-03-18 08:05:55,342] {dagbag.py:448} INFO - Filling up the DagBag from /home/airflow/.local/lib/python3.6/site-packages/airflow/example_dags/example_branch_operator.py
[2021-03-18 08:05:55,355] {scheduler_job.py:639} INFO - DAG(s) dict_keys(['example_branch_operator']) retrieved from /home/airflow/.local/lib/python3.6/site-packages/airflow/example_dags/example_branch_operator.py
[2021-03-18 08:05:55,375] {logging_mixin.py:104} INFO - [2021-03-18 08:05:55,375] {dag.py:1818} INFO - Sync 1 DAGs
[2021-03-18 08:05:55,395] {logging_mixin.py:104} INFO - [2021-03-18 08:05:55,395] {dag.py:2273} INFO - Setting next_dagrun for example_branch_operator to 2021-03-16 00:00:00+00:00
[2021-03-18 08:05:55,406] {scheduler_job.py:190} INFO - Processing /home/airflow/.local/lib/python3.6/site-packages/airflow/example_dags/example_branch_operator.py took 0.069 seconds
[2021-03-18 08:06:25,443] {scheduler_job.py:182} INFO - Started process (PID=160) to work on /home/airflow/.local/lib/python3.6/site-packages/airflow/example_dags/example_branch_operator.py
[2021-03-18 08:06:25,445] {scheduler_job.py:629} INFO - Processing file /home/airflow/.local/lib/python3.6/site-packages/airflow/example_dags/example_branch_operator.py for tasks to queue
[2021-03-18 08:06:25,446] {logging_mixin.py:104} INFO - [2021-03-18 08:06:25,446] {dagbag.py:448} INFO - Filling up the DagBag from /home/airflow/.local/lib/python3.6/site-packages/airflow/example_dags/example_branch_operator.py
[2021-03-18 08:06:25,459] {scheduler_job.py:639} INFO - DAG(s) dict_keys(['example_branch_operator']) retrieved from /home/airflow/.local/lib/python3.6/site-packages/airflow/example_dags/example_branch_operator.py
[2021-03-18 08:06:25,476] {logging_mixin.py:104} INFO - [2021-03-18 08:06:25,476] {dag.py:1818} INFO - Sync 1 DAGs
[2021-03-18 08:06:25,493] {logging_mixin.py:104} INFO - [2021-03-18 08:06:25,493] {dag.py:2273} INFO - Setting next_dagrun for example_branch_operator to 2021-03-16 00:00:00+00:00
[2021-03-18 08:06:25,501] {scheduler_job.py:190} INFO - Processing /home/airflow/.local/lib/python3.6/site-packages/airflow/example_dags/example_branch_operator.py took 0.060 seconds
[2021-03-18 08:06:55,646] {scheduler_job.py:182} INFO - Started process (PID=186) to work on /home/airflow/.local/lib/python3.6/site-packages/airflow/example_dags/example_branch_operator.py
[2021-03-18 08:06:55,647] {scheduler_job.py:629} INFO - Processing file /home/airflow/.local/lib/python3.6/site-packages/airflow/example_dags/example_branch_operator.py for tasks to queue
[2021-03-18 08:06:55,648] {logging_mixin.py:104} INFO - [2021-03-18 08:06:55,648] {dagbag.py:448} INFO - Filling up the DagBag from /home/airflow/.local/lib/python3.6/site-packages/airflow/example_dags/example_branch_operator.py
[2021-03-18 08:06:55,660] {scheduler_job.py:639} INFO - DAG(s) dict_keys(['example_branch_operator']) retrieved from /home/airflow/.local/lib/python3.6/site-packages/airflow/example_dags/example_branch_operator.py
[2021-03-18 08:06:55,680] {logging_mixin.py:104} INFO - [2021-03-18 08:06:55,680] {dag.py:1818} INFO - Sync 1 DAGs
[2021-03-18 08:06:55,700] {logging_mixin.py:104} INFO - [2021-03-18 08:06:55,700] {dag.py:2273} INFO - Setting next_dagrun for example_branch_operator to 2021-03-16 00:00:00+00:00
[2021-03-18 08:06:55,711] {scheduler_job.py:190} INFO - Processing /home/airflow/.local/lib/python3.6/site-packages/airflow/example_dags/example_branch_operator.py took 0.068 seconds
[2021-03-18 08:07:25,824] {scheduler_job.py:182} INFO - Started process (PID=212) to work on /home/airflow/.local/lib/python3.6/site-packages/airflow/example_dags/example_branch_operator.py
[2021-03-18 08:07:25,825] {scheduler_job.py:629} INFO - Processing file /home/airflow/.local/lib/python3.6/site-packages/airflow/example_dags/example_branch_operator.py for tasks to queue
[2021-03-18 08:07:25,826] {logging_mixin.py:104} INFO - [2021-03-18 08:07:25,826] {dagbag.py:448} INFO - Filling up the DagBag from /home/airflow/.local/lib/python3.6/site-packages/airflow/example_dags/example_branch_operator.py
[2021-03-18 08:07:25,838] {scheduler_job.py:639} INFO - DAG(s) dict_keys(['example_branch_operator']) retrieved from /home/airflow/.local/lib/python3.6/site-packages/airflow/example_dags/example_branch_operator.py
[2021-03-18 08:07:25,856] {logging_mixin.py:104} INFO - [2021-03-18 08:07:25,855] {dag.py:1818} INFO - Sync 1 DAGs
[2021-03-18 08:07:25,873] {logging_mixin.py:104} INFO - [2021-03-18 08:07:25,873] {dag.py:2273} INFO - Setting next_dagrun for example_branch_operator to 2021-03-16 00:00:00+00:00
[2021-03-18 08:07:25,882] {scheduler_job.py:190} INFO - Processing /home/airflow/.local/lib/python3.6/site-packages/airflow/example_dags/example_branch_operator.py took 0.060 seconds
[2021-03-18 08:07:55,965] {scheduler_job.py:182} INFO - Started process (PID=238) to work on /home/airflow/.local/lib/python3.6/site-packages/airflow/example_dags/example_branch_operator.py
[2021-03-18 08:07:55,967] {scheduler_job.py:629} INFO - Processing file /home/airflow/.local/lib/python3.6/site-packages/airflow/example_dags/example_branch_operator.py for tasks to queue
[2021-03-18 08:07:55,968] {logging_mixin.py:104} INFO - [2021-03-18 08:07:55,967] {dagbag.py:448} INFO - Filling up the DagBag from /home/airflow/.local/lib/python3.6/site-packages/airflow/example_dags/example_branch_operator.py
[2021-03-18 08:07:55,980] {scheduler_job.py:639} INFO - DAG(s) dict_keys(['example_branch_operator']) retrieved from /home/airflow/.local/lib/python3.6/site-packages/airflow/example_dags/example_branch_operator.py
[2021-03-18 08:07:55,998] {logging_mixin.py:104} INFO - [2021-03-18 08:07:55,998] {dag.py:1818} INFO - Sync 1 DAGs
[2021-03-18 08:07:56,016] {logging_mixin.py:104} INFO - [2021-03-18 08:07:56,016] {dag.py:2273} INFO - Setting next_dagrun for example_branch_operator to 2021-03-16 00:00:00+00:00
[2021-03-18 08:07:56,026] {scheduler_job.py:190} INFO - Processing /home/airflow/.local/lib/python3.6/site-packages/airflow/example_dags/example_branch_operator.py took 0.063 seconds
[2021-03-18 08:08:26,098] {scheduler_job.py:182} INFO - Started process (PID=264) to work on /home/airflow/.local/lib/python3.6/site-packages/airflow/example_dags/example_branch_operator.py
[2021-03-18 08:08:26,100] {scheduler_job.py:629} INFO - Processing file /home/airflow/.local/lib/python3.6/site-packages/airflow/example_dags/example_branch_operator.py for tasks to queue
[2021-03-18 08:08:26,101] {logging_mixin.py:104} INFO - [2021-03-18 08:08:26,101] {dagbag.py:448} INFO - Filling up the DagBag from /home/airflow/.local/lib/python3.6/site-packages/airflow/example_dags/example_branch_operator.py
[2021-03-18 08:08:26,113] {scheduler_job.py:639} INFO - DAG(s) dict_keys(['example_branch_operator']) retrieved from /home/airflow/.local/lib/python3.6/site-packages/airflow/example_dags/example_branch_operator.py
[2021-03-18 08:08:26,131] {logging_mixin.py:104} INFO - [2021-03-18 08:08:26,131] {dag.py:1818} INFO - Sync 1 DAGs
[2021-03-18 08:08:26,149] {logging_mixin.py:104} INFO - [2021-03-18 08:08:26,149] {dag.py:2273} INFO - Setting next_dagrun for example_branch_operator to 2021-03-16 00:00:00+00:00
[2021-03-18 08:08:26,160] {scheduler_job.py:190} INFO - Processing /home/airflow/.local/lib/python3.6/site-packages/airflow/example_dags/example_branch_operator.py took 0.064 seconds
[2021-03-18 08:08:56,200] {scheduler_job.py:182} INFO - Started process (PID=289) to work on /home/airflow/.local/lib/python3.6/site-packages/airflow/example_dags/example_branch_operator.py
[2021-03-18 08:08:56,201] {scheduler_job.py:629} INFO - Processing file /home/airflow/.local/lib/python3.6/site-packages/airflow/example_dags/example_branch_operator.py for tasks to queue
[2021-03-18 08:08:56,202] {logging_mixin.py:104} INFO - [2021-03-18 08:08:56,202] {dagbag.py:448} INFO - Filling up the DagBag from /home/airflow/.local/lib/python3.6/site-packages/airflow/example_dags/example_branch_operator.py
[2021-03-18 08:08:56,216] {scheduler_job.py:639} INFO - DAG(s) dict_keys(['example_branch_operator']) retrieved from /home/airflow/.local/lib/python3.6/site-packages/airflow/example_dags/example_branch_operator.py
[2021-03-18 08:08:56,236] {logging_mixin.py:104} INFO - [2021-03-18 08:08:56,236] {dag.py:1818} INFO - Sync 1 DAGs
[2021-03-18 08:08:56,258] {logging_mixin.py:104} INFO - [2021-03-18 08:08:56,258] {dag.py:2273} INFO - Setting next_dagrun for example_branch_operator to 2021-03-16 00:00:00+00:00
[2021-03-18 08:08:56,267] {scheduler_job.py:190} INFO - Processing /home/airflow/.local/lib/python3.6/site-packages/airflow/example_dags/example_branch_operator.py took 0.070 seconds
[2021-03-18 08:09:26,305] {scheduler_job.py:182} INFO - Started process (PID=314) to work on /home/airflow/.local/lib/python3.6/site-packages/airflow/example_dags/example_branch_operator.py
[2021-03-18 08:09:26,306] {scheduler_job.py:629} INFO - Processing file /home/airflow/.local/lib/python3.6/site-packages/airflow/example_dags/example_branch_operator.py for tasks to queue
[2021-03-18 08:09:26,307] {logging_mixin.py:104} INFO - [2021-03-18 08:09:26,307] {dagbag.py:448} INFO - Filling up the DagBag from /home/airflow/.local/lib/python3.6/site-packages/airflow/example_dags/example_branch_operator.py
[2021-03-18 08:09:26,320] {scheduler_job.py:639} INFO - DAG(s) dict_keys(['example_branch_operator']) retrieved from /home/airflow/.local/lib/python3.6/site-packages/airflow/example_dags/example_branch_operator.py
[2021-03-18 08:09:26,338] {logging_mixin.py:104} INFO - [2021-03-18 08:09:26,337] {dag.py:1818} INFO - Sync 1 DAGs
[2021-03-18 08:09:26,356] {logging_mixin.py:104} INFO - [2021-03-18 08:09:26,356] {dag.py:2273} INFO - Setting next_dagrun for example_branch_operator to 2021-03-16 00:00:00+00:00
[2021-03-18 08:09:26,364] {scheduler_job.py:190} INFO - Processing /home/airflow/.local/lib/python3.6/site-packages/airflow/example_dags/example_branch_operator.py took 0.062 seconds
[2021-03-18 08:09:56,475] {scheduler_job.py:182} INFO - Started process (PID=340) to work on /home/airflow/.local/lib/python3.6/site-packages/airflow/example_dags/example_branch_operator.py
[2021-03-18 08:09:56,476] {scheduler_job.py:629} INFO - Processing file /home/airflow/.local/lib/python3.6/site-packages/airflow/example_dags/example_branch_operator.py for tasks to queue
[2021-03-18 08:09:56,476] {logging_mixin.py:104} INFO - [2021-03-18 08:09:56,476] {dagbag.py:448} INFO - Filling up the DagBag from /home/airflow/.local/lib/python3.6/site-packages/airflow/example_dags/example_branch_operator.py
[2021-03-18 08:09:56,489] {scheduler_job.py:639} INFO - DAG(s) dict_keys(['example_branch_operator']) retrieved from /home/airflow/.local/lib/python3.6/site-packages/airflow/example_dags/example_branch_operator.py
[2021-03-18 08:09:56,506] {logging_mixin.py:104} INFO - [2021-03-18 08:09:56,506] {dag.py:1818} INFO - Sync 1 DAGs
[2021-03-18 08:09:56,525] {logging_mixin.py:104} INFO - [2021-03-18 08:09:56,525] {dag.py:2273} INFO - Setting next_dagrun for example_branch_operator to 2021-03-16 00:00:00+00:00
[2021-03-18 08:09:56,534] {scheduler_job.py:190} INFO - Processing /home/airflow/.local/lib/python3.6/site-packages/airflow/example_dags/example_branch_operator.py took 0.062 seconds
[2021-03-18 08:10:26,599] {scheduler_job.py:182} INFO - Started process (PID=366) to work on /home/airflow/.local/lib/python3.6/site-packages/airflow/example_dags/example_branch_operator.py
[2021-03-18 08:10:26,600] {scheduler_job.py:629} INFO - Processing file /home/airflow/.local/lib/python3.6/site-packages/airflow/example_dags/example_branch_operator.py for tasks to queue
[2021-03-18 08:10:26,601] {logging_mixin.py:104} INFO - [2021-03-18 08:10:26,601] {dagbag.py:448} INFO - Filling up the DagBag from /home/airflow/.local/lib/python3.6/site-packages/airflow/example_dags/example_branch_operator.py
[2021-03-18 08:10:26,615] {scheduler_job.py:639} INFO - DAG(s) dict_keys(['example_branch_operator']) retrieved from /home/airflow/.local/lib/python3.6/site-packages/airflow/example_dags/example_branch_operator.py
[2021-03-18 08:10:26,637] {logging_mixin.py:104} INFO - [2021-03-18 08:10:26,636] {dag.py:1818} INFO - Sync 1 DAGs
[2021-03-18 08:10:26,657] {logging_mixin.py:104} INFO - [2021-03-18 08:10:26,657] {dag.py:2273} INFO - Setting next_dagrun for example_branch_operator to 2021-03-16 00:00:00+00:00
[2021-03-18 08:10:26,666] {scheduler_job.py:190} INFO - Processing /home/airflow/.local/lib/python3.6/site-packages/airflow/example_dags/example_branch_operator.py took 0.070 seconds
[2021-03-18 08:10:56,746] {scheduler_job.py:182} INFO - Started process (PID=391) to work on /home/airflow/.local/lib/python3.6/site-packages/airflow/example_dags/example_branch_operator.py
[2021-03-18 08:10:56,748] {scheduler_job.py:629} INFO - Processing file /home/airflow/.local/lib/python3.6/site-packages/airflow/example_dags/example_branch_operator.py for tasks to queue
[2021-03-18 08:10:56,749] {logging_mixin.py:104} INFO - [2021-03-18 08:10:56,749] {dagbag.py:448} INFO - Filling up the DagBag from /home/airflow/.local/lib/python3.6/site-packages/airflow/example_dags/example_branch_operator.py
[2021-03-18 08:10:56,761] {scheduler_job.py:639} INFO - DAG(s) dict_keys(['example_branch_operator']) retrieved from /home/airflow/.local/lib/python3.6/site-packages/airflow/example_dags/example_branch_operator.py
[2021-03-18 08:10:56,780] {logging_mixin.py:104} INFO - [2021-03-18 08:10:56,780] {dag.py:1818} INFO - Sync 1 DAGs
[2021-03-18 08:10:56,801] {logging_mixin.py:104} INFO - [2021-03-18 08:10:56,801] {dag.py:2273} INFO - Setting next_dagrun for example_branch_operator to 2021-03-16 00:00:00+00:00
[2021-03-18 08:10:56,811] {scheduler_job.py:190} INFO - Processing /home/airflow/.local/lib/python3.6/site-packages/airflow/example_dags/example_branch_operator.py took 0.067 seconds
[2021-03-18 10:16:29,395] {scheduler_job.py:182} INFO - Started process (PID=30) to work on /home/airflow/.local/lib/python3.6/site-packages/airflow/example_dags/example_branch_operator.py
[2021-03-18 10:16:29,400] {scheduler_job.py:629} INFO - Processing file /home/airflow/.local/lib/python3.6/site-packages/airflow/example_dags/example_branch_operator.py for tasks to queue
[2021-03-18 10:16:29,401] {logging_mixin.py:104} INFO - [2021-03-18 10:16:29,401] {dagbag.py:448} INFO - Filling up the DagBag from /home/airflow/.local/lib/python3.6/site-packages/airflow/example_dags/example_branch_operator.py
[2021-03-18 10:16:29,413] {scheduler_job.py:639} INFO - DAG(s) dict_keys(['example_branch_operator']) retrieved from /home/airflow/.local/lib/python3.6/site-packages/airflow/example_dags/example_branch_operator.py
[2021-03-18 10:16:29,457] {logging_mixin.py:104} INFO - [2021-03-18 10:16:29,456] {dag.py:1818} INFO - Sync 1 DAGs
[2021-03-18 10:16:29,481] {logging_mixin.py:104} INFO - [2021-03-18 10:16:29,481] {dag.py:2273} INFO - Setting next_dagrun for example_branch_operator to 2021-03-16 00:00:00+00:00
[2021-03-18 10:16:29,517] {scheduler_job.py:190} INFO - Processing /home/airflow/.local/lib/python3.6/site-packages/airflow/example_dags/example_branch_operator.py took 0.125 seconds
[2021-03-18 10:17:00,504] {scheduler_job.py:182} INFO - Started process (PID=58) to work on /home/airflow/.local/lib/python3.6/site-packages/airflow/example_dags/example_branch_operator.py
[2021-03-18 10:17:00,506] {scheduler_job.py:629} INFO - Processing file /home/airflow/.local/lib/python3.6/site-packages/airflow/example_dags/example_branch_operator.py for tasks to queue
[2021-03-18 10:17:00,507] {logging_mixin.py:104} INFO - [2021-03-18 10:17:00,507] {dagbag.py:448} INFO - Filling up the DagBag from /home/airflow/.local/lib/python3.6/site-packages/airflow/example_dags/example_branch_operator.py
[2021-03-18 10:17:00,523] {scheduler_job.py:639} INFO - DAG(s) dict_keys(['example_branch_operator']) retrieved from /home/airflow/.local/lib/python3.6/site-packages/airflow/example_dags/example_branch_operator.py
[2021-03-18 10:17:00,547] {logging_mixin.py:104} INFO - [2021-03-18 10:17:00,547] {dag.py:1818} INFO - Sync 1 DAGs
[2021-03-18 10:17:00,572] {logging_mixin.py:104} INFO - [2021-03-18 10:17:00,572] {dag.py:2273} INFO - Setting next_dagrun for example_branch_operator to 2021-03-16 00:00:00+00:00
[2021-03-18 10:17:00,585] {scheduler_job.py:190} INFO - Processing /home/airflow/.local/lib/python3.6/site-packages/airflow/example_dags/example_branch_operator.py took 0.083 seconds
