[2021-03-18 08:03:53,490] {scheduler_job.py:182} INFO - Started process (PID=22) to work on /home/airflow/.local/lib/python3.6/site-packages/airflow/example_dags/example_dag_decorator.py
[2021-03-18 08:03:53,491] {scheduler_job.py:629} INFO - Processing file /home/airflow/.local/lib/python3.6/site-packages/airflow/example_dags/example_dag_decorator.py for tasks to queue
[2021-03-18 08:03:53,500] {logging_mixin.py:104} INFO - [2021-03-18 08:03:53,500] {dagbag.py:448} INFO - Filling up the DagBag from /home/airflow/.local/lib/python3.6/site-packages/airflow/example_dags/example_dag_decorator.py
[2021-03-18 08:03:53,570] {scheduler_job.py:639} INFO - DAG(s) dict_keys(['example_dag_decorator']) retrieved from /home/airflow/.local/lib/python3.6/site-packages/airflow/example_dags/example_dag_decorator.py
[2021-03-18 08:03:53,601] {logging_mixin.py:104} INFO - [2021-03-18 08:03:53,601] {dag.py:1818} INFO - Sync 1 DAGs
[2021-03-18 08:03:53,617] {logging_mixin.py:104} INFO - [2021-03-18 08:03:53,617] {dag.py:1837} INFO - Creating ORM DAG for example_dag_decorator
[2021-03-18 08:03:53,625] {logging_mixin.py:104} INFO - [2021-03-18 08:03:53,625] {dag.py:2273} INFO - Setting next_dagrun for example_dag_decorator to None
[2021-03-18 08:03:53,649] {scheduler_job.py:190} INFO - Processing /home/airflow/.local/lib/python3.6/site-packages/airflow/example_dags/example_dag_decorator.py took 0.164 seconds
[2021-03-18 08:04:24,557] {scheduler_job.py:182} INFO - Started process (PID=48) to work on /home/airflow/.local/lib/python3.6/site-packages/airflow/example_dags/example_dag_decorator.py
[2021-03-18 08:04:24,558] {scheduler_job.py:629} INFO - Processing file /home/airflow/.local/lib/python3.6/site-packages/airflow/example_dags/example_dag_decorator.py for tasks to queue
[2021-03-18 08:04:24,559] {logging_mixin.py:104} INFO - [2021-03-18 08:04:24,559] {dagbag.py:448} INFO - Filling up the DagBag from /home/airflow/.local/lib/python3.6/site-packages/airflow/example_dags/example_dag_decorator.py
[2021-03-18 08:04:24,571] {scheduler_job.py:639} INFO - DAG(s) dict_keys(['example_dag_decorator']) retrieved from /home/airflow/.local/lib/python3.6/site-packages/airflow/example_dags/example_dag_decorator.py
[2021-03-18 08:04:24,589] {logging_mixin.py:104} INFO - [2021-03-18 08:04:24,589] {dag.py:1818} INFO - Sync 1 DAGs
[2021-03-18 08:04:24,601] {logging_mixin.py:104} INFO - [2021-03-18 08:04:24,601] {dag.py:2273} INFO - Setting next_dagrun for example_dag_decorator to None
[2021-03-18 08:04:24,612] {scheduler_job.py:190} INFO - Processing /home/airflow/.local/lib/python3.6/site-packages/airflow/example_dags/example_dag_decorator.py took 0.057 seconds
[2021-03-18 08:04:54,710] {scheduler_job.py:182} INFO - Started process (PID=75) to work on /home/airflow/.local/lib/python3.6/site-packages/airflow/example_dags/example_dag_decorator.py
[2021-03-18 08:04:54,711] {scheduler_job.py:629} INFO - Processing file /home/airflow/.local/lib/python3.6/site-packages/airflow/example_dags/example_dag_decorator.py for tasks to queue
[2021-03-18 08:04:54,712] {logging_mixin.py:104} INFO - [2021-03-18 08:04:54,712] {dagbag.py:448} INFO - Filling up the DagBag from /home/airflow/.local/lib/python3.6/site-packages/airflow/example_dags/example_dag_decorator.py
[2021-03-18 08:04:54,724] {scheduler_job.py:639} INFO - DAG(s) dict_keys(['example_dag_decorator']) retrieved from /home/airflow/.local/lib/python3.6/site-packages/airflow/example_dags/example_dag_decorator.py
[2021-03-18 08:04:54,744] {logging_mixin.py:104} INFO - [2021-03-18 08:04:54,744] {dag.py:1818} INFO - Sync 1 DAGs
[2021-03-18 08:04:54,756] {logging_mixin.py:104} INFO - [2021-03-18 08:04:54,756] {dag.py:2273} INFO - Setting next_dagrun for example_dag_decorator to None
[2021-03-18 08:04:54,765] {scheduler_job.py:190} INFO - Processing /home/airflow/.local/lib/python3.6/site-packages/airflow/example_dags/example_dag_decorator.py took 0.057 seconds
[2021-03-18 08:05:24,879] {scheduler_job.py:182} INFO - Started process (PID=101) to work on /home/airflow/.local/lib/python3.6/site-packages/airflow/example_dags/example_dag_decorator.py
[2021-03-18 08:05:24,880] {scheduler_job.py:629} INFO - Processing file /home/airflow/.local/lib/python3.6/site-packages/airflow/example_dags/example_dag_decorator.py for tasks to queue
[2021-03-18 08:05:24,881] {logging_mixin.py:104} INFO - [2021-03-18 08:05:24,881] {dagbag.py:448} INFO - Filling up the DagBag from /home/airflow/.local/lib/python3.6/site-packages/airflow/example_dags/example_dag_decorator.py
[2021-03-18 08:05:24,892] {scheduler_job.py:639} INFO - DAG(s) dict_keys(['example_dag_decorator']) retrieved from /home/airflow/.local/lib/python3.6/site-packages/airflow/example_dags/example_dag_decorator.py
[2021-03-18 08:05:24,911] {logging_mixin.py:104} INFO - [2021-03-18 08:05:24,911] {dag.py:1818} INFO - Sync 1 DAGs
[2021-03-18 08:05:24,923] {logging_mixin.py:104} INFO - [2021-03-18 08:05:24,923] {dag.py:2273} INFO - Setting next_dagrun for example_dag_decorator to None
[2021-03-18 08:05:24,934] {scheduler_job.py:190} INFO - Processing /home/airflow/.local/lib/python3.6/site-packages/airflow/example_dags/example_dag_decorator.py took 0.058 seconds
[2021-03-18 08:05:54,964] {scheduler_job.py:182} INFO - Started process (PID=127) to work on /home/airflow/.local/lib/python3.6/site-packages/airflow/example_dags/example_dag_decorator.py
[2021-03-18 08:05:54,965] {scheduler_job.py:629} INFO - Processing file /home/airflow/.local/lib/python3.6/site-packages/airflow/example_dags/example_dag_decorator.py for tasks to queue
[2021-03-18 08:05:54,966] {logging_mixin.py:104} INFO - [2021-03-18 08:05:54,966] {dagbag.py:448} INFO - Filling up the DagBag from /home/airflow/.local/lib/python3.6/site-packages/airflow/example_dags/example_dag_decorator.py
[2021-03-18 08:05:54,977] {scheduler_job.py:639} INFO - DAG(s) dict_keys(['example_dag_decorator']) retrieved from /home/airflow/.local/lib/python3.6/site-packages/airflow/example_dags/example_dag_decorator.py
[2021-03-18 08:05:54,996] {logging_mixin.py:104} INFO - [2021-03-18 08:05:54,996] {dag.py:1818} INFO - Sync 1 DAGs
[2021-03-18 08:05:55,007] {logging_mixin.py:104} INFO - [2021-03-18 08:05:55,007] {dag.py:2273} INFO - Setting next_dagrun for example_dag_decorator to None
[2021-03-18 08:05:55,017] {scheduler_job.py:190} INFO - Processing /home/airflow/.local/lib/python3.6/site-packages/airflow/example_dags/example_dag_decorator.py took 0.055 seconds
[2021-03-18 08:06:25,071] {scheduler_job.py:182} INFO - Started process (PID=153) to work on /home/airflow/.local/lib/python3.6/site-packages/airflow/example_dags/example_dag_decorator.py
[2021-03-18 08:06:25,073] {scheduler_job.py:629} INFO - Processing file /home/airflow/.local/lib/python3.6/site-packages/airflow/example_dags/example_dag_decorator.py for tasks to queue
[2021-03-18 08:06:25,074] {logging_mixin.py:104} INFO - [2021-03-18 08:06:25,074] {dagbag.py:448} INFO - Filling up the DagBag from /home/airflow/.local/lib/python3.6/site-packages/airflow/example_dags/example_dag_decorator.py
[2021-03-18 08:06:25,085] {scheduler_job.py:639} INFO - DAG(s) dict_keys(['example_dag_decorator']) retrieved from /home/airflow/.local/lib/python3.6/site-packages/airflow/example_dags/example_dag_decorator.py
[2021-03-18 08:06:25,102] {logging_mixin.py:104} INFO - [2021-03-18 08:06:25,102] {dag.py:1818} INFO - Sync 1 DAGs
[2021-03-18 08:06:25,113] {logging_mixin.py:104} INFO - [2021-03-18 08:06:25,113] {dag.py:2273} INFO - Setting next_dagrun for example_dag_decorator to None
[2021-03-18 08:06:25,123] {scheduler_job.py:190} INFO - Processing /home/airflow/.local/lib/python3.6/site-packages/airflow/example_dags/example_dag_decorator.py took 0.054 seconds
[2021-03-18 08:06:55,390] {scheduler_job.py:182} INFO - Started process (PID=180) to work on /home/airflow/.local/lib/python3.6/site-packages/airflow/example_dags/example_dag_decorator.py
[2021-03-18 08:06:55,392] {scheduler_job.py:629} INFO - Processing file /home/airflow/.local/lib/python3.6/site-packages/airflow/example_dags/example_dag_decorator.py for tasks to queue
[2021-03-18 08:06:55,392] {logging_mixin.py:104} INFO - [2021-03-18 08:06:55,392] {dagbag.py:448} INFO - Filling up the DagBag from /home/airflow/.local/lib/python3.6/site-packages/airflow/example_dags/example_dag_decorator.py
[2021-03-18 08:06:55,405] {scheduler_job.py:639} INFO - DAG(s) dict_keys(['example_dag_decorator']) retrieved from /home/airflow/.local/lib/python3.6/site-packages/airflow/example_dags/example_dag_decorator.py
[2021-03-18 08:06:55,426] {logging_mixin.py:104} INFO - [2021-03-18 08:06:55,426] {dag.py:1818} INFO - Sync 1 DAGs
[2021-03-18 08:06:55,439] {logging_mixin.py:104} INFO - [2021-03-18 08:06:55,438] {dag.py:2273} INFO - Setting next_dagrun for example_dag_decorator to None
[2021-03-18 08:06:55,452] {scheduler_job.py:190} INFO - Processing /home/airflow/.local/lib/python3.6/site-packages/airflow/example_dags/example_dag_decorator.py took 0.064 seconds
[2021-03-18 08:07:25,582] {scheduler_job.py:182} INFO - Started process (PID=206) to work on /home/airflow/.local/lib/python3.6/site-packages/airflow/example_dags/example_dag_decorator.py
[2021-03-18 08:07:25,583] {scheduler_job.py:629} INFO - Processing file /home/airflow/.local/lib/python3.6/site-packages/airflow/example_dags/example_dag_decorator.py for tasks to queue
[2021-03-18 08:07:25,584] {logging_mixin.py:104} INFO - [2021-03-18 08:07:25,584] {dagbag.py:448} INFO - Filling up the DagBag from /home/airflow/.local/lib/python3.6/site-packages/airflow/example_dags/example_dag_decorator.py
[2021-03-18 08:07:25,598] {scheduler_job.py:639} INFO - DAG(s) dict_keys(['example_dag_decorator']) retrieved from /home/airflow/.local/lib/python3.6/site-packages/airflow/example_dags/example_dag_decorator.py
[2021-03-18 08:07:25,619] {logging_mixin.py:104} INFO - [2021-03-18 08:07:25,619] {dag.py:1818} INFO - Sync 1 DAGs
[2021-03-18 08:07:25,635] {logging_mixin.py:104} INFO - [2021-03-18 08:07:25,635] {dag.py:2273} INFO - Setting next_dagrun for example_dag_decorator to None
[2021-03-18 08:07:25,651] {scheduler_job.py:190} INFO - Processing /home/airflow/.local/lib/python3.6/site-packages/airflow/example_dags/example_dag_decorator.py took 0.072 seconds
[2021-03-18 08:07:55,674] {scheduler_job.py:182} INFO - Started process (PID=232) to work on /home/airflow/.local/lib/python3.6/site-packages/airflow/example_dags/example_dag_decorator.py
[2021-03-18 08:07:55,675] {scheduler_job.py:629} INFO - Processing file /home/airflow/.local/lib/python3.6/site-packages/airflow/example_dags/example_dag_decorator.py for tasks to queue
[2021-03-18 08:07:55,676] {logging_mixin.py:104} INFO - [2021-03-18 08:07:55,676] {dagbag.py:448} INFO - Filling up the DagBag from /home/airflow/.local/lib/python3.6/site-packages/airflow/example_dags/example_dag_decorator.py
[2021-03-18 08:07:55,688] {scheduler_job.py:639} INFO - DAG(s) dict_keys(['example_dag_decorator']) retrieved from /home/airflow/.local/lib/python3.6/site-packages/airflow/example_dags/example_dag_decorator.py
[2021-03-18 08:07:55,705] {logging_mixin.py:104} INFO - [2021-03-18 08:07:55,705] {dag.py:1818} INFO - Sync 1 DAGs
[2021-03-18 08:07:55,716] {logging_mixin.py:104} INFO - [2021-03-18 08:07:55,716] {dag.py:2273} INFO - Setting next_dagrun for example_dag_decorator to None
[2021-03-18 08:07:55,727] {scheduler_job.py:190} INFO - Processing /home/airflow/.local/lib/python3.6/site-packages/airflow/example_dags/example_dag_decorator.py took 0.055 seconds
[2021-03-18 08:08:25,862] {scheduler_job.py:182} INFO - Started process (PID=258) to work on /home/airflow/.local/lib/python3.6/site-packages/airflow/example_dags/example_dag_decorator.py
[2021-03-18 08:08:25,863] {scheduler_job.py:629} INFO - Processing file /home/airflow/.local/lib/python3.6/site-packages/airflow/example_dags/example_dag_decorator.py for tasks to queue
[2021-03-18 08:08:25,864] {logging_mixin.py:104} INFO - [2021-03-18 08:08:25,864] {dagbag.py:448} INFO - Filling up the DagBag from /home/airflow/.local/lib/python3.6/site-packages/airflow/example_dags/example_dag_decorator.py
[2021-03-18 08:08:25,877] {scheduler_job.py:639} INFO - DAG(s) dict_keys(['example_dag_decorator']) retrieved from /home/airflow/.local/lib/python3.6/site-packages/airflow/example_dags/example_dag_decorator.py
[2021-03-18 08:08:25,898] {logging_mixin.py:104} INFO - [2021-03-18 08:08:25,898] {dag.py:1818} INFO - Sync 1 DAGs
[2021-03-18 08:08:25,910] {logging_mixin.py:104} INFO - [2021-03-18 08:08:25,910] {dag.py:2273} INFO - Setting next_dagrun for example_dag_decorator to None
[2021-03-18 08:08:25,923] {scheduler_job.py:190} INFO - Processing /home/airflow/.local/lib/python3.6/site-packages/airflow/example_dags/example_dag_decorator.py took 0.063 seconds
[2021-03-18 08:08:56,020] {scheduler_job.py:182} INFO - Started process (PID=284) to work on /home/airflow/.local/lib/python3.6/site-packages/airflow/example_dags/example_dag_decorator.py
[2021-03-18 08:08:56,021] {scheduler_job.py:629} INFO - Processing file /home/airflow/.local/lib/python3.6/site-packages/airflow/example_dags/example_dag_decorator.py for tasks to queue
[2021-03-18 08:08:56,022] {logging_mixin.py:104} INFO - [2021-03-18 08:08:56,022] {dagbag.py:448} INFO - Filling up the DagBag from /home/airflow/.local/lib/python3.6/site-packages/airflow/example_dags/example_dag_decorator.py
[2021-03-18 08:08:56,034] {scheduler_job.py:639} INFO - DAG(s) dict_keys(['example_dag_decorator']) retrieved from /home/airflow/.local/lib/python3.6/site-packages/airflow/example_dags/example_dag_decorator.py
[2021-03-18 08:08:56,055] {logging_mixin.py:104} INFO - [2021-03-18 08:08:56,055] {dag.py:1818} INFO - Sync 1 DAGs
[2021-03-18 08:08:56,070] {logging_mixin.py:104} INFO - [2021-03-18 08:08:56,069] {dag.py:2273} INFO - Setting next_dagrun for example_dag_decorator to None
[2021-03-18 08:08:56,081] {scheduler_job.py:190} INFO - Processing /home/airflow/.local/lib/python3.6/site-packages/airflow/example_dags/example_dag_decorator.py took 0.064 seconds
[2021-03-18 08:09:26,129] {scheduler_job.py:182} INFO - Started process (PID=310) to work on /home/airflow/.local/lib/python3.6/site-packages/airflow/example_dags/example_dag_decorator.py
[2021-03-18 08:09:26,130] {scheduler_job.py:629} INFO - Processing file /home/airflow/.local/lib/python3.6/site-packages/airflow/example_dags/example_dag_decorator.py for tasks to queue
[2021-03-18 08:09:26,131] {logging_mixin.py:104} INFO - [2021-03-18 08:09:26,131] {dagbag.py:448} INFO - Filling up the DagBag from /home/airflow/.local/lib/python3.6/site-packages/airflow/example_dags/example_dag_decorator.py
[2021-03-18 08:09:26,145] {scheduler_job.py:639} INFO - DAG(s) dict_keys(['example_dag_decorator']) retrieved from /home/airflow/.local/lib/python3.6/site-packages/airflow/example_dags/example_dag_decorator.py
[2021-03-18 08:09:26,171] {logging_mixin.py:104} INFO - [2021-03-18 08:09:26,171] {dag.py:1818} INFO - Sync 1 DAGs
[2021-03-18 08:09:26,189] {logging_mixin.py:104} INFO - [2021-03-18 08:09:26,189] {dag.py:2273} INFO - Setting next_dagrun for example_dag_decorator to None
[2021-03-18 08:09:26,202] {scheduler_job.py:190} INFO - Processing /home/airflow/.local/lib/python3.6/site-packages/airflow/example_dags/example_dag_decorator.py took 0.075 seconds
[2021-03-18 08:09:56,240] {scheduler_job.py:182} INFO - Started process (PID=336) to work on /home/airflow/.local/lib/python3.6/site-packages/airflow/example_dags/example_dag_decorator.py
[2021-03-18 08:09:56,241] {scheduler_job.py:629} INFO - Processing file /home/airflow/.local/lib/python3.6/site-packages/airflow/example_dags/example_dag_decorator.py for tasks to queue
[2021-03-18 08:09:56,242] {logging_mixin.py:104} INFO - [2021-03-18 08:09:56,242] {dagbag.py:448} INFO - Filling up the DagBag from /home/airflow/.local/lib/python3.6/site-packages/airflow/example_dags/example_dag_decorator.py
[2021-03-18 08:09:56,256] {scheduler_job.py:639} INFO - DAG(s) dict_keys(['example_dag_decorator']) retrieved from /home/airflow/.local/lib/python3.6/site-packages/airflow/example_dags/example_dag_decorator.py
[2021-03-18 08:09:56,277] {logging_mixin.py:104} INFO - [2021-03-18 08:09:56,277] {dag.py:1818} INFO - Sync 1 DAGs
[2021-03-18 08:09:56,292] {logging_mixin.py:104} INFO - [2021-03-18 08:09:56,292] {dag.py:2273} INFO - Setting next_dagrun for example_dag_decorator to None
[2021-03-18 08:09:56,303] {scheduler_job.py:190} INFO - Processing /home/airflow/.local/lib/python3.6/site-packages/airflow/example_dags/example_dag_decorator.py took 0.066 seconds
[2021-03-18 08:10:26,431] {scheduler_job.py:182} INFO - Started process (PID=362) to work on /home/airflow/.local/lib/python3.6/site-packages/airflow/example_dags/example_dag_decorator.py
[2021-03-18 08:10:26,433] {scheduler_job.py:629} INFO - Processing file /home/airflow/.local/lib/python3.6/site-packages/airflow/example_dags/example_dag_decorator.py for tasks to queue
[2021-03-18 08:10:26,433] {logging_mixin.py:104} INFO - [2021-03-18 08:10:26,433] {dagbag.py:448} INFO - Filling up the DagBag from /home/airflow/.local/lib/python3.6/site-packages/airflow/example_dags/example_dag_decorator.py
[2021-03-18 08:10:26,447] {scheduler_job.py:639} INFO - DAG(s) dict_keys(['example_dag_decorator']) retrieved from /home/airflow/.local/lib/python3.6/site-packages/airflow/example_dags/example_dag_decorator.py
[2021-03-18 08:10:26,470] {logging_mixin.py:104} INFO - [2021-03-18 08:10:26,470] {dag.py:1818} INFO - Sync 1 DAGs
[2021-03-18 08:10:26,486] {logging_mixin.py:104} INFO - [2021-03-18 08:10:26,485] {dag.py:2273} INFO - Setting next_dagrun for example_dag_decorator to None
[2021-03-18 08:10:26,497] {scheduler_job.py:190} INFO - Processing /home/airflow/.local/lib/python3.6/site-packages/airflow/example_dags/example_dag_decorator.py took 0.068 seconds
[2021-03-18 08:10:56,592] {scheduler_job.py:182} INFO - Started process (PID=388) to work on /home/airflow/.local/lib/python3.6/site-packages/airflow/example_dags/example_dag_decorator.py
[2021-03-18 08:10:56,594] {scheduler_job.py:629} INFO - Processing file /home/airflow/.local/lib/python3.6/site-packages/airflow/example_dags/example_dag_decorator.py for tasks to queue
[2021-03-18 08:10:56,595] {logging_mixin.py:104} INFO - [2021-03-18 08:10:56,595] {dagbag.py:448} INFO - Filling up the DagBag from /home/airflow/.local/lib/python3.6/site-packages/airflow/example_dags/example_dag_decorator.py
[2021-03-18 08:10:56,608] {scheduler_job.py:639} INFO - DAG(s) dict_keys(['example_dag_decorator']) retrieved from /home/airflow/.local/lib/python3.6/site-packages/airflow/example_dags/example_dag_decorator.py
[2021-03-18 08:10:56,628] {logging_mixin.py:104} INFO - [2021-03-18 08:10:56,628] {dag.py:1818} INFO - Sync 1 DAGs
[2021-03-18 08:10:56,642] {logging_mixin.py:104} INFO - [2021-03-18 08:10:56,642] {dag.py:2273} INFO - Setting next_dagrun for example_dag_decorator to None
[2021-03-18 08:10:56,652] {scheduler_job.py:190} INFO - Processing /home/airflow/.local/lib/python3.6/site-packages/airflow/example_dags/example_dag_decorator.py took 0.063 seconds
[2021-03-18 10:16:29,700] {scheduler_job.py:182} INFO - Started process (PID=33) to work on /home/airflow/.local/lib/python3.6/site-packages/airflow/example_dags/example_dag_decorator.py
[2021-03-18 10:16:29,705] {scheduler_job.py:629} INFO - Processing file /home/airflow/.local/lib/python3.6/site-packages/airflow/example_dags/example_dag_decorator.py for tasks to queue
[2021-03-18 10:16:29,707] {logging_mixin.py:104} INFO - [2021-03-18 10:16:29,707] {dagbag.py:448} INFO - Filling up the DagBag from /home/airflow/.local/lib/python3.6/site-packages/airflow/example_dags/example_dag_decorator.py
[2021-03-18 10:16:29,781] {scheduler_job.py:639} INFO - DAG(s) dict_keys(['example_dag_decorator']) retrieved from /home/airflow/.local/lib/python3.6/site-packages/airflow/example_dags/example_dag_decorator.py
[2021-03-18 10:16:29,846] {logging_mixin.py:104} INFO - [2021-03-18 10:16:29,846] {dag.py:1818} INFO - Sync 1 DAGs
[2021-03-18 10:16:29,873] {logging_mixin.py:104} INFO - [2021-03-18 10:16:29,873] {dag.py:2273} INFO - Setting next_dagrun for example_dag_decorator to None
[2021-03-18 10:16:29,913] {scheduler_job.py:190} INFO - Processing /home/airflow/.local/lib/python3.6/site-packages/airflow/example_dags/example_dag_decorator.py took 0.215 seconds
[2021-03-18 10:17:00,682] {scheduler_job.py:182} INFO - Started process (PID=61) to work on /home/airflow/.local/lib/python3.6/site-packages/airflow/example_dags/example_dag_decorator.py
[2021-03-18 10:17:00,684] {scheduler_job.py:629} INFO - Processing file /home/airflow/.local/lib/python3.6/site-packages/airflow/example_dags/example_dag_decorator.py for tasks to queue
[2021-03-18 10:17:00,685] {logging_mixin.py:104} INFO - [2021-03-18 10:17:00,685] {dagbag.py:448} INFO - Filling up the DagBag from /home/airflow/.local/lib/python3.6/site-packages/airflow/example_dags/example_dag_decorator.py
[2021-03-18 10:17:00,698] {scheduler_job.py:639} INFO - DAG(s) dict_keys(['example_dag_decorator']) retrieved from /home/airflow/.local/lib/python3.6/site-packages/airflow/example_dags/example_dag_decorator.py
[2021-03-18 10:17:00,749] {logging_mixin.py:104} INFO - [2021-03-18 10:17:00,749] {dag.py:1818} INFO - Sync 1 DAGs
[2021-03-18 10:17:00,775] {logging_mixin.py:104} INFO - [2021-03-18 10:17:00,775] {dag.py:2273} INFO - Setting next_dagrun for example_dag_decorator to None
[2021-03-18 10:17:00,789] {scheduler_job.py:190} INFO - Processing /home/airflow/.local/lib/python3.6/site-packages/airflow/example_dags/example_dag_decorator.py took 0.110 seconds
