[2021-03-18 08:03:55,217] {scheduler_job.py:182} INFO - Started process (PID=43) to work on /home/airflow/.local/lib/python3.6/site-packages/airflow/example_dags/example_trigger_target_dag.py
[2021-03-18 08:03:55,222] {scheduler_job.py:629} INFO - Processing file /home/airflow/.local/lib/python3.6/site-packages/airflow/example_dags/example_trigger_target_dag.py for tasks to queue
[2021-03-18 08:03:55,223] {logging_mixin.py:104} INFO - [2021-03-18 08:03:55,223] {dagbag.py:448} INFO - Filling up the DagBag from /home/airflow/.local/lib/python3.6/site-packages/airflow/example_dags/example_trigger_target_dag.py
[2021-03-18 08:03:55,232] {scheduler_job.py:639} INFO - DAG(s) dict_keys(['example_trigger_target_dag']) retrieved from /home/airflow/.local/lib/python3.6/site-packages/airflow/example_dags/example_trigger_target_dag.py
[2021-03-18 08:03:55,253] {logging_mixin.py:104} INFO - [2021-03-18 08:03:55,253] {dag.py:1818} INFO - Sync 1 DAGs
[2021-03-18 08:03:55,263] {logging_mixin.py:104} INFO - [2021-03-18 08:03:55,262] {dag.py:1837} INFO - Creating ORM DAG for example_trigger_target_dag
[2021-03-18 08:03:55,267] {logging_mixin.py:104} INFO - [2021-03-18 08:03:55,267] {dag.py:2273} INFO - Setting next_dagrun for example_trigger_target_dag to None
[2021-03-18 08:03:55,287] {scheduler_job.py:190} INFO - Processing /home/airflow/.local/lib/python3.6/site-packages/airflow/example_dags/example_trigger_target_dag.py took 0.072 seconds
[2021-03-18 08:04:25,440] {scheduler_job.py:182} INFO - Started process (PID=68) to work on /home/airflow/.local/lib/python3.6/site-packages/airflow/example_dags/example_trigger_target_dag.py
[2021-03-18 08:04:25,441] {scheduler_job.py:629} INFO - Processing file /home/airflow/.local/lib/python3.6/site-packages/airflow/example_dags/example_trigger_target_dag.py for tasks to queue
[2021-03-18 08:04:25,442] {logging_mixin.py:104} INFO - [2021-03-18 08:04:25,442] {dagbag.py:448} INFO - Filling up the DagBag from /home/airflow/.local/lib/python3.6/site-packages/airflow/example_dags/example_trigger_target_dag.py
[2021-03-18 08:04:25,452] {scheduler_job.py:639} INFO - DAG(s) dict_keys(['example_trigger_target_dag']) retrieved from /home/airflow/.local/lib/python3.6/site-packages/airflow/example_dags/example_trigger_target_dag.py
[2021-03-18 08:04:25,471] {logging_mixin.py:104} INFO - [2021-03-18 08:04:25,471] {dag.py:1818} INFO - Sync 1 DAGs
[2021-03-18 08:04:25,484] {logging_mixin.py:104} INFO - [2021-03-18 08:04:25,484] {dag.py:2273} INFO - Setting next_dagrun for example_trigger_target_dag to None
[2021-03-18 08:04:25,494] {scheduler_job.py:190} INFO - Processing /home/airflow/.local/lib/python3.6/site-packages/airflow/example_dags/example_trigger_target_dag.py took 0.056 seconds
[2021-03-18 08:04:55,652] {scheduler_job.py:182} INFO - Started process (PID=95) to work on /home/airflow/.local/lib/python3.6/site-packages/airflow/example_dags/example_trigger_target_dag.py
[2021-03-18 08:04:55,653] {scheduler_job.py:629} INFO - Processing file /home/airflow/.local/lib/python3.6/site-packages/airflow/example_dags/example_trigger_target_dag.py for tasks to queue
[2021-03-18 08:04:55,654] {logging_mixin.py:104} INFO - [2021-03-18 08:04:55,654] {dagbag.py:448} INFO - Filling up the DagBag from /home/airflow/.local/lib/python3.6/site-packages/airflow/example_dags/example_trigger_target_dag.py
[2021-03-18 08:04:55,664] {scheduler_job.py:639} INFO - DAG(s) dict_keys(['example_trigger_target_dag']) retrieved from /home/airflow/.local/lib/python3.6/site-packages/airflow/example_dags/example_trigger_target_dag.py
[2021-03-18 08:04:55,682] {logging_mixin.py:104} INFO - [2021-03-18 08:04:55,682] {dag.py:1818} INFO - Sync 1 DAGs
[2021-03-18 08:04:55,695] {logging_mixin.py:104} INFO - [2021-03-18 08:04:55,695] {dag.py:2273} INFO - Setting next_dagrun for example_trigger_target_dag to None
[2021-03-18 08:04:55,704] {scheduler_job.py:190} INFO - Processing /home/airflow/.local/lib/python3.6/site-packages/airflow/example_dags/example_trigger_target_dag.py took 0.055 seconds
[2021-03-18 08:05:25,737] {scheduler_job.py:182} INFO - Started process (PID=121) to work on /home/airflow/.local/lib/python3.6/site-packages/airflow/example_dags/example_trigger_target_dag.py
[2021-03-18 08:05:25,739] {scheduler_job.py:629} INFO - Processing file /home/airflow/.local/lib/python3.6/site-packages/airflow/example_dags/example_trigger_target_dag.py for tasks to queue
[2021-03-18 08:05:25,740] {logging_mixin.py:104} INFO - [2021-03-18 08:05:25,740] {dagbag.py:448} INFO - Filling up the DagBag from /home/airflow/.local/lib/python3.6/site-packages/airflow/example_dags/example_trigger_target_dag.py
[2021-03-18 08:05:25,750] {scheduler_job.py:639} INFO - DAG(s) dict_keys(['example_trigger_target_dag']) retrieved from /home/airflow/.local/lib/python3.6/site-packages/airflow/example_dags/example_trigger_target_dag.py
[2021-03-18 08:05:25,768] {logging_mixin.py:104} INFO - [2021-03-18 08:05:25,768] {dag.py:1818} INFO - Sync 1 DAGs
[2021-03-18 08:05:25,782] {logging_mixin.py:104} INFO - [2021-03-18 08:05:25,782] {dag.py:2273} INFO - Setting next_dagrun for example_trigger_target_dag to None
[2021-03-18 08:05:25,792] {scheduler_job.py:190} INFO - Processing /home/airflow/.local/lib/python3.6/site-packages/airflow/example_dags/example_trigger_target_dag.py took 0.057 seconds
[2021-03-18 08:05:55,834] {scheduler_job.py:182} INFO - Started process (PID=147) to work on /home/airflow/.local/lib/python3.6/site-packages/airflow/example_dags/example_trigger_target_dag.py
[2021-03-18 08:05:55,835] {scheduler_job.py:629} INFO - Processing file /home/airflow/.local/lib/python3.6/site-packages/airflow/example_dags/example_trigger_target_dag.py for tasks to queue
[2021-03-18 08:05:55,836] {logging_mixin.py:104} INFO - [2021-03-18 08:05:55,836] {dagbag.py:448} INFO - Filling up the DagBag from /home/airflow/.local/lib/python3.6/site-packages/airflow/example_dags/example_trigger_target_dag.py
[2021-03-18 08:05:55,846] {scheduler_job.py:639} INFO - DAG(s) dict_keys(['example_trigger_target_dag']) retrieved from /home/airflow/.local/lib/python3.6/site-packages/airflow/example_dags/example_trigger_target_dag.py
[2021-03-18 08:05:55,862] {logging_mixin.py:104} INFO - [2021-03-18 08:05:55,862] {dag.py:1818} INFO - Sync 1 DAGs
[2021-03-18 08:05:55,875] {logging_mixin.py:104} INFO - [2021-03-18 08:05:55,875] {dag.py:2273} INFO - Setting next_dagrun for example_trigger_target_dag to None
[2021-03-18 08:05:55,885] {scheduler_job.py:190} INFO - Processing /home/airflow/.local/lib/python3.6/site-packages/airflow/example_dags/example_trigger_target_dag.py took 0.053 seconds
[2021-03-18 08:06:26,082] {scheduler_job.py:182} INFO - Started process (PID=173) to work on /home/airflow/.local/lib/python3.6/site-packages/airflow/example_dags/example_trigger_target_dag.py
[2021-03-18 08:06:26,084] {scheduler_job.py:629} INFO - Processing file /home/airflow/.local/lib/python3.6/site-packages/airflow/example_dags/example_trigger_target_dag.py for tasks to queue
[2021-03-18 08:06:26,085] {logging_mixin.py:104} INFO - [2021-03-18 08:06:26,085] {dagbag.py:448} INFO - Filling up the DagBag from /home/airflow/.local/lib/python3.6/site-packages/airflow/example_dags/example_trigger_target_dag.py
[2021-03-18 08:06:26,094] {scheduler_job.py:639} INFO - DAG(s) dict_keys(['example_trigger_target_dag']) retrieved from /home/airflow/.local/lib/python3.6/site-packages/airflow/example_dags/example_trigger_target_dag.py
[2021-03-18 08:06:26,114] {logging_mixin.py:104} INFO - [2021-03-18 08:06:26,114] {dag.py:1818} INFO - Sync 1 DAGs
[2021-03-18 08:06:26,130] {logging_mixin.py:104} INFO - [2021-03-18 08:06:26,130] {dag.py:2273} INFO - Setting next_dagrun for example_trigger_target_dag to None
[2021-03-18 08:06:26,139] {scheduler_job.py:190} INFO - Processing /home/airflow/.local/lib/python3.6/site-packages/airflow/example_dags/example_trigger_target_dag.py took 0.059 seconds
[2021-03-18 08:06:56,268] {scheduler_job.py:182} INFO - Started process (PID=200) to work on /home/airflow/.local/lib/python3.6/site-packages/airflow/example_dags/example_trigger_target_dag.py
[2021-03-18 08:06:56,270] {scheduler_job.py:629} INFO - Processing file /home/airflow/.local/lib/python3.6/site-packages/airflow/example_dags/example_trigger_target_dag.py for tasks to queue
[2021-03-18 08:06:56,271] {logging_mixin.py:104} INFO - [2021-03-18 08:06:56,271] {dagbag.py:448} INFO - Filling up the DagBag from /home/airflow/.local/lib/python3.6/site-packages/airflow/example_dags/example_trigger_target_dag.py
[2021-03-18 08:06:56,279] {scheduler_job.py:639} INFO - DAG(s) dict_keys(['example_trigger_target_dag']) retrieved from /home/airflow/.local/lib/python3.6/site-packages/airflow/example_dags/example_trigger_target_dag.py
[2021-03-18 08:06:56,300] {logging_mixin.py:104} INFO - [2021-03-18 08:06:56,300] {dag.py:1818} INFO - Sync 1 DAGs
[2021-03-18 08:06:56,313] {logging_mixin.py:104} INFO - [2021-03-18 08:06:56,313] {dag.py:2273} INFO - Setting next_dagrun for example_trigger_target_dag to None
[2021-03-18 08:06:56,323] {scheduler_job.py:190} INFO - Processing /home/airflow/.local/lib/python3.6/site-packages/airflow/example_dags/example_trigger_target_dag.py took 0.058 seconds
[2021-03-18 08:07:26,369] {scheduler_job.py:182} INFO - Started process (PID=226) to work on /home/airflow/.local/lib/python3.6/site-packages/airflow/example_dags/example_trigger_target_dag.py
[2021-03-18 08:07:26,370] {scheduler_job.py:629} INFO - Processing file /home/airflow/.local/lib/python3.6/site-packages/airflow/example_dags/example_trigger_target_dag.py for tasks to queue
[2021-03-18 08:07:26,371] {logging_mixin.py:104} INFO - [2021-03-18 08:07:26,370] {dagbag.py:448} INFO - Filling up the DagBag from /home/airflow/.local/lib/python3.6/site-packages/airflow/example_dags/example_trigger_target_dag.py
[2021-03-18 08:07:26,379] {scheduler_job.py:639} INFO - DAG(s) dict_keys(['example_trigger_target_dag']) retrieved from /home/airflow/.local/lib/python3.6/site-packages/airflow/example_dags/example_trigger_target_dag.py
[2021-03-18 08:07:26,398] {logging_mixin.py:104} INFO - [2021-03-18 08:07:26,398] {dag.py:1818} INFO - Sync 1 DAGs
[2021-03-18 08:07:26,410] {logging_mixin.py:104} INFO - [2021-03-18 08:07:26,410] {dag.py:2273} INFO - Setting next_dagrun for example_trigger_target_dag to None
[2021-03-18 08:07:26,419] {scheduler_job.py:190} INFO - Processing /home/airflow/.local/lib/python3.6/site-packages/airflow/example_dags/example_trigger_target_dag.py took 0.053 seconds
[2021-03-18 08:07:56,581] {scheduler_job.py:182} INFO - Started process (PID=252) to work on /home/airflow/.local/lib/python3.6/site-packages/airflow/example_dags/example_trigger_target_dag.py
[2021-03-18 08:07:56,582] {scheduler_job.py:629} INFO - Processing file /home/airflow/.local/lib/python3.6/site-packages/airflow/example_dags/example_trigger_target_dag.py for tasks to queue
[2021-03-18 08:07:56,583] {logging_mixin.py:104} INFO - [2021-03-18 08:07:56,583] {dagbag.py:448} INFO - Filling up the DagBag from /home/airflow/.local/lib/python3.6/site-packages/airflow/example_dags/example_trigger_target_dag.py
[2021-03-18 08:07:56,593] {scheduler_job.py:639} INFO - DAG(s) dict_keys(['example_trigger_target_dag']) retrieved from /home/airflow/.local/lib/python3.6/site-packages/airflow/example_dags/example_trigger_target_dag.py
[2021-03-18 08:07:56,610] {logging_mixin.py:104} INFO - [2021-03-18 08:07:56,610] {dag.py:1818} INFO - Sync 1 DAGs
[2021-03-18 08:07:56,623] {logging_mixin.py:104} INFO - [2021-03-18 08:07:56,623] {dag.py:2273} INFO - Setting next_dagrun for example_trigger_target_dag to None
[2021-03-18 08:07:56,632] {scheduler_job.py:190} INFO - Processing /home/airflow/.local/lib/python3.6/site-packages/airflow/example_dags/example_trigger_target_dag.py took 0.054 seconds
[2021-03-18 08:08:26,714] {scheduler_job.py:182} INFO - Started process (PID=278) to work on /home/airflow/.local/lib/python3.6/site-packages/airflow/example_dags/example_trigger_target_dag.py
[2021-03-18 08:08:26,715] {scheduler_job.py:629} INFO - Processing file /home/airflow/.local/lib/python3.6/site-packages/airflow/example_dags/example_trigger_target_dag.py for tasks to queue
[2021-03-18 08:08:26,716] {logging_mixin.py:104} INFO - [2021-03-18 08:08:26,716] {dagbag.py:448} INFO - Filling up the DagBag from /home/airflow/.local/lib/python3.6/site-packages/airflow/example_dags/example_trigger_target_dag.py
[2021-03-18 08:08:26,726] {scheduler_job.py:639} INFO - DAG(s) dict_keys(['example_trigger_target_dag']) retrieved from /home/airflow/.local/lib/python3.6/site-packages/airflow/example_dags/example_trigger_target_dag.py
[2021-03-18 08:08:26,744] {logging_mixin.py:104} INFO - [2021-03-18 08:08:26,744] {dag.py:1818} INFO - Sync 1 DAGs
[2021-03-18 08:08:26,758] {logging_mixin.py:104} INFO - [2021-03-18 08:08:26,758] {dag.py:2273} INFO - Setting next_dagrun for example_trigger_target_dag to None
[2021-03-18 08:08:26,766] {scheduler_job.py:190} INFO - Processing /home/airflow/.local/lib/python3.6/site-packages/airflow/example_dags/example_trigger_target_dag.py took 0.054 seconds
[2021-03-18 08:08:56,806] {scheduler_job.py:182} INFO - Started process (PID=304) to work on /home/airflow/.local/lib/python3.6/site-packages/airflow/example_dags/example_trigger_target_dag.py
[2021-03-18 08:08:56,807] {scheduler_job.py:629} INFO - Processing file /home/airflow/.local/lib/python3.6/site-packages/airflow/example_dags/example_trigger_target_dag.py for tasks to queue
[2021-03-18 08:08:56,809] {logging_mixin.py:104} INFO - [2021-03-18 08:08:56,809] {dagbag.py:448} INFO - Filling up the DagBag from /home/airflow/.local/lib/python3.6/site-packages/airflow/example_dags/example_trigger_target_dag.py
[2021-03-18 08:08:56,819] {scheduler_job.py:639} INFO - DAG(s) dict_keys(['example_trigger_target_dag']) retrieved from /home/airflow/.local/lib/python3.6/site-packages/airflow/example_dags/example_trigger_target_dag.py
[2021-03-18 08:08:56,841] {logging_mixin.py:104} INFO - [2021-03-18 08:08:56,841] {dag.py:1818} INFO - Sync 1 DAGs
[2021-03-18 08:08:56,857] {logging_mixin.py:104} INFO - [2021-03-18 08:08:56,857] {dag.py:2273} INFO - Setting next_dagrun for example_trigger_target_dag to None
[2021-03-18 08:08:56,870] {scheduler_job.py:190} INFO - Processing /home/airflow/.local/lib/python3.6/site-packages/airflow/example_dags/example_trigger_target_dag.py took 0.066 seconds
[2021-03-18 08:09:26,945] {scheduler_job.py:182} INFO - Started process (PID=330) to work on /home/airflow/.local/lib/python3.6/site-packages/airflow/example_dags/example_trigger_target_dag.py
[2021-03-18 08:09:26,947] {scheduler_job.py:629} INFO - Processing file /home/airflow/.local/lib/python3.6/site-packages/airflow/example_dags/example_trigger_target_dag.py for tasks to queue
[2021-03-18 08:09:26,947] {logging_mixin.py:104} INFO - [2021-03-18 08:09:26,947] {dagbag.py:448} INFO - Filling up the DagBag from /home/airflow/.local/lib/python3.6/site-packages/airflow/example_dags/example_trigger_target_dag.py
[2021-03-18 08:09:26,956] {scheduler_job.py:639} INFO - DAG(s) dict_keys(['example_trigger_target_dag']) retrieved from /home/airflow/.local/lib/python3.6/site-packages/airflow/example_dags/example_trigger_target_dag.py
[2021-03-18 08:09:26,972] {logging_mixin.py:104} INFO - [2021-03-18 08:09:26,972] {dag.py:1818} INFO - Sync 1 DAGs
[2021-03-18 08:09:26,984] {logging_mixin.py:104} INFO - [2021-03-18 08:09:26,984] {dag.py:2273} INFO - Setting next_dagrun for example_trigger_target_dag to None
[2021-03-18 08:09:26,994] {scheduler_job.py:190} INFO - Processing /home/airflow/.local/lib/python3.6/site-packages/airflow/example_dags/example_trigger_target_dag.py took 0.051 seconds
[2021-03-18 08:09:57,073] {scheduler_job.py:182} INFO - Started process (PID=354) to work on /home/airflow/.local/lib/python3.6/site-packages/airflow/example_dags/example_trigger_target_dag.py
[2021-03-18 08:09:57,074] {scheduler_job.py:629} INFO - Processing file /home/airflow/.local/lib/python3.6/site-packages/airflow/example_dags/example_trigger_target_dag.py for tasks to queue
[2021-03-18 08:09:57,075] {logging_mixin.py:104} INFO - [2021-03-18 08:09:57,075] {dagbag.py:448} INFO - Filling up the DagBag from /home/airflow/.local/lib/python3.6/site-packages/airflow/example_dags/example_trigger_target_dag.py
[2021-03-18 08:09:57,084] {scheduler_job.py:639} INFO - DAG(s) dict_keys(['example_trigger_target_dag']) retrieved from /home/airflow/.local/lib/python3.6/site-packages/airflow/example_dags/example_trigger_target_dag.py
[2021-03-18 08:09:57,102] {logging_mixin.py:104} INFO - [2021-03-18 08:09:57,102] {dag.py:1818} INFO - Sync 1 DAGs
[2021-03-18 08:09:57,115] {logging_mixin.py:104} INFO - [2021-03-18 08:09:57,115] {dag.py:2273} INFO - Setting next_dagrun for example_trigger_target_dag to None
[2021-03-18 08:09:57,125] {scheduler_job.py:190} INFO - Processing /home/airflow/.local/lib/python3.6/site-packages/airflow/example_dags/example_trigger_target_dag.py took 0.055 seconds
[2021-03-18 08:10:27,161] {scheduler_job.py:182} INFO - Started process (PID=379) to work on /home/airflow/.local/lib/python3.6/site-packages/airflow/example_dags/example_trigger_target_dag.py
[2021-03-18 08:10:27,162] {scheduler_job.py:629} INFO - Processing file /home/airflow/.local/lib/python3.6/site-packages/airflow/example_dags/example_trigger_target_dag.py for tasks to queue
[2021-03-18 08:10:27,163] {logging_mixin.py:104} INFO - [2021-03-18 08:10:27,163] {dagbag.py:448} INFO - Filling up the DagBag from /home/airflow/.local/lib/python3.6/site-packages/airflow/example_dags/example_trigger_target_dag.py
[2021-03-18 08:10:27,173] {scheduler_job.py:639} INFO - DAG(s) dict_keys(['example_trigger_target_dag']) retrieved from /home/airflow/.local/lib/python3.6/site-packages/airflow/example_dags/example_trigger_target_dag.py
[2021-03-18 08:10:27,191] {logging_mixin.py:104} INFO - [2021-03-18 08:10:27,191] {dag.py:1818} INFO - Sync 1 DAGs
[2021-03-18 08:10:27,207] {logging_mixin.py:104} INFO - [2021-03-18 08:10:27,207] {dag.py:2273} INFO - Setting next_dagrun for example_trigger_target_dag to None
[2021-03-18 08:10:27,216] {scheduler_job.py:190} INFO - Processing /home/airflow/.local/lib/python3.6/site-packages/airflow/example_dags/example_trigger_target_dag.py took 0.058 seconds
[2021-03-18 08:10:57,475] {scheduler_job.py:182} INFO - Started process (PID=406) to work on /home/airflow/.local/lib/python3.6/site-packages/airflow/example_dags/example_trigger_target_dag.py
[2021-03-18 08:10:57,476] {scheduler_job.py:629} INFO - Processing file /home/airflow/.local/lib/python3.6/site-packages/airflow/example_dags/example_trigger_target_dag.py for tasks to queue
[2021-03-18 08:10:57,478] {logging_mixin.py:104} INFO - [2021-03-18 08:10:57,478] {dagbag.py:448} INFO - Filling up the DagBag from /home/airflow/.local/lib/python3.6/site-packages/airflow/example_dags/example_trigger_target_dag.py
[2021-03-18 08:10:57,487] {scheduler_job.py:639} INFO - DAG(s) dict_keys(['example_trigger_target_dag']) retrieved from /home/airflow/.local/lib/python3.6/site-packages/airflow/example_dags/example_trigger_target_dag.py
[2021-03-18 08:10:57,505] {logging_mixin.py:104} INFO - [2021-03-18 08:10:57,504] {dag.py:1818} INFO - Sync 1 DAGs
[2021-03-18 08:10:57,518] {logging_mixin.py:104} INFO - [2021-03-18 08:10:57,518] {dag.py:2273} INFO - Setting next_dagrun for example_trigger_target_dag to None
[2021-03-18 08:10:57,526] {scheduler_job.py:190} INFO - Processing /home/airflow/.local/lib/python3.6/site-packages/airflow/example_dags/example_trigger_target_dag.py took 0.054 seconds
[2021-03-18 10:16:29,291] {scheduler_job.py:182} INFO - Started process (PID=29) to work on /home/airflow/.local/lib/python3.6/site-packages/airflow/example_dags/example_trigger_target_dag.py
[2021-03-18 10:16:29,293] {scheduler_job.py:629} INFO - Processing file /home/airflow/.local/lib/python3.6/site-packages/airflow/example_dags/example_trigger_target_dag.py for tasks to queue
[2021-03-18 10:16:29,295] {logging_mixin.py:104} INFO - [2021-03-18 10:16:29,295] {dagbag.py:448} INFO - Filling up the DagBag from /home/airflow/.local/lib/python3.6/site-packages/airflow/example_dags/example_trigger_target_dag.py
[2021-03-18 10:16:29,320] {scheduler_job.py:639} INFO - DAG(s) dict_keys(['example_trigger_target_dag']) retrieved from /home/airflow/.local/lib/python3.6/site-packages/airflow/example_dags/example_trigger_target_dag.py
[2021-03-18 10:16:29,364] {logging_mixin.py:104} INFO - [2021-03-18 10:16:29,364] {dag.py:1818} INFO - Sync 1 DAGs
[2021-03-18 10:16:29,401] {logging_mixin.py:104} INFO - [2021-03-18 10:16:29,401] {dag.py:2273} INFO - Setting next_dagrun for example_trigger_target_dag to None
[2021-03-18 10:16:29,431] {scheduler_job.py:190} INFO - Processing /home/airflow/.local/lib/python3.6/site-packages/airflow/example_dags/example_trigger_target_dag.py took 0.142 seconds
[2021-03-18 10:17:00,432] {scheduler_job.py:182} INFO - Started process (PID=57) to work on /home/airflow/.local/lib/python3.6/site-packages/airflow/example_dags/example_trigger_target_dag.py
[2021-03-18 10:17:00,433] {scheduler_job.py:629} INFO - Processing file /home/airflow/.local/lib/python3.6/site-packages/airflow/example_dags/example_trigger_target_dag.py for tasks to queue
[2021-03-18 10:17:00,434] {logging_mixin.py:104} INFO - [2021-03-18 10:17:00,434] {dagbag.py:448} INFO - Filling up the DagBag from /home/airflow/.local/lib/python3.6/site-packages/airflow/example_dags/example_trigger_target_dag.py
[2021-03-18 10:17:00,443] {scheduler_job.py:639} INFO - DAG(s) dict_keys(['example_trigger_target_dag']) retrieved from /home/airflow/.local/lib/python3.6/site-packages/airflow/example_dags/example_trigger_target_dag.py
[2021-03-18 10:17:00,462] {logging_mixin.py:104} INFO - [2021-03-18 10:17:00,462] {dag.py:1818} INFO - Sync 1 DAGs
[2021-03-18 10:17:00,474] {logging_mixin.py:104} INFO - [2021-03-18 10:17:00,474] {dag.py:2273} INFO - Setting next_dagrun for example_trigger_target_dag to None
[2021-03-18 10:17:00,483] {scheduler_job.py:190} INFO - Processing /home/airflow/.local/lib/python3.6/site-packages/airflow/example_dags/example_trigger_target_dag.py took 0.054 seconds
