[2021-03-18 08:03:54,424] {scheduler_job.py:182} INFO - Started process (PID=33) to work on /home/airflow/.local/lib/python3.6/site-packages/airflow/example_dags/example_kubernetes_executor.py
[2021-03-18 08:03:54,426] {scheduler_job.py:629} INFO - Processing file /home/airflow/.local/lib/python3.6/site-packages/airflow/example_dags/example_kubernetes_executor.py for tasks to queue
[2021-03-18 08:03:54,429] {logging_mixin.py:104} INFO - [2021-03-18 08:03:54,428] {dagbag.py:448} INFO - Filling up the DagBag from /home/airflow/.local/lib/python3.6/site-packages/airflow/example_dags/example_kubernetes_executor.py
[2021-03-18 08:03:54,470] {scheduler_job.py:639} INFO - DAG(s) dict_keys(['example_kubernetes_executor']) retrieved from /home/airflow/.local/lib/python3.6/site-packages/airflow/example_dags/example_kubernetes_executor.py
[2021-03-18 08:03:54,514] {logging_mixin.py:104} INFO - [2021-03-18 08:03:54,514] {dag.py:1818} INFO - Sync 1 DAGs
[2021-03-18 08:03:54,526] {logging_mixin.py:104} INFO - [2021-03-18 08:03:54,526] {dag.py:1837} INFO - Creating ORM DAG for example_kubernetes_executor
[2021-03-18 08:03:54,532] {logging_mixin.py:104} INFO - [2021-03-18 08:03:54,532] {dag.py:2273} INFO - Setting next_dagrun for example_kubernetes_executor to None
[2021-03-18 08:03:54,548] {scheduler_job.py:190} INFO - Processing /home/airflow/.local/lib/python3.6/site-packages/airflow/example_dags/example_kubernetes_executor.py took 0.127 seconds
[2021-03-18 08:04:25,225] {scheduler_job.py:182} INFO - Started process (PID=62) to work on /home/airflow/.local/lib/python3.6/site-packages/airflow/example_dags/example_kubernetes_executor.py
[2021-03-18 08:04:25,226] {scheduler_job.py:629} INFO - Processing file /home/airflow/.local/lib/python3.6/site-packages/airflow/example_dags/example_kubernetes_executor.py for tasks to queue
[2021-03-18 08:04:25,227] {logging_mixin.py:104} INFO - [2021-03-18 08:04:25,227] {dagbag.py:448} INFO - Filling up the DagBag from /home/airflow/.local/lib/python3.6/site-packages/airflow/example_dags/example_kubernetes_executor.py
[2021-03-18 08:04:25,237] {scheduler_job.py:639} INFO - DAG(s) dict_keys(['example_kubernetes_executor']) retrieved from /home/airflow/.local/lib/python3.6/site-packages/airflow/example_dags/example_kubernetes_executor.py
[2021-03-18 08:04:25,255] {logging_mixin.py:104} INFO - [2021-03-18 08:04:25,254] {dag.py:1818} INFO - Sync 1 DAGs
[2021-03-18 08:04:25,267] {logging_mixin.py:104} INFO - [2021-03-18 08:04:25,266] {dag.py:2273} INFO - Setting next_dagrun for example_kubernetes_executor to None
[2021-03-18 08:04:25,275] {scheduler_job.py:190} INFO - Processing /home/airflow/.local/lib/python3.6/site-packages/airflow/example_dags/example_kubernetes_executor.py took 0.052 seconds
[2021-03-18 08:04:55,308] {scheduler_job.py:182} INFO - Started process (PID=88) to work on /home/airflow/.local/lib/python3.6/site-packages/airflow/example_dags/example_kubernetes_executor.py
[2021-03-18 08:04:55,309] {scheduler_job.py:629} INFO - Processing file /home/airflow/.local/lib/python3.6/site-packages/airflow/example_dags/example_kubernetes_executor.py for tasks to queue
[2021-03-18 08:04:55,310] {logging_mixin.py:104} INFO - [2021-03-18 08:04:55,310] {dagbag.py:448} INFO - Filling up the DagBag from /home/airflow/.local/lib/python3.6/site-packages/airflow/example_dags/example_kubernetes_executor.py
[2021-03-18 08:04:55,319] {scheduler_job.py:639} INFO - DAG(s) dict_keys(['example_kubernetes_executor']) retrieved from /home/airflow/.local/lib/python3.6/site-packages/airflow/example_dags/example_kubernetes_executor.py
[2021-03-18 08:04:55,336] {logging_mixin.py:104} INFO - [2021-03-18 08:04:55,336] {dag.py:1818} INFO - Sync 1 DAGs
[2021-03-18 08:04:55,348] {logging_mixin.py:104} INFO - [2021-03-18 08:04:55,348] {dag.py:2273} INFO - Setting next_dagrun for example_kubernetes_executor to None
[2021-03-18 08:04:55,357] {scheduler_job.py:190} INFO - Processing /home/airflow/.local/lib/python3.6/site-packages/airflow/example_dags/example_kubernetes_executor.py took 0.051 seconds
[2021-03-18 08:05:25,457] {scheduler_job.py:182} INFO - Started process (PID=114) to work on /home/airflow/.local/lib/python3.6/site-packages/airflow/example_dags/example_kubernetes_executor.py
[2021-03-18 08:05:25,458] {scheduler_job.py:629} INFO - Processing file /home/airflow/.local/lib/python3.6/site-packages/airflow/example_dags/example_kubernetes_executor.py for tasks to queue
[2021-03-18 08:05:25,459] {logging_mixin.py:104} INFO - [2021-03-18 08:05:25,459] {dagbag.py:448} INFO - Filling up the DagBag from /home/airflow/.local/lib/python3.6/site-packages/airflow/example_dags/example_kubernetes_executor.py
[2021-03-18 08:05:25,469] {scheduler_job.py:639} INFO - DAG(s) dict_keys(['example_kubernetes_executor']) retrieved from /home/airflow/.local/lib/python3.6/site-packages/airflow/example_dags/example_kubernetes_executor.py
[2021-03-18 08:05:25,485] {logging_mixin.py:104} INFO - [2021-03-18 08:05:25,485] {dag.py:1818} INFO - Sync 1 DAGs
[2021-03-18 08:05:25,496] {logging_mixin.py:104} INFO - [2021-03-18 08:05:25,496] {dag.py:2273} INFO - Setting next_dagrun for example_kubernetes_executor to None
[2021-03-18 08:05:25,504] {scheduler_job.py:190} INFO - Processing /home/airflow/.local/lib/python3.6/site-packages/airflow/example_dags/example_kubernetes_executor.py took 0.049 seconds
[2021-03-18 08:05:55,593] {scheduler_job.py:182} INFO - Started process (PID=140) to work on /home/airflow/.local/lib/python3.6/site-packages/airflow/example_dags/example_kubernetes_executor.py
[2021-03-18 08:05:55,595] {scheduler_job.py:629} INFO - Processing file /home/airflow/.local/lib/python3.6/site-packages/airflow/example_dags/example_kubernetes_executor.py for tasks to queue
[2021-03-18 08:05:55,596] {logging_mixin.py:104} INFO - [2021-03-18 08:05:55,595] {dagbag.py:448} INFO - Filling up the DagBag from /home/airflow/.local/lib/python3.6/site-packages/airflow/example_dags/example_kubernetes_executor.py
[2021-03-18 08:05:55,607] {scheduler_job.py:639} INFO - DAG(s) dict_keys(['example_kubernetes_executor']) retrieved from /home/airflow/.local/lib/python3.6/site-packages/airflow/example_dags/example_kubernetes_executor.py
[2021-03-18 08:05:55,625] {logging_mixin.py:104} INFO - [2021-03-18 08:05:55,625] {dag.py:1818} INFO - Sync 1 DAGs
[2021-03-18 08:05:55,637] {logging_mixin.py:104} INFO - [2021-03-18 08:05:55,637] {dag.py:2273} INFO - Setting next_dagrun for example_kubernetes_executor to None
[2021-03-18 08:05:55,646] {scheduler_job.py:190} INFO - Processing /home/airflow/.local/lib/python3.6/site-packages/airflow/example_dags/example_kubernetes_executor.py took 0.055 seconds
[2021-03-18 08:06:25,845] {scheduler_job.py:182} INFO - Started process (PID=168) to work on /home/airflow/.local/lib/python3.6/site-packages/airflow/example_dags/example_kubernetes_executor.py
[2021-03-18 08:06:25,847] {scheduler_job.py:629} INFO - Processing file /home/airflow/.local/lib/python3.6/site-packages/airflow/example_dags/example_kubernetes_executor.py for tasks to queue
[2021-03-18 08:06:25,847] {logging_mixin.py:104} INFO - [2021-03-18 08:06:25,847] {dagbag.py:448} INFO - Filling up the DagBag from /home/airflow/.local/lib/python3.6/site-packages/airflow/example_dags/example_kubernetes_executor.py
[2021-03-18 08:06:25,858] {scheduler_job.py:639} INFO - DAG(s) dict_keys(['example_kubernetes_executor']) retrieved from /home/airflow/.local/lib/python3.6/site-packages/airflow/example_dags/example_kubernetes_executor.py
[2021-03-18 08:06:25,881] {logging_mixin.py:104} INFO - [2021-03-18 08:06:25,881] {dag.py:1818} INFO - Sync 1 DAGs
[2021-03-18 08:06:25,893] {logging_mixin.py:104} INFO - [2021-03-18 08:06:25,893] {dag.py:2273} INFO - Setting next_dagrun for example_kubernetes_executor to None
[2021-03-18 08:06:25,903] {scheduler_job.py:190} INFO - Processing /home/airflow/.local/lib/python3.6/site-packages/airflow/example_dags/example_kubernetes_executor.py took 0.060 seconds
[2021-03-18 08:06:56,066] {scheduler_job.py:182} INFO - Started process (PID=195) to work on /home/airflow/.local/lib/python3.6/site-packages/airflow/example_dags/example_kubernetes_executor.py
[2021-03-18 08:06:56,068] {scheduler_job.py:629} INFO - Processing file /home/airflow/.local/lib/python3.6/site-packages/airflow/example_dags/example_kubernetes_executor.py for tasks to queue
[2021-03-18 08:06:56,069] {logging_mixin.py:104} INFO - [2021-03-18 08:06:56,069] {dagbag.py:448} INFO - Filling up the DagBag from /home/airflow/.local/lib/python3.6/site-packages/airflow/example_dags/example_kubernetes_executor.py
[2021-03-18 08:06:56,078] {scheduler_job.py:639} INFO - DAG(s) dict_keys(['example_kubernetes_executor']) retrieved from /home/airflow/.local/lib/python3.6/site-packages/airflow/example_dags/example_kubernetes_executor.py
[2021-03-18 08:06:56,098] {logging_mixin.py:104} INFO - [2021-03-18 08:06:56,097] {dag.py:1818} INFO - Sync 1 DAGs
[2021-03-18 08:06:56,111] {logging_mixin.py:104} INFO - [2021-03-18 08:06:56,111] {dag.py:2273} INFO - Setting next_dagrun for example_kubernetes_executor to None
[2021-03-18 08:06:56,120] {scheduler_job.py:190} INFO - Processing /home/airflow/.local/lib/python3.6/site-packages/airflow/example_dags/example_kubernetes_executor.py took 0.057 seconds
[2021-03-18 08:07:26,151] {scheduler_job.py:182} INFO - Started process (PID=221) to work on /home/airflow/.local/lib/python3.6/site-packages/airflow/example_dags/example_kubernetes_executor.py
[2021-03-18 08:07:26,153] {scheduler_job.py:629} INFO - Processing file /home/airflow/.local/lib/python3.6/site-packages/airflow/example_dags/example_kubernetes_executor.py for tasks to queue
[2021-03-18 08:07:26,154] {logging_mixin.py:104} INFO - [2021-03-18 08:07:26,154] {dagbag.py:448} INFO - Filling up the DagBag from /home/airflow/.local/lib/python3.6/site-packages/airflow/example_dags/example_kubernetes_executor.py
[2021-03-18 08:07:26,165] {scheduler_job.py:639} INFO - DAG(s) dict_keys(['example_kubernetes_executor']) retrieved from /home/airflow/.local/lib/python3.6/site-packages/airflow/example_dags/example_kubernetes_executor.py
[2021-03-18 08:07:26,185] {logging_mixin.py:104} INFO - [2021-03-18 08:07:26,185] {dag.py:1818} INFO - Sync 1 DAGs
[2021-03-18 08:07:26,199] {logging_mixin.py:104} INFO - [2021-03-18 08:07:26,198] {dag.py:2273} INFO - Setting next_dagrun for example_kubernetes_executor to None
[2021-03-18 08:07:26,208] {scheduler_job.py:190} INFO - Processing /home/airflow/.local/lib/python3.6/site-packages/airflow/example_dags/example_kubernetes_executor.py took 0.059 seconds
[2021-03-18 08:07:56,426] {scheduler_job.py:182} INFO - Started process (PID=247) to work on /home/airflow/.local/lib/python3.6/site-packages/airflow/example_dags/example_kubernetes_executor.py
[2021-03-18 08:07:56,427] {scheduler_job.py:629} INFO - Processing file /home/airflow/.local/lib/python3.6/site-packages/airflow/example_dags/example_kubernetes_executor.py for tasks to queue
[2021-03-18 08:07:56,428] {logging_mixin.py:104} INFO - [2021-03-18 08:07:56,428] {dagbag.py:448} INFO - Filling up the DagBag from /home/airflow/.local/lib/python3.6/site-packages/airflow/example_dags/example_kubernetes_executor.py
[2021-03-18 08:07:56,437] {scheduler_job.py:639} INFO - DAG(s) dict_keys(['example_kubernetes_executor']) retrieved from /home/airflow/.local/lib/python3.6/site-packages/airflow/example_dags/example_kubernetes_executor.py
[2021-03-18 08:07:56,455] {logging_mixin.py:104} INFO - [2021-03-18 08:07:56,455] {dag.py:1818} INFO - Sync 1 DAGs
[2021-03-18 08:07:56,468] {logging_mixin.py:104} INFO - [2021-03-18 08:07:56,468] {dag.py:2273} INFO - Setting next_dagrun for example_kubernetes_executor to None
[2021-03-18 08:07:56,476] {scheduler_job.py:190} INFO - Processing /home/airflow/.local/lib/python3.6/site-packages/airflow/example_dags/example_kubernetes_executor.py took 0.053 seconds
[2021-03-18 08:08:26,542] {scheduler_job.py:182} INFO - Started process (PID=274) to work on /home/airflow/.local/lib/python3.6/site-packages/airflow/example_dags/example_kubernetes_executor.py
[2021-03-18 08:08:26,544] {scheduler_job.py:629} INFO - Processing file /home/airflow/.local/lib/python3.6/site-packages/airflow/example_dags/example_kubernetes_executor.py for tasks to queue
[2021-03-18 08:08:26,545] {logging_mixin.py:104} INFO - [2021-03-18 08:08:26,545] {dagbag.py:448} INFO - Filling up the DagBag from /home/airflow/.local/lib/python3.6/site-packages/airflow/example_dags/example_kubernetes_executor.py
[2021-03-18 08:08:26,555] {scheduler_job.py:639} INFO - DAG(s) dict_keys(['example_kubernetes_executor']) retrieved from /home/airflow/.local/lib/python3.6/site-packages/airflow/example_dags/example_kubernetes_executor.py
[2021-03-18 08:08:26,575] {logging_mixin.py:104} INFO - [2021-03-18 08:08:26,575] {dag.py:1818} INFO - Sync 1 DAGs
[2021-03-18 08:08:26,588] {logging_mixin.py:104} INFO - [2021-03-18 08:08:26,588] {dag.py:2273} INFO - Setting next_dagrun for example_kubernetes_executor to None
[2021-03-18 08:08:26,598] {scheduler_job.py:190} INFO - Processing /home/airflow/.local/lib/python3.6/site-packages/airflow/example_dags/example_kubernetes_executor.py took 0.059 seconds
[2021-03-18 08:08:56,660] {scheduler_job.py:182} INFO - Started process (PID=300) to work on /home/airflow/.local/lib/python3.6/site-packages/airflow/example_dags/example_kubernetes_executor.py
[2021-03-18 08:08:56,661] {scheduler_job.py:629} INFO - Processing file /home/airflow/.local/lib/python3.6/site-packages/airflow/example_dags/example_kubernetes_executor.py for tasks to queue
[2021-03-18 08:08:56,662] {logging_mixin.py:104} INFO - [2021-03-18 08:08:56,661] {dagbag.py:448} INFO - Filling up the DagBag from /home/airflow/.local/lib/python3.6/site-packages/airflow/example_dags/example_kubernetes_executor.py
[2021-03-18 08:08:56,671] {scheduler_job.py:639} INFO - DAG(s) dict_keys(['example_kubernetes_executor']) retrieved from /home/airflow/.local/lib/python3.6/site-packages/airflow/example_dags/example_kubernetes_executor.py
[2021-03-18 08:08:56,688] {logging_mixin.py:104} INFO - [2021-03-18 08:08:56,688] {dag.py:1818} INFO - Sync 1 DAGs
[2021-03-18 08:08:56,700] {logging_mixin.py:104} INFO - [2021-03-18 08:08:56,700] {dag.py:2273} INFO - Setting next_dagrun for example_kubernetes_executor to None
[2021-03-18 08:08:56,711] {scheduler_job.py:190} INFO - Processing /home/airflow/.local/lib/python3.6/site-packages/airflow/example_dags/example_kubernetes_executor.py took 0.054 seconds
[2021-03-18 08:09:26,774] {scheduler_job.py:182} INFO - Started process (PID=326) to work on /home/airflow/.local/lib/python3.6/site-packages/airflow/example_dags/example_kubernetes_executor.py
[2021-03-18 08:09:26,776] {scheduler_job.py:629} INFO - Processing file /home/airflow/.local/lib/python3.6/site-packages/airflow/example_dags/example_kubernetes_executor.py for tasks to queue
[2021-03-18 08:09:26,777] {logging_mixin.py:104} INFO - [2021-03-18 08:09:26,777] {dagbag.py:448} INFO - Filling up the DagBag from /home/airflow/.local/lib/python3.6/site-packages/airflow/example_dags/example_kubernetes_executor.py
[2021-03-18 08:09:26,786] {scheduler_job.py:639} INFO - DAG(s) dict_keys(['example_kubernetes_executor']) retrieved from /home/airflow/.local/lib/python3.6/site-packages/airflow/example_dags/example_kubernetes_executor.py
[2021-03-18 08:09:26,805] {logging_mixin.py:104} INFO - [2021-03-18 08:09:26,805] {dag.py:1818} INFO - Sync 1 DAGs
[2021-03-18 08:09:26,816] {logging_mixin.py:104} INFO - [2021-03-18 08:09:26,816] {dag.py:2273} INFO - Setting next_dagrun for example_kubernetes_executor to None
[2021-03-18 08:09:26,827] {scheduler_job.py:190} INFO - Processing /home/airflow/.local/lib/python3.6/site-packages/airflow/example_dags/example_kubernetes_executor.py took 0.055 seconds
[2021-03-18 08:09:57,005] {scheduler_job.py:182} INFO - Started process (PID=353) to work on /home/airflow/.local/lib/python3.6/site-packages/airflow/example_dags/example_kubernetes_executor.py
[2021-03-18 08:09:57,007] {scheduler_job.py:629} INFO - Processing file /home/airflow/.local/lib/python3.6/site-packages/airflow/example_dags/example_kubernetes_executor.py for tasks to queue
[2021-03-18 08:09:57,007] {logging_mixin.py:104} INFO - [2021-03-18 08:09:57,007] {dagbag.py:448} INFO - Filling up the DagBag from /home/airflow/.local/lib/python3.6/site-packages/airflow/example_dags/example_kubernetes_executor.py
[2021-03-18 08:09:57,017] {scheduler_job.py:639} INFO - DAG(s) dict_keys(['example_kubernetes_executor']) retrieved from /home/airflow/.local/lib/python3.6/site-packages/airflow/example_dags/example_kubernetes_executor.py
[2021-03-18 08:09:57,033] {logging_mixin.py:104} INFO - [2021-03-18 08:09:57,033] {dag.py:1818} INFO - Sync 1 DAGs
[2021-03-18 08:09:57,046] {logging_mixin.py:104} INFO - [2021-03-18 08:09:57,046] {dag.py:2273} INFO - Setting next_dagrun for example_kubernetes_executor to None
[2021-03-18 08:09:57,054] {scheduler_job.py:190} INFO - Processing /home/airflow/.local/lib/python3.6/site-packages/airflow/example_dags/example_kubernetes_executor.py took 0.051 seconds
[2021-03-18 08:10:27,237] {scheduler_job.py:182} INFO - Started process (PID=381) to work on /home/airflow/.local/lib/python3.6/site-packages/airflow/example_dags/example_kubernetes_executor.py
[2021-03-18 08:10:27,239] {scheduler_job.py:629} INFO - Processing file /home/airflow/.local/lib/python3.6/site-packages/airflow/example_dags/example_kubernetes_executor.py for tasks to queue
[2021-03-18 08:10:27,240] {logging_mixin.py:104} INFO - [2021-03-18 08:10:27,240] {dagbag.py:448} INFO - Filling up the DagBag from /home/airflow/.local/lib/python3.6/site-packages/airflow/example_dags/example_kubernetes_executor.py
[2021-03-18 08:10:27,250] {scheduler_job.py:639} INFO - DAG(s) dict_keys(['example_kubernetes_executor']) retrieved from /home/airflow/.local/lib/python3.6/site-packages/airflow/example_dags/example_kubernetes_executor.py
[2021-03-18 08:10:27,275] {logging_mixin.py:104} INFO - [2021-03-18 08:10:27,275] {dag.py:1818} INFO - Sync 1 DAGs
[2021-03-18 08:10:27,293] {logging_mixin.py:104} INFO - [2021-03-18 08:10:27,293] {dag.py:2273} INFO - Setting next_dagrun for example_kubernetes_executor to None
[2021-03-18 08:10:27,306] {scheduler_job.py:190} INFO - Processing /home/airflow/.local/lib/python3.6/site-packages/airflow/example_dags/example_kubernetes_executor.py took 0.071 seconds
[2021-03-18 08:10:57,402] {scheduler_job.py:182} INFO - Started process (PID=404) to work on /home/airflow/.local/lib/python3.6/site-packages/airflow/example_dags/example_kubernetes_executor.py
[2021-03-18 08:10:57,403] {scheduler_job.py:629} INFO - Processing file /home/airflow/.local/lib/python3.6/site-packages/airflow/example_dags/example_kubernetes_executor.py for tasks to queue
[2021-03-18 08:10:57,404] {logging_mixin.py:104} INFO - [2021-03-18 08:10:57,404] {dagbag.py:448} INFO - Filling up the DagBag from /home/airflow/.local/lib/python3.6/site-packages/airflow/example_dags/example_kubernetes_executor.py
[2021-03-18 08:10:57,413] {scheduler_job.py:639} INFO - DAG(s) dict_keys(['example_kubernetes_executor']) retrieved from /home/airflow/.local/lib/python3.6/site-packages/airflow/example_dags/example_kubernetes_executor.py
[2021-03-18 08:10:57,430] {logging_mixin.py:104} INFO - [2021-03-18 08:10:57,430] {dag.py:1818} INFO - Sync 1 DAGs
[2021-03-18 08:10:57,444] {logging_mixin.py:104} INFO - [2021-03-18 08:10:57,444] {dag.py:2273} INFO - Setting next_dagrun for example_kubernetes_executor to None
[2021-03-18 08:10:57,453] {scheduler_job.py:190} INFO - Processing /home/airflow/.local/lib/python3.6/site-packages/airflow/example_dags/example_kubernetes_executor.py took 0.053 seconds
[2021-03-18 10:16:30,635] {scheduler_job.py:182} INFO - Started process (PID=43) to work on /home/airflow/.local/lib/python3.6/site-packages/airflow/example_dags/example_kubernetes_executor.py
[2021-03-18 10:16:30,637] {scheduler_job.py:629} INFO - Processing file /home/airflow/.local/lib/python3.6/site-packages/airflow/example_dags/example_kubernetes_executor.py for tasks to queue
[2021-03-18 10:16:30,639] {logging_mixin.py:104} INFO - [2021-03-18 10:16:30,639] {dagbag.py:448} INFO - Filling up the DagBag from /home/airflow/.local/lib/python3.6/site-packages/airflow/example_dags/example_kubernetes_executor.py
[2021-03-18 10:16:30,670] {scheduler_job.py:639} INFO - DAG(s) dict_keys(['example_kubernetes_executor']) retrieved from /home/airflow/.local/lib/python3.6/site-packages/airflow/example_dags/example_kubernetes_executor.py
[2021-03-18 10:16:30,701] {logging_mixin.py:104} INFO - [2021-03-18 10:16:30,701] {dag.py:1818} INFO - Sync 1 DAGs
[2021-03-18 10:16:30,731] {logging_mixin.py:104} INFO - [2021-03-18 10:16:30,731] {dag.py:2273} INFO - Setting next_dagrun for example_kubernetes_executor to None
[2021-03-18 10:16:30,761] {scheduler_job.py:190} INFO - Processing /home/airflow/.local/lib/python3.6/site-packages/airflow/example_dags/example_kubernetes_executor.py took 0.130 seconds
[2021-03-18 10:17:01,298] {scheduler_job.py:182} INFO - Started process (PID=69) to work on /home/airflow/.local/lib/python3.6/site-packages/airflow/example_dags/example_kubernetes_executor.py
[2021-03-18 10:17:01,301] {scheduler_job.py:629} INFO - Processing file /home/airflow/.local/lib/python3.6/site-packages/airflow/example_dags/example_kubernetes_executor.py for tasks to queue
[2021-03-18 10:17:01,302] {logging_mixin.py:104} INFO - [2021-03-18 10:17:01,301] {dagbag.py:448} INFO - Filling up the DagBag from /home/airflow/.local/lib/python3.6/site-packages/airflow/example_dags/example_kubernetes_executor.py
[2021-03-18 10:17:01,318] {scheduler_job.py:639} INFO - DAG(s) dict_keys(['example_kubernetes_executor']) retrieved from /home/airflow/.local/lib/python3.6/site-packages/airflow/example_dags/example_kubernetes_executor.py
[2021-03-18 10:17:01,346] {logging_mixin.py:104} INFO - [2021-03-18 10:17:01,345] {dag.py:1818} INFO - Sync 1 DAGs
[2021-03-18 10:17:01,369] {logging_mixin.py:104} INFO - [2021-03-18 10:17:01,369] {dag.py:2273} INFO - Setting next_dagrun for example_kubernetes_executor to None
[2021-03-18 10:17:01,383] {scheduler_job.py:190} INFO - Processing /home/airflow/.local/lib/python3.6/site-packages/airflow/example_dags/example_kubernetes_executor.py took 0.088 seconds
