[2021-03-18 08:03:54,652] {scheduler_job.py:182} INFO - Started process (PID=36) to work on /home/airflow/.local/lib/python3.6/site-packages/airflow/example_dags/example_task_group.py
[2021-03-18 08:03:54,661] {scheduler_job.py:629} INFO - Processing file /home/airflow/.local/lib/python3.6/site-packages/airflow/example_dags/example_task_group.py for tasks to queue
[2021-03-18 08:03:54,663] {logging_mixin.py:104} INFO - [2021-03-18 08:03:54,662] {dagbag.py:448} INFO - Filling up the DagBag from /home/airflow/.local/lib/python3.6/site-packages/airflow/example_dags/example_task_group.py
[2021-03-18 08:03:54,686] {scheduler_job.py:639} INFO - DAG(s) dict_keys(['example_task_group']) retrieved from /home/airflow/.local/lib/python3.6/site-packages/airflow/example_dags/example_task_group.py
[2021-03-18 08:03:54,732] {logging_mixin.py:104} INFO - [2021-03-18 08:03:54,732] {dag.py:1818} INFO - Sync 1 DAGs
[2021-03-18 08:03:54,745] {logging_mixin.py:104} INFO - [2021-03-18 08:03:54,744] {dag.py:1837} INFO - Creating ORM DAG for example_task_group
[2021-03-18 08:03:54,751] {logging_mixin.py:104} INFO - [2021-03-18 08:03:54,751] {dag.py:2273} INFO - Setting next_dagrun for example_task_group to 2021-03-16 00:00:00+00:00
[2021-03-18 08:03:54,795] {scheduler_job.py:190} INFO - Processing /home/airflow/.local/lib/python3.6/site-packages/airflow/example_dags/example_task_group.py took 0.146 seconds
[2021-03-18 08:04:25,308] {scheduler_job.py:182} INFO - Started process (PID=65) to work on /home/airflow/.local/lib/python3.6/site-packages/airflow/example_dags/example_task_group.py
[2021-03-18 08:04:25,309] {scheduler_job.py:629} INFO - Processing file /home/airflow/.local/lib/python3.6/site-packages/airflow/example_dags/example_task_group.py for tasks to queue
[2021-03-18 08:04:25,310] {logging_mixin.py:104} INFO - [2021-03-18 08:04:25,310] {dagbag.py:448} INFO - Filling up the DagBag from /home/airflow/.local/lib/python3.6/site-packages/airflow/example_dags/example_task_group.py
[2021-03-18 08:04:25,320] {scheduler_job.py:639} INFO - DAG(s) dict_keys(['example_task_group']) retrieved from /home/airflow/.local/lib/python3.6/site-packages/airflow/example_dags/example_task_group.py
[2021-03-18 08:04:25,339] {logging_mixin.py:104} INFO - [2021-03-18 08:04:25,338] {dag.py:1818} INFO - Sync 1 DAGs
[2021-03-18 08:04:25,352] {logging_mixin.py:104} INFO - [2021-03-18 08:04:25,352] {dag.py:2273} INFO - Setting next_dagrun for example_task_group to 2021-03-16 00:00:00+00:00
[2021-03-18 08:04:25,361] {scheduler_job.py:190} INFO - Processing /home/airflow/.local/lib/python3.6/site-packages/airflow/example_dags/example_task_group.py took 0.056 seconds
[2021-03-18 08:04:55,582] {scheduler_job.py:182} INFO - Started process (PID=93) to work on /home/airflow/.local/lib/python3.6/site-packages/airflow/example_dags/example_task_group.py
[2021-03-18 08:04:55,583] {scheduler_job.py:629} INFO - Processing file /home/airflow/.local/lib/python3.6/site-packages/airflow/example_dags/example_task_group.py for tasks to queue
[2021-03-18 08:04:55,584] {logging_mixin.py:104} INFO - [2021-03-18 08:04:55,584] {dagbag.py:448} INFO - Filling up the DagBag from /home/airflow/.local/lib/python3.6/site-packages/airflow/example_dags/example_task_group.py
[2021-03-18 08:04:55,593] {scheduler_job.py:639} INFO - DAG(s) dict_keys(['example_task_group']) retrieved from /home/airflow/.local/lib/python3.6/site-packages/airflow/example_dags/example_task_group.py
[2021-03-18 08:04:55,612] {logging_mixin.py:104} INFO - [2021-03-18 08:04:55,612] {dag.py:1818} INFO - Sync 1 DAGs
[2021-03-18 08:04:55,625] {logging_mixin.py:104} INFO - [2021-03-18 08:04:55,624] {dag.py:2273} INFO - Setting next_dagrun for example_task_group to 2021-03-16 00:00:00+00:00
[2021-03-18 08:04:55,632] {scheduler_job.py:190} INFO - Processing /home/airflow/.local/lib/python3.6/site-packages/airflow/example_dags/example_task_group.py took 0.053 seconds
[2021-03-18 08:05:25,683] {scheduler_job.py:182} INFO - Started process (PID=120) to work on /home/airflow/.local/lib/python3.6/site-packages/airflow/example_dags/example_task_group.py
[2021-03-18 08:05:25,685] {scheduler_job.py:629} INFO - Processing file /home/airflow/.local/lib/python3.6/site-packages/airflow/example_dags/example_task_group.py for tasks to queue
[2021-03-18 08:05:25,686] {logging_mixin.py:104} INFO - [2021-03-18 08:05:25,686] {dagbag.py:448} INFO - Filling up the DagBag from /home/airflow/.local/lib/python3.6/site-packages/airflow/example_dags/example_task_group.py
[2021-03-18 08:05:25,696] {scheduler_job.py:639} INFO - DAG(s) dict_keys(['example_task_group']) retrieved from /home/airflow/.local/lib/python3.6/site-packages/airflow/example_dags/example_task_group.py
[2021-03-18 08:05:25,714] {logging_mixin.py:104} INFO - [2021-03-18 08:05:25,714] {dag.py:1818} INFO - Sync 1 DAGs
[2021-03-18 08:05:25,726] {logging_mixin.py:104} INFO - [2021-03-18 08:05:25,726] {dag.py:2273} INFO - Setting next_dagrun for example_task_group to 2021-03-16 00:00:00+00:00
[2021-03-18 08:05:25,735] {scheduler_job.py:190} INFO - Processing /home/airflow/.local/lib/python3.6/site-packages/airflow/example_dags/example_task_group.py took 0.054 seconds
[2021-03-18 08:05:55,820] {scheduler_job.py:182} INFO - Started process (PID=146) to work on /home/airflow/.local/lib/python3.6/site-packages/airflow/example_dags/example_task_group.py
[2021-03-18 08:05:55,822] {scheduler_job.py:629} INFO - Processing file /home/airflow/.local/lib/python3.6/site-packages/airflow/example_dags/example_task_group.py for tasks to queue
[2021-03-18 08:05:55,822] {logging_mixin.py:104} INFO - [2021-03-18 08:05:55,822] {dagbag.py:448} INFO - Filling up the DagBag from /home/airflow/.local/lib/python3.6/site-packages/airflow/example_dags/example_task_group.py
[2021-03-18 08:05:55,834] {scheduler_job.py:639} INFO - DAG(s) dict_keys(['example_task_group']) retrieved from /home/airflow/.local/lib/python3.6/site-packages/airflow/example_dags/example_task_group.py
[2021-03-18 08:05:55,852] {logging_mixin.py:104} INFO - [2021-03-18 08:05:55,852] {dag.py:1818} INFO - Sync 1 DAGs
[2021-03-18 08:05:55,865] {logging_mixin.py:104} INFO - [2021-03-18 08:05:55,865] {dag.py:2273} INFO - Setting next_dagrun for example_task_group to 2021-03-16 00:00:00+00:00
[2021-03-18 08:05:55,873] {scheduler_job.py:190} INFO - Processing /home/airflow/.local/lib/python3.6/site-packages/airflow/example_dags/example_task_group.py took 0.055 seconds
[2021-03-18 08:06:26,161] {scheduler_job.py:182} INFO - Started process (PID=176) to work on /home/airflow/.local/lib/python3.6/site-packages/airflow/example_dags/example_task_group.py
[2021-03-18 08:06:26,163] {scheduler_job.py:629} INFO - Processing file /home/airflow/.local/lib/python3.6/site-packages/airflow/example_dags/example_task_group.py for tasks to queue
[2021-03-18 08:06:26,166] {logging_mixin.py:104} INFO - [2021-03-18 08:06:26,166] {dagbag.py:448} INFO - Filling up the DagBag from /home/airflow/.local/lib/python3.6/site-packages/airflow/example_dags/example_task_group.py
[2021-03-18 08:06:26,176] {scheduler_job.py:639} INFO - DAG(s) dict_keys(['example_task_group']) retrieved from /home/airflow/.local/lib/python3.6/site-packages/airflow/example_dags/example_task_group.py
[2021-03-18 08:06:26,197] {logging_mixin.py:104} INFO - [2021-03-18 08:06:26,197] {dag.py:1818} INFO - Sync 1 DAGs
[2021-03-18 08:06:26,212] {logging_mixin.py:104} INFO - [2021-03-18 08:06:26,212] {dag.py:2273} INFO - Setting next_dagrun for example_task_group to 2021-03-16 00:00:00+00:00
[2021-03-18 08:06:26,222] {scheduler_job.py:190} INFO - Processing /home/airflow/.local/lib/python3.6/site-packages/airflow/example_dags/example_task_group.py took 0.063 seconds
[2021-03-18 08:06:56,346] {scheduler_job.py:182} INFO - Started process (PID=202) to work on /home/airflow/.local/lib/python3.6/site-packages/airflow/example_dags/example_task_group.py
[2021-03-18 08:06:56,347] {scheduler_job.py:629} INFO - Processing file /home/airflow/.local/lib/python3.6/site-packages/airflow/example_dags/example_task_group.py for tasks to queue
[2021-03-18 08:06:56,348] {logging_mixin.py:104} INFO - [2021-03-18 08:06:56,348] {dagbag.py:448} INFO - Filling up the DagBag from /home/airflow/.local/lib/python3.6/site-packages/airflow/example_dags/example_task_group.py
[2021-03-18 08:06:56,360] {scheduler_job.py:639} INFO - DAG(s) dict_keys(['example_task_group']) retrieved from /home/airflow/.local/lib/python3.6/site-packages/airflow/example_dags/example_task_group.py
[2021-03-18 08:06:56,382] {logging_mixin.py:104} INFO - [2021-03-18 08:06:56,381] {dag.py:1818} INFO - Sync 1 DAGs
[2021-03-18 08:06:56,398] {logging_mixin.py:104} INFO - [2021-03-18 08:06:56,398] {dag.py:2273} INFO - Setting next_dagrun for example_task_group to 2021-03-16 00:00:00+00:00
[2021-03-18 08:06:56,408] {scheduler_job.py:190} INFO - Processing /home/airflow/.local/lib/python3.6/site-packages/airflow/example_dags/example_task_group.py took 0.066 seconds
[2021-03-18 08:07:26,438] {scheduler_job.py:182} INFO - Started process (PID=228) to work on /home/airflow/.local/lib/python3.6/site-packages/airflow/example_dags/example_task_group.py
[2021-03-18 08:07:26,439] {scheduler_job.py:629} INFO - Processing file /home/airflow/.local/lib/python3.6/site-packages/airflow/example_dags/example_task_group.py for tasks to queue
[2021-03-18 08:07:26,440] {logging_mixin.py:104} INFO - [2021-03-18 08:07:26,440] {dagbag.py:448} INFO - Filling up the DagBag from /home/airflow/.local/lib/python3.6/site-packages/airflow/example_dags/example_task_group.py
[2021-03-18 08:07:26,450] {scheduler_job.py:639} INFO - DAG(s) dict_keys(['example_task_group']) retrieved from /home/airflow/.local/lib/python3.6/site-packages/airflow/example_dags/example_task_group.py
[2021-03-18 08:07:26,469] {logging_mixin.py:104} INFO - [2021-03-18 08:07:26,468] {dag.py:1818} INFO - Sync 1 DAGs
[2021-03-18 08:07:26,481] {logging_mixin.py:104} INFO - [2021-03-18 08:07:26,481] {dag.py:2273} INFO - Setting next_dagrun for example_task_group to 2021-03-16 00:00:00+00:00
[2021-03-18 08:07:26,489] {scheduler_job.py:190} INFO - Processing /home/airflow/.local/lib/python3.6/site-packages/airflow/example_dags/example_task_group.py took 0.053 seconds
[2021-03-18 08:07:56,666] {scheduler_job.py:182} INFO - Started process (PID=255) to work on /home/airflow/.local/lib/python3.6/site-packages/airflow/example_dags/example_task_group.py
[2021-03-18 08:07:56,668] {scheduler_job.py:629} INFO - Processing file /home/airflow/.local/lib/python3.6/site-packages/airflow/example_dags/example_task_group.py for tasks to queue
[2021-03-18 08:07:56,669] {logging_mixin.py:104} INFO - [2021-03-18 08:07:56,669] {dagbag.py:448} INFO - Filling up the DagBag from /home/airflow/.local/lib/python3.6/site-packages/airflow/example_dags/example_task_group.py
[2021-03-18 08:07:56,678] {scheduler_job.py:639} INFO - DAG(s) dict_keys(['example_task_group']) retrieved from /home/airflow/.local/lib/python3.6/site-packages/airflow/example_dags/example_task_group.py
[2021-03-18 08:07:56,697] {logging_mixin.py:104} INFO - [2021-03-18 08:07:56,697] {dag.py:1818} INFO - Sync 1 DAGs
[2021-03-18 08:07:56,710] {logging_mixin.py:104} INFO - [2021-03-18 08:07:56,710] {dag.py:2273} INFO - Setting next_dagrun for example_task_group to 2021-03-16 00:00:00+00:00
[2021-03-18 08:07:56,718] {scheduler_job.py:190} INFO - Processing /home/airflow/.local/lib/python3.6/site-packages/airflow/example_dags/example_task_group.py took 0.054 seconds
[2021-03-18 08:08:26,822] {scheduler_job.py:182} INFO - Started process (PID=281) to work on /home/airflow/.local/lib/python3.6/site-packages/airflow/example_dags/example_task_group.py
[2021-03-18 08:08:26,824] {scheduler_job.py:629} INFO - Processing file /home/airflow/.local/lib/python3.6/site-packages/airflow/example_dags/example_task_group.py for tasks to queue
[2021-03-18 08:08:26,825] {logging_mixin.py:104} INFO - [2021-03-18 08:08:26,825] {dagbag.py:448} INFO - Filling up the DagBag from /home/airflow/.local/lib/python3.6/site-packages/airflow/example_dags/example_task_group.py
[2021-03-18 08:08:26,834] {scheduler_job.py:639} INFO - DAG(s) dict_keys(['example_task_group']) retrieved from /home/airflow/.local/lib/python3.6/site-packages/airflow/example_dags/example_task_group.py
[2021-03-18 08:08:26,852] {logging_mixin.py:104} INFO - [2021-03-18 08:08:26,852] {dag.py:1818} INFO - Sync 1 DAGs
[2021-03-18 08:08:26,863] {logging_mixin.py:104} INFO - [2021-03-18 08:08:26,863] {dag.py:2273} INFO - Setting next_dagrun for example_task_group to 2021-03-16 00:00:00+00:00
[2021-03-18 08:08:26,871] {scheduler_job.py:190} INFO - Processing /home/airflow/.local/lib/python3.6/site-packages/airflow/example_dags/example_task_group.py took 0.051 seconds
[2021-03-18 08:08:56,936] {scheduler_job.py:182} INFO - Started process (PID=307) to work on /home/airflow/.local/lib/python3.6/site-packages/airflow/example_dags/example_task_group.py
[2021-03-18 08:08:56,937] {scheduler_job.py:629} INFO - Processing file /home/airflow/.local/lib/python3.6/site-packages/airflow/example_dags/example_task_group.py for tasks to queue
[2021-03-18 08:08:56,938] {logging_mixin.py:104} INFO - [2021-03-18 08:08:56,938] {dagbag.py:448} INFO - Filling up the DagBag from /home/airflow/.local/lib/python3.6/site-packages/airflow/example_dags/example_task_group.py
[2021-03-18 08:08:56,949] {scheduler_job.py:639} INFO - DAG(s) dict_keys(['example_task_group']) retrieved from /home/airflow/.local/lib/python3.6/site-packages/airflow/example_dags/example_task_group.py
[2021-03-18 08:08:56,970] {logging_mixin.py:104} INFO - [2021-03-18 08:08:56,969] {dag.py:1818} INFO - Sync 1 DAGs
[2021-03-18 08:08:56,982] {logging_mixin.py:104} INFO - [2021-03-18 08:08:56,982] {dag.py:2273} INFO - Setting next_dagrun for example_task_group to 2021-03-16 00:00:00+00:00
[2021-03-18 08:08:56,991] {scheduler_job.py:190} INFO - Processing /home/airflow/.local/lib/python3.6/site-packages/airflow/example_dags/example_task_group.py took 0.058 seconds
[2021-03-18 08:09:27,081] {scheduler_job.py:182} INFO - Started process (PID=332) to work on /home/airflow/.local/lib/python3.6/site-packages/airflow/example_dags/example_task_group.py
[2021-03-18 08:09:27,082] {scheduler_job.py:629} INFO - Processing file /home/airflow/.local/lib/python3.6/site-packages/airflow/example_dags/example_task_group.py for tasks to queue
[2021-03-18 08:09:27,083] {logging_mixin.py:104} INFO - [2021-03-18 08:09:27,083] {dagbag.py:448} INFO - Filling up the DagBag from /home/airflow/.local/lib/python3.6/site-packages/airflow/example_dags/example_task_group.py
[2021-03-18 08:09:27,094] {scheduler_job.py:639} INFO - DAG(s) dict_keys(['example_task_group']) retrieved from /home/airflow/.local/lib/python3.6/site-packages/airflow/example_dags/example_task_group.py
[2021-03-18 08:09:27,113] {logging_mixin.py:104} INFO - [2021-03-18 08:09:27,113] {dag.py:1818} INFO - Sync 1 DAGs
[2021-03-18 08:09:27,127] {logging_mixin.py:104} INFO - [2021-03-18 08:09:27,127] {dag.py:2273} INFO - Setting next_dagrun for example_task_group to 2021-03-16 00:00:00+00:00
[2021-03-18 08:09:27,137] {scheduler_job.py:190} INFO - Processing /home/airflow/.local/lib/python3.6/site-packages/airflow/example_dags/example_task_group.py took 0.059 seconds
[2021-03-18 08:09:57,176] {scheduler_job.py:182} INFO - Started process (PID=358) to work on /home/airflow/.local/lib/python3.6/site-packages/airflow/example_dags/example_task_group.py
[2021-03-18 08:09:57,177] {scheduler_job.py:629} INFO - Processing file /home/airflow/.local/lib/python3.6/site-packages/airflow/example_dags/example_task_group.py for tasks to queue
[2021-03-18 08:09:57,178] {logging_mixin.py:104} INFO - [2021-03-18 08:09:57,178] {dagbag.py:448} INFO - Filling up the DagBag from /home/airflow/.local/lib/python3.6/site-packages/airflow/example_dags/example_task_group.py
[2021-03-18 08:09:57,187] {scheduler_job.py:639} INFO - DAG(s) dict_keys(['example_task_group']) retrieved from /home/airflow/.local/lib/python3.6/site-packages/airflow/example_dags/example_task_group.py
[2021-03-18 08:09:57,206] {logging_mixin.py:104} INFO - [2021-03-18 08:09:57,206] {dag.py:1818} INFO - Sync 1 DAGs
[2021-03-18 08:09:57,219] {logging_mixin.py:104} INFO - [2021-03-18 08:09:57,219] {dag.py:2273} INFO - Setting next_dagrun for example_task_group to 2021-03-16 00:00:00+00:00
[2021-03-18 08:09:57,229] {scheduler_job.py:190} INFO - Processing /home/airflow/.local/lib/python3.6/site-packages/airflow/example_dags/example_task_group.py took 0.055 seconds
[2021-03-18 08:10:27,352] {scheduler_job.py:182} INFO - Started process (PID=384) to work on /home/airflow/.local/lib/python3.6/site-packages/airflow/example_dags/example_task_group.py
[2021-03-18 08:10:27,354] {scheduler_job.py:629} INFO - Processing file /home/airflow/.local/lib/python3.6/site-packages/airflow/example_dags/example_task_group.py for tasks to queue
[2021-03-18 08:10:27,356] {logging_mixin.py:104} INFO - [2021-03-18 08:10:27,356] {dagbag.py:448} INFO - Filling up the DagBag from /home/airflow/.local/lib/python3.6/site-packages/airflow/example_dags/example_task_group.py
[2021-03-18 08:10:27,366] {scheduler_job.py:639} INFO - DAG(s) dict_keys(['example_task_group']) retrieved from /home/airflow/.local/lib/python3.6/site-packages/airflow/example_dags/example_task_group.py
[2021-03-18 08:10:27,386] {logging_mixin.py:104} INFO - [2021-03-18 08:10:27,385] {dag.py:1818} INFO - Sync 1 DAGs
[2021-03-18 08:10:27,403] {logging_mixin.py:104} INFO - [2021-03-18 08:10:27,403] {dag.py:2273} INFO - Setting next_dagrun for example_task_group to 2021-03-16 00:00:00+00:00
[2021-03-18 08:10:27,415] {scheduler_job.py:190} INFO - Processing /home/airflow/.local/lib/python3.6/site-packages/airflow/example_dags/example_task_group.py took 0.066 seconds
[2021-03-18 08:10:57,660] {scheduler_job.py:182} INFO - Started process (PID=411) to work on /home/airflow/.local/lib/python3.6/site-packages/airflow/example_dags/example_task_group.py
[2021-03-18 08:10:57,662] {scheduler_job.py:629} INFO - Processing file /home/airflow/.local/lib/python3.6/site-packages/airflow/example_dags/example_task_group.py for tasks to queue
[2021-03-18 08:10:57,663] {logging_mixin.py:104} INFO - [2021-03-18 08:10:57,663] {dagbag.py:448} INFO - Filling up the DagBag from /home/airflow/.local/lib/python3.6/site-packages/airflow/example_dags/example_task_group.py
[2021-03-18 08:10:57,674] {scheduler_job.py:639} INFO - DAG(s) dict_keys(['example_task_group']) retrieved from /home/airflow/.local/lib/python3.6/site-packages/airflow/example_dags/example_task_group.py
[2021-03-18 08:10:57,694] {logging_mixin.py:104} INFO - [2021-03-18 08:10:57,694] {dag.py:1818} INFO - Sync 1 DAGs
[2021-03-18 08:10:57,708] {logging_mixin.py:104} INFO - [2021-03-18 08:10:57,708] {dag.py:2273} INFO - Setting next_dagrun for example_task_group to 2021-03-16 00:00:00+00:00
[2021-03-18 08:10:57,717] {scheduler_job.py:190} INFO - Processing /home/airflow/.local/lib/python3.6/site-packages/airflow/example_dags/example_task_group.py took 0.060 seconds
[2021-03-18 10:16:30,746] {scheduler_job.py:182} INFO - Started process (PID=44) to work on /home/airflow/.local/lib/python3.6/site-packages/airflow/example_dags/example_task_group.py
[2021-03-18 10:16:30,748] {scheduler_job.py:629} INFO - Processing file /home/airflow/.local/lib/python3.6/site-packages/airflow/example_dags/example_task_group.py for tasks to queue
[2021-03-18 10:16:30,750] {logging_mixin.py:104} INFO - [2021-03-18 10:16:30,749] {dagbag.py:448} INFO - Filling up the DagBag from /home/airflow/.local/lib/python3.6/site-packages/airflow/example_dags/example_task_group.py
[2021-03-18 10:16:30,780] {scheduler_job.py:639} INFO - DAG(s) dict_keys(['example_task_group']) retrieved from /home/airflow/.local/lib/python3.6/site-packages/airflow/example_dags/example_task_group.py
[2021-03-18 10:16:30,823] {logging_mixin.py:104} INFO - [2021-03-18 10:16:30,823] {dag.py:1818} INFO - Sync 1 DAGs
[2021-03-18 10:16:30,852] {logging_mixin.py:104} INFO - [2021-03-18 10:16:30,852] {dag.py:2273} INFO - Setting next_dagrun for example_task_group to 2021-03-16 00:00:00+00:00
[2021-03-18 10:16:30,878] {scheduler_job.py:190} INFO - Processing /home/airflow/.local/lib/python3.6/site-packages/airflow/example_dags/example_task_group.py took 0.134 seconds
[2021-03-18 10:17:01,616] {scheduler_job.py:182} INFO - Started process (PID=74) to work on /home/airflow/.local/lib/python3.6/site-packages/airflow/example_dags/example_task_group.py
[2021-03-18 10:17:01,617] {scheduler_job.py:629} INFO - Processing file /home/airflow/.local/lib/python3.6/site-packages/airflow/example_dags/example_task_group.py for tasks to queue
[2021-03-18 10:17:01,618] {logging_mixin.py:104} INFO - [2021-03-18 10:17:01,618] {dagbag.py:448} INFO - Filling up the DagBag from /home/airflow/.local/lib/python3.6/site-packages/airflow/example_dags/example_task_group.py
