[2021-03-18 08:03:53,492] {scheduler_job.py:182} INFO - Started process (PID=23) to work on /home/airflow/.local/lib/python3.6/site-packages/airflow/example_dags/tutorial_taskflow_api_etl.py
[2021-03-18 08:03:53,502] {scheduler_job.py:629} INFO - Processing file /home/airflow/.local/lib/python3.6/site-packages/airflow/example_dags/tutorial_taskflow_api_etl.py for tasks to queue
[2021-03-18 08:03:53,503] {logging_mixin.py:104} INFO - [2021-03-18 08:03:53,503] {dagbag.py:448} INFO - Filling up the DagBag from /home/airflow/.local/lib/python3.6/site-packages/airflow/example_dags/tutorial_taskflow_api_etl.py
[2021-03-18 08:03:53,578] {scheduler_job.py:639} INFO - DAG(s) dict_keys(['tutorial_taskflow_api_etl']) retrieved from /home/airflow/.local/lib/python3.6/site-packages/airflow/example_dags/tutorial_taskflow_api_etl.py
[2021-03-18 08:03:53,620] {logging_mixin.py:104} INFO - [2021-03-18 08:03:53,620] {dag.py:1818} INFO - Sync 1 DAGs
[2021-03-18 08:03:53,646] {logging_mixin.py:104} INFO - [2021-03-18 08:03:53,646] {dag.py:1837} INFO - Creating ORM DAG for tutorial_taskflow_api_etl
[2021-03-18 08:03:53,651] {logging_mixin.py:104} INFO - [2021-03-18 08:03:53,651] {dag.py:2273} INFO - Setting next_dagrun for tutorial_taskflow_api_etl to None
[2021-03-18 08:03:53,690] {scheduler_job.py:190} INFO - Processing /home/airflow/.local/lib/python3.6/site-packages/airflow/example_dags/tutorial_taskflow_api_etl.py took 0.208 seconds
[2021-03-18 08:04:24,557] {scheduler_job.py:182} INFO - Started process (PID=49) to work on /home/airflow/.local/lib/python3.6/site-packages/airflow/example_dags/tutorial_taskflow_api_etl.py
[2021-03-18 08:04:24,559] {scheduler_job.py:629} INFO - Processing file /home/airflow/.local/lib/python3.6/site-packages/airflow/example_dags/tutorial_taskflow_api_etl.py for tasks to queue
[2021-03-18 08:04:24,559] {logging_mixin.py:104} INFO - [2021-03-18 08:04:24,559] {dagbag.py:448} INFO - Filling up the DagBag from /home/airflow/.local/lib/python3.6/site-packages/airflow/example_dags/tutorial_taskflow_api_etl.py
[2021-03-18 08:04:24,569] {scheduler_job.py:639} INFO - DAG(s) dict_keys(['tutorial_taskflow_api_etl']) retrieved from /home/airflow/.local/lib/python3.6/site-packages/airflow/example_dags/tutorial_taskflow_api_etl.py
[2021-03-18 08:04:24,589] {logging_mixin.py:104} INFO - [2021-03-18 08:04:24,589] {dag.py:1818} INFO - Sync 1 DAGs
[2021-03-18 08:04:24,601] {logging_mixin.py:104} INFO - [2021-03-18 08:04:24,601] {dag.py:2273} INFO - Setting next_dagrun for tutorial_taskflow_api_etl to None
[2021-03-18 08:04:24,611] {scheduler_job.py:190} INFO - Processing /home/airflow/.local/lib/python3.6/site-packages/airflow/example_dags/tutorial_taskflow_api_etl.py took 0.055 seconds
[2021-03-18 08:04:54,786] {scheduler_job.py:182} INFO - Started process (PID=76) to work on /home/airflow/.local/lib/python3.6/site-packages/airflow/example_dags/tutorial_taskflow_api_etl.py
[2021-03-18 08:04:54,787] {scheduler_job.py:629} INFO - Processing file /home/airflow/.local/lib/python3.6/site-packages/airflow/example_dags/tutorial_taskflow_api_etl.py for tasks to queue
[2021-03-18 08:04:54,788] {logging_mixin.py:104} INFO - [2021-03-18 08:04:54,788] {dagbag.py:448} INFO - Filling up the DagBag from /home/airflow/.local/lib/python3.6/site-packages/airflow/example_dags/tutorial_taskflow_api_etl.py
[2021-03-18 08:04:54,798] {scheduler_job.py:639} INFO - DAG(s) dict_keys(['tutorial_taskflow_api_etl']) retrieved from /home/airflow/.local/lib/python3.6/site-packages/airflow/example_dags/tutorial_taskflow_api_etl.py
[2021-03-18 08:04:54,816] {logging_mixin.py:104} INFO - [2021-03-18 08:04:54,816] {dag.py:1818} INFO - Sync 1 DAGs
[2021-03-18 08:04:54,829] {logging_mixin.py:104} INFO - [2021-03-18 08:04:54,829] {dag.py:2273} INFO - Setting next_dagrun for tutorial_taskflow_api_etl to None
[2021-03-18 08:04:54,839] {scheduler_job.py:190} INFO - Processing /home/airflow/.local/lib/python3.6/site-packages/airflow/example_dags/tutorial_taskflow_api_etl.py took 0.056 seconds
[2021-03-18 08:05:24,954] {scheduler_job.py:182} INFO - Started process (PID=102) to work on /home/airflow/.local/lib/python3.6/site-packages/airflow/example_dags/tutorial_taskflow_api_etl.py
[2021-03-18 08:05:24,955] {scheduler_job.py:629} INFO - Processing file /home/airflow/.local/lib/python3.6/site-packages/airflow/example_dags/tutorial_taskflow_api_etl.py for tasks to queue
[2021-03-18 08:05:24,956] {logging_mixin.py:104} INFO - [2021-03-18 08:05:24,956] {dagbag.py:448} INFO - Filling up the DagBag from /home/airflow/.local/lib/python3.6/site-packages/airflow/example_dags/tutorial_taskflow_api_etl.py
[2021-03-18 08:05:24,965] {scheduler_job.py:639} INFO - DAG(s) dict_keys(['tutorial_taskflow_api_etl']) retrieved from /home/airflow/.local/lib/python3.6/site-packages/airflow/example_dags/tutorial_taskflow_api_etl.py
[2021-03-18 08:05:24,983] {logging_mixin.py:104} INFO - [2021-03-18 08:05:24,983] {dag.py:1818} INFO - Sync 1 DAGs
[2021-03-18 08:05:24,994] {logging_mixin.py:104} INFO - [2021-03-18 08:05:24,994] {dag.py:2273} INFO - Setting next_dagrun for tutorial_taskflow_api_etl to None
[2021-03-18 08:05:25,003] {scheduler_job.py:190} INFO - Processing /home/airflow/.local/lib/python3.6/site-packages/airflow/example_dags/tutorial_taskflow_api_etl.py took 0.051 seconds
[2021-03-18 08:05:55,036] {scheduler_job.py:182} INFO - Started process (PID=128) to work on /home/airflow/.local/lib/python3.6/site-packages/airflow/example_dags/tutorial_taskflow_api_etl.py
[2021-03-18 08:05:55,037] {scheduler_job.py:629} INFO - Processing file /home/airflow/.local/lib/python3.6/site-packages/airflow/example_dags/tutorial_taskflow_api_etl.py for tasks to queue
[2021-03-18 08:05:55,038] {logging_mixin.py:104} INFO - [2021-03-18 08:05:55,038] {dagbag.py:448} INFO - Filling up the DagBag from /home/airflow/.local/lib/python3.6/site-packages/airflow/example_dags/tutorial_taskflow_api_etl.py
[2021-03-18 08:05:55,048] {scheduler_job.py:639} INFO - DAG(s) dict_keys(['tutorial_taskflow_api_etl']) retrieved from /home/airflow/.local/lib/python3.6/site-packages/airflow/example_dags/tutorial_taskflow_api_etl.py
[2021-03-18 08:05:55,065] {logging_mixin.py:104} INFO - [2021-03-18 08:05:55,065] {dag.py:1818} INFO - Sync 1 DAGs
[2021-03-18 08:05:55,076] {logging_mixin.py:104} INFO - [2021-03-18 08:05:55,076] {dag.py:2273} INFO - Setting next_dagrun for tutorial_taskflow_api_etl to None
[2021-03-18 08:05:55,086] {scheduler_job.py:190} INFO - Processing /home/airflow/.local/lib/python3.6/site-packages/airflow/example_dags/tutorial_taskflow_api_etl.py took 0.052 seconds
[2021-03-18 08:06:25,143] {scheduler_job.py:182} INFO - Started process (PID=154) to work on /home/airflow/.local/lib/python3.6/site-packages/airflow/example_dags/tutorial_taskflow_api_etl.py
[2021-03-18 08:06:25,145] {scheduler_job.py:629} INFO - Processing file /home/airflow/.local/lib/python3.6/site-packages/airflow/example_dags/tutorial_taskflow_api_etl.py for tasks to queue
[2021-03-18 08:06:25,146] {logging_mixin.py:104} INFO - [2021-03-18 08:06:25,145] {dagbag.py:448} INFO - Filling up the DagBag from /home/airflow/.local/lib/python3.6/site-packages/airflow/example_dags/tutorial_taskflow_api_etl.py
[2021-03-18 08:06:25,155] {scheduler_job.py:639} INFO - DAG(s) dict_keys(['tutorial_taskflow_api_etl']) retrieved from /home/airflow/.local/lib/python3.6/site-packages/airflow/example_dags/tutorial_taskflow_api_etl.py
[2021-03-18 08:06:25,172] {logging_mixin.py:104} INFO - [2021-03-18 08:06:25,172] {dag.py:1818} INFO - Sync 1 DAGs
[2021-03-18 08:06:25,184] {logging_mixin.py:104} INFO - [2021-03-18 08:06:25,184] {dag.py:2273} INFO - Setting next_dagrun for tutorial_taskflow_api_etl to None
[2021-03-18 08:06:25,195] {scheduler_job.py:190} INFO - Processing /home/airflow/.local/lib/python3.6/site-packages/airflow/example_dags/tutorial_taskflow_api_etl.py took 0.054 seconds
[2021-03-18 08:06:55,402] {scheduler_job.py:182} INFO - Started process (PID=181) to work on /home/airflow/.local/lib/python3.6/site-packages/airflow/example_dags/tutorial_taskflow_api_etl.py
[2021-03-18 08:06:55,403] {scheduler_job.py:629} INFO - Processing file /home/airflow/.local/lib/python3.6/site-packages/airflow/example_dags/tutorial_taskflow_api_etl.py for tasks to queue
[2021-03-18 08:06:55,404] {logging_mixin.py:104} INFO - [2021-03-18 08:06:55,404] {dagbag.py:448} INFO - Filling up the DagBag from /home/airflow/.local/lib/python3.6/site-packages/airflow/example_dags/tutorial_taskflow_api_etl.py
[2021-03-18 08:06:55,415] {scheduler_job.py:639} INFO - DAG(s) dict_keys(['tutorial_taskflow_api_etl']) retrieved from /home/airflow/.local/lib/python3.6/site-packages/airflow/example_dags/tutorial_taskflow_api_etl.py
[2021-03-18 08:06:55,435] {logging_mixin.py:104} INFO - [2021-03-18 08:06:55,435] {dag.py:1818} INFO - Sync 1 DAGs
[2021-03-18 08:06:55,448] {logging_mixin.py:104} INFO - [2021-03-18 08:06:55,447] {dag.py:2273} INFO - Setting next_dagrun for tutorial_taskflow_api_etl to None
[2021-03-18 08:06:55,460] {scheduler_job.py:190} INFO - Processing /home/airflow/.local/lib/python3.6/site-packages/airflow/example_dags/tutorial_taskflow_api_etl.py took 0.060 seconds
[2021-03-18 08:07:25,595] {scheduler_job.py:182} INFO - Started process (PID=207) to work on /home/airflow/.local/lib/python3.6/site-packages/airflow/example_dags/tutorial_taskflow_api_etl.py
[2021-03-18 08:07:25,596] {scheduler_job.py:629} INFO - Processing file /home/airflow/.local/lib/python3.6/site-packages/airflow/example_dags/tutorial_taskflow_api_etl.py for tasks to queue
[2021-03-18 08:07:25,597] {logging_mixin.py:104} INFO - [2021-03-18 08:07:25,597] {dagbag.py:448} INFO - Filling up the DagBag from /home/airflow/.local/lib/python3.6/site-packages/airflow/example_dags/tutorial_taskflow_api_etl.py
[2021-03-18 08:07:25,609] {scheduler_job.py:639} INFO - DAG(s) dict_keys(['tutorial_taskflow_api_etl']) retrieved from /home/airflow/.local/lib/python3.6/site-packages/airflow/example_dags/tutorial_taskflow_api_etl.py
[2021-03-18 08:07:25,631] {logging_mixin.py:104} INFO - [2021-03-18 08:07:25,631] {dag.py:1818} INFO - Sync 1 DAGs
[2021-03-18 08:07:25,648] {logging_mixin.py:104} INFO - [2021-03-18 08:07:25,648] {dag.py:2273} INFO - Setting next_dagrun for tutorial_taskflow_api_etl to None
[2021-03-18 08:07:25,659] {scheduler_job.py:190} INFO - Processing /home/airflow/.local/lib/python3.6/site-packages/airflow/example_dags/tutorial_taskflow_api_etl.py took 0.066 seconds
[2021-03-18 08:07:55,745] {scheduler_job.py:182} INFO - Started process (PID=233) to work on /home/airflow/.local/lib/python3.6/site-packages/airflow/example_dags/tutorial_taskflow_api_etl.py
[2021-03-18 08:07:55,747] {scheduler_job.py:629} INFO - Processing file /home/airflow/.local/lib/python3.6/site-packages/airflow/example_dags/tutorial_taskflow_api_etl.py for tasks to queue
[2021-03-18 08:07:55,747] {logging_mixin.py:104} INFO - [2021-03-18 08:07:55,747] {dagbag.py:448} INFO - Filling up the DagBag from /home/airflow/.local/lib/python3.6/site-packages/airflow/example_dags/tutorial_taskflow_api_etl.py
[2021-03-18 08:07:55,757] {scheduler_job.py:639} INFO - DAG(s) dict_keys(['tutorial_taskflow_api_etl']) retrieved from /home/airflow/.local/lib/python3.6/site-packages/airflow/example_dags/tutorial_taskflow_api_etl.py
[2021-03-18 08:07:55,777] {logging_mixin.py:104} INFO - [2021-03-18 08:07:55,777] {dag.py:1818} INFO - Sync 1 DAGs
[2021-03-18 08:07:55,788] {logging_mixin.py:104} INFO - [2021-03-18 08:07:55,788] {dag.py:2273} INFO - Setting next_dagrun for tutorial_taskflow_api_etl to None
[2021-03-18 08:07:55,797] {scheduler_job.py:190} INFO - Processing /home/airflow/.local/lib/python3.6/site-packages/airflow/example_dags/tutorial_taskflow_api_etl.py took 0.054 seconds
[2021-03-18 08:08:25,869] {scheduler_job.py:182} INFO - Started process (PID=259) to work on /home/airflow/.local/lib/python3.6/site-packages/airflow/example_dags/tutorial_taskflow_api_etl.py
[2021-03-18 08:08:25,870] {scheduler_job.py:629} INFO - Processing file /home/airflow/.local/lib/python3.6/site-packages/airflow/example_dags/tutorial_taskflow_api_etl.py for tasks to queue
[2021-03-18 08:08:25,871] {logging_mixin.py:104} INFO - [2021-03-18 08:08:25,871] {dagbag.py:448} INFO - Filling up the DagBag from /home/airflow/.local/lib/python3.6/site-packages/airflow/example_dags/tutorial_taskflow_api_etl.py
[2021-03-18 08:08:25,882] {scheduler_job.py:639} INFO - DAG(s) dict_keys(['tutorial_taskflow_api_etl']) retrieved from /home/airflow/.local/lib/python3.6/site-packages/airflow/example_dags/tutorial_taskflow_api_etl.py
[2021-03-18 08:08:25,900] {logging_mixin.py:104} INFO - [2021-03-18 08:08:25,900] {dag.py:1818} INFO - Sync 1 DAGs
[2021-03-18 08:08:25,911] {logging_mixin.py:104} INFO - [2021-03-18 08:08:25,911] {dag.py:2273} INFO - Setting next_dagrun for tutorial_taskflow_api_etl to None
[2021-03-18 08:08:25,921] {scheduler_job.py:190} INFO - Processing /home/airflow/.local/lib/python3.6/site-packages/airflow/example_dags/tutorial_taskflow_api_etl.py took 0.054 seconds
[2021-03-18 08:08:56,030] {scheduler_job.py:182} INFO - Started process (PID=285) to work on /home/airflow/.local/lib/python3.6/site-packages/airflow/example_dags/tutorial_taskflow_api_etl.py
[2021-03-18 08:08:56,031] {scheduler_job.py:629} INFO - Processing file /home/airflow/.local/lib/python3.6/site-packages/airflow/example_dags/tutorial_taskflow_api_etl.py for tasks to queue
[2021-03-18 08:08:56,033] {logging_mixin.py:104} INFO - [2021-03-18 08:08:56,032] {dagbag.py:448} INFO - Filling up the DagBag from /home/airflow/.local/lib/python3.6/site-packages/airflow/example_dags/tutorial_taskflow_api_etl.py
[2021-03-18 08:08:56,042] {scheduler_job.py:639} INFO - DAG(s) dict_keys(['tutorial_taskflow_api_etl']) retrieved from /home/airflow/.local/lib/python3.6/site-packages/airflow/example_dags/tutorial_taskflow_api_etl.py
[2021-03-18 08:08:56,061] {logging_mixin.py:104} INFO - [2021-03-18 08:08:56,061] {dag.py:1818} INFO - Sync 1 DAGs
[2021-03-18 08:08:56,076] {logging_mixin.py:104} INFO - [2021-03-18 08:08:56,075] {dag.py:2273} INFO - Setting next_dagrun for tutorial_taskflow_api_etl to None
[2021-03-18 08:08:56,088] {scheduler_job.py:190} INFO - Processing /home/airflow/.local/lib/python3.6/site-packages/airflow/example_dags/tutorial_taskflow_api_etl.py took 0.060 seconds
[2021-03-18 08:09:26,139] {scheduler_job.py:182} INFO - Started process (PID=311) to work on /home/airflow/.local/lib/python3.6/site-packages/airflow/example_dags/tutorial_taskflow_api_etl.py
[2021-03-18 08:09:26,140] {scheduler_job.py:629} INFO - Processing file /home/airflow/.local/lib/python3.6/site-packages/airflow/example_dags/tutorial_taskflow_api_etl.py for tasks to queue
[2021-03-18 08:09:26,141] {logging_mixin.py:104} INFO - [2021-03-18 08:09:26,141] {dagbag.py:448} INFO - Filling up the DagBag from /home/airflow/.local/lib/python3.6/site-packages/airflow/example_dags/tutorial_taskflow_api_etl.py
[2021-03-18 08:09:26,151] {scheduler_job.py:639} INFO - DAG(s) dict_keys(['tutorial_taskflow_api_etl']) retrieved from /home/airflow/.local/lib/python3.6/site-packages/airflow/example_dags/tutorial_taskflow_api_etl.py
[2021-03-18 08:09:26,177] {logging_mixin.py:104} INFO - [2021-03-18 08:09:26,177] {dag.py:1818} INFO - Sync 1 DAGs
[2021-03-18 08:09:26,195] {logging_mixin.py:104} INFO - [2021-03-18 08:09:26,195] {dag.py:2273} INFO - Setting next_dagrun for tutorial_taskflow_api_etl to None
[2021-03-18 08:09:26,210] {scheduler_job.py:190} INFO - Processing /home/airflow/.local/lib/python3.6/site-packages/airflow/example_dags/tutorial_taskflow_api_etl.py took 0.074 seconds
[2021-03-18 08:09:56,249] {scheduler_job.py:182} INFO - Started process (PID=337) to work on /home/airflow/.local/lib/python3.6/site-packages/airflow/example_dags/tutorial_taskflow_api_etl.py
[2021-03-18 08:09:56,251] {scheduler_job.py:629} INFO - Processing file /home/airflow/.local/lib/python3.6/site-packages/airflow/example_dags/tutorial_taskflow_api_etl.py for tasks to queue
[2021-03-18 08:09:56,251] {logging_mixin.py:104} INFO - [2021-03-18 08:09:56,251] {dagbag.py:448} INFO - Filling up the DagBag from /home/airflow/.local/lib/python3.6/site-packages/airflow/example_dags/tutorial_taskflow_api_etl.py
[2021-03-18 08:09:56,262] {scheduler_job.py:639} INFO - DAG(s) dict_keys(['tutorial_taskflow_api_etl']) retrieved from /home/airflow/.local/lib/python3.6/site-packages/airflow/example_dags/tutorial_taskflow_api_etl.py
[2021-03-18 08:09:56,280] {logging_mixin.py:104} INFO - [2021-03-18 08:09:56,280] {dag.py:1818} INFO - Sync 1 DAGs
[2021-03-18 08:09:56,294] {logging_mixin.py:104} INFO - [2021-03-18 08:09:56,294] {dag.py:2273} INFO - Setting next_dagrun for tutorial_taskflow_api_etl to None
[2021-03-18 08:09:56,304] {scheduler_job.py:190} INFO - Processing /home/airflow/.local/lib/python3.6/site-packages/airflow/example_dags/tutorial_taskflow_api_etl.py took 0.057 seconds
[2021-03-18 08:10:26,446] {scheduler_job.py:182} INFO - Started process (PID=363) to work on /home/airflow/.local/lib/python3.6/site-packages/airflow/example_dags/tutorial_taskflow_api_etl.py
[2021-03-18 08:10:26,447] {scheduler_job.py:629} INFO - Processing file /home/airflow/.local/lib/python3.6/site-packages/airflow/example_dags/tutorial_taskflow_api_etl.py for tasks to queue
[2021-03-18 08:10:26,448] {logging_mixin.py:104} INFO - [2021-03-18 08:10:26,448] {dagbag.py:448} INFO - Filling up the DagBag from /home/airflow/.local/lib/python3.6/site-packages/airflow/example_dags/tutorial_taskflow_api_etl.py
[2021-03-18 08:10:26,461] {scheduler_job.py:639} INFO - DAG(s) dict_keys(['tutorial_taskflow_api_etl']) retrieved from /home/airflow/.local/lib/python3.6/site-packages/airflow/example_dags/tutorial_taskflow_api_etl.py
[2021-03-18 08:10:26,482] {logging_mixin.py:104} INFO - [2021-03-18 08:10:26,482] {dag.py:1818} INFO - Sync 1 DAGs
[2021-03-18 08:10:26,497] {logging_mixin.py:104} INFO - [2021-03-18 08:10:26,497] {dag.py:2273} INFO - Setting next_dagrun for tutorial_taskflow_api_etl to None
[2021-03-18 08:10:26,509] {scheduler_job.py:190} INFO - Processing /home/airflow/.local/lib/python3.6/site-packages/airflow/example_dags/tutorial_taskflow_api_etl.py took 0.066 seconds
[2021-03-18 08:10:56,673] {scheduler_job.py:182} INFO - Started process (PID=390) to work on /home/airflow/.local/lib/python3.6/site-packages/airflow/example_dags/tutorial_taskflow_api_etl.py
[2021-03-18 08:10:56,674] {scheduler_job.py:629} INFO - Processing file /home/airflow/.local/lib/python3.6/site-packages/airflow/example_dags/tutorial_taskflow_api_etl.py for tasks to queue
[2021-03-18 08:10:56,675] {logging_mixin.py:104} INFO - [2021-03-18 08:10:56,675] {dagbag.py:448} INFO - Filling up the DagBag from /home/airflow/.local/lib/python3.6/site-packages/airflow/example_dags/tutorial_taskflow_api_etl.py
[2021-03-18 08:10:56,685] {scheduler_job.py:639} INFO - DAG(s) dict_keys(['tutorial_taskflow_api_etl']) retrieved from /home/airflow/.local/lib/python3.6/site-packages/airflow/example_dags/tutorial_taskflow_api_etl.py
[2021-03-18 08:10:56,704] {logging_mixin.py:104} INFO - [2021-03-18 08:10:56,704] {dag.py:1818} INFO - Sync 1 DAGs
[2021-03-18 08:10:56,717] {logging_mixin.py:104} INFO - [2021-03-18 08:10:56,717] {dag.py:2273} INFO - Setting next_dagrun for tutorial_taskflow_api_etl to None
[2021-03-18 08:10:56,727] {scheduler_job.py:190} INFO - Processing /home/airflow/.local/lib/python3.6/site-packages/airflow/example_dags/tutorial_taskflow_api_etl.py took 0.056 seconds
[2021-03-18 10:16:29,463] {scheduler_job.py:182} INFO - Started process (PID=31) to work on /home/airflow/.local/lib/python3.6/site-packages/airflow/example_dags/tutorial_taskflow_api_etl.py
[2021-03-18 10:16:29,473] {scheduler_job.py:629} INFO - Processing file /home/airflow/.local/lib/python3.6/site-packages/airflow/example_dags/tutorial_taskflow_api_etl.py for tasks to queue
[2021-03-18 10:16:29,476] {logging_mixin.py:104} INFO - [2021-03-18 10:16:29,476] {dagbag.py:448} INFO - Filling up the DagBag from /home/airflow/.local/lib/python3.6/site-packages/airflow/example_dags/tutorial_taskflow_api_etl.py
[2021-03-18 10:16:29,512] {scheduler_job.py:639} INFO - DAG(s) dict_keys(['tutorial_taskflow_api_etl']) retrieved from /home/airflow/.local/lib/python3.6/site-packages/airflow/example_dags/tutorial_taskflow_api_etl.py
[2021-03-18 10:16:29,573] {logging_mixin.py:104} INFO - [2021-03-18 10:16:29,573] {dag.py:1818} INFO - Sync 1 DAGs
[2021-03-18 10:16:29,618] {logging_mixin.py:104} INFO - [2021-03-18 10:16:29,618] {dag.py:2273} INFO - Setting next_dagrun for tutorial_taskflow_api_etl to None
[2021-03-18 10:16:29,646] {scheduler_job.py:190} INFO - Processing /home/airflow/.local/lib/python3.6/site-packages/airflow/example_dags/tutorial_taskflow_api_etl.py took 0.186 seconds
[2021-03-18 10:17:00,516] {scheduler_job.py:182} INFO - Started process (PID=59) to work on /home/airflow/.local/lib/python3.6/site-packages/airflow/example_dags/tutorial_taskflow_api_etl.py
[2021-03-18 10:17:00,518] {scheduler_job.py:629} INFO - Processing file /home/airflow/.local/lib/python3.6/site-packages/airflow/example_dags/tutorial_taskflow_api_etl.py for tasks to queue
[2021-03-18 10:17:00,520] {logging_mixin.py:104} INFO - [2021-03-18 10:17:00,519] {dagbag.py:448} INFO - Filling up the DagBag from /home/airflow/.local/lib/python3.6/site-packages/airflow/example_dags/tutorial_taskflow_api_etl.py
[2021-03-18 10:17:00,534] {scheduler_job.py:639} INFO - DAG(s) dict_keys(['tutorial_taskflow_api_etl']) retrieved from /home/airflow/.local/lib/python3.6/site-packages/airflow/example_dags/tutorial_taskflow_api_etl.py
[2021-03-18 10:17:00,560] {logging_mixin.py:104} INFO - [2021-03-18 10:17:00,560] {dag.py:1818} INFO - Sync 1 DAGs
[2021-03-18 10:17:00,576] {logging_mixin.py:104} INFO - [2021-03-18 10:17:00,575] {dag.py:2273} INFO - Setting next_dagrun for tutorial_taskflow_api_etl to None
[2021-03-18 10:17:00,623] {scheduler_job.py:190} INFO - Processing /home/airflow/.local/lib/python3.6/site-packages/airflow/example_dags/tutorial_taskflow_api_etl.py took 0.110 seconds
