[2021-06-20 12:39:01,102] {taskinstance.py:876} INFO - Dependencies all met for <TaskInstance: orion.postInfo 2021-06-20T12:36:00+00:00 [queued]>
[2021-06-20 12:39:01,120] {taskinstance.py:876} INFO - Dependencies all met for <TaskInstance: orion.postInfo 2021-06-20T12:36:00+00:00 [queued]>
[2021-06-20 12:39:01,121] {taskinstance.py:1067} INFO - 
--------------------------------------------------------------------------------
[2021-06-20 12:39:01,121] {taskinstance.py:1068} INFO - Starting attempt 1 of 1
[2021-06-20 12:39:01,123] {taskinstance.py:1069} INFO - 
--------------------------------------------------------------------------------
[2021-06-20 12:39:01,131] {taskinstance.py:1087} INFO - Executing <Task(PythonOperator): postInfo> on 2021-06-20T12:36:00+00:00
[2021-06-20 12:39:01,139] {standard_task_runner.py:52} INFO - Started process 1990 to run task
[2021-06-20 12:39:01,142] {standard_task_runner.py:76} INFO - Running: ['***', 'tasks', 'run', 'orion', 'postInfo', '2021-06-20T12:36:00+00:00', '--job-id', '109', '--pool', 'default_pool', '--raw', '--subdir', 'DAGS_FOLDER/orion.py', '--cfg-path', '/tmp/tmpcwq6outl', '--error-file', '/tmp/tmpmy7_e8tt']
[2021-06-20 12:39:01,143] {standard_task_runner.py:77} INFO - Job 109: Subtask postInfo
[2021-06-20 12:39:01,182] {logging_mixin.py:104} INFO - Running <TaskInstance: orion.postInfo 2021-06-20T12:36:00+00:00 [running]> on host 438558517cf9
[2021-06-20 12:39:01,232] {taskinstance.py:1282} INFO - Exporting the following env vars:
AIRFLOW_CTX_DAG_OWNER=***
AIRFLOW_CTX_DAG_ID=orion
AIRFLOW_CTX_TASK_ID=postInfo
AIRFLOW_CTX_EXECUTION_DATE=2021-06-20T12:36:00+00:00
AIRFLOW_CTX_DAG_RUN_ID=scheduled__2021-06-20T12:36:00+00:00
[2021-06-20 12:39:01,239] {logging_mixin.py:104} INFO - {'id': 'Street1', 'type': 'Street', 'pressure': {'type': 'Float', 'value': '852', 'metadata': {}}, 'temperature': {'type': 'Float', 'value': '23.4', 'metadata': {}}, 'time': {'type': 'String', 'value': '2021-06-20 14:37:57', 'metadata': {}}}
[2021-06-20 12:39:01,302] {python.py:151} INFO - Done. Returned value was: 200
[2021-06-20 12:39:01,328] {taskinstance.py:1191} INFO - Marking task as SUCCESS. dag_id=orion, task_id=postInfo, execution_date=20210620T123600, start_date=20210620T123901, end_date=20210620T123901
[2021-06-20 12:39:01,351] {taskinstance.py:1245} INFO - 0 downstream tasks scheduled from follow-on schedule check
[2021-06-20 12:39:01,394] {local_task_job.py:151} INFO - Task exited with return code 0
