[2021-06-20 14:30:00,315] {taskinstance.py:876} INFO - Dependencies all met for <TaskInstance: orion.postInfo 2021-06-20T14:27:00+00:00 [queued]>
[2021-06-20 14:30:00,332] {taskinstance.py:876} INFO - Dependencies all met for <TaskInstance: orion.postInfo 2021-06-20T14:27:00+00:00 [queued]>
[2021-06-20 14:30:00,333] {taskinstance.py:1067} INFO - 
--------------------------------------------------------------------------------
[2021-06-20 14:30:00,334] {taskinstance.py:1068} INFO - Starting attempt 1 of 1
[2021-06-20 14:30:00,336] {taskinstance.py:1069} INFO - 
--------------------------------------------------------------------------------
[2021-06-20 14:30:00,345] {taskinstance.py:1087} INFO - Executing <Task(PythonOperator): postInfo> on 2021-06-20T14:27:00+00:00
[2021-06-20 14:30:00,353] {standard_task_runner.py:52} INFO - Started process 9638 to run task
[2021-06-20 14:30:00,356] {standard_task_runner.py:76} INFO - Running: ['***', 'tasks', 'run', 'orion', 'postInfo', '2021-06-20T14:27:00+00:00', '--job-id', '146', '--pool', 'default_pool', '--raw', '--subdir', 'DAGS_FOLDER/orion.py', '--cfg-path', '/tmp/tmp3akc0p3_', '--error-file', '/tmp/tmp75gw9sbt']
[2021-06-20 14:30:00,356] {standard_task_runner.py:77} INFO - Job 146: Subtask postInfo
[2021-06-20 14:30:00,395] {logging_mixin.py:104} INFO - Running <TaskInstance: orion.postInfo 2021-06-20T14:27:00+00:00 [running]> on host 438558517cf9
[2021-06-20 14:30:00,450] {taskinstance.py:1282} INFO - Exporting the following env vars:
AIRFLOW_CTX_DAG_OWNER=***
AIRFLOW_CTX_DAG_ID=orion
AIRFLOW_CTX_TASK_ID=postInfo
AIRFLOW_CTX_EXECUTION_DATE=2021-06-20T14:27:00+00:00
AIRFLOW_CTX_DAG_RUN_ID=scheduled__2021-06-20T14:27:00+00:00
[2021-06-20 14:30:00,457] {logging_mixin.py:104} INFO - {'id': 'Street1', 'type': 'Street', 'pressure': {'type': 'Float', 'value': '861', 'metadata': {}}, 'temperature': {'type': 'Float', 'value': '22.7', 'metadata': {}}, 'time': {'type': 'String', 'value': '2021-06-20 16:28:57', 'metadata': {}}}
[2021-06-20 14:30:00,535] {python.py:151} INFO - Done. Returned value was: 200
[2021-06-20 14:30:00,559] {taskinstance.py:1191} INFO - Marking task as SUCCESS. dag_id=orion, task_id=postInfo, execution_date=20210620T142700, start_date=20210620T143000, end_date=20210620T143000
[2021-06-20 14:30:00,583] {taskinstance.py:1245} INFO - 0 downstream tasks scheduled from follow-on schedule check
[2021-06-20 14:30:00,608] {local_task_job.py:151} INFO - Task exited with return code 0
