[2021-06-20 14:24:00,294] {taskinstance.py:876} INFO - Dependencies all met for <TaskInstance: orion.postInfo 2021-06-20T14:21:00+00:00 [queued]>
[2021-06-20 14:24:00,311] {taskinstance.py:876} INFO - Dependencies all met for <TaskInstance: orion.postInfo 2021-06-20T14:21:00+00:00 [queued]>
[2021-06-20 14:24:00,312] {taskinstance.py:1067} INFO - 
--------------------------------------------------------------------------------
[2021-06-20 14:24:00,312] {taskinstance.py:1068} INFO - Starting attempt 1 of 1
[2021-06-20 14:24:00,314] {taskinstance.py:1069} INFO - 
--------------------------------------------------------------------------------
[2021-06-20 14:24:00,324] {taskinstance.py:1087} INFO - Executing <Task(PythonOperator): postInfo> on 2021-06-20T14:21:00+00:00
[2021-06-20 14:24:00,334] {standard_task_runner.py:52} INFO - Started process 9236 to run task
[2021-06-20 14:24:00,337] {standard_task_runner.py:76} INFO - Running: ['***', 'tasks', 'run', 'orion', 'postInfo', '2021-06-20T14:21:00+00:00', '--job-id', '144', '--pool', 'default_pool', '--raw', '--subdir', 'DAGS_FOLDER/orion.py', '--cfg-path', '/tmp/tmpshpa7d8a', '--error-file', '/tmp/tmpc3s8vlf2']
[2021-06-20 14:24:00,339] {standard_task_runner.py:77} INFO - Job 144: Subtask postInfo
[2021-06-20 14:24:00,385] {logging_mixin.py:104} INFO - Running <TaskInstance: orion.postInfo 2021-06-20T14:21:00+00:00 [running]> on host 438558517cf9
[2021-06-20 14:24:00,450] {taskinstance.py:1282} INFO - Exporting the following env vars:
AIRFLOW_CTX_DAG_OWNER=***
AIRFLOW_CTX_DAG_ID=orion
AIRFLOW_CTX_TASK_ID=postInfo
AIRFLOW_CTX_EXECUTION_DATE=2021-06-20T14:21:00+00:00
AIRFLOW_CTX_DAG_RUN_ID=scheduled__2021-06-20T14:21:00+00:00
[2021-06-20 14:24:00,457] {logging_mixin.py:104} INFO - {'id': 'Street1', 'type': 'Street', 'pressure': {'type': 'Float', 'value': '849', 'metadata': {}}, 'temperature': {'type': 'Float', 'value': '22.7', 'metadata': {}}, 'time': {'type': 'String', 'value': '2021-06-20 16:22:57', 'metadata': {}}}
[2021-06-20 14:24:00,535] {python.py:151} INFO - Done. Returned value was: 200
[2021-06-20 14:24:00,563] {taskinstance.py:1191} INFO - Marking task as SUCCESS. dag_id=orion, task_id=postInfo, execution_date=20210620T142100, start_date=20210620T142400, end_date=20210620T142400
[2021-06-20 14:24:00,588] {taskinstance.py:1245} INFO - 0 downstream tasks scheduled from follow-on schedule check
[2021-06-20 14:24:00,631] {local_task_job.py:151} INFO - Task exited with return code 0
