[2021-06-20 16:24:01,167] {taskinstance.py:876} INFO - Dependencies all met for <TaskInstance: orion.postInfo 2021-06-20T16:21:00+00:00 [queued]>
[2021-06-20 16:24:01,184] {taskinstance.py:876} INFO - Dependencies all met for <TaskInstance: orion.postInfo 2021-06-20T16:21:00+00:00 [queued]>
[2021-06-20 16:24:01,185] {taskinstance.py:1067} INFO - 
--------------------------------------------------------------------------------
[2021-06-20 16:24:01,185] {taskinstance.py:1068} INFO - Starting attempt 1 of 1
[2021-06-20 16:24:01,188] {taskinstance.py:1069} INFO - 
--------------------------------------------------------------------------------
[2021-06-20 16:24:01,196] {taskinstance.py:1087} INFO - Executing <Task(PythonOperator): postInfo> on 2021-06-20T16:21:00+00:00
[2021-06-20 16:24:01,204] {standard_task_runner.py:52} INFO - Started process 17503 to run task
[2021-06-20 16:24:01,206] {standard_task_runner.py:76} INFO - Running: ['***', 'tasks', 'run', 'orion', 'postInfo', '2021-06-20T16:21:00+00:00', '--job-id', '184', '--pool', 'default_pool', '--raw', '--subdir', 'DAGS_FOLDER/orion.py', '--cfg-path', '/tmp/tmp6h70t2zz', '--error-file', '/tmp/tmppoq2eb4w']
[2021-06-20 16:24:01,207] {standard_task_runner.py:77} INFO - Job 184: Subtask postInfo
[2021-06-20 16:24:01,245] {logging_mixin.py:104} INFO - Running <TaskInstance: orion.postInfo 2021-06-20T16:21:00+00:00 [running]> on host 438558517cf9
[2021-06-20 16:24:01,314] {taskinstance.py:1282} INFO - Exporting the following env vars:
AIRFLOW_CTX_DAG_OWNER=***
AIRFLOW_CTX_DAG_ID=orion
AIRFLOW_CTX_TASK_ID=postInfo
AIRFLOW_CTX_EXECUTION_DATE=2021-06-20T16:21:00+00:00
AIRFLOW_CTX_DAG_RUN_ID=scheduled__2021-06-20T16:21:00+00:00
[2021-06-20 16:24:01,321] {logging_mixin.py:104} INFO - {'id': 'Street1', 'type': 'Street', 'pressure': {'type': 'Float', 'value': '904', 'metadata': {}}, 'temperature': {'type': 'Float', 'value': '23.2', 'metadata': {}}, 'time': {'type': 'String', 'value': '2021-06-20 18:22:58', 'metadata': {}}}
[2021-06-20 16:24:01,402] {python.py:151} INFO - Done. Returned value was: 200
[2021-06-20 16:24:01,426] {taskinstance.py:1191} INFO - Marking task as SUCCESS. dag_id=orion, task_id=postInfo, execution_date=20210620T162100, start_date=20210620T162401, end_date=20210620T162401
[2021-06-20 16:24:01,450] {taskinstance.py:1245} INFO - 0 downstream tasks scheduled from follow-on schedule check
[2021-06-20 16:24:01,498] {local_task_job.py:151} INFO - Task exited with return code 0
