[2021-06-20 16:27:00,645] {taskinstance.py:876} INFO - Dependencies all met for <TaskInstance: orion.postInfo 2021-06-20T16:24:00+00:00 [queued]>
[2021-06-20 16:27:00,663] {taskinstance.py:876} INFO - Dependencies all met for <TaskInstance: orion.postInfo 2021-06-20T16:24:00+00:00 [queued]>
[2021-06-20 16:27:00,663] {taskinstance.py:1067} INFO - 
--------------------------------------------------------------------------------
[2021-06-20 16:27:00,664] {taskinstance.py:1068} INFO - Starting attempt 1 of 1
[2021-06-20 16:27:00,667] {taskinstance.py:1069} INFO - 
--------------------------------------------------------------------------------
[2021-06-20 16:27:00,675] {taskinstance.py:1087} INFO - Executing <Task(PythonOperator): postInfo> on 2021-06-20T16:24:00+00:00
[2021-06-20 16:27:00,684] {standard_task_runner.py:52} INFO - Started process 17705 to run task
[2021-06-20 16:27:00,687] {standard_task_runner.py:76} INFO - Running: ['***', 'tasks', 'run', 'orion', 'postInfo', '2021-06-20T16:24:00+00:00', '--job-id', '185', '--pool', 'default_pool', '--raw', '--subdir', 'DAGS_FOLDER/orion.py', '--cfg-path', '/tmp/tmp9ntij2m9', '--error-file', '/tmp/tmpqf6zovoc']
[2021-06-20 16:27:00,687] {standard_task_runner.py:77} INFO - Job 185: Subtask postInfo
[2021-06-20 16:27:00,727] {logging_mixin.py:104} INFO - Running <TaskInstance: orion.postInfo 2021-06-20T16:24:00+00:00 [running]> on host 438558517cf9
[2021-06-20 16:27:00,777] {taskinstance.py:1282} INFO - Exporting the following env vars:
AIRFLOW_CTX_DAG_OWNER=***
AIRFLOW_CTX_DAG_ID=orion
AIRFLOW_CTX_TASK_ID=postInfo
AIRFLOW_CTX_EXECUTION_DATE=2021-06-20T16:24:00+00:00
AIRFLOW_CTX_DAG_RUN_ID=scheduled__2021-06-20T16:24:00+00:00
[2021-06-20 16:27:00,784] {logging_mixin.py:104} INFO - {'id': 'Street1', 'type': 'Street', 'pressure': {'type': 'Float', 'value': '905', 'metadata': {}}, 'temperature': {'type': 'Float', 'value': '24.1', 'metadata': {}}, 'time': {'type': 'String', 'value': '2021-06-20 18:25:58', 'metadata': {}}}
[2021-06-20 16:27:00,858] {python.py:151} INFO - Done. Returned value was: 200
[2021-06-20 16:27:00,882] {taskinstance.py:1191} INFO - Marking task as SUCCESS. dag_id=orion, task_id=postInfo, execution_date=20210620T162400, start_date=20210620T162700, end_date=20210620T162700
[2021-06-20 16:27:00,907] {taskinstance.py:1245} INFO - 0 downstream tasks scheduled from follow-on schedule check
[2021-06-20 16:27:00,939] {local_task_job.py:151} INFO - Task exited with return code 0
