[2021-06-20 13:24:00,686] {taskinstance.py:876} INFO - Dependencies all met for <TaskInstance: orion.postInfo 2021-06-20T13:21:00+00:00 [queued]>
[2021-06-20 13:24:00,706] {taskinstance.py:876} INFO - Dependencies all met for <TaskInstance: orion.postInfo 2021-06-20T13:21:00+00:00 [queued]>
[2021-06-20 13:24:00,706] {taskinstance.py:1067} INFO - 
--------------------------------------------------------------------------------
[2021-06-20 13:24:00,707] {taskinstance.py:1068} INFO - Starting attempt 1 of 1
[2021-06-20 13:24:00,709] {taskinstance.py:1069} INFO - 
--------------------------------------------------------------------------------
[2021-06-20 13:24:00,721] {taskinstance.py:1087} INFO - Executing <Task(PythonOperator): postInfo> on 2021-06-20T13:21:00+00:00
[2021-06-20 13:24:00,729] {standard_task_runner.py:52} INFO - Started process 5100 to run task
[2021-06-20 13:24:00,732] {standard_task_runner.py:76} INFO - Running: ['***', 'tasks', 'run', 'orion', 'postInfo', '2021-06-20T13:21:00+00:00', '--job-id', '124', '--pool', 'default_pool', '--raw', '--subdir', 'DAGS_FOLDER/orion.py', '--cfg-path', '/tmp/tmpdcfnu97y', '--error-file', '/tmp/tmpev_808ws']
[2021-06-20 13:24:00,732] {standard_task_runner.py:77} INFO - Job 124: Subtask postInfo
[2021-06-20 13:24:00,772] {logging_mixin.py:104} INFO - Running <TaskInstance: orion.postInfo 2021-06-20T13:21:00+00:00 [running]> on host 438558517cf9
[2021-06-20 13:24:00,823] {taskinstance.py:1282} INFO - Exporting the following env vars:
AIRFLOW_CTX_DAG_OWNER=***
AIRFLOW_CTX_DAG_ID=orion
AIRFLOW_CTX_TASK_ID=postInfo
AIRFLOW_CTX_EXECUTION_DATE=2021-06-20T13:21:00+00:00
AIRFLOW_CTX_DAG_RUN_ID=scheduled__2021-06-20T13:21:00+00:00
[2021-06-20 13:24:00,829] {logging_mixin.py:104} INFO - {'id': 'Street1', 'type': 'Street', 'pressure': {'type': 'Float', 'value': '851', 'metadata': {}}, 'temperature': {'type': 'Float', 'value': '21.6', 'metadata': {}}, 'time': {'type': 'String', 'value': '2021-06-20 15:22:57', 'metadata': {}}}
[2021-06-20 13:24:01,017] {python.py:151} INFO - Done. Returned value was: 200
[2021-06-20 13:24:01,055] {taskinstance.py:1191} INFO - Marking task as SUCCESS. dag_id=orion, task_id=postInfo, execution_date=20210620T132100, start_date=20210620T132400, end_date=20210620T132401
[2021-06-20 13:24:01,082] {taskinstance.py:1245} INFO - 0 downstream tasks scheduled from follow-on schedule check
[2021-06-20 13:24:01,104] {local_task_job.py:151} INFO - Task exited with return code 0
