[2021-06-20 12:30:00,765] {taskinstance.py:876} INFO - Dependencies all met for <TaskInstance: orion.postInfo 2021-06-20T12:27:00+00:00 [queued]>
[2021-06-20 12:30:00,781] {taskinstance.py:876} INFO - Dependencies all met for <TaskInstance: orion.postInfo 2021-06-20T12:27:00+00:00 [queued]>
[2021-06-20 12:30:00,782] {taskinstance.py:1067} INFO - 
--------------------------------------------------------------------------------
[2021-06-20 12:30:00,783] {taskinstance.py:1068} INFO - Starting attempt 1 of 1
[2021-06-20 12:30:00,785] {taskinstance.py:1069} INFO - 
--------------------------------------------------------------------------------
[2021-06-20 12:30:00,793] {taskinstance.py:1087} INFO - Executing <Task(PythonOperator): postInfo> on 2021-06-20T12:27:00+00:00
[2021-06-20 12:30:00,801] {standard_task_runner.py:52} INFO - Started process 1365 to run task
[2021-06-20 12:30:00,804] {standard_task_runner.py:76} INFO - Running: ['***', 'tasks', 'run', 'orion', 'postInfo', '2021-06-20T12:27:00+00:00', '--job-id', '106', '--pool', 'default_pool', '--raw', '--subdir', 'DAGS_FOLDER/orion.py', '--cfg-path', '/tmp/tmpi8yemyvh', '--error-file', '/tmp/tmpqoouf8xj']
[2021-06-20 12:30:00,805] {standard_task_runner.py:77} INFO - Job 106: Subtask postInfo
[2021-06-20 12:30:00,844] {logging_mixin.py:104} INFO - Running <TaskInstance: orion.postInfo 2021-06-20T12:27:00+00:00 [running]> on host 438558517cf9
[2021-06-20 12:30:00,897] {taskinstance.py:1282} INFO - Exporting the following env vars:
AIRFLOW_CTX_DAG_OWNER=***
AIRFLOW_CTX_DAG_ID=orion
AIRFLOW_CTX_TASK_ID=postInfo
AIRFLOW_CTX_EXECUTION_DATE=2021-06-20T12:27:00+00:00
AIRFLOW_CTX_DAG_RUN_ID=scheduled__2021-06-20T12:27:00+00:00
[2021-06-20 12:30:00,904] {logging_mixin.py:104} INFO - {'id': 'Street1', 'type': 'Street', 'pressure': {'type': 'Float', 'value': '814', 'metadata': {}}, 'temperature': {'type': 'Float', 'value': '26', 'metadata': {}}, 'time': {'type': 'String', 'value': '2021-06-20 14:29:31', 'metadata': {}}}
[2021-06-20 12:30:00,978] {python.py:151} INFO - Done. Returned value was: 200
[2021-06-20 12:30:01,002] {taskinstance.py:1191} INFO - Marking task as SUCCESS. dag_id=orion, task_id=postInfo, execution_date=20210620T122700, start_date=20210620T123000, end_date=20210620T123001
[2021-06-20 12:30:01,027] {taskinstance.py:1245} INFO - 0 downstream tasks scheduled from follow-on schedule check
[2021-06-20 12:30:01,056] {local_task_job.py:151} INFO - Task exited with return code 0
