[2021-06-20 19:48:00,865] {taskinstance.py:876} INFO - Dependencies all met for <TaskInstance: orion.postInfo 2021-06-20T19:45:00+00:00 [queued]>
[2021-06-20 19:48:00,882] {taskinstance.py:876} INFO - Dependencies all met for <TaskInstance: orion.postInfo 2021-06-20T19:45:00+00:00 [queued]>
[2021-06-20 19:48:00,883] {taskinstance.py:1067} INFO - 
--------------------------------------------------------------------------------
[2021-06-20 19:48:00,884] {taskinstance.py:1068} INFO - Starting attempt 1 of 1
[2021-06-20 19:48:00,886] {taskinstance.py:1069} INFO - 
--------------------------------------------------------------------------------
[2021-06-20 19:48:00,895] {taskinstance.py:1087} INFO - Executing <Task(PythonOperator): postInfo> on 2021-06-20T19:45:00+00:00
[2021-06-20 19:48:00,903] {standard_task_runner.py:52} INFO - Started process 31611 to run task
[2021-06-20 19:48:00,905] {standard_task_runner.py:76} INFO - Running: ['***', 'tasks', 'run', 'orion', 'postInfo', '2021-06-20T19:45:00+00:00', '--job-id', '252', '--pool', 'default_pool', '--raw', '--subdir', 'DAGS_FOLDER/orion.py', '--cfg-path', '/tmp/tmpc6j9fjel', '--error-file', '/tmp/tmpgsu48qax']
[2021-06-20 19:48:00,906] {standard_task_runner.py:77} INFO - Job 252: Subtask postInfo
[2021-06-20 19:48:00,946] {logging_mixin.py:104} INFO - Running <TaskInstance: orion.postInfo 2021-06-20T19:45:00+00:00 [running]> on host 438558517cf9
[2021-06-20 19:48:00,998] {taskinstance.py:1282} INFO - Exporting the following env vars:
AIRFLOW_CTX_DAG_OWNER=***
AIRFLOW_CTX_DAG_ID=orion
AIRFLOW_CTX_TASK_ID=postInfo
AIRFLOW_CTX_EXECUTION_DATE=2021-06-20T19:45:00+00:00
AIRFLOW_CTX_DAG_RUN_ID=scheduled__2021-06-20T19:45:00+00:00
[2021-06-20 19:48:01,004] {logging_mixin.py:104} INFO - {'id': 'Street1', 'type': 'Street', 'pressure': {'type': 'Float', 'value': '914', 'metadata': {}}, 'temperature': {'type': 'Float', 'value': '23.6', 'metadata': {}}, 'time': {'type': 'String', 'value': '2021-06-20 21:46:59', 'metadata': {}}}
[2021-06-20 19:48:01,072] {python.py:151} INFO - Done. Returned value was: 200
[2021-06-20 19:48:01,097] {taskinstance.py:1191} INFO - Marking task as SUCCESS. dag_id=orion, task_id=postInfo, execution_date=20210620T194500, start_date=20210620T194800, end_date=20210620T194801
[2021-06-20 19:48:01,120] {taskinstance.py:1245} INFO - 0 downstream tasks scheduled from follow-on schedule check
[2021-06-20 19:48:01,157] {local_task_job.py:151} INFO - Task exited with return code 0
