[2021-06-20 17:33:01,184] {taskinstance.py:876} INFO - Dependencies all met for <TaskInstance: orion.postInfo 2021-06-20T17:30:00+00:00 [queued]>
[2021-06-20 17:33:01,201] {taskinstance.py:876} INFO - Dependencies all met for <TaskInstance: orion.postInfo 2021-06-20T17:30:00+00:00 [queued]>
[2021-06-20 17:33:01,202] {taskinstance.py:1067} INFO - 
--------------------------------------------------------------------------------
[2021-06-20 17:33:01,202] {taskinstance.py:1068} INFO - Starting attempt 1 of 1
[2021-06-20 17:33:01,204] {taskinstance.py:1069} INFO - 
--------------------------------------------------------------------------------
[2021-06-20 17:33:01,213] {taskinstance.py:1087} INFO - Executing <Task(PythonOperator): postInfo> on 2021-06-20T17:30:00+00:00
[2021-06-20 17:33:01,220] {standard_task_runner.py:52} INFO - Started process 22275 to run task
[2021-06-20 17:33:01,222] {standard_task_runner.py:76} INFO - Running: ['***', 'tasks', 'run', 'orion', 'postInfo', '2021-06-20T17:30:00+00:00', '--job-id', '207', '--pool', 'default_pool', '--raw', '--subdir', 'DAGS_FOLDER/orion.py', '--cfg-path', '/tmp/tmp515k37ry', '--error-file', '/tmp/tmpzy_xqze8']
[2021-06-20 17:33:01,223] {standard_task_runner.py:77} INFO - Job 207: Subtask postInfo
[2021-06-20 17:33:01,264] {logging_mixin.py:104} INFO - Running <TaskInstance: orion.postInfo 2021-06-20T17:30:00+00:00 [running]> on host 438558517cf9
[2021-06-20 17:33:01,318] {taskinstance.py:1282} INFO - Exporting the following env vars:
AIRFLOW_CTX_DAG_OWNER=***
AIRFLOW_CTX_DAG_ID=orion
AIRFLOW_CTX_TASK_ID=postInfo
AIRFLOW_CTX_EXECUTION_DATE=2021-06-20T17:30:00+00:00
AIRFLOW_CTX_DAG_RUN_ID=scheduled__2021-06-20T17:30:00+00:00
[2021-06-20 17:33:01,326] {logging_mixin.py:104} INFO - {'id': 'Street1', 'type': 'Street', 'pressure': {'type': 'Float', 'value': '917', 'metadata': {}}, 'temperature': {'type': 'Float', 'value': '26.2', 'metadata': {}}, 'time': {'type': 'String', 'value': '2021-06-20 19:31:58', 'metadata': {}}}
[2021-06-20 17:33:01,400] {python.py:151} INFO - Done. Returned value was: 200
[2021-06-20 17:33:01,425] {taskinstance.py:1191} INFO - Marking task as SUCCESS. dag_id=orion, task_id=postInfo, execution_date=20210620T173000, start_date=20210620T173301, end_date=20210620T173301
[2021-06-20 17:33:01,448] {taskinstance.py:1245} INFO - 0 downstream tasks scheduled from follow-on schedule check
[2021-06-20 17:33:01,475] {local_task_job.py:151} INFO - Task exited with return code 0
