[2021-06-20 13:09:00,643] {taskinstance.py:876} INFO - Dependencies all met for <TaskInstance: orion.postInfo 2021-06-20T13:06:00+00:00 [queued]>
[2021-06-20 13:09:00,661] {taskinstance.py:876} INFO - Dependencies all met for <TaskInstance: orion.postInfo 2021-06-20T13:06:00+00:00 [queued]>
[2021-06-20 13:09:00,661] {taskinstance.py:1067} INFO - 
--------------------------------------------------------------------------------
[2021-06-20 13:09:00,662] {taskinstance.py:1068} INFO - Starting attempt 1 of 1
[2021-06-20 13:09:00,665] {taskinstance.py:1069} INFO - 
--------------------------------------------------------------------------------
[2021-06-20 13:09:00,673] {taskinstance.py:1087} INFO - Executing <Task(PythonOperator): postInfo> on 2021-06-20T13:06:00+00:00
[2021-06-20 13:09:00,681] {standard_task_runner.py:52} INFO - Started process 4066 to run task
[2021-06-20 13:09:00,683] {standard_task_runner.py:76} INFO - Running: ['***', 'tasks', 'run', 'orion', 'postInfo', '2021-06-20T13:06:00+00:00', '--job-id', '119', '--pool', 'default_pool', '--raw', '--subdir', 'DAGS_FOLDER/orion.py', '--cfg-path', '/tmp/tmp59n6mdpg', '--error-file', '/tmp/tmp9nel15r5']
[2021-06-20 13:09:00,684] {standard_task_runner.py:77} INFO - Job 119: Subtask postInfo
[2021-06-20 13:09:00,723] {logging_mixin.py:104} INFO - Running <TaskInstance: orion.postInfo 2021-06-20T13:06:00+00:00 [running]> on host 438558517cf9
[2021-06-20 13:09:00,775] {taskinstance.py:1282} INFO - Exporting the following env vars:
AIRFLOW_CTX_DAG_OWNER=***
AIRFLOW_CTX_DAG_ID=orion
AIRFLOW_CTX_TASK_ID=postInfo
AIRFLOW_CTX_EXECUTION_DATE=2021-06-20T13:06:00+00:00
AIRFLOW_CTX_DAG_RUN_ID=scheduled__2021-06-20T13:06:00+00:00
[2021-06-20 13:09:00,782] {logging_mixin.py:104} INFO - {'id': 'Street1', 'type': 'Street', 'pressure': {'type': 'Float', 'value': '862', 'metadata': {}}, 'temperature': {'type': 'Float', 'value': '23.4', 'metadata': {}}, 'time': {'type': 'String', 'value': '2021-06-20 15:07:57', 'metadata': {}}}
[2021-06-20 13:09:00,868] {python.py:151} INFO - Done. Returned value was: 200
[2021-06-20 13:09:00,892] {taskinstance.py:1191} INFO - Marking task as SUCCESS. dag_id=orion, task_id=postInfo, execution_date=20210620T130600, start_date=20210620T130900, end_date=20210620T130900
[2021-06-20 13:09:00,916] {taskinstance.py:1245} INFO - 0 downstream tasks scheduled from follow-on schedule check
[2021-06-20 13:09:00,936] {local_task_job.py:151} INFO - Task exited with return code 0
