[2021-06-20 10:48:06,422] {taskinstance.py:876} INFO - Dependencies all met for <TaskInstance: orion.postInfo 2021-06-20T10:48:05.432743+00:00 [queued]>
[2021-06-20 10:48:06,436] {taskinstance.py:876} INFO - Dependencies all met for <TaskInstance: orion.postInfo 2021-06-20T10:48:05.432743+00:00 [queued]>
[2021-06-20 10:48:06,439] {taskinstance.py:1067} INFO - 
--------------------------------------------------------------------------------
[2021-06-20 10:48:06,439] {taskinstance.py:1068} INFO - Starting attempt 1 of 1
[2021-06-20 10:48:06,442] {taskinstance.py:1069} INFO - 
--------------------------------------------------------------------------------
[2021-06-20 10:48:06,462] {taskinstance.py:1087} INFO - Executing <Task(PythonOperator): postInfo> on 2021-06-20T10:48:05.432743+00:00
[2021-06-20 10:48:06,482] {standard_task_runner.py:52} INFO - Started process 5568 to run task
[2021-06-20 10:48:06,486] {standard_task_runner.py:76} INFO - Running: ['***', 'tasks', 'run', 'orion', 'postInfo', '2021-06-20T10:48:05.432743+00:00', '--job-id', '54', '--pool', 'default_pool', '--raw', '--subdir', 'DAGS_FOLDER/orion.py', '--cfg-path', '/tmp/tmpt816q_rw', '--error-file', '/tmp/tmpwpyyp5h_']
[2021-06-20 10:48:06,487] {standard_task_runner.py:77} INFO - Job 54: Subtask postInfo
[2021-06-20 10:48:06,554] {logging_mixin.py:104} INFO - Running <TaskInstance: orion.postInfo 2021-06-20T10:48:05.432743+00:00 [running]> on host 438558517cf9
[2021-06-20 10:48:06,619] {taskinstance.py:1282} INFO - Exporting the following env vars:
AIRFLOW_CTX_DAG_OWNER=***
AIRFLOW_CTX_DAG_ID=orion
AIRFLOW_CTX_TASK_ID=postInfo
AIRFLOW_CTX_EXECUTION_DATE=2021-06-20T10:48:05.432743+00:00
AIRFLOW_CTX_DAG_RUN_ID=manual__2021-06-20T10:48:05.432743+00:00
[2021-06-20 10:48:06,621] {python.py:151} INFO - Done. Returned value was: Hello
[2021-06-20 10:48:06,652] {taskinstance.py:1191} INFO - Marking task as SUCCESS. dag_id=orion, task_id=postInfo, execution_date=20210620T104805, start_date=20210620T104806, end_date=20210620T104806
[2021-06-20 10:48:06,684] {taskinstance.py:1245} INFO - 0 downstream tasks scheduled from follow-on schedule check
[2021-06-20 10:48:06,699] {local_task_job.py:151} INFO - Task exited with return code 0
