[2021-06-20 17:36:00,640] {taskinstance.py:876} INFO - Dependencies all met for <TaskInstance: orion.postInfo 2021-06-20T17:33:00+00:00 [queued]>
[2021-06-20 17:36:00,665] {taskinstance.py:876} INFO - Dependencies all met for <TaskInstance: orion.postInfo 2021-06-20T17:33:00+00:00 [queued]>
[2021-06-20 17:36:00,666] {taskinstance.py:1067} INFO - 
--------------------------------------------------------------------------------
[2021-06-20 17:36:00,667] {taskinstance.py:1068} INFO - Starting attempt 1 of 1
[2021-06-20 17:36:00,669] {taskinstance.py:1069} INFO - 
--------------------------------------------------------------------------------
[2021-06-20 17:36:00,677] {taskinstance.py:1087} INFO - Executing <Task(PythonOperator): postInfo> on 2021-06-20T17:33:00+00:00
[2021-06-20 17:36:00,685] {standard_task_runner.py:52} INFO - Started process 22481 to run task
[2021-06-20 17:36:00,687] {standard_task_runner.py:76} INFO - Running: ['***', 'tasks', 'run', 'orion', 'postInfo', '2021-06-20T17:33:00+00:00', '--job-id', '208', '--pool', 'default_pool', '--raw', '--subdir', 'DAGS_FOLDER/orion.py', '--cfg-path', '/tmp/tmpveutj2kp', '--error-file', '/tmp/tmp6k6bcypa']
[2021-06-20 17:36:00,688] {standard_task_runner.py:77} INFO - Job 208: Subtask postInfo
[2021-06-20 17:36:00,726] {logging_mixin.py:104} INFO - Running <TaskInstance: orion.postInfo 2021-06-20T17:33:00+00:00 [running]> on host 438558517cf9
[2021-06-20 17:36:00,783] {taskinstance.py:1282} INFO - Exporting the following env vars:
AIRFLOW_CTX_DAG_OWNER=***
AIRFLOW_CTX_DAG_ID=orion
AIRFLOW_CTX_TASK_ID=postInfo
AIRFLOW_CTX_EXECUTION_DATE=2021-06-20T17:33:00+00:00
AIRFLOW_CTX_DAG_RUN_ID=scheduled__2021-06-20T17:33:00+00:00
[2021-06-20 17:36:00,794] {logging_mixin.py:104} INFO - {'id': 'Street1', 'type': 'Street', 'pressure': {'type': 'Float', 'value': '913', 'metadata': {}}, 'temperature': {'type': 'Float', 'value': '25.7', 'metadata': {}}, 'time': {'type': 'String', 'value': '2021-06-20 19:34:58', 'metadata': {}}}
[2021-06-20 17:36:00,863] {python.py:151} INFO - Done. Returned value was: 200
[2021-06-20 17:36:00,888] {taskinstance.py:1191} INFO - Marking task as SUCCESS. dag_id=orion, task_id=postInfo, execution_date=20210620T173300, start_date=20210620T173600, end_date=20210620T173600
[2021-06-20 17:36:00,922] {taskinstance.py:1245} INFO - 0 downstream tasks scheduled from follow-on schedule check
[2021-06-20 17:36:00,940] {local_task_job.py:151} INFO - Task exited with return code 0
