[2021-06-20 14:03:00,776] {taskinstance.py:876} INFO - Dependencies all met for <TaskInstance: orion.postInfo 2021-06-20T14:00:00+00:00 [queued]>
[2021-06-20 14:03:00,794] {taskinstance.py:876} INFO - Dependencies all met for <TaskInstance: orion.postInfo 2021-06-20T14:00:00+00:00 [queued]>
[2021-06-20 14:03:00,795] {taskinstance.py:1067} INFO - 
--------------------------------------------------------------------------------
[2021-06-20 14:03:00,795] {taskinstance.py:1068} INFO - Starting attempt 1 of 1
[2021-06-20 14:03:00,798] {taskinstance.py:1069} INFO - 
--------------------------------------------------------------------------------
[2021-06-20 14:03:00,806] {taskinstance.py:1087} INFO - Executing <Task(PythonOperator): postInfo> on 2021-06-20T14:00:00+00:00
[2021-06-20 14:03:00,814] {standard_task_runner.py:52} INFO - Started process 7785 to run task
[2021-06-20 14:03:00,817] {standard_task_runner.py:76} INFO - Running: ['***', 'tasks', 'run', 'orion', 'postInfo', '2021-06-20T14:00:00+00:00', '--job-id', '137', '--pool', 'default_pool', '--raw', '--subdir', 'DAGS_FOLDER/orion.py', '--cfg-path', '/tmp/tmp4j45pmtp', '--error-file', '/tmp/tmp3opibcbj']
[2021-06-20 14:03:00,818] {standard_task_runner.py:77} INFO - Job 137: Subtask postInfo
[2021-06-20 14:03:00,858] {logging_mixin.py:104} INFO - Running <TaskInstance: orion.postInfo 2021-06-20T14:00:00+00:00 [running]> on host 438558517cf9
[2021-06-20 14:03:00,912] {taskinstance.py:1282} INFO - Exporting the following env vars:
AIRFLOW_CTX_DAG_OWNER=***
AIRFLOW_CTX_DAG_ID=orion
AIRFLOW_CTX_TASK_ID=postInfo
AIRFLOW_CTX_EXECUTION_DATE=2021-06-20T14:00:00+00:00
AIRFLOW_CTX_DAG_RUN_ID=scheduled__2021-06-20T14:00:00+00:00
[2021-06-20 14:03:00,920] {logging_mixin.py:104} INFO - {'id': 'Street1', 'type': 'Street', 'pressure': {'type': 'Float', 'value': '867', 'metadata': {}}, 'temperature': {'type': 'Float', 'value': '24.8', 'metadata': {}}, 'time': {'type': 'String', 'value': '2021-06-20 16:01:57', 'metadata': {}}}
[2021-06-20 14:03:01,002] {python.py:151} INFO - Done. Returned value was: 200
[2021-06-20 14:03:01,027] {taskinstance.py:1191} INFO - Marking task as SUCCESS. dag_id=orion, task_id=postInfo, execution_date=20210620T140000, start_date=20210620T140300, end_date=20210620T140301
[2021-06-20 14:03:01,058] {taskinstance.py:1245} INFO - 0 downstream tasks scheduled from follow-on schedule check
[2021-06-20 14:03:01,109] {local_task_job.py:151} INFO - Task exited with return code 0
