[2021-06-20 18:03:00,572] {taskinstance.py:876} INFO - Dependencies all met for <TaskInstance: orion.postInfo 2021-06-20T18:00:00+00:00 [queued]>
[2021-06-20 18:03:00,597] {taskinstance.py:876} INFO - Dependencies all met for <TaskInstance: orion.postInfo 2021-06-20T18:00:00+00:00 [queued]>
[2021-06-20 18:03:00,598] {taskinstance.py:1067} INFO - 
--------------------------------------------------------------------------------
[2021-06-20 18:03:00,599] {taskinstance.py:1068} INFO - Starting attempt 1 of 1
[2021-06-20 18:03:00,601] {taskinstance.py:1069} INFO - 
--------------------------------------------------------------------------------
[2021-06-20 18:03:00,611] {taskinstance.py:1087} INFO - Executing <Task(PythonOperator): postInfo> on 2021-06-20T18:00:00+00:00
[2021-06-20 18:03:00,619] {standard_task_runner.py:52} INFO - Started process 24347 to run task
[2021-06-20 18:03:00,625] {standard_task_runner.py:76} INFO - Running: ['***', 'tasks', 'run', 'orion', 'postInfo', '2021-06-20T18:00:00+00:00', '--job-id', '217', '--pool', 'default_pool', '--raw', '--subdir', 'DAGS_FOLDER/orion.py', '--cfg-path', '/tmp/tmprv1q03pl', '--error-file', '/tmp/tmpr3vizfa5']
[2021-06-20 18:03:00,626] {standard_task_runner.py:77} INFO - Job 217: Subtask postInfo
[2021-06-20 18:03:00,671] {logging_mixin.py:104} INFO - Running <TaskInstance: orion.postInfo 2021-06-20T18:00:00+00:00 [running]> on host 438558517cf9
[2021-06-20 18:03:00,722] {taskinstance.py:1282} INFO - Exporting the following env vars:
AIRFLOW_CTX_DAG_OWNER=***
AIRFLOW_CTX_DAG_ID=orion
AIRFLOW_CTX_TASK_ID=postInfo
AIRFLOW_CTX_EXECUTION_DATE=2021-06-20T18:00:00+00:00
AIRFLOW_CTX_DAG_RUN_ID=scheduled__2021-06-20T18:00:00+00:00
[2021-06-20 18:03:00,729] {logging_mixin.py:104} INFO - {'id': 'Street1', 'type': 'Street', 'pressure': {'type': 'Float', 'value': '914', 'metadata': {}}, 'temperature': {'type': 'Float', 'value': '24.3', 'metadata': {}}, 'time': {'type': 'String', 'value': '2021-06-20 20:01:58', 'metadata': {}}}
[2021-06-20 18:03:00,798] {python.py:151} INFO - Done. Returned value was: 200
[2021-06-20 18:03:00,822] {taskinstance.py:1191} INFO - Marking task as SUCCESS. dag_id=orion, task_id=postInfo, execution_date=20210620T180000, start_date=20210620T180300, end_date=20210620T180300
[2021-06-20 18:03:00,846] {taskinstance.py:1245} INFO - 0 downstream tasks scheduled from follow-on schedule check
[2021-06-20 18:03:00,876] {local_task_job.py:151} INFO - Task exited with return code 0
