[2021-06-20 18:18:00,768] {taskinstance.py:876} INFO - Dependencies all met for <TaskInstance: orion.postInfo 2021-06-20T18:15:00+00:00 [queued]>
[2021-06-20 18:18:00,785] {taskinstance.py:876} INFO - Dependencies all met for <TaskInstance: orion.postInfo 2021-06-20T18:15:00+00:00 [queued]>
[2021-06-20 18:18:00,785] {taskinstance.py:1067} INFO - 
--------------------------------------------------------------------------------
[2021-06-20 18:18:00,786] {taskinstance.py:1068} INFO - Starting attempt 1 of 1
[2021-06-20 18:18:00,788] {taskinstance.py:1069} INFO - 
--------------------------------------------------------------------------------
[2021-06-20 18:18:00,797] {taskinstance.py:1087} INFO - Executing <Task(PythonOperator): postInfo> on 2021-06-20T18:15:00+00:00
[2021-06-20 18:18:00,804] {standard_task_runner.py:52} INFO - Started process 25387 to run task
[2021-06-20 18:18:00,807] {standard_task_runner.py:76} INFO - Running: ['***', 'tasks', 'run', 'orion', 'postInfo', '2021-06-20T18:15:00+00:00', '--job-id', '222', '--pool', 'default_pool', '--raw', '--subdir', 'DAGS_FOLDER/orion.py', '--cfg-path', '/tmp/tmpvcknpfm4', '--error-file', '/tmp/tmpr458qcb5']
[2021-06-20 18:18:00,808] {standard_task_runner.py:77} INFO - Job 222: Subtask postInfo
[2021-06-20 18:18:00,847] {logging_mixin.py:104} INFO - Running <TaskInstance: orion.postInfo 2021-06-20T18:15:00+00:00 [running]> on host 438558517cf9
[2021-06-20 18:18:00,897] {taskinstance.py:1282} INFO - Exporting the following env vars:
AIRFLOW_CTX_DAG_OWNER=***
AIRFLOW_CTX_DAG_ID=orion
AIRFLOW_CTX_TASK_ID=postInfo
AIRFLOW_CTX_EXECUTION_DATE=2021-06-20T18:15:00+00:00
AIRFLOW_CTX_DAG_RUN_ID=scheduled__2021-06-20T18:15:00+00:00
[2021-06-20 18:18:00,904] {logging_mixin.py:104} INFO - {'id': 'Street1', 'type': 'Street', 'pressure': {'type': 'Float', 'value': '917', 'metadata': {}}, 'temperature': {'type': 'Float', 'value': '24.0', 'metadata': {}}, 'time': {'type': 'String', 'value': '2021-06-20 20:16:58', 'metadata': {}}}
[2021-06-20 18:18:00,975] {python.py:151} INFO - Done. Returned value was: 200
[2021-06-20 18:18:00,999] {taskinstance.py:1191} INFO - Marking task as SUCCESS. dag_id=orion, task_id=postInfo, execution_date=20210620T181500, start_date=20210620T181800, end_date=20210620T181800
[2021-06-20 18:18:01,023] {taskinstance.py:1245} INFO - 0 downstream tasks scheduled from follow-on schedule check
[2021-06-20 18:18:01,059] {local_task_job.py:151} INFO - Task exited with return code 0
