[2021-06-20 19:27:00,698] {taskinstance.py:876} INFO - Dependencies all met for <TaskInstance: orion.postInfo 2021-06-20T19:24:00+00:00 [queued]>
[2021-06-20 19:27:00,715] {taskinstance.py:876} INFO - Dependencies all met for <TaskInstance: orion.postInfo 2021-06-20T19:24:00+00:00 [queued]>
[2021-06-20 19:27:00,716] {taskinstance.py:1067} INFO - 
--------------------------------------------------------------------------------
[2021-06-20 19:27:00,716] {taskinstance.py:1068} INFO - Starting attempt 1 of 1
[2021-06-20 19:27:00,718] {taskinstance.py:1069} INFO - 
--------------------------------------------------------------------------------
[2021-06-20 19:27:00,726] {taskinstance.py:1087} INFO - Executing <Task(PythonOperator): postInfo> on 2021-06-20T19:24:00+00:00
[2021-06-20 19:27:00,734] {standard_task_runner.py:52} INFO - Started process 30153 to run task
[2021-06-20 19:27:00,736] {standard_task_runner.py:76} INFO - Running: ['***', 'tasks', 'run', 'orion', 'postInfo', '2021-06-20T19:24:00+00:00', '--job-id', '245', '--pool', 'default_pool', '--raw', '--subdir', 'DAGS_FOLDER/orion.py', '--cfg-path', '/tmp/tmpsj2fx704', '--error-file', '/tmp/tmpanvr4r4h']
[2021-06-20 19:27:00,737] {standard_task_runner.py:77} INFO - Job 245: Subtask postInfo
[2021-06-20 19:27:00,775] {logging_mixin.py:104} INFO - Running <TaskInstance: orion.postInfo 2021-06-20T19:24:00+00:00 [running]> on host 438558517cf9
[2021-06-20 19:27:00,826] {taskinstance.py:1282} INFO - Exporting the following env vars:
AIRFLOW_CTX_DAG_OWNER=***
AIRFLOW_CTX_DAG_ID=orion
AIRFLOW_CTX_TASK_ID=postInfo
AIRFLOW_CTX_EXECUTION_DATE=2021-06-20T19:24:00+00:00
AIRFLOW_CTX_DAG_RUN_ID=scheduled__2021-06-20T19:24:00+00:00
[2021-06-20 19:27:00,833] {logging_mixin.py:104} INFO - {'id': 'Street1', 'type': 'Street', 'pressure': {'type': 'Float', 'value': '911', 'metadata': {}}, 'temperature': {'type': 'Float', 'value': '23.6', 'metadata': {}}, 'time': {'type': 'String', 'value': '2021-06-20 21:25:59', 'metadata': {}}}
[2021-06-20 19:27:00,910] {python.py:151} INFO - Done. Returned value was: 200
[2021-06-20 19:27:00,935] {taskinstance.py:1191} INFO - Marking task as SUCCESS. dag_id=orion, task_id=postInfo, execution_date=20210620T192400, start_date=20210620T192700, end_date=20210620T192700
[2021-06-20 19:27:00,959] {taskinstance.py:1245} INFO - 0 downstream tasks scheduled from follow-on schedule check
[2021-06-20 19:27:00,989] {local_task_job.py:151} INFO - Task exited with return code 0
