[2021-06-20 17:45:00,825] {taskinstance.py:876} INFO - Dependencies all met for <TaskInstance: orion.postInfo 2021-06-20T17:42:00+00:00 [queued]>
[2021-06-20 17:45:00,842] {taskinstance.py:876} INFO - Dependencies all met for <TaskInstance: orion.postInfo 2021-06-20T17:42:00+00:00 [queued]>
[2021-06-20 17:45:00,843] {taskinstance.py:1067} INFO - 
--------------------------------------------------------------------------------
[2021-06-20 17:45:00,844] {taskinstance.py:1068} INFO - Starting attempt 1 of 1
[2021-06-20 17:45:00,846] {taskinstance.py:1069} INFO - 
--------------------------------------------------------------------------------
[2021-06-20 17:45:00,855] {taskinstance.py:1087} INFO - Executing <Task(PythonOperator): postInfo> on 2021-06-20T17:42:00+00:00
[2021-06-20 17:45:00,864] {standard_task_runner.py:52} INFO - Started process 23106 to run task
[2021-06-20 17:45:00,866] {standard_task_runner.py:76} INFO - Running: ['***', 'tasks', 'run', 'orion', 'postInfo', '2021-06-20T17:42:00+00:00', '--job-id', '211', '--pool', 'default_pool', '--raw', '--subdir', 'DAGS_FOLDER/orion.py', '--cfg-path', '/tmp/tmpz9p_9788', '--error-file', '/tmp/tmpgzhq8t07']
[2021-06-20 17:45:00,867] {standard_task_runner.py:77} INFO - Job 211: Subtask postInfo
[2021-06-20 17:45:00,905] {logging_mixin.py:104} INFO - Running <TaskInstance: orion.postInfo 2021-06-20T17:42:00+00:00 [running]> on host 438558517cf9
[2021-06-20 17:45:00,955] {taskinstance.py:1282} INFO - Exporting the following env vars:
AIRFLOW_CTX_DAG_OWNER=***
AIRFLOW_CTX_DAG_ID=orion
AIRFLOW_CTX_TASK_ID=postInfo
AIRFLOW_CTX_EXECUTION_DATE=2021-06-20T17:42:00+00:00
AIRFLOW_CTX_DAG_RUN_ID=scheduled__2021-06-20T17:42:00+00:00
[2021-06-20 17:45:00,962] {logging_mixin.py:104} INFO - {'id': 'Street1', 'type': 'Street', 'pressure': {'type': 'Float', 'value': '905', 'metadata': {}}, 'temperature': {'type': 'Float', 'value': '23.9', 'metadata': {}}, 'time': {'type': 'String', 'value': '2021-06-20 19:43:58', 'metadata': {}}}
[2021-06-20 17:45:01,028] {python.py:151} INFO - Done. Returned value was: 200
[2021-06-20 17:45:01,052] {taskinstance.py:1191} INFO - Marking task as SUCCESS. dag_id=orion, task_id=postInfo, execution_date=20210620T174200, start_date=20210620T174500, end_date=20210620T174501
[2021-06-20 17:45:01,078] {taskinstance.py:1245} INFO - 0 downstream tasks scheduled from follow-on schedule check
[2021-06-20 17:45:01,118] {local_task_job.py:151} INFO - Task exited with return code 0
