[2021-06-20 16:42:00,562] {taskinstance.py:876} INFO - Dependencies all met for <TaskInstance: orion.postInfo 2021-06-20T16:39:00+00:00 [queued]>
[2021-06-20 16:42:00,578] {taskinstance.py:876} INFO - Dependencies all met for <TaskInstance: orion.postInfo 2021-06-20T16:39:00+00:00 [queued]>
[2021-06-20 16:42:00,579] {taskinstance.py:1067} INFO - 
--------------------------------------------------------------------------------
[2021-06-20 16:42:00,580] {taskinstance.py:1068} INFO - Starting attempt 1 of 1
[2021-06-20 16:42:00,582] {taskinstance.py:1069} INFO - 
--------------------------------------------------------------------------------
[2021-06-20 16:42:00,590] {taskinstance.py:1087} INFO - Executing <Task(PythonOperator): postInfo> on 2021-06-20T16:39:00+00:00
[2021-06-20 16:42:00,597] {standard_task_runner.py:52} INFO - Started process 18744 to run task
[2021-06-20 16:42:00,599] {standard_task_runner.py:76} INFO - Running: ['***', 'tasks', 'run', 'orion', 'postInfo', '2021-06-20T16:39:00+00:00', '--job-id', '190', '--pool', 'default_pool', '--raw', '--subdir', 'DAGS_FOLDER/orion.py', '--cfg-path', '/tmp/tmpq4ua6ebo', '--error-file', '/tmp/tmppbx6u6hy']
[2021-06-20 16:42:00,600] {standard_task_runner.py:77} INFO - Job 190: Subtask postInfo
[2021-06-20 16:42:00,639] {logging_mixin.py:104} INFO - Running <TaskInstance: orion.postInfo 2021-06-20T16:39:00+00:00 [running]> on host 438558517cf9
[2021-06-20 16:42:00,692] {taskinstance.py:1282} INFO - Exporting the following env vars:
AIRFLOW_CTX_DAG_OWNER=***
AIRFLOW_CTX_DAG_ID=orion
AIRFLOW_CTX_TASK_ID=postInfo
AIRFLOW_CTX_EXECUTION_DATE=2021-06-20T16:39:00+00:00
AIRFLOW_CTX_DAG_RUN_ID=scheduled__2021-06-20T16:39:00+00:00
[2021-06-20 16:42:00,699] {logging_mixin.py:104} INFO - {'id': 'Street1', 'type': 'Street', 'pressure': {'type': 'Float', 'value': '901', 'metadata': {}}, 'temperature': {'type': 'Float', 'value': '24.5', 'metadata': {}}, 'time': {'type': 'String', 'value': '2021-06-20 18:40:58', 'metadata': {}}}
[2021-06-20 16:42:00,769] {python.py:151} INFO - Done. Returned value was: 200
[2021-06-20 16:42:00,793] {taskinstance.py:1191} INFO - Marking task as SUCCESS. dag_id=orion, task_id=postInfo, execution_date=20210620T163900, start_date=20210620T164200, end_date=20210620T164200
[2021-06-20 16:42:00,817] {taskinstance.py:1245} INFO - 0 downstream tasks scheduled from follow-on schedule check
[2021-06-20 16:42:00,852] {local_task_job.py:151} INFO - Task exited with return code 0
