[2021-06-19 17:01:48,349] {taskinstance.py:876} INFO - Dependencies all met for <TaskInstance: orion.first_function_execute 2021-06-19T17:01:47.248313+00:00 [queued]>
[2021-06-19 17:01:48,369] {taskinstance.py:876} INFO - Dependencies all met for <TaskInstance: orion.first_function_execute 2021-06-19T17:01:47.248313+00:00 [queued]>
[2021-06-19 17:01:48,370] {taskinstance.py:1067} INFO - 
--------------------------------------------------------------------------------
[2021-06-19 17:01:48,371] {taskinstance.py:1068} INFO - Starting attempt 1 of 1
[2021-06-19 17:01:48,373] {taskinstance.py:1069} INFO - 
--------------------------------------------------------------------------------
[2021-06-19 17:01:48,382] {taskinstance.py:1087} INFO - Executing <Task(PythonOperator): first_function_execute> on 2021-06-19T17:01:47.248313+00:00
[2021-06-19 17:01:48,392] {standard_task_runner.py:52} INFO - Started process 94 to run task
[2021-06-19 17:01:48,394] {standard_task_runner.py:76} INFO - Running: ['***', 'tasks', 'run', 'orion', 'first_function_execute', '2021-06-19T17:01:47.248313+00:00', '--job-id', '46', '--pool', 'default_pool', '--raw', '--subdir', 'DAGS_FOLDER/orion.py', '--cfg-path', '/tmp/tmplslx_m68', '--error-file', '/tmp/tmp94k2tlu2']
[2021-06-19 17:01:48,396] {standard_task_runner.py:77} INFO - Job 46: Subtask first_function_execute
[2021-06-19 17:01:48,435] {logging_mixin.py:104} INFO - Running <TaskInstance: orion.first_function_execute 2021-06-19T17:01:47.248313+00:00 [running]> on host f82b8af3a093
[2021-06-19 17:01:48,490] {taskinstance.py:1282} INFO - Exporting the following env vars:
AIRFLOW_CTX_DAG_OWNER=***
AIRFLOW_CTX_DAG_ID=orion
AIRFLOW_CTX_TASK_ID=first_function_execute
AIRFLOW_CTX_EXECUTION_DATE=2021-06-19T17:01:47.248313+00:00
AIRFLOW_CTX_DAG_RUN_ID=manual__2021-06-19T17:01:47.248313+00:00
[2021-06-19 17:01:48,498] {python.py:151} INFO - Done. Returned value was: {'error': 'NotFound', 'description': 'The requested entity has not been found. Check type and id'}
[2021-06-19 17:01:48,525] {taskinstance.py:1191} INFO - Marking task as SUCCESS. dag_id=orion, task_id=first_function_execute, execution_date=20210619T170147, start_date=20210619T170148, end_date=20210619T170148
[2021-06-19 17:01:48,555] {taskinstance.py:1245} INFO - 0 downstream tasks scheduled from follow-on schedule check
[2021-06-19 17:01:48,566] {local_task_job.py:151} INFO - Task exited with return code 0
