[2021-06-20 14:39:00,976] {taskinstance.py:876} INFO - Dependencies all met for <TaskInstance: orion.postInfo 2021-06-20T14:36:00+00:00 [queued]>
[2021-06-20 14:39:00,996] {taskinstance.py:876} INFO - Dependencies all met for <TaskInstance: orion.postInfo 2021-06-20T14:36:00+00:00 [queued]>
[2021-06-20 14:39:00,997] {taskinstance.py:1067} INFO - 
--------------------------------------------------------------------------------
[2021-06-20 14:39:00,998] {taskinstance.py:1068} INFO - Starting attempt 1 of 1
[2021-06-20 14:39:01,000] {taskinstance.py:1069} INFO - 
--------------------------------------------------------------------------------
[2021-06-20 14:39:01,010] {taskinstance.py:1087} INFO - Executing <Task(PythonOperator): postInfo> on 2021-06-20T14:36:00+00:00
[2021-06-20 14:39:01,018] {standard_task_runner.py:52} INFO - Started process 10264 to run task
[2021-06-20 14:39:01,021] {standard_task_runner.py:76} INFO - Running: ['***', 'tasks', 'run', 'orion', 'postInfo', '2021-06-20T14:36:00+00:00', '--job-id', '149', '--pool', 'default_pool', '--raw', '--subdir', 'DAGS_FOLDER/orion.py', '--cfg-path', '/tmp/tmpslrjesm4', '--error-file', '/tmp/tmp6s95qtca']
[2021-06-20 14:39:01,022] {standard_task_runner.py:77} INFO - Job 149: Subtask postInfo
[2021-06-20 14:39:01,066] {logging_mixin.py:104} INFO - Running <TaskInstance: orion.postInfo 2021-06-20T14:36:00+00:00 [running]> on host 438558517cf9
[2021-06-20 14:39:01,124] {taskinstance.py:1282} INFO - Exporting the following env vars:
AIRFLOW_CTX_DAG_OWNER=***
AIRFLOW_CTX_DAG_ID=orion
AIRFLOW_CTX_TASK_ID=postInfo
AIRFLOW_CTX_EXECUTION_DATE=2021-06-20T14:36:00+00:00
AIRFLOW_CTX_DAG_RUN_ID=scheduled__2021-06-20T14:36:00+00:00
[2021-06-20 14:39:01,132] {logging_mixin.py:104} INFO - {'id': 'Street1', 'type': 'Street', 'pressure': {'type': 'Float', 'value': '880', 'metadata': {}}, 'temperature': {'type': 'Float', 'value': '21.3', 'metadata': {}}, 'time': {'type': 'String', 'value': '2021-06-20 16:37:57', 'metadata': {}}}
[2021-06-20 14:39:01,208] {python.py:151} INFO - Done. Returned value was: 200
[2021-06-20 14:39:01,233] {taskinstance.py:1191} INFO - Marking task as SUCCESS. dag_id=orion, task_id=postInfo, execution_date=20210620T143600, start_date=20210620T143900, end_date=20210620T143901
[2021-06-20 14:39:01,260] {taskinstance.py:1245} INFO - 0 downstream tasks scheduled from follow-on schedule check
[2021-06-20 14:39:01,273] {local_task_job.py:151} INFO - Task exited with return code 0
