[2021-06-20 19:09:01,056] {taskinstance.py:876} INFO - Dependencies all met for <TaskInstance: orion.postInfo 2021-06-20T19:06:00+00:00 [queued]>
[2021-06-20 19:09:01,073] {taskinstance.py:876} INFO - Dependencies all met for <TaskInstance: orion.postInfo 2021-06-20T19:06:00+00:00 [queued]>
[2021-06-20 19:09:01,074] {taskinstance.py:1067} INFO - 
--------------------------------------------------------------------------------
[2021-06-20 19:09:01,074] {taskinstance.py:1068} INFO - Starting attempt 1 of 1
[2021-06-20 19:09:01,076] {taskinstance.py:1069} INFO - 
--------------------------------------------------------------------------------
[2021-06-20 19:09:01,085] {taskinstance.py:1087} INFO - Executing <Task(PythonOperator): postInfo> on 2021-06-20T19:06:00+00:00
[2021-06-20 19:09:01,092] {standard_task_runner.py:52} INFO - Started process 28911 to run task
[2021-06-20 19:09:01,094] {standard_task_runner.py:76} INFO - Running: ['***', 'tasks', 'run', 'orion', 'postInfo', '2021-06-20T19:06:00+00:00', '--job-id', '239', '--pool', 'default_pool', '--raw', '--subdir', 'DAGS_FOLDER/orion.py', '--cfg-path', '/tmp/tmp8k7zfwl_', '--error-file', '/tmp/tmpfxus2ktl']
[2021-06-20 19:09:01,095] {standard_task_runner.py:77} INFO - Job 239: Subtask postInfo
[2021-06-20 19:09:01,134] {logging_mixin.py:104} INFO - Running <TaskInstance: orion.postInfo 2021-06-20T19:06:00+00:00 [running]> on host 438558517cf9
[2021-06-20 19:09:01,185] {taskinstance.py:1282} INFO - Exporting the following env vars:
AIRFLOW_CTX_DAG_OWNER=***
AIRFLOW_CTX_DAG_ID=orion
AIRFLOW_CTX_TASK_ID=postInfo
AIRFLOW_CTX_EXECUTION_DATE=2021-06-20T19:06:00+00:00
AIRFLOW_CTX_DAG_RUN_ID=scheduled__2021-06-20T19:06:00+00:00
[2021-06-20 19:09:01,192] {logging_mixin.py:104} INFO - {'id': 'Street1', 'type': 'Street', 'pressure': {'type': 'Float', 'value': '934', 'metadata': {}}, 'temperature': {'type': 'Float', 'value': '23.5', 'metadata': {}}, 'time': {'type': 'String', 'value': '2021-06-20 21:07:58', 'metadata': {}}}
[2021-06-20 19:09:01,286] {python.py:151} INFO - Done. Returned value was: 200
[2021-06-20 19:09:01,318] {taskinstance.py:1191} INFO - Marking task as SUCCESS. dag_id=orion, task_id=postInfo, execution_date=20210620T190600, start_date=20210620T190901, end_date=20210620T190901
[2021-06-20 19:09:01,345] {taskinstance.py:1245} INFO - 0 downstream tasks scheduled from follow-on schedule check
[2021-06-20 19:09:01,387] {local_task_job.py:151} INFO - Task exited with return code 0
