[2021-06-20 16:09:01,026] {taskinstance.py:876} INFO - Dependencies all met for <TaskInstance: orion.postInfo 2021-06-20T16:06:00+00:00 [queued]>
[2021-06-20 16:09:01,045] {taskinstance.py:876} INFO - Dependencies all met for <TaskInstance: orion.postInfo 2021-06-20T16:06:00+00:00 [queued]>
[2021-06-20 16:09:01,046] {taskinstance.py:1067} INFO - 
--------------------------------------------------------------------------------
[2021-06-20 16:09:01,046] {taskinstance.py:1068} INFO - Starting attempt 1 of 1
[2021-06-20 16:09:01,049] {taskinstance.py:1069} INFO - 
--------------------------------------------------------------------------------
[2021-06-20 16:09:01,058] {taskinstance.py:1087} INFO - Executing <Task(PythonOperator): postInfo> on 2021-06-20T16:06:00+00:00
[2021-06-20 16:09:01,068] {standard_task_runner.py:52} INFO - Started process 16462 to run task
[2021-06-20 16:09:01,070] {standard_task_runner.py:76} INFO - Running: ['***', 'tasks', 'run', 'orion', 'postInfo', '2021-06-20T16:06:00+00:00', '--job-id', '179', '--pool', 'default_pool', '--raw', '--subdir', 'DAGS_FOLDER/orion.py', '--cfg-path', '/tmp/tmp6n3gizr0', '--error-file', '/tmp/tmpoqr8s5th']
[2021-06-20 16:09:01,071] {standard_task_runner.py:77} INFO - Job 179: Subtask postInfo
[2021-06-20 16:09:01,111] {logging_mixin.py:104} INFO - Running <TaskInstance: orion.postInfo 2021-06-20T16:06:00+00:00 [running]> on host 438558517cf9
[2021-06-20 16:09:01,163] {taskinstance.py:1282} INFO - Exporting the following env vars:
AIRFLOW_CTX_DAG_OWNER=***
AIRFLOW_CTX_DAG_ID=orion
AIRFLOW_CTX_TASK_ID=postInfo
AIRFLOW_CTX_EXECUTION_DATE=2021-06-20T16:06:00+00:00
AIRFLOW_CTX_DAG_RUN_ID=scheduled__2021-06-20T16:06:00+00:00
[2021-06-20 16:09:01,170] {logging_mixin.py:104} INFO - {'id': 'Street1', 'type': 'Street', 'pressure': {'type': 'Float', 'value': '890', 'metadata': {}}, 'temperature': {'type': 'Float', 'value': '24.5', 'metadata': {}}, 'time': {'type': 'String', 'value': '2021-06-20 18:07:58', 'metadata': {}}}
[2021-06-20 16:09:01,240] {python.py:151} INFO - Done. Returned value was: 200
[2021-06-20 16:09:01,266] {taskinstance.py:1191} INFO - Marking task as SUCCESS. dag_id=orion, task_id=postInfo, execution_date=20210620T160600, start_date=20210620T160901, end_date=20210620T160901
[2021-06-20 16:09:01,290] {taskinstance.py:1245} INFO - 0 downstream tasks scheduled from follow-on schedule check
[2021-06-20 16:09:01,322] {local_task_job.py:151} INFO - Task exited with return code 0
