[2021-06-20 13:00:00,292] {taskinstance.py:876} INFO - Dependencies all met for <TaskInstance: orion.postInfo 2021-06-20T12:57:00+00:00 [queued]>
[2021-06-20 13:00:00,309] {taskinstance.py:876} INFO - Dependencies all met for <TaskInstance: orion.postInfo 2021-06-20T12:57:00+00:00 [queued]>
[2021-06-20 13:00:00,310] {taskinstance.py:1067} INFO - 
--------------------------------------------------------------------------------
[2021-06-20 13:00:00,310] {taskinstance.py:1068} INFO - Starting attempt 1 of 1
[2021-06-20 13:00:00,312] {taskinstance.py:1069} INFO - 
--------------------------------------------------------------------------------
[2021-06-20 13:00:00,321] {taskinstance.py:1087} INFO - Executing <Task(PythonOperator): postInfo> on 2021-06-20T12:57:00+00:00
[2021-06-20 13:00:00,330] {standard_task_runner.py:52} INFO - Started process 3443 to run task
[2021-06-20 13:00:00,333] {standard_task_runner.py:76} INFO - Running: ['***', 'tasks', 'run', 'orion', 'postInfo', '2021-06-20T12:57:00+00:00', '--job-id', '116', '--pool', 'default_pool', '--raw', '--subdir', 'DAGS_FOLDER/orion.py', '--cfg-path', '/tmp/tmpdm43m4ws', '--error-file', '/tmp/tmpfai8sf_n']
[2021-06-20 13:00:00,334] {standard_task_runner.py:77} INFO - Job 116: Subtask postInfo
[2021-06-20 13:00:00,373] {logging_mixin.py:104} INFO - Running <TaskInstance: orion.postInfo 2021-06-20T12:57:00+00:00 [running]> on host 438558517cf9
[2021-06-20 13:00:00,424] {taskinstance.py:1282} INFO - Exporting the following env vars:
AIRFLOW_CTX_DAG_OWNER=***
AIRFLOW_CTX_DAG_ID=orion
AIRFLOW_CTX_TASK_ID=postInfo
AIRFLOW_CTX_EXECUTION_DATE=2021-06-20T12:57:00+00:00
AIRFLOW_CTX_DAG_RUN_ID=scheduled__2021-06-20T12:57:00+00:00
[2021-06-20 13:00:00,431] {logging_mixin.py:104} INFO - {'id': 'Street1', 'type': 'Street', 'pressure': {'type': 'Float', 'value': '844', 'metadata': {}}, 'temperature': {'type': 'Float', 'value': '25.0', 'metadata': {}}, 'time': {'type': 'String', 'value': '2021-06-20 14:58:57', 'metadata': {}}}
[2021-06-20 13:00:00,504] {python.py:151} INFO - Done. Returned value was: 200
[2021-06-20 13:00:00,529] {taskinstance.py:1191} INFO - Marking task as SUCCESS. dag_id=orion, task_id=postInfo, execution_date=20210620T125700, start_date=20210620T130000, end_date=20210620T130000
[2021-06-20 13:00:00,552] {taskinstance.py:1245} INFO - 0 downstream tasks scheduled from follow-on schedule check
[2021-06-20 13:00:00,585] {local_task_job.py:151} INFO - Task exited with return code 0
